[2024-02-21T07:37:50.029+0000] {taskinstance.py:1956} INFO - Dependencies all met for dep_context=non-requeueable deps ti=<TaskInstance: extract_email.get_mail scheduled__2024-01-20T00:00:00+00:00 [queued]>
[2024-02-21T07:37:50.041+0000] {taskinstance.py:1956} INFO - Dependencies all met for dep_context=requeueable deps ti=<TaskInstance: extract_email.get_mail scheduled__2024-01-20T00:00:00+00:00 [queued]>
[2024-02-21T07:37:50.042+0000] {taskinstance.py:2170} INFO - Starting attempt 1 of 1
[2024-02-21T07:37:50.061+0000] {taskinstance.py:2191} INFO - Executing <Task(PythonOperator): get_mail> on 2024-01-20 00:00:00+00:00
[2024-02-21T07:37:50.070+0000] {standard_task_runner.py:60} INFO - Started process 75 to run task
[2024-02-21T07:37:50.074+0000] {standard_task_runner.py:87} INFO - Running: ['***', 'tasks', 'run', 'extract_email', 'get_mail', 'scheduled__2024-01-20T00:00:00+00:00', '--job-id', '66', '--raw', '--subdir', 'DAGS_FOLDER/extract_email.py', '--cfg-path', '/tmp/tmp16e0feaw']
[2024-02-21T07:37:50.076+0000] {standard_task_runner.py:88} INFO - Job 66: Subtask get_mail
[2024-02-21T07:37:50.178+0000] {task_command.py:423} INFO - Running <TaskInstance: extract_email.get_mail scheduled__2024-01-20T00:00:00+00:00 [running]> on host 893865381b0d
[2024-02-21T07:37:50.368+0000] {taskinstance.py:2480} INFO - Exporting env vars: AIRFLOW_CTX_DAG_OWNER='***' AIRFLOW_CTX_DAG_ID='extract_email' AIRFLOW_CTX_TASK_ID='get_mail' AIRFLOW_CTX_EXECUTION_DATE='2024-01-20T00:00:00+00:00' AIRFLOW_CTX_TRY_NUMBER='1' AIRFLOW_CTX_DAG_RUN_ID='scheduled__2024-01-20T00:00:00+00:00'
[2024-02-21T07:37:50.375+0000] {taskinstance.py:2698} ERROR - Task failed with exception
Traceback (most recent call last):
  File "/home/airflow/.local/lib/python3.8/site-packages/airflow/models/taskinstance.py", line 433, in _execute_task
    result = execute_callable(context=context, **execute_callable_kwargs)
  File "/home/airflow/.local/lib/python3.8/site-packages/airflow/operators/python.py", line 196, in execute
    context_merge(context, self.op_kwargs, templates_dict=self.templates_dict)
  File "/home/airflow/.local/lib/python3.8/site-packages/airflow/utils/context.py", line 261, in context_merge
    context.update(*args, **kwargs)
  File "/usr/local/lib/python3.8/_collections_abc.py", line 837, in update
    for key, value in other:
ValueError: too many values to unpack (expected 2)
[2024-02-21T07:37:50.387+0000] {taskinstance.py:1138} INFO - Marking task as FAILED. dag_id=extract_email, task_id=get_mail, execution_date=20240120T000000, start_date=20240221T073750, end_date=20240221T073750
[2024-02-21T07:37:50.424+0000] {standard_task_runner.py:107} ERROR - Failed to execute job 66 for task get_mail (too many values to unpack (expected 2); 75)
[2024-02-21T07:37:50.472+0000] {local_task_job_runner.py:234} INFO - Task exited with return code 1
[2024-02-21T07:37:50.511+0000] {taskinstance.py:3280} INFO - 0 downstream tasks scheduled from follow-on schedule check
[2024-02-21T07:59:29.197+0000] {taskinstance.py:1956} INFO - Dependencies all met for dep_context=non-requeueable deps ti=<TaskInstance: extract_email.get_mail scheduled__2024-01-20T00:00:00+00:00 [queued]>
[2024-02-21T07:59:29.206+0000] {taskinstance.py:1956} INFO - Dependencies all met for dep_context=requeueable deps ti=<TaskInstance: extract_email.get_mail scheduled__2024-01-20T00:00:00+00:00 [queued]>
[2024-02-21T07:59:29.206+0000] {taskinstance.py:2170} INFO - Starting attempt 1 of 1
[2024-02-21T07:59:29.215+0000] {taskinstance.py:2191} INFO - Executing <Task(PythonOperator): get_mail> on 2024-01-20 00:00:00+00:00
[2024-02-21T07:59:29.221+0000] {standard_task_runner.py:60} INFO - Started process 342 to run task
[2024-02-21T07:59:29.223+0000] {standard_task_runner.py:87} INFO - Running: ['***', 'tasks', 'run', 'extract_email', 'get_mail', 'scheduled__2024-01-20T00:00:00+00:00', '--job-id', '113', '--raw', '--subdir', 'DAGS_FOLDER/extract_email.py', '--cfg-path', '/tmp/tmpzuwy0c74']
[2024-02-21T07:59:29.226+0000] {standard_task_runner.py:88} INFO - Job 113: Subtask get_mail
[2024-02-21T07:59:29.262+0000] {task_command.py:423} INFO - Running <TaskInstance: extract_email.get_mail scheduled__2024-01-20T00:00:00+00:00 [running]> on host 9bab6a0db245
[2024-02-21T07:59:29.340+0000] {taskinstance.py:2480} INFO - Exporting env vars: AIRFLOW_CTX_DAG_OWNER='***' AIRFLOW_CTX_DAG_ID='extract_email' AIRFLOW_CTX_TASK_ID='get_mail' AIRFLOW_CTX_EXECUTION_DATE='2024-01-20T00:00:00+00:00' AIRFLOW_CTX_TRY_NUMBER='1' AIRFLOW_CTX_DAG_RUN_ID='scheduled__2024-01-20T00:00:00+00:00'
[2024-02-21T07:59:31.643+0000] {ImapSmtp.py:839} INFO - IMAP search: 'gmail:'Message from RPA Python' after:15-12-2023'
[2024-02-21T07:59:35.062+0000] {logging_mixin.py:188} INFO - Message from RPA Python0
[2024-02-21T07:59:35.074+0000] {ImapSmtp.py:1240} INFO - Attachment filepath: PosixPath('/data/attachments/test-62.txt')
[2024-02-21T07:59:35.076+0000] {ImapSmtp.py:1243} INFO - Saving attachment: test.txt
[2024-02-21T07:59:35.077+0000] {logging_mixin.py:188} INFO - Message from RPA Python1
[2024-02-21T07:59:35.079+0000] {ImapSmtp.py:1240} INFO - Attachment filepath: PosixPath('/data/attachments/test-63.txt')
[2024-02-21T07:59:35.079+0000] {ImapSmtp.py:1243} INFO - Saving attachment: test.txt
[2024-02-21T07:59:35.080+0000] {logging_mixin.py:188} INFO - Message from RPA Python2
[2024-02-21T07:59:35.082+0000] {ImapSmtp.py:1240} INFO - Attachment filepath: PosixPath('/data/attachments/test-64.txt')
[2024-02-21T07:59:35.082+0000] {ImapSmtp.py:1243} INFO - Saving attachment: test.txt
[2024-02-21T07:59:35.084+0000] {logging_mixin.py:188} INFO - Message from RPA Python3
[2024-02-21T07:59:35.085+0000] {ImapSmtp.py:1240} INFO - Attachment filepath: PosixPath('/data/attachments/test-65.txt')
[2024-02-21T07:59:35.086+0000] {ImapSmtp.py:1243} INFO - Saving attachment: test.txt
[2024-02-21T07:59:35.087+0000] {logging_mixin.py:188} INFO - Message from RPA Python4
[2024-02-21T07:59:35.089+0000] {ImapSmtp.py:1240} INFO - Attachment filepath: PosixPath('/data/attachments/test-66.txt')
[2024-02-21T07:59:35.090+0000] {ImapSmtp.py:1243} INFO - Saving attachment: test.txt
[2024-02-21T07:59:35.091+0000] {logging_mixin.py:188} INFO - Message from RPA Python5
[2024-02-21T07:59:35.094+0000] {ImapSmtp.py:1240} INFO - Attachment filepath: PosixPath('/data/attachments/test-67.txt')
[2024-02-21T07:59:35.094+0000] {ImapSmtp.py:1243} INFO - Saving attachment: test.txt
[2024-02-21T07:59:35.095+0000] {logging_mixin.py:188} INFO - Message from RPA Python6
[2024-02-21T07:59:35.097+0000] {ImapSmtp.py:1240} INFO - Attachment filepath: PosixPath('/data/attachments/test-68.txt')
[2024-02-21T07:59:35.098+0000] {ImapSmtp.py:1243} INFO - Saving attachment: test.txt
[2024-02-21T07:59:35.099+0000] {logging_mixin.py:188} INFO - Message from RPA Python7
[2024-02-21T07:59:35.100+0000] {ImapSmtp.py:1240} INFO - Attachment filepath: PosixPath('/data/attachments/test-69.txt')
[2024-02-21T07:59:35.101+0000] {ImapSmtp.py:1243} INFO - Saving attachment: test.txt
[2024-02-21T07:59:35.101+0000] {logging_mixin.py:188} INFO - Message from RPA Python8
[2024-02-21T07:59:35.103+0000] {ImapSmtp.py:1240} INFO - Attachment filepath: PosixPath('/data/attachments/test-70.txt')
[2024-02-21T07:59:35.103+0000] {ImapSmtp.py:1243} INFO - Saving attachment: test.txt
[2024-02-21T07:59:35.104+0000] {logging_mixin.py:188} INFO - Message from RPA Python9
[2024-02-21T07:59:35.105+0000] {ImapSmtp.py:1240} INFO - Attachment filepath: PosixPath('/data/attachments/test-71.txt')
[2024-02-21T07:59:35.105+0000] {ImapSmtp.py:1243} INFO - Saving attachment: test.txt
[2024-02-21T07:59:35.700+0000] {python.py:201} INFO - Done. Returned value was: None
[2024-02-21T07:59:35.723+0000] {taskinstance.py:1138} INFO - Marking task as SUCCESS. dag_id=extract_email, task_id=get_mail, execution_date=20240120T000000, start_date=20240221T075929, end_date=20240221T075935
[2024-02-21T07:59:35.836+0000] {local_task_job_runner.py:234} INFO - Task exited with return code 0
[2024-02-21T07:59:35.848+0000] {taskinstance.py:3280} INFO - 0 downstream tasks scheduled from follow-on schedule check
