[2024-02-21T08:06:30.408+0000] {taskinstance.py:1956} INFO - Dependencies all met for dep_context=non-requeueable deps ti=<TaskInstance: extract_email.get_mail scheduled__2024-02-03T01:00:00+00:00 [queued]>
[2024-02-21T08:06:30.420+0000] {taskinstance.py:1956} INFO - Dependencies all met for dep_context=requeueable deps ti=<TaskInstance: extract_email.get_mail scheduled__2024-02-03T01:00:00+00:00 [queued]>
[2024-02-21T08:06:30.420+0000] {taskinstance.py:2170} INFO - Starting attempt 1 of 1
[2024-02-21T08:06:30.430+0000] {taskinstance.py:2191} INFO - Executing <Task(PythonOperator): get_mail> on 2024-02-03 01:00:00+00:00
[2024-02-21T08:06:30.434+0000] {standard_task_runner.py:60} INFO - Started process 172 to run task
[2024-02-21T08:06:30.437+0000] {standard_task_runner.py:87} INFO - Running: ['***', 'tasks', 'run', 'extract_email', 'get_mail', 'scheduled__2024-02-03T01:00:00+00:00', '--job-id', '184', '--raw', '--subdir', 'DAGS_FOLDER/extract_email.py', '--cfg-path', '/tmp/tmpv_a08csm']
[2024-02-21T08:06:30.439+0000] {standard_task_runner.py:88} INFO - Job 184: Subtask get_mail
[2024-02-21T08:06:30.473+0000] {task_command.py:423} INFO - Running <TaskInstance: extract_email.get_mail scheduled__2024-02-03T01:00:00+00:00 [running]> on host 96f19b77385b
[2024-02-21T08:06:30.541+0000] {taskinstance.py:2480} INFO - Exporting env vars: AIRFLOW_CTX_DAG_OWNER='***' AIRFLOW_CTX_DAG_ID='extract_email' AIRFLOW_CTX_TASK_ID='get_mail' AIRFLOW_CTX_EXECUTION_DATE='2024-02-03T01:00:00+00:00' AIRFLOW_CTX_TRY_NUMBER='1' AIRFLOW_CTX_DAG_RUN_ID='scheduled__2024-02-03T01:00:00+00:00'
[2024-02-21T08:06:33.135+0000] {taskinstance.py:2698} ERROR - Task failed with exception
Traceback (most recent call last):
  File "/home/airflow/.local/lib/python3.8/site-packages/airflow/models/taskinstance.py", line 433, in _execute_task
    result = execute_callable(context=context, **execute_callable_kwargs)
  File "/home/airflow/.local/lib/python3.8/site-packages/airflow/operators/python.py", line 199, in execute
    return_value = self.execute_callable()
  File "/home/airflow/.local/lib/python3.8/site-packages/airflow/operators/python.py", line 216, in execute_callable
    return self.python_callable(*self.op_args, **self.op_kwargs)
  File "/opt/airflow/dags/extract_email.py", line 16, in get_mail
    mail.authorize(account=os.getenv("GMAIL_ACCOUNT"), password=os.getenv("GMAIL_PASSWORD"))
  File "/home/airflow/.local/lib/python3.8/site-packages/RPA/Email/ImapSmtp.py", line 496, in authorize
    self.authorize_imap(
  File "/home/airflow/.local/lib/python3.8/site-packages/RPA/Email/ImapSmtp.py", line 453, in authorize_imap
    self.imap_conn.login(account, password)
  File "/usr/local/lib/python3.8/imaplib.py", line 603, in login
    raise self.error(dat[-1])
imaplib.IMAP4.error: b'[ALERT] Too many simultaneous connections. (Failure)'
[2024-02-21T08:06:33.143+0000] {taskinstance.py:1138} INFO - Marking task as FAILED. dag_id=extract_email, task_id=get_mail, execution_date=20240203T010000, start_date=20240221T080630, end_date=20240221T080633
[2024-02-21T08:06:33.151+0000] {standard_task_runner.py:107} ERROR - Failed to execute job 184 for task get_mail (b'[ALERT] Too many simultaneous connections. (Failure)'; 172)
[2024-02-21T08:06:33.177+0000] {local_task_job_runner.py:234} INFO - Task exited with return code 1
[2024-02-21T08:06:33.189+0000] {taskinstance.py:3280} INFO - 0 downstream tasks scheduled from follow-on schedule check
[2024-02-21T08:12:44.132+0000] {taskinstance.py:1956} INFO - Dependencies all met for dep_context=non-requeueable deps ti=<TaskInstance: extract_email.get_mail scheduled__2024-02-03T01:00:00+00:00 [queued]>
[2024-02-21T08:12:44.147+0000] {taskinstance.py:1956} INFO - Dependencies all met for dep_context=requeueable deps ti=<TaskInstance: extract_email.get_mail scheduled__2024-02-03T01:00:00+00:00 [queued]>
[2024-02-21T08:12:44.147+0000] {taskinstance.py:2170} INFO - Starting attempt 1 of 1
[2024-02-21T08:12:44.169+0000] {taskinstance.py:2191} INFO - Executing <Task(PythonOperator): get_mail> on 2024-02-03 01:00:00+00:00
[2024-02-21T08:12:44.179+0000] {standard_task_runner.py:60} INFO - Started process 137 to run task
[2024-02-21T08:12:44.182+0000] {standard_task_runner.py:87} INFO - Running: ['***', 'tasks', 'run', 'extract_email', 'get_mail', 'scheduled__2024-02-03T01:00:00+00:00', '--job-id', '214', '--raw', '--subdir', 'DAGS_FOLDER/extract_email.py', '--cfg-path', '/tmp/tmp35n0v8n1']
[2024-02-21T08:12:44.184+0000] {standard_task_runner.py:88} INFO - Job 214: Subtask get_mail
[2024-02-21T08:12:44.233+0000] {task_command.py:423} INFO - Running <TaskInstance: extract_email.get_mail scheduled__2024-02-03T01:00:00+00:00 [running]> on host 968b17b6b013
[2024-02-21T08:12:44.325+0000] {taskinstance.py:2480} INFO - Exporting env vars: AIRFLOW_CTX_DAG_OWNER='***' AIRFLOW_CTX_DAG_ID='extract_email' AIRFLOW_CTX_TASK_ID='get_mail' AIRFLOW_CTX_EXECUTION_DATE='2024-02-03T01:00:00+00:00' AIRFLOW_CTX_TRY_NUMBER='1' AIRFLOW_CTX_DAG_RUN_ID='scheduled__2024-02-03T01:00:00+00:00'
[2024-02-21T08:12:46.953+0000] {ImapSmtp.py:839} INFO - IMAP search: 'gmail:'Message from RPA Python' after:15-12-2023'
[2024-02-21T08:12:50.246+0000] {logging_mixin.py:188} INFO - Message from RPA Python0
[2024-02-21T08:12:50.248+0000] {ImapSmtp.py:1240} INFO - Attachment filepath: PosixPath('/data/attachments/test-47.txt')
[2024-02-21T08:12:50.249+0000] {ImapSmtp.py:1243} INFO - Saving attachment: test.txt
[2024-02-21T08:12:50.250+0000] {logging_mixin.py:188} INFO - Message from RPA Python1
[2024-02-21T08:12:50.252+0000] {ImapSmtp.py:1240} INFO - Attachment filepath: PosixPath('/data/attachments/test-48.txt')
[2024-02-21T08:12:50.252+0000] {ImapSmtp.py:1243} INFO - Saving attachment: test.txt
[2024-02-21T08:12:50.253+0000] {logging_mixin.py:188} INFO - Message from RPA Python2
[2024-02-21T08:12:50.255+0000] {ImapSmtp.py:1240} INFO - Attachment filepath: PosixPath('/data/attachments/test-49.txt')
[2024-02-21T08:12:50.255+0000] {ImapSmtp.py:1243} INFO - Saving attachment: test.txt
[2024-02-21T08:12:50.256+0000] {logging_mixin.py:188} INFO - Message from RPA Python3
[2024-02-21T08:12:50.257+0000] {ImapSmtp.py:1240} INFO - Attachment filepath: PosixPath('/data/attachments/test-50.txt')
[2024-02-21T08:12:50.258+0000] {ImapSmtp.py:1243} INFO - Saving attachment: test.txt
[2024-02-21T08:12:50.259+0000] {logging_mixin.py:188} INFO - Message from RPA Python4
[2024-02-21T08:12:50.260+0000] {ImapSmtp.py:1240} INFO - Attachment filepath: PosixPath('/data/attachments/test-51.txt')
[2024-02-21T08:12:50.261+0000] {ImapSmtp.py:1243} INFO - Saving attachment: test.txt
[2024-02-21T08:12:50.261+0000] {logging_mixin.py:188} INFO - Message from RPA Python5
[2024-02-21T08:12:50.263+0000] {ImapSmtp.py:1240} INFO - Attachment filepath: PosixPath('/data/attachments/test-52.txt')
[2024-02-21T08:12:50.263+0000] {ImapSmtp.py:1243} INFO - Saving attachment: test.txt
[2024-02-21T08:12:50.264+0000] {logging_mixin.py:188} INFO - Message from RPA Python6
[2024-02-21T08:12:50.265+0000] {ImapSmtp.py:1240} INFO - Attachment filepath: PosixPath('/data/attachments/test-53.txt')
[2024-02-21T08:12:50.266+0000] {ImapSmtp.py:1243} INFO - Saving attachment: test.txt
[2024-02-21T08:12:50.267+0000] {logging_mixin.py:188} INFO - Message from RPA Python7
[2024-02-21T08:12:50.268+0000] {ImapSmtp.py:1240} INFO - Attachment filepath: PosixPath('/data/attachments/test-54.txt')
[2024-02-21T08:12:50.269+0000] {ImapSmtp.py:1243} INFO - Saving attachment: test.txt
[2024-02-21T08:12:50.269+0000] {logging_mixin.py:188} INFO - Message from RPA Python8
[2024-02-21T08:12:50.271+0000] {ImapSmtp.py:1240} INFO - Attachment filepath: PosixPath('/data/attachments/test-55.txt')
[2024-02-21T08:12:50.271+0000] {ImapSmtp.py:1243} INFO - Saving attachment: test.txt
[2024-02-21T08:12:50.272+0000] {logging_mixin.py:188} INFO - Message from RPA Python9
[2024-02-21T08:12:50.274+0000] {ImapSmtp.py:1240} INFO - Attachment filepath: PosixPath('/data/attachments/test-56.txt')
[2024-02-21T08:12:50.274+0000] {ImapSmtp.py:1243} INFO - Saving attachment: test.txt
[2024-02-21T08:12:50.888+0000] {python.py:201} INFO - Done. Returned value was: None
[2024-02-21T08:12:50.909+0000] {taskinstance.py:1138} INFO - Marking task as SUCCESS. dag_id=extract_email, task_id=get_mail, execution_date=20240203T010000, start_date=20240221T081244, end_date=20240221T081250
[2024-02-21T08:12:50.973+0000] {local_task_job_runner.py:234} INFO - Task exited with return code 0
[2024-02-21T08:12:51.001+0000] {taskinstance.py:3280} INFO - 0 downstream tasks scheduled from follow-on schedule check
[2024-02-21T08:17:45.772+0000] {taskinstance.py:1956} INFO - Dependencies all met for dep_context=non-requeueable deps ti=<TaskInstance: extract_email.get_mail scheduled__2024-02-03T01:00:00+00:00 [queued]>
[2024-02-21T08:17:45.785+0000] {taskinstance.py:1956} INFO - Dependencies all met for dep_context=requeueable deps ti=<TaskInstance: extract_email.get_mail scheduled__2024-02-03T01:00:00+00:00 [queued]>
[2024-02-21T08:17:45.786+0000] {taskinstance.py:2170} INFO - Starting attempt 1 of 1
[2024-02-21T08:17:45.802+0000] {taskinstance.py:2191} INFO - Executing <Task(PythonOperator): get_mail> on 2024-02-03 01:00:00+00:00
[2024-02-21T08:17:45.809+0000] {standard_task_runner.py:60} INFO - Started process 90 to run task
[2024-02-21T08:17:45.813+0000] {standard_task_runner.py:87} INFO - Running: ['***', 'tasks', 'run', 'extract_email', 'get_mail', 'scheduled__2024-02-03T01:00:00+00:00', '--job-id', '250', '--raw', '--subdir', 'DAGS_FOLDER/extract_email.py', '--cfg-path', '/tmp/tmp4piapr0z']
[2024-02-21T08:17:45.816+0000] {standard_task_runner.py:88} INFO - Job 250: Subtask get_mail
[2024-02-21T08:17:45.879+0000] {task_command.py:423} INFO - Running <TaskInstance: extract_email.get_mail scheduled__2024-02-03T01:00:00+00:00 [running]> on host 9f5f399fdbe3
[2024-02-21T08:17:45.965+0000] {taskinstance.py:2480} INFO - Exporting env vars: AIRFLOW_CTX_DAG_OWNER='***' AIRFLOW_CTX_DAG_ID='extract_email' AIRFLOW_CTX_TASK_ID='get_mail' AIRFLOW_CTX_EXECUTION_DATE='2024-02-03T01:00:00+00:00' AIRFLOW_CTX_TRY_NUMBER='1' AIRFLOW_CTX_DAG_RUN_ID='scheduled__2024-02-03T01:00:00+00:00'
[2024-02-21T08:17:49.742+0000] {ImapSmtp.py:839} INFO - IMAP search: 'gmail:'Message from RPA Python' after:15-12-2023'
[2024-02-21T08:17:53.465+0000] {logging_mixin.py:188} INFO - Message from RPA Python0
[2024-02-21T08:17:53.467+0000] {ImapSmtp.py:1240} INFO - Attachment filepath: PosixPath('/data/attachments/test-189.txt')
[2024-02-21T08:17:53.468+0000] {ImapSmtp.py:1243} INFO - Saving attachment: test.txt
[2024-02-21T08:17:53.468+0000] {logging_mixin.py:188} INFO - Message from RPA Python1
[2024-02-21T08:17:53.469+0000] {ImapSmtp.py:1240} INFO - Attachment filepath: PosixPath('/data/attachments/test-190.txt')
[2024-02-21T08:17:53.469+0000] {ImapSmtp.py:1243} INFO - Saving attachment: test.txt
[2024-02-21T08:17:53.469+0000] {logging_mixin.py:188} INFO - Message from RPA Python2
[2024-02-21T08:17:53.470+0000] {ImapSmtp.py:1240} INFO - Attachment filepath: PosixPath('/data/attachments/test-191.txt')
[2024-02-21T08:17:53.470+0000] {ImapSmtp.py:1243} INFO - Saving attachment: test.txt
[2024-02-21T08:17:53.472+0000] {logging_mixin.py:188} INFO - Message from RPA Python3
[2024-02-21T08:17:53.474+0000] {ImapSmtp.py:1240} INFO - Attachment filepath: PosixPath('/data/attachments/test-192.txt')
[2024-02-21T08:17:53.474+0000] {ImapSmtp.py:1243} INFO - Saving attachment: test.txt
[2024-02-21T08:17:53.474+0000] {logging_mixin.py:188} INFO - Message from RPA Python4
[2024-02-21T08:17:53.476+0000] {ImapSmtp.py:1240} INFO - Attachment filepath: PosixPath('/data/attachments/test-193.txt')
[2024-02-21T08:17:53.476+0000] {ImapSmtp.py:1243} INFO - Saving attachment: test.txt
[2024-02-21T08:17:53.476+0000] {logging_mixin.py:188} INFO - Message from RPA Python5
[2024-02-21T08:17:53.477+0000] {ImapSmtp.py:1240} INFO - Attachment filepath: PosixPath('/data/attachments/test-194.txt')
[2024-02-21T08:17:53.478+0000] {ImapSmtp.py:1243} INFO - Saving attachment: test.txt
[2024-02-21T08:17:53.478+0000] {logging_mixin.py:188} INFO - Message from RPA Python6
[2024-02-21T08:17:53.479+0000] {ImapSmtp.py:1240} INFO - Attachment filepath: PosixPath('/data/attachments/test-195.txt')
[2024-02-21T08:17:53.479+0000] {ImapSmtp.py:1243} INFO - Saving attachment: test.txt
[2024-02-21T08:17:53.479+0000] {logging_mixin.py:188} INFO - Message from RPA Python7
[2024-02-21T08:17:53.481+0000] {ImapSmtp.py:1240} INFO - Attachment filepath: PosixPath('/data/attachments/test-196.txt')
[2024-02-21T08:17:53.481+0000] {ImapSmtp.py:1243} INFO - Saving attachment: test.txt
[2024-02-21T08:17:53.481+0000] {logging_mixin.py:188} INFO - Message from RPA Python8
[2024-02-21T08:17:53.483+0000] {ImapSmtp.py:1240} INFO - Attachment filepath: PosixPath('/data/attachments/test-197.txt')
[2024-02-21T08:17:53.483+0000] {ImapSmtp.py:1243} INFO - Saving attachment: test.txt
[2024-02-21T08:17:53.484+0000] {logging_mixin.py:188} INFO - Message from RPA Python9
[2024-02-21T08:17:53.485+0000] {ImapSmtp.py:1240} INFO - Attachment filepath: PosixPath('/data/attachments/test-198.txt')
[2024-02-21T08:17:53.486+0000] {ImapSmtp.py:1243} INFO - Saving attachment: test.txt
[2024-02-21T08:17:54.127+0000] {python.py:201} INFO - Done. Returned value was: None
[2024-02-21T08:17:54.136+0000] {taskinstance.py:1138} INFO - Marking task as SUCCESS. dag_id=extract_email, task_id=get_mail, execution_date=20240203T010000, start_date=20240221T081745, end_date=20240221T081754
[2024-02-21T08:17:54.179+0000] {local_task_job_runner.py:234} INFO - Task exited with return code 0
[2024-02-21T08:17:54.193+0000] {taskinstance.py:3280} INFO - 0 downstream tasks scheduled from follow-on schedule check
