[2024-02-21T08:06:24.711+0000] {taskinstance.py:1956} INFO - Dependencies all met for dep_context=non-requeueable deps ti=<TaskInstance: extract_email.get_mail scheduled__2024-01-29T01:00:00+00:00 [queued]>
[2024-02-21T08:06:24.720+0000] {taskinstance.py:1956} INFO - Dependencies all met for dep_context=requeueable deps ti=<TaskInstance: extract_email.get_mail scheduled__2024-01-29T01:00:00+00:00 [queued]>
[2024-02-21T08:06:24.720+0000] {taskinstance.py:2170} INFO - Starting attempt 1 of 1
[2024-02-21T08:06:24.730+0000] {taskinstance.py:2191} INFO - Executing <Task(PythonOperator): get_mail> on 2024-01-29 01:00:00+00:00
[2024-02-21T08:06:24.734+0000] {standard_task_runner.py:60} INFO - Started process 154 to run task
[2024-02-21T08:06:24.737+0000] {standard_task_runner.py:87} INFO - Running: ['***', 'tasks', 'run', 'extract_email', 'get_mail', 'scheduled__2024-01-29T01:00:00+00:00', '--job-id', '179', '--raw', '--subdir', 'DAGS_FOLDER/extract_email.py', '--cfg-path', '/tmp/tmpdwq0m0jp']
[2024-02-21T08:06:24.740+0000] {standard_task_runner.py:88} INFO - Job 179: Subtask get_mail
[2024-02-21T08:06:24.772+0000] {task_command.py:423} INFO - Running <TaskInstance: extract_email.get_mail scheduled__2024-01-29T01:00:00+00:00 [running]> on host 96f19b77385b
[2024-02-21T08:06:24.827+0000] {taskinstance.py:2480} INFO - Exporting env vars: AIRFLOW_CTX_DAG_OWNER='***' AIRFLOW_CTX_DAG_ID='extract_email' AIRFLOW_CTX_TASK_ID='get_mail' AIRFLOW_CTX_EXECUTION_DATE='2024-01-29T01:00:00+00:00' AIRFLOW_CTX_TRY_NUMBER='1' AIRFLOW_CTX_DAG_RUN_ID='scheduled__2024-01-29T01:00:00+00:00'
[2024-02-21T08:06:27.521+0000] {ImapSmtp.py:839} INFO - IMAP search: 'gmail:'Message from RPA Python' after:15-12-2023'
[2024-02-21T08:06:31.039+0000] {logging_mixin.py:188} INFO - Message from RPA Python0
[2024-02-21T08:06:31.040+0000] {ImapSmtp.py:1240} INFO - Attachment filepath: PosixPath('/data/attachments/test-127.txt')
[2024-02-21T08:06:31.041+0000] {ImapSmtp.py:1243} INFO - Saving attachment: test.txt
[2024-02-21T08:06:31.041+0000] {logging_mixin.py:188} INFO - Message from RPA Python1
[2024-02-21T08:06:31.041+0000] {ImapSmtp.py:1240} INFO - Attachment filepath: PosixPath('/data/attachments/test-128.txt')
[2024-02-21T08:06:31.042+0000] {ImapSmtp.py:1243} INFO - Saving attachment: test.txt
[2024-02-21T08:06:31.042+0000] {logging_mixin.py:188} INFO - Message from RPA Python2
[2024-02-21T08:06:31.042+0000] {ImapSmtp.py:1240} INFO - Attachment filepath: PosixPath('/data/attachments/test-129.txt')
[2024-02-21T08:06:31.042+0000] {ImapSmtp.py:1243} INFO - Saving attachment: test.txt
[2024-02-21T08:06:31.043+0000] {logging_mixin.py:188} INFO - Message from RPA Python3
[2024-02-21T08:06:31.043+0000] {ImapSmtp.py:1240} INFO - Attachment filepath: PosixPath('/data/attachments/test-130.txt')
[2024-02-21T08:06:31.043+0000] {ImapSmtp.py:1243} INFO - Saving attachment: test.txt
[2024-02-21T08:06:31.043+0000] {logging_mixin.py:188} INFO - Message from RPA Python4
[2024-02-21T08:06:31.044+0000] {ImapSmtp.py:1240} INFO - Attachment filepath: PosixPath('/data/attachments/test-131.txt')
[2024-02-21T08:06:31.044+0000] {ImapSmtp.py:1243} INFO - Saving attachment: test.txt
[2024-02-21T08:06:31.044+0000] {logging_mixin.py:188} INFO - Message from RPA Python5
[2024-02-21T08:06:31.045+0000] {ImapSmtp.py:1240} INFO - Attachment filepath: PosixPath('/data/attachments/test-132.txt')
[2024-02-21T08:06:31.045+0000] {ImapSmtp.py:1243} INFO - Saving attachment: test.txt
[2024-02-21T08:06:31.045+0000] {logging_mixin.py:188} INFO - Message from RPA Python6
[2024-02-21T08:06:31.046+0000] {ImapSmtp.py:1240} INFO - Attachment filepath: PosixPath('/data/attachments/test-133.txt')
[2024-02-21T08:06:31.046+0000] {ImapSmtp.py:1243} INFO - Saving attachment: test.txt
[2024-02-21T08:06:31.046+0000] {logging_mixin.py:188} INFO - Message from RPA Python7
[2024-02-21T08:06:31.047+0000] {ImapSmtp.py:1240} INFO - Attachment filepath: PosixPath('/data/attachments/test-134.txt')
[2024-02-21T08:06:31.047+0000] {ImapSmtp.py:1243} INFO - Saving attachment: test.txt
[2024-02-21T08:06:31.047+0000] {logging_mixin.py:188} INFO - Message from RPA Python8
[2024-02-21T08:06:31.048+0000] {ImapSmtp.py:1240} INFO - Attachment filepath: PosixPath('/data/attachments/test-135.txt')
[2024-02-21T08:06:31.048+0000] {ImapSmtp.py:1243} INFO - Saving attachment: test.txt
[2024-02-21T08:06:31.048+0000] {logging_mixin.py:188} INFO - Message from RPA Python9
[2024-02-21T08:06:31.048+0000] {ImapSmtp.py:1240} INFO - Attachment filepath: PosixPath('/data/attachments/test-136.txt')
[2024-02-21T08:06:31.049+0000] {ImapSmtp.py:1243} INFO - Saving attachment: test.txt
[2024-02-21T08:06:31.672+0000] {python.py:201} INFO - Done. Returned value was: None
[2024-02-21T08:06:31.680+0000] {taskinstance.py:1138} INFO - Marking task as SUCCESS. dag_id=extract_email, task_id=get_mail, execution_date=20240129T010000, start_date=20240221T080624, end_date=20240221T080631
[2024-02-21T08:06:31.732+0000] {local_task_job_runner.py:234} INFO - Task exited with return code 0
[2024-02-21T08:06:31.792+0000] {taskinstance.py:3280} INFO - 0 downstream tasks scheduled from follow-on schedule check
[2024-02-21T08:12:43.204+0000] {taskinstance.py:1956} INFO - Dependencies all met for dep_context=non-requeueable deps ti=<TaskInstance: extract_email.get_mail scheduled__2024-01-29T01:00:00+00:00 [queued]>
[2024-02-21T08:12:43.211+0000] {taskinstance.py:1956} INFO - Dependencies all met for dep_context=requeueable deps ti=<TaskInstance: extract_email.get_mail scheduled__2024-01-29T01:00:00+00:00 [queued]>
[2024-02-21T08:12:43.211+0000] {taskinstance.py:2170} INFO - Starting attempt 1 of 1
[2024-02-21T08:12:43.224+0000] {taskinstance.py:2191} INFO - Executing <Task(PythonOperator): get_mail> on 2024-01-29 01:00:00+00:00
[2024-02-21T08:12:43.229+0000] {standard_task_runner.py:60} INFO - Started process 134 to run task
[2024-02-21T08:12:43.232+0000] {standard_task_runner.py:87} INFO - Running: ['***', 'tasks', 'run', 'extract_email', 'get_mail', 'scheduled__2024-01-29T01:00:00+00:00', '--job-id', '211', '--raw', '--subdir', 'DAGS_FOLDER/extract_email.py', '--cfg-path', '/tmp/tmpqk8wiryj']
[2024-02-21T08:12:43.234+0000] {standard_task_runner.py:88} INFO - Job 211: Subtask get_mail
[2024-02-21T08:12:43.276+0000] {task_command.py:423} INFO - Running <TaskInstance: extract_email.get_mail scheduled__2024-01-29T01:00:00+00:00 [running]> on host 968b17b6b013
[2024-02-21T08:12:43.345+0000] {taskinstance.py:2480} INFO - Exporting env vars: AIRFLOW_CTX_DAG_OWNER='***' AIRFLOW_CTX_DAG_ID='extract_email' AIRFLOW_CTX_TASK_ID='get_mail' AIRFLOW_CTX_EXECUTION_DATE='2024-01-29T01:00:00+00:00' AIRFLOW_CTX_TRY_NUMBER='1' AIRFLOW_CTX_DAG_RUN_ID='scheduled__2024-01-29T01:00:00+00:00'
[2024-02-21T08:12:46.053+0000] {ImapSmtp.py:839} INFO - IMAP search: 'gmail:'Message from RPA Python' after:15-12-2023'
[2024-02-21T08:12:49.191+0000] {logging_mixin.py:188} INFO - Message from RPA Python0
[2024-02-21T08:12:49.193+0000] {ImapSmtp.py:1240} INFO - Attachment filepath: PosixPath('/data/attachments/test-27.txt')
[2024-02-21T08:12:49.194+0000] {ImapSmtp.py:1243} INFO - Saving attachment: test.txt
[2024-02-21T08:12:49.194+0000] {logging_mixin.py:188} INFO - Message from RPA Python1
[2024-02-21T08:12:49.196+0000] {ImapSmtp.py:1240} INFO - Attachment filepath: PosixPath('/data/attachments/test-28.txt')
[2024-02-21T08:12:49.196+0000] {ImapSmtp.py:1243} INFO - Saving attachment: test.txt
[2024-02-21T08:12:49.197+0000] {logging_mixin.py:188} INFO - Message from RPA Python2
[2024-02-21T08:12:49.197+0000] {ImapSmtp.py:1240} INFO - Attachment filepath: PosixPath('/data/attachments/test-29.txt')
[2024-02-21T08:12:49.198+0000] {ImapSmtp.py:1243} INFO - Saving attachment: test.txt
[2024-02-21T08:12:49.198+0000] {logging_mixin.py:188} INFO - Message from RPA Python3
[2024-02-21T08:12:49.199+0000] {ImapSmtp.py:1240} INFO - Attachment filepath: PosixPath('/data/attachments/test-30.txt')
[2024-02-21T08:12:49.199+0000] {ImapSmtp.py:1243} INFO - Saving attachment: test.txt
[2024-02-21T08:12:49.200+0000] {logging_mixin.py:188} INFO - Message from RPA Python4
[2024-02-21T08:12:49.200+0000] {ImapSmtp.py:1240} INFO - Attachment filepath: PosixPath('/data/attachments/test-31.txt')
[2024-02-21T08:12:49.201+0000] {ImapSmtp.py:1243} INFO - Saving attachment: test.txt
[2024-02-21T08:12:49.201+0000] {logging_mixin.py:188} INFO - Message from RPA Python5
[2024-02-21T08:12:49.202+0000] {ImapSmtp.py:1240} INFO - Attachment filepath: PosixPath('/data/attachments/test-32.txt')
[2024-02-21T08:12:49.202+0000] {ImapSmtp.py:1243} INFO - Saving attachment: test.txt
[2024-02-21T08:12:49.203+0000] {logging_mixin.py:188} INFO - Message from RPA Python6
[2024-02-21T08:12:49.203+0000] {ImapSmtp.py:1240} INFO - Attachment filepath: PosixPath('/data/attachments/test-33.txt')
[2024-02-21T08:12:49.203+0000] {ImapSmtp.py:1243} INFO - Saving attachment: test.txt
[2024-02-21T08:12:49.204+0000] {logging_mixin.py:188} INFO - Message from RPA Python7
[2024-02-21T08:12:49.205+0000] {ImapSmtp.py:1240} INFO - Attachment filepath: PosixPath('/data/attachments/test-34.txt')
[2024-02-21T08:12:49.205+0000] {ImapSmtp.py:1243} INFO - Saving attachment: test.txt
[2024-02-21T08:12:49.205+0000] {logging_mixin.py:188} INFO - Message from RPA Python8
[2024-02-21T08:12:49.206+0000] {ImapSmtp.py:1240} INFO - Attachment filepath: PosixPath('/data/attachments/test-35.txt')
[2024-02-21T08:12:49.206+0000] {ImapSmtp.py:1243} INFO - Saving attachment: test.txt
[2024-02-21T08:12:49.206+0000] {logging_mixin.py:188} INFO - Message from RPA Python9
[2024-02-21T08:12:49.207+0000] {ImapSmtp.py:1240} INFO - Attachment filepath: PosixPath('/data/attachments/test-36.txt')
[2024-02-21T08:12:49.207+0000] {ImapSmtp.py:1243} INFO - Saving attachment: test.txt
[2024-02-21T08:12:49.815+0000] {python.py:201} INFO - Done. Returned value was: None
[2024-02-21T08:12:49.824+0000] {taskinstance.py:1138} INFO - Marking task as SUCCESS. dag_id=extract_email, task_id=get_mail, execution_date=20240129T010000, start_date=20240221T081243, end_date=20240221T081249
[2024-02-21T08:12:49.861+0000] {local_task_job_runner.py:234} INFO - Task exited with return code 0
[2024-02-21T08:12:49.873+0000] {taskinstance.py:3280} INFO - 0 downstream tasks scheduled from follow-on schedule check
[2024-02-21T08:17:44.795+0000] {taskinstance.py:1956} INFO - Dependencies all met for dep_context=non-requeueable deps ti=<TaskInstance: extract_email.get_mail scheduled__2024-01-29T01:00:00+00:00 [queued]>
[2024-02-21T08:17:44.807+0000] {taskinstance.py:1956} INFO - Dependencies all met for dep_context=requeueable deps ti=<TaskInstance: extract_email.get_mail scheduled__2024-01-29T01:00:00+00:00 [queued]>
[2024-02-21T08:17:44.807+0000] {taskinstance.py:2170} INFO - Starting attempt 1 of 1
[2024-02-21T08:17:44.828+0000] {taskinstance.py:2191} INFO - Executing <Task(PythonOperator): get_mail> on 2024-01-29 01:00:00+00:00
[2024-02-21T08:17:44.840+0000] {standard_task_runner.py:60} INFO - Started process 84 to run task
[2024-02-21T08:17:44.850+0000] {standard_task_runner.py:87} INFO - Running: ['***', 'tasks', 'run', 'extract_email', 'get_mail', 'scheduled__2024-01-29T01:00:00+00:00', '--job-id', '244', '--raw', '--subdir', 'DAGS_FOLDER/extract_email.py', '--cfg-path', '/tmp/tmpghbi1nxw']
[2024-02-21T08:17:44.853+0000] {standard_task_runner.py:88} INFO - Job 244: Subtask get_mail
[2024-02-21T08:17:44.904+0000] {task_command.py:423} INFO - Running <TaskInstance: extract_email.get_mail scheduled__2024-01-29T01:00:00+00:00 [running]> on host 9f5f399fdbe3
[2024-02-21T08:17:44.975+0000] {taskinstance.py:2480} INFO - Exporting env vars: AIRFLOW_CTX_DAG_OWNER='***' AIRFLOW_CTX_DAG_ID='extract_email' AIRFLOW_CTX_TASK_ID='get_mail' AIRFLOW_CTX_EXECUTION_DATE='2024-01-29T01:00:00+00:00' AIRFLOW_CTX_TRY_NUMBER='1' AIRFLOW_CTX_DAG_RUN_ID='scheduled__2024-01-29T01:00:00+00:00'
[2024-02-21T08:17:46.994+0000] {taskinstance.py:2698} ERROR - Task failed with exception
Traceback (most recent call last):
  File "/home/airflow/.local/lib/python3.8/site-packages/airflow/models/taskinstance.py", line 433, in _execute_task
    result = execute_callable(context=context, **execute_callable_kwargs)
  File "/home/airflow/.local/lib/python3.8/site-packages/airflow/operators/python.py", line 199, in execute
    return_value = self.execute_callable()
  File "/home/airflow/.local/lib/python3.8/site-packages/airflow/operators/python.py", line 216, in execute_callable
    return self.python_callable(*self.op_args, **self.op_kwargs)
  File "/opt/airflow/dags/extract_email.py", line 16, in get_mail
    mail.authorize(account=os.getenv("GMAIL_ACCOUNT"), password=os.getenv("GMAIL_PASSWORD"))
  File "/home/airflow/.local/lib/python3.8/site-packages/RPA/Email/ImapSmtp.py", line 496, in authorize
    self.authorize_imap(
  File "/home/airflow/.local/lib/python3.8/site-packages/RPA/Email/ImapSmtp.py", line 453, in authorize_imap
    self.imap_conn.login(account, password)
  File "/usr/local/lib/python3.8/imaplib.py", line 603, in login
    raise self.error(dat[-1])
imaplib.IMAP4.error: b'[ALERT] Too many simultaneous connections. (Failure)'
[2024-02-21T08:17:47.003+0000] {taskinstance.py:1138} INFO - Marking task as FAILED. dag_id=extract_email, task_id=get_mail, execution_date=20240129T010000, start_date=20240221T081744, end_date=20240221T081747
[2024-02-21T08:17:47.018+0000] {standard_task_runner.py:107} ERROR - Failed to execute job 244 for task get_mail (b'[ALERT] Too many simultaneous connections. (Failure)'; 84)
[2024-02-21T08:17:47.032+0000] {local_task_job_runner.py:234} INFO - Task exited with return code 1
[2024-02-21T08:17:47.046+0000] {taskinstance.py:3280} INFO - 0 downstream tasks scheduled from follow-on schedule check
