[2024-02-21T08:06:29.759+0000] {taskinstance.py:1956} INFO - Dependencies all met for dep_context=non-requeueable deps ti=<TaskInstance: extract_email.get_mail scheduled__2024-02-01T01:00:00+00:00 [queued]>
[2024-02-21T08:06:29.765+0000] {taskinstance.py:1956} INFO - Dependencies all met for dep_context=requeueable deps ti=<TaskInstance: extract_email.get_mail scheduled__2024-02-01T01:00:00+00:00 [queued]>
[2024-02-21T08:06:29.765+0000] {taskinstance.py:2170} INFO - Starting attempt 1 of 1
[2024-02-21T08:06:29.773+0000] {taskinstance.py:2191} INFO - Executing <Task(PythonOperator): get_mail> on 2024-02-01 01:00:00+00:00
[2024-02-21T08:06:29.777+0000] {standard_task_runner.py:60} INFO - Started process 170 to run task
[2024-02-21T08:06:29.780+0000] {standard_task_runner.py:87} INFO - Running: ['***', 'tasks', 'run', 'extract_email', 'get_mail', 'scheduled__2024-02-01T01:00:00+00:00', '--job-id', '182', '--raw', '--subdir', 'DAGS_FOLDER/extract_email.py', '--cfg-path', '/tmp/tmpu9psbm1b']
[2024-02-21T08:06:29.781+0000] {standard_task_runner.py:88} INFO - Job 182: Subtask get_mail
[2024-02-21T08:06:29.812+0000] {task_command.py:423} INFO - Running <TaskInstance: extract_email.get_mail scheduled__2024-02-01T01:00:00+00:00 [running]> on host 96f19b77385b
[2024-02-21T08:06:29.866+0000] {taskinstance.py:2480} INFO - Exporting env vars: AIRFLOW_CTX_DAG_OWNER='***' AIRFLOW_CTX_DAG_ID='extract_email' AIRFLOW_CTX_TASK_ID='get_mail' AIRFLOW_CTX_EXECUTION_DATE='2024-02-01T01:00:00+00:00' AIRFLOW_CTX_TRY_NUMBER='1' AIRFLOW_CTX_DAG_RUN_ID='scheduled__2024-02-01T01:00:00+00:00'
[2024-02-21T08:06:33.913+0000] {ImapSmtp.py:839} INFO - IMAP search: 'gmail:'Message from RPA Python' after:15-12-2023'
[2024-02-21T08:06:37.863+0000] {logging_mixin.py:188} INFO - Message from RPA Python0
[2024-02-21T08:06:37.865+0000] {ImapSmtp.py:1240} INFO - Attachment filepath: PosixPath('/data/attachments/test-176.txt')
[2024-02-21T08:06:37.866+0000] {ImapSmtp.py:1243} INFO - Saving attachment: test.txt
[2024-02-21T08:06:37.866+0000] {logging_mixin.py:188} INFO - Message from RPA Python1
[2024-02-21T08:06:37.867+0000] {ImapSmtp.py:1240} INFO - Attachment filepath: PosixPath('/data/attachments/test-177.txt')
[2024-02-21T08:06:37.867+0000] {ImapSmtp.py:1243} INFO - Saving attachment: test.txt
[2024-02-21T08:06:37.868+0000] {logging_mixin.py:188} INFO - Message from RPA Python2
[2024-02-21T08:06:37.868+0000] {ImapSmtp.py:1240} INFO - Attachment filepath: PosixPath('/data/attachments/test-178.txt')
[2024-02-21T08:06:37.869+0000] {ImapSmtp.py:1243} INFO - Saving attachment: test.txt
[2024-02-21T08:06:37.869+0000] {logging_mixin.py:188} INFO - Message from RPA Python3
[2024-02-21T08:06:37.869+0000] {ImapSmtp.py:1240} INFO - Attachment filepath: PosixPath('/data/attachments/test-179.txt')
[2024-02-21T08:06:37.870+0000] {ImapSmtp.py:1243} INFO - Saving attachment: test.txt
[2024-02-21T08:06:37.870+0000] {logging_mixin.py:188} INFO - Message from RPA Python4
[2024-02-21T08:06:37.871+0000] {ImapSmtp.py:1240} INFO - Attachment filepath: PosixPath('/data/attachments/test-180.txt')
[2024-02-21T08:06:37.871+0000] {ImapSmtp.py:1243} INFO - Saving attachment: test.txt
[2024-02-21T08:06:37.872+0000] {logging_mixin.py:188} INFO - Message from RPA Python5
[2024-02-21T08:06:37.873+0000] {ImapSmtp.py:1240} INFO - Attachment filepath: PosixPath('/data/attachments/test-181.txt')
[2024-02-21T08:06:37.873+0000] {ImapSmtp.py:1243} INFO - Saving attachment: test.txt
[2024-02-21T08:06:37.874+0000] {logging_mixin.py:188} INFO - Message from RPA Python6
[2024-02-21T08:06:37.874+0000] {ImapSmtp.py:1240} INFO - Attachment filepath: PosixPath('/data/attachments/test-182.txt')
[2024-02-21T08:06:37.875+0000] {ImapSmtp.py:1243} INFO - Saving attachment: test.txt
[2024-02-21T08:06:37.875+0000] {logging_mixin.py:188} INFO - Message from RPA Python7
[2024-02-21T08:06:37.876+0000] {ImapSmtp.py:1240} INFO - Attachment filepath: PosixPath('/data/attachments/test-183.txt')
[2024-02-21T08:06:37.876+0000] {ImapSmtp.py:1243} INFO - Saving attachment: test.txt
[2024-02-21T08:06:37.877+0000] {logging_mixin.py:188} INFO - Message from RPA Python8
[2024-02-21T08:06:37.878+0000] {ImapSmtp.py:1240} INFO - Attachment filepath: PosixPath('/data/attachments/test-184.txt')
[2024-02-21T08:06:37.878+0000] {ImapSmtp.py:1243} INFO - Saving attachment: test.txt
[2024-02-21T08:06:37.879+0000] {logging_mixin.py:188} INFO - Message from RPA Python9
[2024-02-21T08:06:37.880+0000] {ImapSmtp.py:1240} INFO - Attachment filepath: PosixPath('/data/attachments/test-185.txt')
[2024-02-21T08:06:37.880+0000] {ImapSmtp.py:1243} INFO - Saving attachment: test.txt
[2024-02-21T08:06:38.632+0000] {python.py:201} INFO - Done. Returned value was: None
[2024-02-21T08:06:38.664+0000] {taskinstance.py:1138} INFO - Marking task as SUCCESS. dag_id=extract_email, task_id=get_mail, execution_date=20240201T010000, start_date=20240221T080629, end_date=20240221T080638
[2024-02-21T08:06:38.775+0000] {local_task_job_runner.py:234} INFO - Task exited with return code 0
[2024-02-21T08:06:38.791+0000] {taskinstance.py:3280} INFO - 0 downstream tasks scheduled from follow-on schedule check
[2024-02-21T08:12:44.322+0000] {taskinstance.py:1956} INFO - Dependencies all met for dep_context=non-requeueable deps ti=<TaskInstance: extract_email.get_mail scheduled__2024-02-01T01:00:00+00:00 [queued]>
[2024-02-21T08:12:44.331+0000] {taskinstance.py:1956} INFO - Dependencies all met for dep_context=requeueable deps ti=<TaskInstance: extract_email.get_mail scheduled__2024-02-01T01:00:00+00:00 [queued]>
[2024-02-21T08:12:44.331+0000] {taskinstance.py:2170} INFO - Starting attempt 1 of 1
[2024-02-21T08:12:44.344+0000] {taskinstance.py:2191} INFO - Executing <Task(PythonOperator): get_mail> on 2024-02-01 01:00:00+00:00
[2024-02-21T08:12:44.350+0000] {standard_task_runner.py:60} INFO - Started process 138 to run task
[2024-02-21T08:12:44.352+0000] {standard_task_runner.py:87} INFO - Running: ['***', 'tasks', 'run', 'extract_email', 'get_mail', 'scheduled__2024-02-01T01:00:00+00:00', '--job-id', '215', '--raw', '--subdir', 'DAGS_FOLDER/extract_email.py', '--cfg-path', '/tmp/tmpah3l6e_8']
[2024-02-21T08:12:44.354+0000] {standard_task_runner.py:88} INFO - Job 215: Subtask get_mail
[2024-02-21T08:12:44.419+0000] {task_command.py:423} INFO - Running <TaskInstance: extract_email.get_mail scheduled__2024-02-01T01:00:00+00:00 [running]> on host 968b17b6b013
[2024-02-21T08:12:44.513+0000] {taskinstance.py:2480} INFO - Exporting env vars: AIRFLOW_CTX_DAG_OWNER='***' AIRFLOW_CTX_DAG_ID='extract_email' AIRFLOW_CTX_TASK_ID='get_mail' AIRFLOW_CTX_EXECUTION_DATE='2024-02-01T01:00:00+00:00' AIRFLOW_CTX_TRY_NUMBER='1' AIRFLOW_CTX_DAG_RUN_ID='scheduled__2024-02-01T01:00:00+00:00'
[2024-02-21T08:12:46.981+0000] {ImapSmtp.py:839} INFO - IMAP search: 'gmail:'Message from RPA Python' after:15-12-2023'
[2024-02-21T08:12:50.182+0000] {logging_mixin.py:188} INFO - Message from RPA Python0
[2024-02-21T08:12:50.185+0000] {ImapSmtp.py:1240} INFO - Attachment filepath: PosixPath('/data/attachments/test-37.txt')
[2024-02-21T08:12:50.186+0000] {ImapSmtp.py:1243} INFO - Saving attachment: test.txt
[2024-02-21T08:12:50.188+0000] {logging_mixin.py:188} INFO - Message from RPA Python1
[2024-02-21T08:12:50.190+0000] {ImapSmtp.py:1240} INFO - Attachment filepath: PosixPath('/data/attachments/test-38.txt')
[2024-02-21T08:12:50.191+0000] {ImapSmtp.py:1243} INFO - Saving attachment: test.txt
[2024-02-21T08:12:50.192+0000] {logging_mixin.py:188} INFO - Message from RPA Python2
[2024-02-21T08:12:50.193+0000] {ImapSmtp.py:1240} INFO - Attachment filepath: PosixPath('/data/attachments/test-39.txt')
[2024-02-21T08:12:50.194+0000] {ImapSmtp.py:1243} INFO - Saving attachment: test.txt
[2024-02-21T08:12:50.195+0000] {logging_mixin.py:188} INFO - Message from RPA Python3
[2024-02-21T08:12:50.197+0000] {ImapSmtp.py:1240} INFO - Attachment filepath: PosixPath('/data/attachments/test-40.txt')
[2024-02-21T08:12:50.198+0000] {ImapSmtp.py:1243} INFO - Saving attachment: test.txt
[2024-02-21T08:12:50.199+0000] {logging_mixin.py:188} INFO - Message from RPA Python4
[2024-02-21T08:12:50.200+0000] {ImapSmtp.py:1240} INFO - Attachment filepath: PosixPath('/data/attachments/test-41.txt')
[2024-02-21T08:12:50.201+0000] {ImapSmtp.py:1243} INFO - Saving attachment: test.txt
[2024-02-21T08:12:50.203+0000] {logging_mixin.py:188} INFO - Message from RPA Python5
[2024-02-21T08:12:50.205+0000] {ImapSmtp.py:1240} INFO - Attachment filepath: PosixPath('/data/attachments/test-42.txt')
[2024-02-21T08:12:50.205+0000] {ImapSmtp.py:1243} INFO - Saving attachment: test.txt
[2024-02-21T08:12:50.206+0000] {logging_mixin.py:188} INFO - Message from RPA Python6
[2024-02-21T08:12:50.208+0000] {ImapSmtp.py:1240} INFO - Attachment filepath: PosixPath('/data/attachments/test-43.txt')
[2024-02-21T08:12:50.209+0000] {ImapSmtp.py:1243} INFO - Saving attachment: test.txt
[2024-02-21T08:12:50.211+0000] {logging_mixin.py:188} INFO - Message from RPA Python7
[2024-02-21T08:12:50.212+0000] {ImapSmtp.py:1240} INFO - Attachment filepath: PosixPath('/data/attachments/test-44.txt')
[2024-02-21T08:12:50.213+0000] {ImapSmtp.py:1243} INFO - Saving attachment: test.txt
[2024-02-21T08:12:50.214+0000] {logging_mixin.py:188} INFO - Message from RPA Python8
[2024-02-21T08:12:50.217+0000] {ImapSmtp.py:1240} INFO - Attachment filepath: PosixPath('/data/attachments/test-45.txt')
[2024-02-21T08:12:50.218+0000] {ImapSmtp.py:1243} INFO - Saving attachment: test.txt
[2024-02-21T08:12:50.219+0000] {logging_mixin.py:188} INFO - Message from RPA Python9
[2024-02-21T08:12:50.220+0000] {ImapSmtp.py:1240} INFO - Attachment filepath: PosixPath('/data/attachments/test-46.txt')
[2024-02-21T08:12:50.221+0000] {ImapSmtp.py:1243} INFO - Saving attachment: test.txt
[2024-02-21T08:12:50.868+0000] {python.py:201} INFO - Done. Returned value was: None
[2024-02-21T08:12:50.887+0000] {taskinstance.py:1138} INFO - Marking task as SUCCESS. dag_id=extract_email, task_id=get_mail, execution_date=20240201T010000, start_date=20240221T081244, end_date=20240221T081250
[2024-02-21T08:12:50.943+0000] {local_task_job_runner.py:234} INFO - Task exited with return code 0
[2024-02-21T08:12:50.974+0000] {taskinstance.py:3280} INFO - 0 downstream tasks scheduled from follow-on schedule check
[2024-02-21T08:17:49.126+0000] {taskinstance.py:1956} INFO - Dependencies all met for dep_context=non-requeueable deps ti=<TaskInstance: extract_email.get_mail scheduled__2024-02-01T01:00:00+00:00 [queued]>
[2024-02-21T08:17:49.136+0000] {taskinstance.py:1956} INFO - Dependencies all met for dep_context=requeueable deps ti=<TaskInstance: extract_email.get_mail scheduled__2024-02-01T01:00:00+00:00 [queued]>
[2024-02-21T08:17:49.136+0000] {taskinstance.py:2170} INFO - Starting attempt 1 of 1
[2024-02-21T08:17:49.151+0000] {taskinstance.py:2191} INFO - Executing <Task(PythonOperator): get_mail> on 2024-02-01 01:00:00+00:00
[2024-02-21T08:17:49.157+0000] {standard_task_runner.py:60} INFO - Started process 91 to run task
[2024-02-21T08:17:49.160+0000] {standard_task_runner.py:87} INFO - Running: ['***', 'tasks', 'run', 'extract_email', 'get_mail', 'scheduled__2024-02-01T01:00:00+00:00', '--job-id', '251', '--raw', '--subdir', 'DAGS_FOLDER/extract_email.py', '--cfg-path', '/tmp/tmpstk8cqmq']
[2024-02-21T08:17:49.161+0000] {standard_task_runner.py:88} INFO - Job 251: Subtask get_mail
[2024-02-21T08:17:49.200+0000] {task_command.py:423} INFO - Running <TaskInstance: extract_email.get_mail scheduled__2024-02-01T01:00:00+00:00 [running]> on host 9f5f399fdbe3
[2024-02-21T08:17:49.253+0000] {taskinstance.py:2480} INFO - Exporting env vars: AIRFLOW_CTX_DAG_OWNER='***' AIRFLOW_CTX_DAG_ID='extract_email' AIRFLOW_CTX_TASK_ID='get_mail' AIRFLOW_CTX_EXECUTION_DATE='2024-02-01T01:00:00+00:00' AIRFLOW_CTX_TRY_NUMBER='1' AIRFLOW_CTX_DAG_RUN_ID='scheduled__2024-02-01T01:00:00+00:00'
[2024-02-21T08:17:52.161+0000] {ImapSmtp.py:839} INFO - IMAP search: 'gmail:'Message from RPA Python' after:15-12-2023'
[2024-02-21T08:17:55.605+0000] {logging_mixin.py:188} INFO - Message from RPA Python0
[2024-02-21T08:17:55.606+0000] {ImapSmtp.py:1240} INFO - Attachment filepath: PosixPath('/data/attachments/test-199.txt')
[2024-02-21T08:17:55.607+0000] {ImapSmtp.py:1243} INFO - Saving attachment: test.txt
[2024-02-21T08:17:55.607+0000] {logging_mixin.py:188} INFO - Message from RPA Python1
[2024-02-21T08:17:55.608+0000] {ImapSmtp.py:1240} INFO - Attachment filepath: PosixPath('/data/attachments/test-200.txt')
[2024-02-21T08:17:55.608+0000] {ImapSmtp.py:1243} INFO - Saving attachment: test.txt
[2024-02-21T08:17:55.608+0000] {logging_mixin.py:188} INFO - Message from RPA Python2
[2024-02-21T08:17:55.609+0000] {ImapSmtp.py:1240} INFO - Attachment filepath: PosixPath('/data/attachments/test-201.txt')
[2024-02-21T08:17:55.609+0000] {ImapSmtp.py:1243} INFO - Saving attachment: test.txt
[2024-02-21T08:17:55.610+0000] {logging_mixin.py:188} INFO - Message from RPA Python3
[2024-02-21T08:17:55.611+0000] {ImapSmtp.py:1240} INFO - Attachment filepath: PosixPath('/data/attachments/test-202.txt')
[2024-02-21T08:17:55.611+0000] {ImapSmtp.py:1243} INFO - Saving attachment: test.txt
[2024-02-21T08:17:55.611+0000] {logging_mixin.py:188} INFO - Message from RPA Python4
[2024-02-21T08:17:55.612+0000] {ImapSmtp.py:1240} INFO - Attachment filepath: PosixPath('/data/attachments/test-203.txt')
[2024-02-21T08:17:55.612+0000] {ImapSmtp.py:1243} INFO - Saving attachment: test.txt
[2024-02-21T08:17:55.612+0000] {logging_mixin.py:188} INFO - Message from RPA Python5
[2024-02-21T08:17:55.613+0000] {ImapSmtp.py:1240} INFO - Attachment filepath: PosixPath('/data/attachments/test-204.txt')
[2024-02-21T08:17:55.614+0000] {ImapSmtp.py:1243} INFO - Saving attachment: test.txt
[2024-02-21T08:17:55.614+0000] {logging_mixin.py:188} INFO - Message from RPA Python6
[2024-02-21T08:17:55.615+0000] {ImapSmtp.py:1240} INFO - Attachment filepath: PosixPath('/data/attachments/test-205.txt')
[2024-02-21T08:17:55.615+0000] {ImapSmtp.py:1243} INFO - Saving attachment: test.txt
[2024-02-21T08:17:55.615+0000] {logging_mixin.py:188} INFO - Message from RPA Python7
[2024-02-21T08:17:55.616+0000] {ImapSmtp.py:1240} INFO - Attachment filepath: PosixPath('/data/attachments/test-206.txt')
[2024-02-21T08:17:55.616+0000] {ImapSmtp.py:1243} INFO - Saving attachment: test.txt
[2024-02-21T08:17:55.616+0000] {logging_mixin.py:188} INFO - Message from RPA Python8
[2024-02-21T08:17:55.617+0000] {ImapSmtp.py:1240} INFO - Attachment filepath: PosixPath('/data/attachments/test-207.txt')
[2024-02-21T08:17:55.617+0000] {ImapSmtp.py:1243} INFO - Saving attachment: test.txt
[2024-02-21T08:17:55.618+0000] {logging_mixin.py:188} INFO - Message from RPA Python9
[2024-02-21T08:17:55.618+0000] {ImapSmtp.py:1240} INFO - Attachment filepath: PosixPath('/data/attachments/test-208.txt')
[2024-02-21T08:17:55.619+0000] {ImapSmtp.py:1243} INFO - Saving attachment: test.txt
[2024-02-21T08:17:56.320+0000] {python.py:201} INFO - Done. Returned value was: None
[2024-02-21T08:17:56.338+0000] {taskinstance.py:1138} INFO - Marking task as SUCCESS. dag_id=extract_email, task_id=get_mail, execution_date=20240201T010000, start_date=20240221T081749, end_date=20240221T081756
[2024-02-21T08:17:56.391+0000] {local_task_job_runner.py:234} INFO - Task exited with return code 0
[2024-02-21T08:17:56.412+0000] {taskinstance.py:3280} INFO - 0 downstream tasks scheduled from follow-on schedule check
