[2024-02-22T03:55:18.954+0000] {taskinstance.py:1956} INFO - Dependencies all met for dep_context=non-requeueable deps ti=<TaskInstance: extract_email.get_mail manual__2024-02-22T03:55:10.539500+00:00 [queued]>
[2024-02-22T03:55:18.962+0000] {taskinstance.py:1956} INFO - Dependencies all met for dep_context=requeueable deps ti=<TaskInstance: extract_email.get_mail manual__2024-02-22T03:55:10.539500+00:00 [queued]>
[2024-02-22T03:55:18.962+0000] {taskinstance.py:2170} INFO - Starting attempt 1 of 1
[2024-02-22T03:55:18.977+0000] {taskinstance.py:2191} INFO - Executing <Task(PythonOperator): get_mail> on 2024-02-22 03:55:10.539500+00:00
[2024-02-22T03:55:18.982+0000] {standard_task_runner.py:60} INFO - Started process 457 to run task
[2024-02-22T03:55:18.985+0000] {standard_task_runner.py:87} INFO - Running: ['***', 'tasks', 'run', 'extract_email', 'get_mail', 'manual__2024-02-22T03:55:10.539500+00:00', '--job-id', '310', '--raw', '--subdir', 'DAGS_FOLDER/extract_email.py', '--cfg-path', '/tmp/tmpnl8adqe6']
[2024-02-22T03:55:18.987+0000] {standard_task_runner.py:88} INFO - Job 310: Subtask get_mail
[2024-02-22T03:55:19.024+0000] {task_command.py:423} INFO - Running <TaskInstance: extract_email.get_mail manual__2024-02-22T03:55:10.539500+00:00 [running]> on host e849c64d3231
[2024-02-22T03:55:19.080+0000] {taskinstance.py:2480} INFO - Exporting env vars: AIRFLOW_CTX_DAG_OWNER='***' AIRFLOW_CTX_DAG_ID='extract_email' AIRFLOW_CTX_TASK_ID='get_mail' AIRFLOW_CTX_EXECUTION_DATE='2024-02-22T03:55:10.539500+00:00' AIRFLOW_CTX_TRY_NUMBER='1' AIRFLOW_CTX_DAG_RUN_ID='manual__2024-02-22T03:55:10.539500+00:00'
[2024-02-22T03:55:22.998+0000] {ImapSmtp.py:839} INFO - IMAP search: 'gmail:'Message from RPA Python' after:15-12-2023'
[2024-02-22T03:55:26.399+0000] {ImapSmtp.py:1240} INFO - Attachment filepath: PosixPath('attachments/test.txt')
[2024-02-22T03:55:26.400+0000] {ImapSmtp.py:1243} INFO - Saving attachment: test.txt
[2024-02-22T03:55:26.402+0000] {logging_mixin.py:188} INFO - error when saving attachment
[2024-02-22T03:55:26.403+0000] {ImapSmtp.py:1240} INFO - Attachment filepath: PosixPath('attachments/test.txt')
[2024-02-22T03:55:26.403+0000] {ImapSmtp.py:1243} INFO - Saving attachment: test.txt
[2024-02-22T03:55:26.404+0000] {logging_mixin.py:188} INFO - error when saving attachment
[2024-02-22T03:55:26.405+0000] {ImapSmtp.py:1240} INFO - Attachment filepath: PosixPath('attachments/test.txt')
[2024-02-22T03:55:26.405+0000] {ImapSmtp.py:1243} INFO - Saving attachment: test.txt
[2024-02-22T03:55:26.406+0000] {logging_mixin.py:188} INFO - error when saving attachment
[2024-02-22T03:55:26.407+0000] {ImapSmtp.py:1240} INFO - Attachment filepath: PosixPath('attachments/test.txt')
[2024-02-22T03:55:26.408+0000] {ImapSmtp.py:1243} INFO - Saving attachment: test.txt
[2024-02-22T03:55:26.408+0000] {logging_mixin.py:188} INFO - error when saving attachment
[2024-02-22T03:55:26.410+0000] {ImapSmtp.py:1240} INFO - Attachment filepath: PosixPath('attachments/test.txt')
[2024-02-22T03:55:26.410+0000] {ImapSmtp.py:1243} INFO - Saving attachment: test.txt
[2024-02-22T03:55:26.411+0000] {logging_mixin.py:188} INFO - error when saving attachment
[2024-02-22T03:55:26.412+0000] {ImapSmtp.py:1240} INFO - Attachment filepath: PosixPath('attachments/test.txt')
[2024-02-22T03:55:26.412+0000] {ImapSmtp.py:1243} INFO - Saving attachment: test.txt
[2024-02-22T03:55:26.413+0000] {logging_mixin.py:188} INFO - error when saving attachment
[2024-02-22T03:55:26.414+0000] {ImapSmtp.py:1240} INFO - Attachment filepath: PosixPath('attachments/test.txt')
[2024-02-22T03:55:26.414+0000] {ImapSmtp.py:1243} INFO - Saving attachment: test.txt
[2024-02-22T03:55:26.415+0000] {logging_mixin.py:188} INFO - error when saving attachment
[2024-02-22T03:55:26.416+0000] {ImapSmtp.py:1240} INFO - Attachment filepath: PosixPath('attachments/test.txt')
[2024-02-22T03:55:26.417+0000] {ImapSmtp.py:1243} INFO - Saving attachment: test.txt
[2024-02-22T03:55:26.417+0000] {logging_mixin.py:188} INFO - error when saving attachment
[2024-02-22T03:55:26.418+0000] {ImapSmtp.py:1240} INFO - Attachment filepath: PosixPath('attachments/test.txt')
[2024-02-22T03:55:26.419+0000] {ImapSmtp.py:1243} INFO - Saving attachment: test.txt
[2024-02-22T03:55:26.420+0000] {logging_mixin.py:188} INFO - error when saving attachment
[2024-02-22T03:55:26.421+0000] {ImapSmtp.py:1240} INFO - Attachment filepath: PosixPath('attachments/test.txt')
[2024-02-22T03:55:26.422+0000] {ImapSmtp.py:1243} INFO - Saving attachment: test.txt
[2024-02-22T03:55:26.423+0000] {logging_mixin.py:188} INFO - error when saving attachment
[2024-02-22T03:55:27.195+0000] {python.py:201} INFO - Done. Returned value was: None
[2024-02-22T03:55:27.202+0000] {taskinstance.py:1138} INFO - Marking task as SUCCESS. dag_id=extract_email, task_id=get_mail, execution_date=20240222T035510, start_date=20240222T035518, end_date=20240222T035527
[2024-02-22T03:55:27.258+0000] {local_task_job_runner.py:234} INFO - Task exited with return code 0
[2024-02-22T03:55:27.275+0000] {taskinstance.py:3280} INFO - 1 downstream tasks scheduled from follow-on schedule check
