[2024-02-21T07:37:49.681+0000] {taskinstance.py:1956} INFO - Dependencies all met for dep_context=non-requeueable deps ti=<TaskInstance: extract_email.get_mail scheduled__2024-01-23T00:00:00+00:00 [queued]>
[2024-02-21T07:37:49.712+0000] {taskinstance.py:1956} INFO - Dependencies all met for dep_context=requeueable deps ti=<TaskInstance: extract_email.get_mail scheduled__2024-01-23T00:00:00+00:00 [queued]>
[2024-02-21T07:37:49.713+0000] {taskinstance.py:2170} INFO - Starting attempt 1 of 1
[2024-02-21T07:37:49.752+0000] {taskinstance.py:2191} INFO - Executing <Task(PythonOperator): get_mail> on 2024-01-23 00:00:00+00:00
[2024-02-21T07:37:49.777+0000] {standard_task_runner.py:60} INFO - Started process 72 to run task
[2024-02-21T07:37:49.790+0000] {standard_task_runner.py:87} INFO - Running: ['***', 'tasks', 'run', 'extract_email', 'get_mail', 'scheduled__2024-01-23T00:00:00+00:00', '--job-id', '63', '--raw', '--subdir', 'DAGS_FOLDER/extract_email.py', '--cfg-path', '/tmp/tmpraas8_1s']
[2024-02-21T07:37:49.797+0000] {standard_task_runner.py:88} INFO - Job 63: Subtask get_mail
[2024-02-21T07:37:49.997+0000] {task_command.py:423} INFO - Running <TaskInstance: extract_email.get_mail scheduled__2024-01-23T00:00:00+00:00 [running]> on host 893865381b0d
[2024-02-21T07:37:50.183+0000] {taskinstance.py:2480} INFO - Exporting env vars: AIRFLOW_CTX_DAG_OWNER='***' AIRFLOW_CTX_DAG_ID='extract_email' AIRFLOW_CTX_TASK_ID='get_mail' AIRFLOW_CTX_EXECUTION_DATE='2024-01-23T00:00:00+00:00' AIRFLOW_CTX_TRY_NUMBER='1' AIRFLOW_CTX_DAG_RUN_ID='scheduled__2024-01-23T00:00:00+00:00'
[2024-02-21T07:37:50.185+0000] {taskinstance.py:2698} ERROR - Task failed with exception
Traceback (most recent call last):
  File "/home/airflow/.local/lib/python3.8/site-packages/airflow/models/taskinstance.py", line 433, in _execute_task
    result = execute_callable(context=context, **execute_callable_kwargs)
  File "/home/airflow/.local/lib/python3.8/site-packages/airflow/operators/python.py", line 196, in execute
    context_merge(context, self.op_kwargs, templates_dict=self.templates_dict)
  File "/home/airflow/.local/lib/python3.8/site-packages/airflow/utils/context.py", line 261, in context_merge
    context.update(*args, **kwargs)
  File "/usr/local/lib/python3.8/_collections_abc.py", line 837, in update
    for key, value in other:
ValueError: too many values to unpack (expected 2)
[2024-02-21T07:37:50.201+0000] {taskinstance.py:1138} INFO - Marking task as FAILED. dag_id=extract_email, task_id=get_mail, execution_date=20240123T000000, start_date=20240221T073749, end_date=20240221T073750
[2024-02-21T07:37:50.230+0000] {standard_task_runner.py:107} ERROR - Failed to execute job 63 for task get_mail (too many values to unpack (expected 2); 72)
[2024-02-21T07:37:50.253+0000] {local_task_job_runner.py:234} INFO - Task exited with return code 1
[2024-02-21T07:37:50.280+0000] {taskinstance.py:3280} INFO - 0 downstream tasks scheduled from follow-on schedule check
[2024-02-21T07:59:30.084+0000] {taskinstance.py:1956} INFO - Dependencies all met for dep_context=non-requeueable deps ti=<TaskInstance: extract_email.get_mail scheduled__2024-01-23T00:00:00+00:00 [queued]>
[2024-02-21T07:59:30.098+0000] {taskinstance.py:1956} INFO - Dependencies all met for dep_context=requeueable deps ti=<TaskInstance: extract_email.get_mail scheduled__2024-01-23T00:00:00+00:00 [queued]>
[2024-02-21T07:59:30.098+0000] {taskinstance.py:2170} INFO - Starting attempt 1 of 1
[2024-02-21T07:59:30.113+0000] {taskinstance.py:2191} INFO - Executing <Task(PythonOperator): get_mail> on 2024-01-23 00:00:00+00:00
[2024-02-21T07:59:30.121+0000] {standard_task_runner.py:60} INFO - Started process 348 to run task
[2024-02-21T07:59:30.125+0000] {standard_task_runner.py:87} INFO - Running: ['***', 'tasks', 'run', 'extract_email', 'get_mail', 'scheduled__2024-01-23T00:00:00+00:00', '--job-id', '119', '--raw', '--subdir', 'DAGS_FOLDER/extract_email.py', '--cfg-path', '/tmp/tmp01olrl2x']
[2024-02-21T07:59:30.127+0000] {standard_task_runner.py:88} INFO - Job 119: Subtask get_mail
[2024-02-21T07:59:30.167+0000] {task_command.py:423} INFO - Running <TaskInstance: extract_email.get_mail scheduled__2024-01-23T00:00:00+00:00 [running]> on host 9bab6a0db245
[2024-02-21T07:59:30.269+0000] {taskinstance.py:2480} INFO - Exporting env vars: AIRFLOW_CTX_DAG_OWNER='***' AIRFLOW_CTX_DAG_ID='extract_email' AIRFLOW_CTX_TASK_ID='get_mail' AIRFLOW_CTX_EXECUTION_DATE='2024-01-23T00:00:00+00:00' AIRFLOW_CTX_TRY_NUMBER='1' AIRFLOW_CTX_DAG_RUN_ID='scheduled__2024-01-23T00:00:00+00:00'
[2024-02-21T07:59:32.848+0000] {ImapSmtp.py:839} INFO - IMAP search: 'gmail:'Message from RPA Python' after:15-12-2023'
[2024-02-21T07:59:35.995+0000] {logging_mixin.py:188} INFO - Message from RPA Python0
[2024-02-21T07:59:35.997+0000] {ImapSmtp.py:1240} INFO - Attachment filepath: PosixPath('/data/attachments/test-82.txt')
[2024-02-21T07:59:35.998+0000] {ImapSmtp.py:1243} INFO - Saving attachment: test.txt
[2024-02-21T07:59:35.998+0000] {logging_mixin.py:188} INFO - Message from RPA Python1
[2024-02-21T07:59:35.999+0000] {ImapSmtp.py:1240} INFO - Attachment filepath: PosixPath('/data/attachments/test-83.txt')
[2024-02-21T07:59:35.999+0000] {ImapSmtp.py:1243} INFO - Saving attachment: test.txt
[2024-02-21T07:59:35.999+0000] {logging_mixin.py:188} INFO - Message from RPA Python2
[2024-02-21T07:59:36.000+0000] {ImapSmtp.py:1240} INFO - Attachment filepath: PosixPath('/data/attachments/test-84.txt')
[2024-02-21T07:59:36.000+0000] {ImapSmtp.py:1243} INFO - Saving attachment: test.txt
[2024-02-21T07:59:36.001+0000] {logging_mixin.py:188} INFO - Message from RPA Python3
[2024-02-21T07:59:36.002+0000] {ImapSmtp.py:1240} INFO - Attachment filepath: PosixPath('/data/attachments/test-85.txt')
[2024-02-21T07:59:36.002+0000] {ImapSmtp.py:1243} INFO - Saving attachment: test.txt
[2024-02-21T07:59:36.002+0000] {logging_mixin.py:188} INFO - Message from RPA Python4
[2024-02-21T07:59:36.003+0000] {ImapSmtp.py:1240} INFO - Attachment filepath: PosixPath('/data/attachments/test-86.txt')
[2024-02-21T07:59:36.003+0000] {ImapSmtp.py:1243} INFO - Saving attachment: test.txt
[2024-02-21T07:59:36.003+0000] {logging_mixin.py:188} INFO - Message from RPA Python5
[2024-02-21T07:59:36.004+0000] {ImapSmtp.py:1240} INFO - Attachment filepath: PosixPath('/data/attachments/test-87.txt')
[2024-02-21T07:59:36.004+0000] {ImapSmtp.py:1243} INFO - Saving attachment: test.txt
[2024-02-21T07:59:36.005+0000] {logging_mixin.py:188} INFO - Message from RPA Python6
[2024-02-21T07:59:36.006+0000] {ImapSmtp.py:1240} INFO - Attachment filepath: PosixPath('/data/attachments/test-88.txt')
[2024-02-21T07:59:36.006+0000] {ImapSmtp.py:1243} INFO - Saving attachment: test.txt
[2024-02-21T07:59:36.007+0000] {logging_mixin.py:188} INFO - Message from RPA Python7
[2024-02-21T07:59:36.008+0000] {ImapSmtp.py:1240} INFO - Attachment filepath: PosixPath('/data/attachments/test-89.txt')
[2024-02-21T07:59:36.008+0000] {ImapSmtp.py:1243} INFO - Saving attachment: test.txt
[2024-02-21T07:59:36.008+0000] {logging_mixin.py:188} INFO - Message from RPA Python8
[2024-02-21T07:59:36.009+0000] {ImapSmtp.py:1240} INFO - Attachment filepath: PosixPath('/data/attachments/test-90.txt')
[2024-02-21T07:59:36.009+0000] {ImapSmtp.py:1243} INFO - Saving attachment: test.txt
[2024-02-21T07:59:36.010+0000] {logging_mixin.py:188} INFO - Message from RPA Python9
[2024-02-21T07:59:36.011+0000] {ImapSmtp.py:1240} INFO - Attachment filepath: PosixPath('/data/attachments/test-91.txt')
[2024-02-21T07:59:36.012+0000] {ImapSmtp.py:1243} INFO - Saving attachment: test.txt
[2024-02-21T07:59:36.823+0000] {python.py:201} INFO - Done. Returned value was: None
[2024-02-21T07:59:36.854+0000] {taskinstance.py:1138} INFO - Marking task as SUCCESS. dag_id=extract_email, task_id=get_mail, execution_date=20240123T000000, start_date=20240221T075930, end_date=20240221T075936
[2024-02-21T07:59:36.914+0000] {local_task_job_runner.py:234} INFO - Task exited with return code 0
[2024-02-21T07:59:36.929+0000] {taskinstance.py:3280} INFO - 0 downstream tasks scheduled from follow-on schedule check
