[2024-02-21T07:47:04.161+0000] {taskinstance.py:1956} INFO - Dependencies all met for dep_context=non-requeueable deps ti=<TaskInstance: extract_email.get_mail manual__2024-02-21T07:46:59.346725+00:00 [queued]>
[2024-02-21T07:47:04.167+0000] {taskinstance.py:1956} INFO - Dependencies all met for dep_context=requeueable deps ti=<TaskInstance: extract_email.get_mail manual__2024-02-21T07:46:59.346725+00:00 [queued]>
[2024-02-21T07:47:04.167+0000] {taskinstance.py:2170} INFO - Starting attempt 1 of 1
[2024-02-21T07:47:04.175+0000] {taskinstance.py:2191} INFO - Executing <Task(PythonOperator): get_mail> on 2024-02-21 07:46:59.346725+00:00
[2024-02-21T07:47:04.179+0000] {standard_task_runner.py:60} INFO - Started process 110 to run task
[2024-02-21T07:47:04.181+0000] {standard_task_runner.py:87} INFO - Running: ['***', 'tasks', 'run', 'extract_email', 'get_mail', 'manual__2024-02-21T07:46:59.346725+00:00', '--job-id', '96', '--raw', '--subdir', 'DAGS_FOLDER/extract_email.py', '--cfg-path', '/tmp/tmp558r8jsy']
[2024-02-21T07:47:04.182+0000] {standard_task_runner.py:88} INFO - Job 96: Subtask get_mail
[2024-02-21T07:47:04.209+0000] {task_command.py:423} INFO - Running <TaskInstance: extract_email.get_mail manual__2024-02-21T07:46:59.346725+00:00 [running]> on host 9bab6a0db245
[2024-02-21T07:47:04.256+0000] {taskinstance.py:2480} INFO - Exporting env vars: AIRFLOW_CTX_DAG_OWNER='***' AIRFLOW_CTX_DAG_ID='extract_email' AIRFLOW_CTX_TASK_ID='get_mail' AIRFLOW_CTX_EXECUTION_DATE='2024-02-21T07:46:59.346725+00:00' AIRFLOW_CTX_TRY_NUMBER='1' AIRFLOW_CTX_DAG_RUN_ID='manual__2024-02-21T07:46:59.346725+00:00'
[2024-02-21T07:47:06.940+0000] {ImapSmtp.py:839} INFO - IMAP search: 'gmail:'Message from RPA Python' after:15-12-2023'
[2024-02-21T07:47:11.031+0000] {logging_mixin.py:188} INFO - Message from RPA Python0
[2024-02-21T07:47:11.032+0000] {ImapSmtp.py:1240} INFO - Attachment filepath: PosixPath('/data/attachments/test.txt')
[2024-02-21T07:47:11.032+0000] {ImapSmtp.py:1243} INFO - Saving attachment: test.txt
[2024-02-21T07:47:11.032+0000] {logging_mixin.py:188} INFO - Message from RPA Python1
[2024-02-21T07:47:11.033+0000] {ImapSmtp.py:1240} INFO - Attachment filepath: PosixPath('/data/attachments/test-2.txt')
[2024-02-21T07:47:11.033+0000] {ImapSmtp.py:1243} INFO - Saving attachment: test.txt
[2024-02-21T07:47:11.033+0000] {logging_mixin.py:188} INFO - Message from RPA Python2
[2024-02-21T07:47:11.033+0000] {ImapSmtp.py:1240} INFO - Attachment filepath: PosixPath('/data/attachments/test-3.txt')
[2024-02-21T07:47:11.033+0000] {ImapSmtp.py:1243} INFO - Saving attachment: test.txt
[2024-02-21T07:47:11.034+0000] {logging_mixin.py:188} INFO - Message from RPA Python3
[2024-02-21T07:47:11.034+0000] {ImapSmtp.py:1240} INFO - Attachment filepath: PosixPath('/data/attachments/test-4.txt')
[2024-02-21T07:47:11.034+0000] {ImapSmtp.py:1243} INFO - Saving attachment: test.txt
[2024-02-21T07:47:11.034+0000] {logging_mixin.py:188} INFO - Message from RPA Python4
[2024-02-21T07:47:11.035+0000] {ImapSmtp.py:1240} INFO - Attachment filepath: PosixPath('/data/attachments/test-5.txt')
[2024-02-21T07:47:11.035+0000] {ImapSmtp.py:1243} INFO - Saving attachment: test.txt
[2024-02-21T07:47:11.035+0000] {logging_mixin.py:188} INFO - Message from RPA Python5
[2024-02-21T07:47:11.035+0000] {ImapSmtp.py:1240} INFO - Attachment filepath: PosixPath('/data/attachments/test-6.txt')
[2024-02-21T07:47:11.035+0000] {ImapSmtp.py:1243} INFO - Saving attachment: test.txt
[2024-02-21T07:47:11.036+0000] {logging_mixin.py:188} INFO - Message from RPA Python6
[2024-02-21T07:47:11.036+0000] {ImapSmtp.py:1240} INFO - Attachment filepath: PosixPath('/data/attachments/test-7.txt')
[2024-02-21T07:47:11.036+0000] {ImapSmtp.py:1243} INFO - Saving attachment: test.txt
[2024-02-21T07:47:11.037+0000] {logging_mixin.py:188} INFO - Message from RPA Python7
[2024-02-21T07:47:11.037+0000] {ImapSmtp.py:1240} INFO - Attachment filepath: PosixPath('/data/attachments/test-8.txt')
[2024-02-21T07:47:11.037+0000] {ImapSmtp.py:1243} INFO - Saving attachment: test.txt
[2024-02-21T07:47:11.037+0000] {logging_mixin.py:188} INFO - Message from RPA Python8
[2024-02-21T07:47:11.038+0000] {ImapSmtp.py:1240} INFO - Attachment filepath: PosixPath('/data/attachments/test-9.txt')
[2024-02-21T07:47:11.038+0000] {ImapSmtp.py:1243} INFO - Saving attachment: test.txt
[2024-02-21T07:47:11.038+0000] {logging_mixin.py:188} INFO - Message from RPA Python9
[2024-02-21T07:47:11.038+0000] {ImapSmtp.py:1240} INFO - Attachment filepath: PosixPath('/data/attachments/test-10.txt')
[2024-02-21T07:47:11.038+0000] {ImapSmtp.py:1243} INFO - Saving attachment: test.txt
[2024-02-21T07:47:12.047+0000] {python.py:201} INFO - Done. Returned value was: None
[2024-02-21T07:47:12.071+0000] {taskinstance.py:1138} INFO - Marking task as SUCCESS. dag_id=extract_email, task_id=get_mail, execution_date=20240221T074659, start_date=20240221T074704, end_date=20240221T074712
[2024-02-21T07:47:12.129+0000] {local_task_job_runner.py:234} INFO - Task exited with return code 0
[2024-02-21T07:47:12.174+0000] {taskinstance.py:3280} INFO - 0 downstream tasks scheduled from follow-on schedule check
