[2024-02-21T08:13:03.777+0000] {taskinstance.py:1956} INFO - Dependencies all met for dep_context=non-requeueable deps ti=<TaskInstance: extract_email.get_mail scheduled__2024-02-20T01:00:00+00:00 [queued]>
[2024-02-21T08:13:03.799+0000] {taskinstance.py:1956} INFO - Dependencies all met for dep_context=requeueable deps ti=<TaskInstance: extract_email.get_mail scheduled__2024-02-20T01:00:00+00:00 [queued]>
[2024-02-21T08:13:03.800+0000] {taskinstance.py:2170} INFO - Starting attempt 1 of 1
[2024-02-21T08:13:03.831+0000] {taskinstance.py:2191} INFO - Executing <Task(PythonOperator): get_mail> on 2024-02-20 01:00:00+00:00
[2024-02-21T08:13:03.840+0000] {standard_task_runner.py:60} INFO - Started process 172 to run task
[2024-02-21T08:13:03.844+0000] {standard_task_runner.py:87} INFO - Running: ['***', 'tasks', 'run', 'extract_email', 'get_mail', 'scheduled__2024-02-20T01:00:00+00:00', '--job-id', '233', '--raw', '--subdir', 'DAGS_FOLDER/extract_email.py', '--cfg-path', '/tmp/tmpwk6jcay6']
[2024-02-21T08:13:03.850+0000] {standard_task_runner.py:88} INFO - Job 233: Subtask get_mail
[2024-02-21T08:13:03.924+0000] {task_command.py:423} INFO - Running <TaskInstance: extract_email.get_mail scheduled__2024-02-20T01:00:00+00:00 [running]> on host 968b17b6b013
[2024-02-21T08:13:03.992+0000] {taskinstance.py:2480} INFO - Exporting env vars: AIRFLOW_CTX_DAG_OWNER='***' AIRFLOW_CTX_DAG_ID='extract_email' AIRFLOW_CTX_TASK_ID='get_mail' AIRFLOW_CTX_EXECUTION_DATE='2024-02-20T01:00:00+00:00' AIRFLOW_CTX_TRY_NUMBER='1' AIRFLOW_CTX_DAG_RUN_ID='scheduled__2024-02-20T01:00:00+00:00'
[2024-02-21T08:13:07.391+0000] {ImapSmtp.py:839} INFO - IMAP search: 'gmail:'Message from RPA Python' after:15-12-2023'
[2024-02-21T08:13:10.509+0000] {logging_mixin.py:188} INFO - Message from RPA Python0
[2024-02-21T08:13:10.513+0000] {ImapSmtp.py:1240} INFO - Attachment filepath: PosixPath('/data/attachments/test-127.txt')
[2024-02-21T08:13:10.514+0000] {ImapSmtp.py:1243} INFO - Saving attachment: test.txt
[2024-02-21T08:13:10.515+0000] {logging_mixin.py:188} INFO - Message from RPA Python1
[2024-02-21T08:13:10.518+0000] {ImapSmtp.py:1240} INFO - Attachment filepath: PosixPath('/data/attachments/test-128.txt')
[2024-02-21T08:13:10.519+0000] {ImapSmtp.py:1243} INFO - Saving attachment: test.txt
[2024-02-21T08:13:10.520+0000] {logging_mixin.py:188} INFO - Message from RPA Python2
[2024-02-21T08:13:10.524+0000] {ImapSmtp.py:1240} INFO - Attachment filepath: PosixPath('/data/attachments/test-129.txt')
[2024-02-21T08:13:10.525+0000] {ImapSmtp.py:1243} INFO - Saving attachment: test.txt
[2024-02-21T08:13:10.525+0000] {logging_mixin.py:188} INFO - Message from RPA Python3
[2024-02-21T08:13:10.528+0000] {ImapSmtp.py:1240} INFO - Attachment filepath: PosixPath('/data/attachments/test-130.txt')
[2024-02-21T08:13:10.529+0000] {ImapSmtp.py:1243} INFO - Saving attachment: test.txt
[2024-02-21T08:13:10.529+0000] {logging_mixin.py:188} INFO - Message from RPA Python4
[2024-02-21T08:13:10.531+0000] {ImapSmtp.py:1240} INFO - Attachment filepath: PosixPath('/data/attachments/test-131.txt')
[2024-02-21T08:13:10.532+0000] {ImapSmtp.py:1243} INFO - Saving attachment: test.txt
[2024-02-21T08:13:10.532+0000] {logging_mixin.py:188} INFO - Message from RPA Python5
[2024-02-21T08:13:10.534+0000] {ImapSmtp.py:1240} INFO - Attachment filepath: PosixPath('/data/attachments/test-132.txt')
[2024-02-21T08:13:10.534+0000] {ImapSmtp.py:1243} INFO - Saving attachment: test.txt
[2024-02-21T08:13:10.535+0000] {logging_mixin.py:188} INFO - Message from RPA Python6
[2024-02-21T08:13:10.536+0000] {ImapSmtp.py:1240} INFO - Attachment filepath: PosixPath('/data/attachments/test-133.txt')
[2024-02-21T08:13:10.537+0000] {ImapSmtp.py:1243} INFO - Saving attachment: test.txt
[2024-02-21T08:13:10.537+0000] {logging_mixin.py:188} INFO - Message from RPA Python7
[2024-02-21T08:13:10.539+0000] {ImapSmtp.py:1240} INFO - Attachment filepath: PosixPath('/data/attachments/test-134.txt')
[2024-02-21T08:13:10.539+0000] {ImapSmtp.py:1243} INFO - Saving attachment: test.txt
[2024-02-21T08:13:10.539+0000] {logging_mixin.py:188} INFO - Message from RPA Python8
[2024-02-21T08:13:10.540+0000] {ImapSmtp.py:1240} INFO - Attachment filepath: PosixPath('/data/attachments/test-135.txt')
[2024-02-21T08:13:10.541+0000] {ImapSmtp.py:1243} INFO - Saving attachment: test.txt
[2024-02-21T08:13:10.541+0000] {logging_mixin.py:188} INFO - Message from RPA Python9
[2024-02-21T08:13:10.542+0000] {ImapSmtp.py:1240} INFO - Attachment filepath: PosixPath('/data/attachments/test-136.txt')
[2024-02-21T08:13:10.542+0000] {ImapSmtp.py:1243} INFO - Saving attachment: test.txt
[2024-02-21T08:13:11.170+0000] {python.py:201} INFO - Done. Returned value was: None
[2024-02-21T08:13:11.180+0000] {taskinstance.py:1138} INFO - Marking task as SUCCESS. dag_id=extract_email, task_id=get_mail, execution_date=20240220T010000, start_date=20240221T081303, end_date=20240221T081311
[2024-02-21T08:13:11.220+0000] {local_task_job_runner.py:234} INFO - Task exited with return code 0
[2024-02-21T08:13:11.232+0000] {taskinstance.py:3280} INFO - 0 downstream tasks scheduled from follow-on schedule check
[2024-02-21T08:18:11.273+0000] {taskinstance.py:1956} INFO - Dependencies all met for dep_context=non-requeueable deps ti=<TaskInstance: extract_email.get_mail scheduled__2024-02-20T01:00:00+00:00 [queued]>
[2024-02-21T08:18:11.281+0000] {taskinstance.py:1956} INFO - Dependencies all met for dep_context=requeueable deps ti=<TaskInstance: extract_email.get_mail scheduled__2024-02-20T01:00:00+00:00 [queued]>
[2024-02-21T08:18:11.281+0000] {taskinstance.py:2170} INFO - Starting attempt 1 of 1
[2024-02-21T08:18:11.290+0000] {taskinstance.py:2191} INFO - Executing <Task(PythonOperator): get_mail> on 2024-02-20 01:00:00+00:00
[2024-02-21T08:18:11.294+0000] {standard_task_runner.py:60} INFO - Started process 131 to run task
[2024-02-21T08:18:11.296+0000] {standard_task_runner.py:87} INFO - Running: ['***', 'tasks', 'run', 'extract_email', 'get_mail', 'scheduled__2024-02-20T01:00:00+00:00', '--job-id', '267', '--raw', '--subdir', 'DAGS_FOLDER/extract_email.py', '--cfg-path', '/tmp/tmppa4hff6c']
[2024-02-21T08:18:11.297+0000] {standard_task_runner.py:88} INFO - Job 267: Subtask get_mail
[2024-02-21T08:18:11.330+0000] {task_command.py:423} INFO - Running <TaskInstance: extract_email.get_mail scheduled__2024-02-20T01:00:00+00:00 [running]> on host 9f5f399fdbe3
[2024-02-21T08:18:11.405+0000] {taskinstance.py:2480} INFO - Exporting env vars: AIRFLOW_CTX_DAG_OWNER='***' AIRFLOW_CTX_DAG_ID='extract_email' AIRFLOW_CTX_TASK_ID='get_mail' AIRFLOW_CTX_EXECUTION_DATE='2024-02-20T01:00:00+00:00' AIRFLOW_CTX_TRY_NUMBER='1' AIRFLOW_CTX_DAG_RUN_ID='scheduled__2024-02-20T01:00:00+00:00'
[2024-02-21T08:18:14.873+0000] {ImapSmtp.py:839} INFO - IMAP search: 'gmail:'Message from RPA Python' after:15-12-2023'
[2024-02-21T08:18:18.515+0000] {logging_mixin.py:188} INFO - Message from RPA Python0
[2024-02-21T08:18:18.521+0000] {ImapSmtp.py:1240} INFO - Attachment filepath: PosixPath('/data/attachments/test-299.txt')
[2024-02-21T08:18:18.523+0000] {ImapSmtp.py:1243} INFO - Saving attachment: test.txt
[2024-02-21T08:18:18.524+0000] {logging_mixin.py:188} INFO - Message from RPA Python1
[2024-02-21T08:18:18.529+0000] {ImapSmtp.py:1240} INFO - Attachment filepath: PosixPath('/data/attachments/test-300.txt')
[2024-02-21T08:18:18.529+0000] {ImapSmtp.py:1243} INFO - Saving attachment: test.txt
[2024-02-21T08:18:18.530+0000] {logging_mixin.py:188} INFO - Message from RPA Python2
[2024-02-21T08:18:18.533+0000] {ImapSmtp.py:1240} INFO - Attachment filepath: PosixPath('/data/attachments/test-301.txt')
[2024-02-21T08:18:18.533+0000] {ImapSmtp.py:1243} INFO - Saving attachment: test.txt
[2024-02-21T08:18:18.534+0000] {logging_mixin.py:188} INFO - Message from RPA Python3
[2024-02-21T08:18:18.536+0000] {ImapSmtp.py:1240} INFO - Attachment filepath: PosixPath('/data/attachments/test-302.txt')
[2024-02-21T08:18:18.537+0000] {ImapSmtp.py:1243} INFO - Saving attachment: test.txt
[2024-02-21T08:18:18.537+0000] {logging_mixin.py:188} INFO - Message from RPA Python4
[2024-02-21T08:18:18.539+0000] {ImapSmtp.py:1240} INFO - Attachment filepath: PosixPath('/data/attachments/test-303.txt')
[2024-02-21T08:18:18.540+0000] {ImapSmtp.py:1243} INFO - Saving attachment: test.txt
[2024-02-21T08:18:18.540+0000] {logging_mixin.py:188} INFO - Message from RPA Python5
[2024-02-21T08:18:18.542+0000] {ImapSmtp.py:1240} INFO - Attachment filepath: PosixPath('/data/attachments/test-304.txt')
[2024-02-21T08:18:18.543+0000] {ImapSmtp.py:1243} INFO - Saving attachment: test.txt
[2024-02-21T08:18:18.543+0000] {logging_mixin.py:188} INFO - Message from RPA Python6
[2024-02-21T08:18:18.545+0000] {ImapSmtp.py:1240} INFO - Attachment filepath: PosixPath('/data/attachments/test-305.txt')
[2024-02-21T08:18:18.545+0000] {ImapSmtp.py:1243} INFO - Saving attachment: test.txt
[2024-02-21T08:18:18.546+0000] {logging_mixin.py:188} INFO - Message from RPA Python7
[2024-02-21T08:18:18.547+0000] {ImapSmtp.py:1240} INFO - Attachment filepath: PosixPath('/data/attachments/test-306.txt')
[2024-02-21T08:18:18.548+0000] {ImapSmtp.py:1243} INFO - Saving attachment: test.txt
[2024-02-21T08:18:18.548+0000] {logging_mixin.py:188} INFO - Message from RPA Python8
[2024-02-21T08:18:18.550+0000] {ImapSmtp.py:1240} INFO - Attachment filepath: PosixPath('/data/attachments/test-307.txt')
[2024-02-21T08:18:18.550+0000] {ImapSmtp.py:1243} INFO - Saving attachment: test.txt
[2024-02-21T08:18:18.550+0000] {logging_mixin.py:188} INFO - Message from RPA Python9
[2024-02-21T08:18:18.552+0000] {ImapSmtp.py:1240} INFO - Attachment filepath: PosixPath('/data/attachments/test-308.txt')
[2024-02-21T08:18:18.552+0000] {ImapSmtp.py:1243} INFO - Saving attachment: test.txt
[2024-02-21T08:18:19.259+0000] {python.py:201} INFO - Done. Returned value was: None
[2024-02-21T08:18:19.267+0000] {taskinstance.py:1138} INFO - Marking task as SUCCESS. dag_id=extract_email, task_id=get_mail, execution_date=20240220T010000, start_date=20240221T081811, end_date=20240221T081819
[2024-02-21T08:18:19.296+0000] {local_task_job_runner.py:234} INFO - Task exited with return code 0
[2024-02-21T08:18:19.339+0000] {taskinstance.py:3280} INFO - 0 downstream tasks scheduled from follow-on schedule check
