[2024-02-21T07:59:20.905+0000] {taskinstance.py:1956} INFO - Dependencies all met for dep_context=non-requeueable deps ti=<TaskInstance: extract_email.get_mail scheduled__2024-01-15T00:00:00+00:00 [queued]>
[2024-02-21T07:59:20.913+0000] {taskinstance.py:1956} INFO - Dependencies all met for dep_context=requeueable deps ti=<TaskInstance: extract_email.get_mail scheduled__2024-01-15T00:00:00+00:00 [queued]>
[2024-02-21T07:59:20.913+0000] {taskinstance.py:2170} INFO - Starting attempt 1 of 1
[2024-02-21T07:59:20.925+0000] {taskinstance.py:2191} INFO - Executing <Task(PythonOperator): get_mail> on 2024-01-15 00:00:00+00:00
[2024-02-21T07:59:20.931+0000] {standard_task_runner.py:60} INFO - Started process 327 to run task
[2024-02-21T07:59:20.933+0000] {standard_task_runner.py:87} INFO - Running: ['***', 'tasks', 'run', 'extract_email', 'get_mail', 'scheduled__2024-01-15T00:00:00+00:00', '--job-id', '112', '--raw', '--subdir', 'DAGS_FOLDER/extract_email.py', '--cfg-path', '/tmp/tmpp2r7h5c3']
[2024-02-21T07:59:20.935+0000] {standard_task_runner.py:88} INFO - Job 112: Subtask get_mail
[2024-02-21T07:59:20.987+0000] {task_command.py:423} INFO - Running <TaskInstance: extract_email.get_mail scheduled__2024-01-15T00:00:00+00:00 [running]> on host 9bab6a0db245
[2024-02-21T07:59:21.095+0000] {taskinstance.py:2480} INFO - Exporting env vars: AIRFLOW_CTX_DAG_OWNER='***' AIRFLOW_CTX_DAG_ID='extract_email' AIRFLOW_CTX_TASK_ID='get_mail' AIRFLOW_CTX_EXECUTION_DATE='2024-01-15T00:00:00+00:00' AIRFLOW_CTX_TRY_NUMBER='1' AIRFLOW_CTX_DAG_RUN_ID='scheduled__2024-01-15T00:00:00+00:00'
[2024-02-21T07:59:23.729+0000] {ImapSmtp.py:839} INFO - IMAP search: 'gmail:'Message from RPA Python' after:15-12-2023'
[2024-02-21T07:59:27.316+0000] {logging_mixin.py:188} INFO - Message from RPA Python0
[2024-02-21T07:59:27.317+0000] {ImapSmtp.py:1240} INFO - Attachment filepath: PosixPath('/data/attachments/test-52.txt')
[2024-02-21T07:59:27.319+0000] {ImapSmtp.py:1243} INFO - Saving attachment: test.txt
[2024-02-21T07:59:27.320+0000] {logging_mixin.py:188} INFO - Message from RPA Python1
[2024-02-21T07:59:27.320+0000] {ImapSmtp.py:1240} INFO - Attachment filepath: PosixPath('/data/attachments/test-53.txt')
[2024-02-21T07:59:27.321+0000] {ImapSmtp.py:1243} INFO - Saving attachment: test.txt
[2024-02-21T07:59:27.322+0000] {logging_mixin.py:188} INFO - Message from RPA Python2
[2024-02-21T07:59:27.323+0000] {ImapSmtp.py:1240} INFO - Attachment filepath: PosixPath('/data/attachments/test-54.txt')
[2024-02-21T07:59:27.323+0000] {ImapSmtp.py:1243} INFO - Saving attachment: test.txt
[2024-02-21T07:59:27.324+0000] {logging_mixin.py:188} INFO - Message from RPA Python3
[2024-02-21T07:59:27.325+0000] {ImapSmtp.py:1240} INFO - Attachment filepath: PosixPath('/data/attachments/test-55.txt')
[2024-02-21T07:59:27.325+0000] {ImapSmtp.py:1243} INFO - Saving attachment: test.txt
[2024-02-21T07:59:27.326+0000] {logging_mixin.py:188} INFO - Message from RPA Python4
[2024-02-21T07:59:27.327+0000] {ImapSmtp.py:1240} INFO - Attachment filepath: PosixPath('/data/attachments/test-56.txt')
[2024-02-21T07:59:27.327+0000] {ImapSmtp.py:1243} INFO - Saving attachment: test.txt
[2024-02-21T07:59:27.327+0000] {logging_mixin.py:188} INFO - Message from RPA Python5
[2024-02-21T07:59:27.328+0000] {ImapSmtp.py:1240} INFO - Attachment filepath: PosixPath('/data/attachments/test-57.txt')
[2024-02-21T07:59:27.329+0000] {ImapSmtp.py:1243} INFO - Saving attachment: test.txt
[2024-02-21T07:59:27.329+0000] {logging_mixin.py:188} INFO - Message from RPA Python6
[2024-02-21T07:59:27.330+0000] {ImapSmtp.py:1240} INFO - Attachment filepath: PosixPath('/data/attachments/test-58.txt')
[2024-02-21T07:59:27.330+0000] {ImapSmtp.py:1243} INFO - Saving attachment: test.txt
[2024-02-21T07:59:27.331+0000] {logging_mixin.py:188} INFO - Message from RPA Python7
[2024-02-21T07:59:27.332+0000] {ImapSmtp.py:1240} INFO - Attachment filepath: PosixPath('/data/attachments/test-59.txt')
[2024-02-21T07:59:27.332+0000] {ImapSmtp.py:1243} INFO - Saving attachment: test.txt
[2024-02-21T07:59:27.333+0000] {logging_mixin.py:188} INFO - Message from RPA Python8
[2024-02-21T07:59:27.334+0000] {ImapSmtp.py:1240} INFO - Attachment filepath: PosixPath('/data/attachments/test-60.txt')
[2024-02-21T07:59:27.334+0000] {ImapSmtp.py:1243} INFO - Saving attachment: test.txt
[2024-02-21T07:59:27.335+0000] {logging_mixin.py:188} INFO - Message from RPA Python9
[2024-02-21T07:59:27.335+0000] {ImapSmtp.py:1240} INFO - Attachment filepath: PosixPath('/data/attachments/test-61.txt')
[2024-02-21T07:59:27.336+0000] {ImapSmtp.py:1243} INFO - Saving attachment: test.txt
[2024-02-21T07:59:27.924+0000] {python.py:201} INFO - Done. Returned value was: None
[2024-02-21T07:59:27.943+0000] {taskinstance.py:1138} INFO - Marking task as SUCCESS. dag_id=extract_email, task_id=get_mail, execution_date=20240115T000000, start_date=20240221T075920, end_date=20240221T075927
[2024-02-21T07:59:28.004+0000] {local_task_job_runner.py:234} INFO - Task exited with return code 0
[2024-02-21T07:59:28.026+0000] {taskinstance.py:3280} INFO - 0 downstream tasks scheduled from follow-on schedule check
