[2024-02-21T07:59:14.519+0000] {taskinstance.py:1956} INFO - Dependencies all met for dep_context=non-requeueable deps ti=<TaskInstance: extract_email.get_mail scheduled__2024-01-04T00:00:00+00:00 [queued]>
[2024-02-21T07:59:14.525+0000] {taskinstance.py:1956} INFO - Dependencies all met for dep_context=requeueable deps ti=<TaskInstance: extract_email.get_mail scheduled__2024-01-04T00:00:00+00:00 [queued]>
[2024-02-21T07:59:14.525+0000] {taskinstance.py:2170} INFO - Starting attempt 1 of 1
[2024-02-21T07:59:14.534+0000] {taskinstance.py:2191} INFO - Executing <Task(PythonOperator): get_mail> on 2024-01-04 00:00:00+00:00
[2024-02-21T07:59:14.538+0000] {standard_task_runner.py:60} INFO - Started process 315 to run task
[2024-02-21T07:59:14.540+0000] {standard_task_runner.py:87} INFO - Running: ['***', 'tasks', 'run', 'extract_email', 'get_mail', 'scheduled__2024-01-04T00:00:00+00:00', '--job-id', '100', '--raw', '--subdir', 'DAGS_FOLDER/extract_email.py', '--cfg-path', '/tmp/tmpii6dnh1s']
[2024-02-21T07:59:14.541+0000] {standard_task_runner.py:88} INFO - Job 100: Subtask get_mail
[2024-02-21T07:59:14.572+0000] {task_command.py:423} INFO - Running <TaskInstance: extract_email.get_mail scheduled__2024-01-04T00:00:00+00:00 [running]> on host 9bab6a0db245
[2024-02-21T07:59:14.631+0000] {taskinstance.py:2480} INFO - Exporting env vars: AIRFLOW_CTX_DAG_OWNER='***' AIRFLOW_CTX_DAG_ID='extract_email' AIRFLOW_CTX_TASK_ID='get_mail' AIRFLOW_CTX_EXECUTION_DATE='2024-01-04T00:00:00+00:00' AIRFLOW_CTX_TRY_NUMBER='1' AIRFLOW_CTX_DAG_RUN_ID='scheduled__2024-01-04T00:00:00+00:00'
[2024-02-21T07:59:17.290+0000] {ImapSmtp.py:839} INFO - IMAP search: 'gmail:'Message from RPA Python' after:15-12-2023'
[2024-02-21T07:59:20.362+0000] {logging_mixin.py:188} INFO - Message from RPA Python0
[2024-02-21T07:59:20.375+0000] {ImapSmtp.py:1240} INFO - Attachment filepath: PosixPath('/data/attachments/test-11.txt')
[2024-02-21T07:59:20.377+0000] {ImapSmtp.py:1243} INFO - Saving attachment: test.txt
[2024-02-21T07:59:20.378+0000] {logging_mixin.py:188} INFO - Message from RPA Python1
[2024-02-21T07:59:20.379+0000] {ImapSmtp.py:1240} INFO - Attachment filepath: PosixPath('/data/attachments/test-12.txt')
[2024-02-21T07:59:20.380+0000] {ImapSmtp.py:1243} INFO - Saving attachment: test.txt
[2024-02-21T07:59:20.381+0000] {logging_mixin.py:188} INFO - Message from RPA Python2
[2024-02-21T07:59:20.383+0000] {ImapSmtp.py:1240} INFO - Attachment filepath: PosixPath('/data/attachments/test-13.txt')
[2024-02-21T07:59:20.383+0000] {ImapSmtp.py:1243} INFO - Saving attachment: test.txt
[2024-02-21T07:59:20.385+0000] {logging_mixin.py:188} INFO - Message from RPA Python3
[2024-02-21T07:59:20.387+0000] {ImapSmtp.py:1240} INFO - Attachment filepath: PosixPath('/data/attachments/test-14.txt')
[2024-02-21T07:59:20.388+0000] {ImapSmtp.py:1243} INFO - Saving attachment: test.txt
[2024-02-21T07:59:20.389+0000] {logging_mixin.py:188} INFO - Message from RPA Python4
[2024-02-21T07:59:20.390+0000] {ImapSmtp.py:1240} INFO - Attachment filepath: PosixPath('/data/attachments/test-15.txt')
[2024-02-21T07:59:20.391+0000] {ImapSmtp.py:1243} INFO - Saving attachment: test.txt
[2024-02-21T07:59:20.392+0000] {logging_mixin.py:188} INFO - Message from RPA Python5
[2024-02-21T07:59:20.394+0000] {ImapSmtp.py:1240} INFO - Attachment filepath: PosixPath('/data/attachments/test-16.txt')
[2024-02-21T07:59:20.395+0000] {ImapSmtp.py:1243} INFO - Saving attachment: test.txt
[2024-02-21T07:59:20.396+0000] {logging_mixin.py:188} INFO - Message from RPA Python6
[2024-02-21T07:59:20.398+0000] {ImapSmtp.py:1240} INFO - Attachment filepath: PosixPath('/data/attachments/test-17.txt')
[2024-02-21T07:59:20.398+0000] {ImapSmtp.py:1243} INFO - Saving attachment: test.txt
[2024-02-21T07:59:20.399+0000] {logging_mixin.py:188} INFO - Message from RPA Python7
[2024-02-21T07:59:20.401+0000] {ImapSmtp.py:1240} INFO - Attachment filepath: PosixPath('/data/attachments/test-18.txt')
[2024-02-21T07:59:20.402+0000] {ImapSmtp.py:1243} INFO - Saving attachment: test.txt
[2024-02-21T07:59:20.403+0000] {logging_mixin.py:188} INFO - Message from RPA Python8
[2024-02-21T07:59:20.404+0000] {ImapSmtp.py:1240} INFO - Attachment filepath: PosixPath('/data/attachments/test-19.txt')
[2024-02-21T07:59:20.405+0000] {ImapSmtp.py:1243} INFO - Saving attachment: test.txt
[2024-02-21T07:59:20.406+0000] {logging_mixin.py:188} INFO - Message from RPA Python9
[2024-02-21T07:59:20.407+0000] {ImapSmtp.py:1240} INFO - Attachment filepath: PosixPath('/data/attachments/test-20.txt')
[2024-02-21T07:59:20.408+0000] {ImapSmtp.py:1243} INFO - Saving attachment: test.txt
[2024-02-21T07:59:20.994+0000] {python.py:201} INFO - Done. Returned value was: None
[2024-02-21T07:59:21.006+0000] {taskinstance.py:1138} INFO - Marking task as SUCCESS. dag_id=extract_email, task_id=get_mail, execution_date=20240104T000000, start_date=20240221T075914, end_date=20240221T075921
[2024-02-21T07:59:21.063+0000] {local_task_job_runner.py:234} INFO - Task exited with return code 0
[2024-02-21T07:59:21.084+0000] {taskinstance.py:3280} INFO - 0 downstream tasks scheduled from follow-on schedule check
