[2024-02-21T08:06:31.373+0000] {taskinstance.py:1956} INFO - Dependencies all met for dep_context=non-requeueable deps ti=<TaskInstance: extract_email.get_mail scheduled__2024-02-05T01:00:00+00:00 [queued]>
[2024-02-21T08:06:31.380+0000] {taskinstance.py:1956} INFO - Dependencies all met for dep_context=requeueable deps ti=<TaskInstance: extract_email.get_mail scheduled__2024-02-05T01:00:00+00:00 [queued]>
[2024-02-21T08:06:31.380+0000] {taskinstance.py:2170} INFO - Starting attempt 1 of 1
[2024-02-21T08:06:31.389+0000] {taskinstance.py:2191} INFO - Executing <Task(PythonOperator): get_mail> on 2024-02-05 01:00:00+00:00
[2024-02-21T08:06:31.393+0000] {standard_task_runner.py:60} INFO - Started process 175 to run task
[2024-02-21T08:06:31.394+0000] {standard_task_runner.py:87} INFO - Running: ['***', 'tasks', 'run', 'extract_email', 'get_mail', 'scheduled__2024-02-05T01:00:00+00:00', '--job-id', '187', '--raw', '--subdir', 'DAGS_FOLDER/extract_email.py', '--cfg-path', '/tmp/tmp409exitx']
[2024-02-21T08:06:31.396+0000] {standard_task_runner.py:88} INFO - Job 187: Subtask get_mail
[2024-02-21T08:06:31.425+0000] {task_command.py:423} INFO - Running <TaskInstance: extract_email.get_mail scheduled__2024-02-05T01:00:00+00:00 [running]> on host 96f19b77385b
[2024-02-21T08:06:31.487+0000] {taskinstance.py:2480} INFO - Exporting env vars: AIRFLOW_CTX_DAG_OWNER='***' AIRFLOW_CTX_DAG_ID='extract_email' AIRFLOW_CTX_TASK_ID='get_mail' AIRFLOW_CTX_EXECUTION_DATE='2024-02-05T01:00:00+00:00' AIRFLOW_CTX_TRY_NUMBER='1' AIRFLOW_CTX_DAG_RUN_ID='scheduled__2024-02-05T01:00:00+00:00'
[2024-02-21T08:06:34.915+0000] {ImapSmtp.py:839} INFO - IMAP search: 'gmail:'Message from RPA Python' after:15-12-2023'
[2024-02-21T08:06:39.198+0000] {logging_mixin.py:188} INFO - Message from RPA Python0
[2024-02-21T08:06:39.203+0000] {ImapSmtp.py:1240} INFO - Attachment filepath: PosixPath('/data/attachments/test-203.txt')
[2024-02-21T08:06:39.204+0000] {ImapSmtp.py:1243} INFO - Saving attachment: test.txt
[2024-02-21T08:06:39.205+0000] {logging_mixin.py:188} INFO - Message from RPA Python1
[2024-02-21T08:06:39.209+0000] {ImapSmtp.py:1240} INFO - Attachment filepath: PosixPath('/data/attachments/test-204.txt')
[2024-02-21T08:06:39.209+0000] {ImapSmtp.py:1243} INFO - Saving attachment: test.txt
[2024-02-21T08:06:39.210+0000] {logging_mixin.py:188} INFO - Message from RPA Python2
[2024-02-21T08:06:39.214+0000] {ImapSmtp.py:1240} INFO - Attachment filepath: PosixPath('/data/attachments/test-205.txt')
[2024-02-21T08:06:39.214+0000] {ImapSmtp.py:1243} INFO - Saving attachment: test.txt
[2024-02-21T08:06:39.215+0000] {logging_mixin.py:188} INFO - Message from RPA Python3
[2024-02-21T08:06:39.219+0000] {ImapSmtp.py:1240} INFO - Attachment filepath: PosixPath('/data/attachments/test-206.txt')
[2024-02-21T08:06:39.220+0000] {ImapSmtp.py:1243} INFO - Saving attachment: test.txt
[2024-02-21T08:06:39.221+0000] {logging_mixin.py:188} INFO - Message from RPA Python4
[2024-02-21T08:06:39.224+0000] {ImapSmtp.py:1240} INFO - Attachment filepath: PosixPath('/data/attachments/test-207.txt')
[2024-02-21T08:06:39.225+0000] {ImapSmtp.py:1243} INFO - Saving attachment: test.txt
[2024-02-21T08:06:39.226+0000] {logging_mixin.py:188} INFO - Message from RPA Python5
[2024-02-21T08:06:39.229+0000] {ImapSmtp.py:1240} INFO - Attachment filepath: PosixPath('/data/attachments/test-208.txt')
[2024-02-21T08:06:39.229+0000] {ImapSmtp.py:1243} INFO - Saving attachment: test.txt
[2024-02-21T08:06:39.230+0000] {logging_mixin.py:188} INFO - Message from RPA Python6
[2024-02-21T08:06:39.232+0000] {ImapSmtp.py:1240} INFO - Attachment filepath: PosixPath('/data/attachments/test-209.txt')
[2024-02-21T08:06:39.233+0000] {ImapSmtp.py:1243} INFO - Saving attachment: test.txt
[2024-02-21T08:06:39.233+0000] {logging_mixin.py:188} INFO - Message from RPA Python7
[2024-02-21T08:06:39.235+0000] {ImapSmtp.py:1240} INFO - Attachment filepath: PosixPath('/data/attachments/test-210.txt')
[2024-02-21T08:06:39.235+0000] {ImapSmtp.py:1243} INFO - Saving attachment: test.txt
[2024-02-21T08:06:39.236+0000] {logging_mixin.py:188} INFO - Message from RPA Python8
[2024-02-21T08:06:39.238+0000] {ImapSmtp.py:1240} INFO - Attachment filepath: PosixPath('/data/attachments/test-211.txt')
[2024-02-21T08:06:39.238+0000] {ImapSmtp.py:1243} INFO - Saving attachment: test.txt
[2024-02-21T08:06:39.238+0000] {logging_mixin.py:188} INFO - Message from RPA Python9
[2024-02-21T08:06:39.240+0000] {ImapSmtp.py:1240} INFO - Attachment filepath: PosixPath('/data/attachments/test-212.txt')
[2024-02-21T08:06:39.240+0000] {ImapSmtp.py:1243} INFO - Saving attachment: test.txt
[2024-02-21T08:06:39.841+0000] {python.py:201} INFO - Done. Returned value was: None
[2024-02-21T08:06:39.851+0000] {taskinstance.py:1138} INFO - Marking task as SUCCESS. dag_id=extract_email, task_id=get_mail, execution_date=20240205T010000, start_date=20240221T080631, end_date=20240221T080639
[2024-02-21T08:06:39.879+0000] {local_task_job_runner.py:234} INFO - Task exited with return code 0
[2024-02-21T08:06:40.026+0000] {taskinstance.py:3280} INFO - 0 downstream tasks scheduled from follow-on schedule check
[2024-02-21T08:12:54.966+0000] {taskinstance.py:1956} INFO - Dependencies all met for dep_context=non-requeueable deps ti=<TaskInstance: extract_email.get_mail scheduled__2024-02-05T01:00:00+00:00 [queued]>
[2024-02-21T08:12:54.972+0000] {taskinstance.py:1956} INFO - Dependencies all met for dep_context=requeueable deps ti=<TaskInstance: extract_email.get_mail scheduled__2024-02-05T01:00:00+00:00 [queued]>
[2024-02-21T08:12:54.973+0000] {taskinstance.py:2170} INFO - Starting attempt 1 of 1
[2024-02-21T08:12:54.983+0000] {taskinstance.py:2191} INFO - Executing <Task(PythonOperator): get_mail> on 2024-02-05 01:00:00+00:00
[2024-02-21T08:12:54.988+0000] {standard_task_runner.py:60} INFO - Started process 142 to run task
[2024-02-21T08:12:54.990+0000] {standard_task_runner.py:87} INFO - Running: ['***', 'tasks', 'run', 'extract_email', 'get_mail', 'scheduled__2024-02-05T01:00:00+00:00', '--job-id', '218', '--raw', '--subdir', 'DAGS_FOLDER/extract_email.py', '--cfg-path', '/tmp/tmp9n6y_uym']
[2024-02-21T08:12:54.992+0000] {standard_task_runner.py:88} INFO - Job 218: Subtask get_mail
[2024-02-21T08:12:55.020+0000] {task_command.py:423} INFO - Running <TaskInstance: extract_email.get_mail scheduled__2024-02-05T01:00:00+00:00 [running]> on host 968b17b6b013
[2024-02-21T08:12:55.071+0000] {taskinstance.py:2480} INFO - Exporting env vars: AIRFLOW_CTX_DAG_OWNER='***' AIRFLOW_CTX_DAG_ID='extract_email' AIRFLOW_CTX_TASK_ID='get_mail' AIRFLOW_CTX_EXECUTION_DATE='2024-02-05T01:00:00+00:00' AIRFLOW_CTX_TRY_NUMBER='1' AIRFLOW_CTX_DAG_RUN_ID='scheduled__2024-02-05T01:00:00+00:00'
[2024-02-21T08:12:58.438+0000] {ImapSmtp.py:839} INFO - IMAP search: 'gmail:'Message from RPA Python' after:15-12-2023'
[2024-02-21T08:13:01.494+0000] {logging_mixin.py:188} INFO - Message from RPA Python0
[2024-02-21T08:13:01.496+0000] {ImapSmtp.py:1240} INFO - Attachment filepath: PosixPath('/data/attachments/test-67.txt')
[2024-02-21T08:13:01.496+0000] {ImapSmtp.py:1243} INFO - Saving attachment: test.txt
[2024-02-21T08:13:01.497+0000] {logging_mixin.py:188} INFO - Message from RPA Python1
[2024-02-21T08:13:01.498+0000] {ImapSmtp.py:1240} INFO - Attachment filepath: PosixPath('/data/attachments/test-68.txt')
[2024-02-21T08:13:01.498+0000] {ImapSmtp.py:1243} INFO - Saving attachment: test.txt
[2024-02-21T08:13:01.498+0000] {logging_mixin.py:188} INFO - Message from RPA Python2
[2024-02-21T08:13:01.499+0000] {ImapSmtp.py:1240} INFO - Attachment filepath: PosixPath('/data/attachments/test-69.txt')
[2024-02-21T08:13:01.499+0000] {ImapSmtp.py:1243} INFO - Saving attachment: test.txt
[2024-02-21T08:13:01.500+0000] {logging_mixin.py:188} INFO - Message from RPA Python3
[2024-02-21T08:13:01.500+0000] {ImapSmtp.py:1240} INFO - Attachment filepath: PosixPath('/data/attachments/test-70.txt')
[2024-02-21T08:13:01.500+0000] {ImapSmtp.py:1243} INFO - Saving attachment: test.txt
[2024-02-21T08:13:01.501+0000] {logging_mixin.py:188} INFO - Message from RPA Python4
[2024-02-21T08:13:01.502+0000] {ImapSmtp.py:1240} INFO - Attachment filepath: PosixPath('/data/attachments/test-71.txt')
[2024-02-21T08:13:01.502+0000] {ImapSmtp.py:1243} INFO - Saving attachment: test.txt
[2024-02-21T08:13:01.502+0000] {logging_mixin.py:188} INFO - Message from RPA Python5
[2024-02-21T08:13:01.503+0000] {ImapSmtp.py:1240} INFO - Attachment filepath: PosixPath('/data/attachments/test-72.txt')
[2024-02-21T08:13:01.503+0000] {ImapSmtp.py:1243} INFO - Saving attachment: test.txt
[2024-02-21T08:13:01.503+0000] {logging_mixin.py:188} INFO - Message from RPA Python6
[2024-02-21T08:13:01.504+0000] {ImapSmtp.py:1240} INFO - Attachment filepath: PosixPath('/data/attachments/test-73.txt')
[2024-02-21T08:13:01.504+0000] {ImapSmtp.py:1243} INFO - Saving attachment: test.txt
[2024-02-21T08:13:01.505+0000] {logging_mixin.py:188} INFO - Message from RPA Python7
[2024-02-21T08:13:01.505+0000] {ImapSmtp.py:1240} INFO - Attachment filepath: PosixPath('/data/attachments/test-74.txt')
[2024-02-21T08:13:01.505+0000] {ImapSmtp.py:1243} INFO - Saving attachment: test.txt
[2024-02-21T08:13:01.506+0000] {logging_mixin.py:188} INFO - Message from RPA Python8
[2024-02-21T08:13:01.506+0000] {ImapSmtp.py:1240} INFO - Attachment filepath: PosixPath('/data/attachments/test-75.txt')
[2024-02-21T08:13:01.506+0000] {ImapSmtp.py:1243} INFO - Saving attachment: test.txt
[2024-02-21T08:13:01.507+0000] {logging_mixin.py:188} INFO - Message from RPA Python9
[2024-02-21T08:13:01.507+0000] {ImapSmtp.py:1240} INFO - Attachment filepath: PosixPath('/data/attachments/test-76.txt')
[2024-02-21T08:13:01.507+0000] {ImapSmtp.py:1243} INFO - Saving attachment: test.txt
[2024-02-21T08:13:02.139+0000] {python.py:201} INFO - Done. Returned value was: None
[2024-02-21T08:13:02.161+0000] {taskinstance.py:1138} INFO - Marking task as SUCCESS. dag_id=extract_email, task_id=get_mail, execution_date=20240205T010000, start_date=20240221T081254, end_date=20240221T081302
[2024-02-21T08:13:02.216+0000] {local_task_job_runner.py:234} INFO - Task exited with return code 0
[2024-02-21T08:13:02.241+0000] {taskinstance.py:3280} INFO - 0 downstream tasks scheduled from follow-on schedule check
[2024-02-21T08:17:58.704+0000] {taskinstance.py:1956} INFO - Dependencies all met for dep_context=non-requeueable deps ti=<TaskInstance: extract_email.get_mail scheduled__2024-02-05T01:00:00+00:00 [queued]>
[2024-02-21T08:17:58.717+0000] {taskinstance.py:1956} INFO - Dependencies all met for dep_context=requeueable deps ti=<TaskInstance: extract_email.get_mail scheduled__2024-02-05T01:00:00+00:00 [queued]>
[2024-02-21T08:17:58.717+0000] {taskinstance.py:2170} INFO - Starting attempt 1 of 1
[2024-02-21T08:17:58.730+0000] {taskinstance.py:2191} INFO - Executing <Task(PythonOperator): get_mail> on 2024-02-05 01:00:00+00:00
[2024-02-21T08:17:58.736+0000] {standard_task_runner.py:60} INFO - Started process 93 to run task
[2024-02-21T08:17:58.738+0000] {standard_task_runner.py:87} INFO - Running: ['***', 'tasks', 'run', 'extract_email', 'get_mail', 'scheduled__2024-02-05T01:00:00+00:00', '--job-id', '252', '--raw', '--subdir', 'DAGS_FOLDER/extract_email.py', '--cfg-path', '/tmp/tmp6fkow3se']
[2024-02-21T08:17:58.740+0000] {standard_task_runner.py:88} INFO - Job 252: Subtask get_mail
[2024-02-21T08:17:58.779+0000] {task_command.py:423} INFO - Running <TaskInstance: extract_email.get_mail scheduled__2024-02-05T01:00:00+00:00 [running]> on host 9f5f399fdbe3
[2024-02-21T08:17:58.845+0000] {taskinstance.py:2480} INFO - Exporting env vars: AIRFLOW_CTX_DAG_OWNER='***' AIRFLOW_CTX_DAG_ID='extract_email' AIRFLOW_CTX_TASK_ID='get_mail' AIRFLOW_CTX_EXECUTION_DATE='2024-02-05T01:00:00+00:00' AIRFLOW_CTX_TRY_NUMBER='1' AIRFLOW_CTX_DAG_RUN_ID='scheduled__2024-02-05T01:00:00+00:00'
[2024-02-21T08:18:02.015+0000] {ImapSmtp.py:839} INFO - IMAP search: 'gmail:'Message from RPA Python' after:15-12-2023'
[2024-02-21T08:18:05.379+0000] {logging_mixin.py:188} INFO - Message from RPA Python0
[2024-02-21T08:18:05.390+0000] {ImapSmtp.py:1240} INFO - Attachment filepath: PosixPath('/data/attachments/test-209.txt')
[2024-02-21T08:18:05.399+0000] {ImapSmtp.py:1243} INFO - Saving attachment: test.txt
[2024-02-21T08:18:05.400+0000] {logging_mixin.py:188} INFO - Message from RPA Python1
[2024-02-21T08:18:05.402+0000] {ImapSmtp.py:1240} INFO - Attachment filepath: PosixPath('/data/attachments/test-210.txt')
[2024-02-21T08:18:05.402+0000] {ImapSmtp.py:1243} INFO - Saving attachment: test.txt
[2024-02-21T08:18:05.402+0000] {logging_mixin.py:188} INFO - Message from RPA Python2
[2024-02-21T08:18:05.405+0000] {ImapSmtp.py:1240} INFO - Attachment filepath: PosixPath('/data/attachments/test-211.txt')
[2024-02-21T08:18:05.406+0000] {ImapSmtp.py:1243} INFO - Saving attachment: test.txt
[2024-02-21T08:18:05.407+0000] {logging_mixin.py:188} INFO - Message from RPA Python3
[2024-02-21T08:18:05.414+0000] {ImapSmtp.py:1240} INFO - Attachment filepath: PosixPath('/data/attachments/test-212.txt')
[2024-02-21T08:18:05.415+0000] {ImapSmtp.py:1243} INFO - Saving attachment: test.txt
[2024-02-21T08:18:05.415+0000] {logging_mixin.py:188} INFO - Message from RPA Python4
[2024-02-21T08:18:05.420+0000] {ImapSmtp.py:1240} INFO - Attachment filepath: PosixPath('/data/attachments/test-213.txt')
[2024-02-21T08:18:05.422+0000] {ImapSmtp.py:1243} INFO - Saving attachment: test.txt
[2024-02-21T08:18:05.422+0000] {logging_mixin.py:188} INFO - Message from RPA Python5
[2024-02-21T08:18:05.429+0000] {ImapSmtp.py:1240} INFO - Attachment filepath: PosixPath('/data/attachments/test-214.txt')
[2024-02-21T08:18:05.430+0000] {ImapSmtp.py:1243} INFO - Saving attachment: test.txt
[2024-02-21T08:18:05.430+0000] {logging_mixin.py:188} INFO - Message from RPA Python6
[2024-02-21T08:18:05.445+0000] {ImapSmtp.py:1240} INFO - Attachment filepath: PosixPath('/data/attachments/test-215.txt')
[2024-02-21T08:18:05.452+0000] {ImapSmtp.py:1243} INFO - Saving attachment: test.txt
[2024-02-21T08:18:05.454+0000] {logging_mixin.py:188} INFO - Message from RPA Python7
[2024-02-21T08:18:05.457+0000] {ImapSmtp.py:1240} INFO - Attachment filepath: PosixPath('/data/attachments/test-216.txt')
[2024-02-21T08:18:05.457+0000] {ImapSmtp.py:1243} INFO - Saving attachment: test.txt
[2024-02-21T08:18:05.468+0000] {logging_mixin.py:188} INFO - Message from RPA Python8
[2024-02-21T08:18:05.470+0000] {ImapSmtp.py:1240} INFO - Attachment filepath: PosixPath('/data/attachments/test-217.txt')
[2024-02-21T08:18:05.470+0000] {ImapSmtp.py:1243} INFO - Saving attachment: test.txt
[2024-02-21T08:18:05.471+0000] {logging_mixin.py:188} INFO - Message from RPA Python9
[2024-02-21T08:18:05.475+0000] {ImapSmtp.py:1240} INFO - Attachment filepath: PosixPath('/data/attachments/test-218.txt')
[2024-02-21T08:18:05.475+0000] {ImapSmtp.py:1243} INFO - Saving attachment: test.txt
[2024-02-21T08:18:06.121+0000] {python.py:201} INFO - Done. Returned value was: None
[2024-02-21T08:18:06.148+0000] {taskinstance.py:1138} INFO - Marking task as SUCCESS. dag_id=extract_email, task_id=get_mail, execution_date=20240205T010000, start_date=20240221T081758, end_date=20240221T081806
[2024-02-21T08:18:06.223+0000] {local_task_job_runner.py:234} INFO - Task exited with return code 0
[2024-02-21T08:18:06.243+0000] {taskinstance.py:3280} INFO - 0 downstream tasks scheduled from follow-on schedule check
