[2024-02-21T07:37:49.314+0000] {taskinstance.py:1956} INFO - Dependencies all met for dep_context=non-requeueable deps ti=<TaskInstance: extract_email.get_mail scheduled__2024-01-26T00:00:00+00:00 [queued]>
[2024-02-21T07:37:49.327+0000] {taskinstance.py:1956} INFO - Dependencies all met for dep_context=requeueable deps ti=<TaskInstance: extract_email.get_mail scheduled__2024-01-26T00:00:00+00:00 [queued]>
[2024-02-21T07:37:49.328+0000] {taskinstance.py:2170} INFO - Starting attempt 1 of 1
[2024-02-21T07:37:49.365+0000] {taskinstance.py:2191} INFO - Executing <Task(PythonOperator): get_mail> on 2024-01-26 00:00:00+00:00
[2024-02-21T07:37:49.384+0000] {standard_task_runner.py:60} INFO - Started process 69 to run task
[2024-02-21T07:37:49.400+0000] {standard_task_runner.py:87} INFO - Running: ['***', 'tasks', 'run', 'extract_email', 'get_mail', 'scheduled__2024-01-26T00:00:00+00:00', '--job-id', '60', '--raw', '--subdir', 'DAGS_FOLDER/extract_email.py', '--cfg-path', '/tmp/tmpf12naiz5']
[2024-02-21T07:37:49.403+0000] {standard_task_runner.py:88} INFO - Job 60: Subtask get_mail
[2024-02-21T07:37:49.553+0000] {task_command.py:423} INFO - Running <TaskInstance: extract_email.get_mail scheduled__2024-01-26T00:00:00+00:00 [running]> on host 893865381b0d
[2024-02-21T07:37:49.922+0000] {taskinstance.py:2480} INFO - Exporting env vars: AIRFLOW_CTX_DAG_OWNER='***' AIRFLOW_CTX_DAG_ID='extract_email' AIRFLOW_CTX_TASK_ID='get_mail' AIRFLOW_CTX_EXECUTION_DATE='2024-01-26T00:00:00+00:00' AIRFLOW_CTX_TRY_NUMBER='1' AIRFLOW_CTX_DAG_RUN_ID='scheduled__2024-01-26T00:00:00+00:00'
[2024-02-21T07:37:49.924+0000] {taskinstance.py:2698} ERROR - Task failed with exception
Traceback (most recent call last):
  File "/home/airflow/.local/lib/python3.8/site-packages/airflow/models/taskinstance.py", line 433, in _execute_task
    result = execute_callable(context=context, **execute_callable_kwargs)
  File "/home/airflow/.local/lib/python3.8/site-packages/airflow/operators/python.py", line 196, in execute
    context_merge(context, self.op_kwargs, templates_dict=self.templates_dict)
  File "/home/airflow/.local/lib/python3.8/site-packages/airflow/utils/context.py", line 261, in context_merge
    context.update(*args, **kwargs)
  File "/usr/local/lib/python3.8/_collections_abc.py", line 837, in update
    for key, value in other:
ValueError: too many values to unpack (expected 2)
[2024-02-21T07:37:49.981+0000] {taskinstance.py:1138} INFO - Marking task as FAILED. dag_id=extract_email, task_id=get_mail, execution_date=20240126T000000, start_date=20240221T073749, end_date=20240221T073749
[2024-02-21T07:37:50.032+0000] {standard_task_runner.py:107} ERROR - Failed to execute job 60 for task get_mail (too many values to unpack (expected 2); 69)
[2024-02-21T07:37:50.101+0000] {local_task_job_runner.py:234} INFO - Task exited with return code 1
[2024-02-21T07:37:50.129+0000] {taskinstance.py:3280} INFO - 0 downstream tasks scheduled from follow-on schedule check
[2024-02-21T07:59:30.117+0000] {taskinstance.py:1956} INFO - Dependencies all met for dep_context=non-requeueable deps ti=<TaskInstance: extract_email.get_mail scheduled__2024-01-26T00:00:00+00:00 [queued]>
[2024-02-21T07:59:30.132+0000] {taskinstance.py:1956} INFO - Dependencies all met for dep_context=requeueable deps ti=<TaskInstance: extract_email.get_mail scheduled__2024-01-26T00:00:00+00:00 [queued]>
[2024-02-21T07:59:30.133+0000] {taskinstance.py:2170} INFO - Starting attempt 1 of 1
[2024-02-21T07:59:30.144+0000] {taskinstance.py:2191} INFO - Executing <Task(PythonOperator): get_mail> on 2024-01-26 00:00:00+00:00
[2024-02-21T07:59:30.153+0000] {standard_task_runner.py:60} INFO - Started process 349 to run task
[2024-02-21T07:59:30.155+0000] {standard_task_runner.py:87} INFO - Running: ['***', 'tasks', 'run', 'extract_email', 'get_mail', 'scheduled__2024-01-26T00:00:00+00:00', '--job-id', '120', '--raw', '--subdir', 'DAGS_FOLDER/extract_email.py', '--cfg-path', '/tmp/tmppz32uf9c']
[2024-02-21T07:59:30.156+0000] {standard_task_runner.py:88} INFO - Job 120: Subtask get_mail
[2024-02-21T07:59:30.197+0000] {task_command.py:423} INFO - Running <TaskInstance: extract_email.get_mail scheduled__2024-01-26T00:00:00+00:00 [running]> on host 9bab6a0db245
[2024-02-21T07:59:30.295+0000] {taskinstance.py:2480} INFO - Exporting env vars: AIRFLOW_CTX_DAG_OWNER='***' AIRFLOW_CTX_DAG_ID='extract_email' AIRFLOW_CTX_TASK_ID='get_mail' AIRFLOW_CTX_EXECUTION_DATE='2024-01-26T00:00:00+00:00' AIRFLOW_CTX_TRY_NUMBER='1' AIRFLOW_CTX_DAG_RUN_ID='scheduled__2024-01-26T00:00:00+00:00'
[2024-02-21T07:59:32.697+0000] {ImapSmtp.py:839} INFO - IMAP search: 'gmail:'Message from RPA Python' after:15-12-2023'
[2024-02-21T07:59:35.772+0000] {logging_mixin.py:188} INFO - Message from RPA Python0
[2024-02-21T07:59:35.773+0000] {ImapSmtp.py:1240} INFO - Attachment filepath: PosixPath('/data/attachments/test-72.txt')
[2024-02-21T07:59:35.774+0000] {ImapSmtp.py:1243} INFO - Saving attachment: test.txt
[2024-02-21T07:59:35.774+0000] {logging_mixin.py:188} INFO - Message from RPA Python1
[2024-02-21T07:59:35.775+0000] {ImapSmtp.py:1240} INFO - Attachment filepath: PosixPath('/data/attachments/test-73.txt')
[2024-02-21T07:59:35.775+0000] {ImapSmtp.py:1243} INFO - Saving attachment: test.txt
[2024-02-21T07:59:35.776+0000] {logging_mixin.py:188} INFO - Message from RPA Python2
[2024-02-21T07:59:35.776+0000] {ImapSmtp.py:1240} INFO - Attachment filepath: PosixPath('/data/attachments/test-74.txt')
[2024-02-21T07:59:35.776+0000] {ImapSmtp.py:1243} INFO - Saving attachment: test.txt
[2024-02-21T07:59:35.777+0000] {logging_mixin.py:188} INFO - Message from RPA Python3
[2024-02-21T07:59:35.777+0000] {ImapSmtp.py:1240} INFO - Attachment filepath: PosixPath('/data/attachments/test-75.txt')
[2024-02-21T07:59:35.777+0000] {ImapSmtp.py:1243} INFO - Saving attachment: test.txt
[2024-02-21T07:59:35.778+0000] {logging_mixin.py:188} INFO - Message from RPA Python4
[2024-02-21T07:59:35.778+0000] {ImapSmtp.py:1240} INFO - Attachment filepath: PosixPath('/data/attachments/test-76.txt')
[2024-02-21T07:59:35.779+0000] {ImapSmtp.py:1243} INFO - Saving attachment: test.txt
[2024-02-21T07:59:35.779+0000] {logging_mixin.py:188} INFO - Message from RPA Python5
[2024-02-21T07:59:35.780+0000] {ImapSmtp.py:1240} INFO - Attachment filepath: PosixPath('/data/attachments/test-77.txt')
[2024-02-21T07:59:35.780+0000] {ImapSmtp.py:1243} INFO - Saving attachment: test.txt
[2024-02-21T07:59:35.780+0000] {logging_mixin.py:188} INFO - Message from RPA Python6
[2024-02-21T07:59:35.781+0000] {ImapSmtp.py:1240} INFO - Attachment filepath: PosixPath('/data/attachments/test-78.txt')
[2024-02-21T07:59:35.781+0000] {ImapSmtp.py:1243} INFO - Saving attachment: test.txt
[2024-02-21T07:59:35.781+0000] {logging_mixin.py:188} INFO - Message from RPA Python7
[2024-02-21T07:59:35.782+0000] {ImapSmtp.py:1240} INFO - Attachment filepath: PosixPath('/data/attachments/test-79.txt')
[2024-02-21T07:59:35.782+0000] {ImapSmtp.py:1243} INFO - Saving attachment: test.txt
[2024-02-21T07:59:35.782+0000] {logging_mixin.py:188} INFO - Message from RPA Python8
[2024-02-21T07:59:35.783+0000] {ImapSmtp.py:1240} INFO - Attachment filepath: PosixPath('/data/attachments/test-80.txt')
[2024-02-21T07:59:35.783+0000] {ImapSmtp.py:1243} INFO - Saving attachment: test.txt
[2024-02-21T07:59:35.783+0000] {logging_mixin.py:188} INFO - Message from RPA Python9
[2024-02-21T07:59:35.785+0000] {ImapSmtp.py:1240} INFO - Attachment filepath: PosixPath('/data/attachments/test-81.txt')
[2024-02-21T07:59:35.785+0000] {ImapSmtp.py:1243} INFO - Saving attachment: test.txt
[2024-02-21T07:59:36.448+0000] {python.py:201} INFO - Done. Returned value was: None
[2024-02-21T07:59:36.457+0000] {taskinstance.py:1138} INFO - Marking task as SUCCESS. dag_id=extract_email, task_id=get_mail, execution_date=20240126T000000, start_date=20240221T075930, end_date=20240221T075936
[2024-02-21T07:59:36.479+0000] {local_task_job_runner.py:234} INFO - Task exited with return code 0
[2024-02-21T07:59:36.492+0000] {taskinstance.py:3280} INFO - 0 downstream tasks scheduled from follow-on schedule check
