[2024-02-21T08:06:30.929+0000] {taskinstance.py:1956} INFO - Dependencies all met for dep_context=non-requeueable deps ti=<TaskInstance: extract_email.get_mail scheduled__2024-02-06T01:00:00+00:00 [queued]>
[2024-02-21T08:06:30.936+0000] {taskinstance.py:1956} INFO - Dependencies all met for dep_context=requeueable deps ti=<TaskInstance: extract_email.get_mail scheduled__2024-02-06T01:00:00+00:00 [queued]>
[2024-02-21T08:06:30.936+0000] {taskinstance.py:2170} INFO - Starting attempt 1 of 1
[2024-02-21T08:06:30.944+0000] {taskinstance.py:2191} INFO - Executing <Task(PythonOperator): get_mail> on 2024-02-06 01:00:00+00:00
[2024-02-21T08:06:30.948+0000] {standard_task_runner.py:60} INFO - Started process 174 to run task
[2024-02-21T08:06:30.950+0000] {standard_task_runner.py:87} INFO - Running: ['***', 'tasks', 'run', 'extract_email', 'get_mail', 'scheduled__2024-02-06T01:00:00+00:00', '--job-id', '186', '--raw', '--subdir', 'DAGS_FOLDER/extract_email.py', '--cfg-path', '/tmp/tmpwncbfaq7']
[2024-02-21T08:06:30.952+0000] {standard_task_runner.py:88} INFO - Job 186: Subtask get_mail
[2024-02-21T08:06:30.982+0000] {task_command.py:423} INFO - Running <TaskInstance: extract_email.get_mail scheduled__2024-02-06T01:00:00+00:00 [running]> on host 96f19b77385b
[2024-02-21T08:06:31.033+0000] {taskinstance.py:2480} INFO - Exporting env vars: AIRFLOW_CTX_DAG_OWNER='***' AIRFLOW_CTX_DAG_ID='extract_email' AIRFLOW_CTX_TASK_ID='get_mail' AIRFLOW_CTX_EXECUTION_DATE='2024-02-06T01:00:00+00:00' AIRFLOW_CTX_TRY_NUMBER='1' AIRFLOW_CTX_DAG_RUN_ID='scheduled__2024-02-06T01:00:00+00:00'
[2024-02-21T08:06:34.073+0000] {ImapSmtp.py:839} INFO - IMAP search: 'gmail:'Message from RPA Python' after:15-12-2023'
[2024-02-21T08:06:37.826+0000] {logging_mixin.py:188} INFO - Message from RPA Python0
[2024-02-21T08:06:37.827+0000] {ImapSmtp.py:1240} INFO - Attachment filepath: PosixPath('/data/attachments/test-166.txt')
[2024-02-21T08:06:37.827+0000] {ImapSmtp.py:1243} INFO - Saving attachment: test.txt
[2024-02-21T08:06:37.828+0000] {logging_mixin.py:188} INFO - Message from RPA Python1
[2024-02-21T08:06:37.829+0000] {ImapSmtp.py:1240} INFO - Attachment filepath: PosixPath('/data/attachments/test-167.txt')
[2024-02-21T08:06:37.829+0000] {ImapSmtp.py:1243} INFO - Saving attachment: test.txt
[2024-02-21T08:06:37.830+0000] {logging_mixin.py:188} INFO - Message from RPA Python2
[2024-02-21T08:06:37.831+0000] {ImapSmtp.py:1240} INFO - Attachment filepath: PosixPath('/data/attachments/test-168.txt')
[2024-02-21T08:06:37.831+0000] {ImapSmtp.py:1243} INFO - Saving attachment: test.txt
[2024-02-21T08:06:37.832+0000] {logging_mixin.py:188} INFO - Message from RPA Python3
[2024-02-21T08:06:37.833+0000] {ImapSmtp.py:1240} INFO - Attachment filepath: PosixPath('/data/attachments/test-169.txt')
[2024-02-21T08:06:37.833+0000] {ImapSmtp.py:1243} INFO - Saving attachment: test.txt
[2024-02-21T08:06:37.833+0000] {logging_mixin.py:188} INFO - Message from RPA Python4
[2024-02-21T08:06:37.834+0000] {ImapSmtp.py:1240} INFO - Attachment filepath: PosixPath('/data/attachments/test-170.txt')
[2024-02-21T08:06:37.834+0000] {ImapSmtp.py:1243} INFO - Saving attachment: test.txt
[2024-02-21T08:06:37.834+0000] {logging_mixin.py:188} INFO - Message from RPA Python5
[2024-02-21T08:06:37.836+0000] {ImapSmtp.py:1240} INFO - Attachment filepath: PosixPath('/data/attachments/test-171.txt')
[2024-02-21T08:06:37.836+0000] {ImapSmtp.py:1243} INFO - Saving attachment: test.txt
[2024-02-21T08:06:37.837+0000] {logging_mixin.py:188} INFO - Message from RPA Python6
[2024-02-21T08:06:37.838+0000] {ImapSmtp.py:1240} INFO - Attachment filepath: PosixPath('/data/attachments/test-172.txt')
[2024-02-21T08:06:37.838+0000] {ImapSmtp.py:1243} INFO - Saving attachment: test.txt
[2024-02-21T08:06:37.839+0000] {logging_mixin.py:188} INFO - Message from RPA Python7
[2024-02-21T08:06:37.840+0000] {ImapSmtp.py:1240} INFO - Attachment filepath: PosixPath('/data/attachments/test-173.txt')
[2024-02-21T08:06:37.840+0000] {ImapSmtp.py:1243} INFO - Saving attachment: test.txt
[2024-02-21T08:06:37.840+0000] {logging_mixin.py:188} INFO - Message from RPA Python8
[2024-02-21T08:06:37.841+0000] {ImapSmtp.py:1240} INFO - Attachment filepath: PosixPath('/data/attachments/test-174.txt')
[2024-02-21T08:06:37.841+0000] {ImapSmtp.py:1243} INFO - Saving attachment: test.txt
[2024-02-21T08:06:37.842+0000] {logging_mixin.py:188} INFO - Message from RPA Python9
[2024-02-21T08:06:37.843+0000] {ImapSmtp.py:1240} INFO - Attachment filepath: PosixPath('/data/attachments/test-175.txt')
[2024-02-21T08:06:37.844+0000] {ImapSmtp.py:1243} INFO - Saving attachment: test.txt
[2024-02-21T08:06:38.641+0000] {python.py:201} INFO - Done. Returned value was: None
[2024-02-21T08:06:38.674+0000] {taskinstance.py:1138} INFO - Marking task as SUCCESS. dag_id=extract_email, task_id=get_mail, execution_date=20240206T010000, start_date=20240221T080630, end_date=20240221T080638
[2024-02-21T08:06:38.774+0000] {local_task_job_runner.py:234} INFO - Task exited with return code 0
[2024-02-21T08:06:38.791+0000] {taskinstance.py:3280} INFO - 0 downstream tasks scheduled from follow-on schedule check
[2024-02-21T08:13:00.239+0000] {taskinstance.py:1956} INFO - Dependencies all met for dep_context=non-requeueable deps ti=<TaskInstance: extract_email.get_mail scheduled__2024-02-06T01:00:00+00:00 [queued]>
[2024-02-21T08:13:00.249+0000] {taskinstance.py:1956} INFO - Dependencies all met for dep_context=requeueable deps ti=<TaskInstance: extract_email.get_mail scheduled__2024-02-06T01:00:00+00:00 [queued]>
[2024-02-21T08:13:00.249+0000] {taskinstance.py:2170} INFO - Starting attempt 1 of 1
[2024-02-21T08:13:00.262+0000] {taskinstance.py:2191} INFO - Executing <Task(PythonOperator): get_mail> on 2024-02-06 01:00:00+00:00
[2024-02-21T08:13:00.270+0000] {standard_task_runner.py:60} INFO - Started process 156 to run task
[2024-02-21T08:13:00.273+0000] {standard_task_runner.py:87} INFO - Running: ['***', 'tasks', 'run', 'extract_email', 'get_mail', 'scheduled__2024-02-06T01:00:00+00:00', '--job-id', '219', '--raw', '--subdir', 'DAGS_FOLDER/extract_email.py', '--cfg-path', '/tmp/tmpb4var_kv']
[2024-02-21T08:13:00.275+0000] {standard_task_runner.py:88} INFO - Job 219: Subtask get_mail
[2024-02-21T08:13:00.326+0000] {task_command.py:423} INFO - Running <TaskInstance: extract_email.get_mail scheduled__2024-02-06T01:00:00+00:00 [running]> on host 968b17b6b013
[2024-02-21T08:13:00.410+0000] {taskinstance.py:2480} INFO - Exporting env vars: AIRFLOW_CTX_DAG_OWNER='***' AIRFLOW_CTX_DAG_ID='extract_email' AIRFLOW_CTX_TASK_ID='get_mail' AIRFLOW_CTX_EXECUTION_DATE='2024-02-06T01:00:00+00:00' AIRFLOW_CTX_TRY_NUMBER='1' AIRFLOW_CTX_DAG_RUN_ID='scheduled__2024-02-06T01:00:00+00:00'
[2024-02-21T08:13:03.539+0000] {taskinstance.py:2698} ERROR - Task failed with exception
Traceback (most recent call last):
  File "/home/airflow/.local/lib/python3.8/site-packages/airflow/models/taskinstance.py", line 433, in _execute_task
    result = execute_callable(context=context, **execute_callable_kwargs)
  File "/home/airflow/.local/lib/python3.8/site-packages/airflow/operators/python.py", line 199, in execute
    return_value = self.execute_callable()
  File "/home/airflow/.local/lib/python3.8/site-packages/airflow/operators/python.py", line 216, in execute_callable
    return self.python_callable(*self.op_args, **self.op_kwargs)
  File "/opt/airflow/dags/extract_email.py", line 16, in get_mail
    mail.authorize(account=os.getenv("GMAIL_ACCOUNT"), password=os.getenv("GMAIL_PASSWORD"))
  File "/home/airflow/.local/lib/python3.8/site-packages/RPA/Email/ImapSmtp.py", line 496, in authorize
    self.authorize_imap(
  File "/home/airflow/.local/lib/python3.8/site-packages/RPA/Email/ImapSmtp.py", line 453, in authorize_imap
    self.imap_conn.login(account, password)
  File "/usr/local/lib/python3.8/imaplib.py", line 603, in login
    raise self.error(dat[-1])
imaplib.IMAP4.error: b'[ALERT] Too many simultaneous connections. (Failure)'
[2024-02-21T08:13:03.562+0000] {taskinstance.py:1138} INFO - Marking task as FAILED. dag_id=extract_email, task_id=get_mail, execution_date=20240206T010000, start_date=20240221T081300, end_date=20240221T081303
[2024-02-21T08:13:03.630+0000] {standard_task_runner.py:107} ERROR - Failed to execute job 219 for task get_mail (b'[ALERT] Too many simultaneous connections. (Failure)'; 156)
[2024-02-21T08:13:03.661+0000] {local_task_job_runner.py:234} INFO - Task exited with return code 1
[2024-02-21T08:13:03.691+0000] {taskinstance.py:3280} INFO - 0 downstream tasks scheduled from follow-on schedule check
[2024-02-21T08:18:03.523+0000] {taskinstance.py:1956} INFO - Dependencies all met for dep_context=non-requeueable deps ti=<TaskInstance: extract_email.get_mail scheduled__2024-02-06T01:00:00+00:00 [queued]>
[2024-02-21T08:18:03.535+0000] {taskinstance.py:1956} INFO - Dependencies all met for dep_context=requeueable deps ti=<TaskInstance: extract_email.get_mail scheduled__2024-02-06T01:00:00+00:00 [queued]>
[2024-02-21T08:18:03.535+0000] {taskinstance.py:2170} INFO - Starting attempt 1 of 1
[2024-02-21T08:18:03.548+0000] {taskinstance.py:2191} INFO - Executing <Task(PythonOperator): get_mail> on 2024-02-06 01:00:00+00:00
[2024-02-21T08:18:03.557+0000] {standard_task_runner.py:60} INFO - Started process 109 to run task
[2024-02-21T08:18:03.561+0000] {standard_task_runner.py:87} INFO - Running: ['***', 'tasks', 'run', 'extract_email', 'get_mail', 'scheduled__2024-02-06T01:00:00+00:00', '--job-id', '253', '--raw', '--subdir', 'DAGS_FOLDER/extract_email.py', '--cfg-path', '/tmp/tmprac7c661']
[2024-02-21T08:18:03.564+0000] {standard_task_runner.py:88} INFO - Job 253: Subtask get_mail
[2024-02-21T08:18:03.627+0000] {task_command.py:423} INFO - Running <TaskInstance: extract_email.get_mail scheduled__2024-02-06T01:00:00+00:00 [running]> on host 9f5f399fdbe3
[2024-02-21T08:18:03.769+0000] {taskinstance.py:2480} INFO - Exporting env vars: AIRFLOW_CTX_DAG_OWNER='***' AIRFLOW_CTX_DAG_ID='extract_email' AIRFLOW_CTX_TASK_ID='get_mail' AIRFLOW_CTX_EXECUTION_DATE='2024-02-06T01:00:00+00:00' AIRFLOW_CTX_TRY_NUMBER='1' AIRFLOW_CTX_DAG_RUN_ID='scheduled__2024-02-06T01:00:00+00:00'
[2024-02-21T08:18:06.814+0000] {ImapSmtp.py:839} INFO - IMAP search: 'gmail:'Message from RPA Python' after:15-12-2023'
[2024-02-21T08:18:09.912+0000] {logging_mixin.py:188} INFO - Message from RPA Python0
[2024-02-21T08:18:09.914+0000] {ImapSmtp.py:1240} INFO - Attachment filepath: PosixPath('/data/attachments/test-219.txt')
[2024-02-21T08:18:09.914+0000] {ImapSmtp.py:1243} INFO - Saving attachment: test.txt
[2024-02-21T08:18:09.915+0000] {logging_mixin.py:188} INFO - Message from RPA Python1
[2024-02-21T08:18:09.916+0000] {ImapSmtp.py:1240} INFO - Attachment filepath: PosixPath('/data/attachments/test-220.txt')
[2024-02-21T08:18:09.916+0000] {ImapSmtp.py:1243} INFO - Saving attachment: test.txt
[2024-02-21T08:18:09.916+0000] {logging_mixin.py:188} INFO - Message from RPA Python2
[2024-02-21T08:18:09.917+0000] {ImapSmtp.py:1240} INFO - Attachment filepath: PosixPath('/data/attachments/test-221.txt')
[2024-02-21T08:18:09.917+0000] {ImapSmtp.py:1243} INFO - Saving attachment: test.txt
[2024-02-21T08:18:09.917+0000] {logging_mixin.py:188} INFO - Message from RPA Python3
[2024-02-21T08:18:09.918+0000] {ImapSmtp.py:1240} INFO - Attachment filepath: PosixPath('/data/attachments/test-222.txt')
[2024-02-21T08:18:09.918+0000] {ImapSmtp.py:1243} INFO - Saving attachment: test.txt
[2024-02-21T08:18:09.918+0000] {logging_mixin.py:188} INFO - Message from RPA Python4
[2024-02-21T08:18:09.919+0000] {ImapSmtp.py:1240} INFO - Attachment filepath: PosixPath('/data/attachments/test-223.txt')
[2024-02-21T08:18:09.920+0000] {ImapSmtp.py:1243} INFO - Saving attachment: test.txt
[2024-02-21T08:18:09.920+0000] {logging_mixin.py:188} INFO - Message from RPA Python5
[2024-02-21T08:18:09.921+0000] {ImapSmtp.py:1240} INFO - Attachment filepath: PosixPath('/data/attachments/test-224.txt')
[2024-02-21T08:18:09.921+0000] {ImapSmtp.py:1243} INFO - Saving attachment: test.txt
[2024-02-21T08:18:09.921+0000] {logging_mixin.py:188} INFO - Message from RPA Python6
[2024-02-21T08:18:09.922+0000] {ImapSmtp.py:1240} INFO - Attachment filepath: PosixPath('/data/attachments/test-225.txt')
[2024-02-21T08:18:09.922+0000] {ImapSmtp.py:1243} INFO - Saving attachment: test.txt
[2024-02-21T08:18:09.923+0000] {logging_mixin.py:188} INFO - Message from RPA Python7
[2024-02-21T08:18:09.925+0000] {ImapSmtp.py:1240} INFO - Attachment filepath: PosixPath('/data/attachments/test-226.txt')
[2024-02-21T08:18:09.925+0000] {ImapSmtp.py:1243} INFO - Saving attachment: test.txt
[2024-02-21T08:18:09.926+0000] {logging_mixin.py:188} INFO - Message from RPA Python8
[2024-02-21T08:18:09.927+0000] {ImapSmtp.py:1240} INFO - Attachment filepath: PosixPath('/data/attachments/test-227.txt')
[2024-02-21T08:18:09.927+0000] {ImapSmtp.py:1243} INFO - Saving attachment: test.txt
[2024-02-21T08:18:09.928+0000] {logging_mixin.py:188} INFO - Message from RPA Python9
[2024-02-21T08:18:09.929+0000] {ImapSmtp.py:1240} INFO - Attachment filepath: PosixPath('/data/attachments/test-228.txt')
[2024-02-21T08:18:09.929+0000] {ImapSmtp.py:1243} INFO - Saving attachment: test.txt
[2024-02-21T08:18:10.558+0000] {python.py:201} INFO - Done. Returned value was: None
[2024-02-21T08:18:10.570+0000] {taskinstance.py:1138} INFO - Marking task as SUCCESS. dag_id=extract_email, task_id=get_mail, execution_date=20240206T010000, start_date=20240221T081803, end_date=20240221T081810
[2024-02-21T08:18:10.622+0000] {local_task_job_runner.py:234} INFO - Task exited with return code 0
[2024-02-21T08:18:10.634+0000] {taskinstance.py:3280} INFO - 0 downstream tasks scheduled from follow-on schedule check
