[2024-02-21T08:21:38.603+0000] {taskinstance.py:1956} INFO - Dependencies all met for dep_context=non-requeueable deps ti=<TaskInstance: extract_email.get_mail manual__2024-02-21T08:21:32.431476+00:00 [queued]>
[2024-02-21T08:21:38.611+0000] {taskinstance.py:1956} INFO - Dependencies all met for dep_context=requeueable deps ti=<TaskInstance: extract_email.get_mail manual__2024-02-21T08:21:32.431476+00:00 [queued]>
[2024-02-21T08:21:38.612+0000] {taskinstance.py:2170} INFO - Starting attempt 1 of 1
[2024-02-21T08:21:38.622+0000] {taskinstance.py:2191} INFO - Executing <Task(PythonOperator): get_mail> on 2024-02-21 08:21:32.431476+00:00
[2024-02-21T08:21:38.630+0000] {standard_task_runner.py:60} INFO - Started process 61 to run task
[2024-02-21T08:21:38.633+0000] {standard_task_runner.py:87} INFO - Running: ['***', 'tasks', 'run', 'extract_email', 'get_mail', 'manual__2024-02-21T08:21:32.431476+00:00', '--job-id', '270', '--raw', '--subdir', 'DAGS_FOLDER/extract_email.py', '--cfg-path', '/tmp/tmph0jgbaxm']
[2024-02-21T08:21:38.636+0000] {standard_task_runner.py:88} INFO - Job 270: Subtask get_mail
[2024-02-21T08:21:38.667+0000] {task_command.py:423} INFO - Running <TaskInstance: extract_email.get_mail manual__2024-02-21T08:21:32.431476+00:00 [running]> on host d8aed23074d0
[2024-02-21T08:21:38.712+0000] {taskinstance.py:2480} INFO - Exporting env vars: AIRFLOW_CTX_DAG_OWNER='***' AIRFLOW_CTX_DAG_ID='extract_email' AIRFLOW_CTX_TASK_ID='get_mail' AIRFLOW_CTX_EXECUTION_DATE='2024-02-21T08:21:32.431476+00:00' AIRFLOW_CTX_TRY_NUMBER='1' AIRFLOW_CTX_DAG_RUN_ID='manual__2024-02-21T08:21:32.431476+00:00'
[2024-02-21T08:21:41.914+0000] {ImapSmtp.py:839} INFO - IMAP search: 'gmail:'Message from RPA Python' after:15-12-2023'
[2024-02-21T08:21:46.020+0000] {logging_mixin.py:188} INFO - Message from RPA Python0
[2024-02-21T08:21:46.021+0000] {ImapSmtp.py:1240} INFO - Attachment filepath: PosixPath('/data/attachments/test.txt')
[2024-02-21T08:21:46.022+0000] {ImapSmtp.py:1243} INFO - Saving attachment: test.txt
[2024-02-21T08:21:46.023+0000] {logging_mixin.py:188} INFO - Message from RPA Python1
[2024-02-21T08:21:46.025+0000] {ImapSmtp.py:1240} INFO - Attachment filepath: PosixPath('/data/attachments/test-2.txt')
[2024-02-21T08:21:46.026+0000] {ImapSmtp.py:1243} INFO - Saving attachment: test.txt
[2024-02-21T08:21:46.027+0000] {logging_mixin.py:188} INFO - Message from RPA Python2
[2024-02-21T08:21:46.028+0000] {ImapSmtp.py:1240} INFO - Attachment filepath: PosixPath('/data/attachments/test-3.txt')
[2024-02-21T08:21:46.028+0000] {ImapSmtp.py:1243} INFO - Saving attachment: test.txt
[2024-02-21T08:21:46.029+0000] {logging_mixin.py:188} INFO - Message from RPA Python3
[2024-02-21T08:21:46.030+0000] {ImapSmtp.py:1240} INFO - Attachment filepath: PosixPath('/data/attachments/test-4.txt')
[2024-02-21T08:21:46.031+0000] {ImapSmtp.py:1243} INFO - Saving attachment: test.txt
[2024-02-21T08:21:46.032+0000] {logging_mixin.py:188} INFO - Message from RPA Python4
[2024-02-21T08:21:46.033+0000] {ImapSmtp.py:1240} INFO - Attachment filepath: PosixPath('/data/attachments/test-5.txt')
[2024-02-21T08:21:46.034+0000] {ImapSmtp.py:1243} INFO - Saving attachment: test.txt
[2024-02-21T08:21:46.035+0000] {logging_mixin.py:188} INFO - Message from RPA Python5
[2024-02-21T08:21:46.037+0000] {ImapSmtp.py:1240} INFO - Attachment filepath: PosixPath('/data/attachments/test-6.txt')
[2024-02-21T08:21:46.038+0000] {ImapSmtp.py:1243} INFO - Saving attachment: test.txt
[2024-02-21T08:21:46.039+0000] {logging_mixin.py:188} INFO - Message from RPA Python6
[2024-02-21T08:21:46.040+0000] {ImapSmtp.py:1240} INFO - Attachment filepath: PosixPath('/data/attachments/test-7.txt')
[2024-02-21T08:21:46.041+0000] {ImapSmtp.py:1243} INFO - Saving attachment: test.txt
[2024-02-21T08:21:46.042+0000] {logging_mixin.py:188} INFO - Message from RPA Python7
[2024-02-21T08:21:46.044+0000] {ImapSmtp.py:1240} INFO - Attachment filepath: PosixPath('/data/attachments/test-8.txt')
[2024-02-21T08:21:46.044+0000] {ImapSmtp.py:1243} INFO - Saving attachment: test.txt
[2024-02-21T08:21:46.045+0000] {logging_mixin.py:188} INFO - Message from RPA Python8
[2024-02-21T08:21:46.046+0000] {ImapSmtp.py:1240} INFO - Attachment filepath: PosixPath('/data/attachments/test-9.txt')
[2024-02-21T08:21:46.046+0000] {ImapSmtp.py:1243} INFO - Saving attachment: test.txt
[2024-02-21T08:21:46.047+0000] {logging_mixin.py:188} INFO - Message from RPA Python9
[2024-02-21T08:21:46.048+0000] {ImapSmtp.py:1240} INFO - Attachment filepath: PosixPath('/data/attachments/test-10.txt')
[2024-02-21T08:21:46.048+0000] {ImapSmtp.py:1243} INFO - Saving attachment: test.txt
[2024-02-21T08:21:46.927+0000] {python.py:201} INFO - Done. Returned value was: None
[2024-02-21T08:21:46.951+0000] {taskinstance.py:1138} INFO - Marking task as SUCCESS. dag_id=extract_email, task_id=get_mail, execution_date=20240221T082132, start_date=20240221T082138, end_date=20240221T082146
[2024-02-21T08:21:47.025+0000] {local_task_job_runner.py:234} INFO - Task exited with return code 0
[2024-02-21T08:21:47.048+0000] {taskinstance.py:3280} INFO - 0 downstream tasks scheduled from follow-on schedule check
