[2024-02-22T03:55:30.999+0000] {taskinstance.py:1956} INFO - Dependencies all met for dep_context=non-requeueable deps ti=<TaskInstance: extract_email.send_message manual__2024-02-22T03:55:10.539500+00:00 [queued]>
[2024-02-22T03:55:31.007+0000] {taskinstance.py:1956} INFO - Dependencies all met for dep_context=requeueable deps ti=<TaskInstance: extract_email.send_message manual__2024-02-22T03:55:10.539500+00:00 [queued]>
[2024-02-22T03:55:31.007+0000] {taskinstance.py:2170} INFO - Starting attempt 1 of 1
[2024-02-22T03:55:31.019+0000] {taskinstance.py:2191} INFO - Executing <Task(PythonOperator): send_message> on 2024-02-22 03:55:10.539500+00:00
[2024-02-22T03:55:31.025+0000] {standard_task_runner.py:60} INFO - Started process 461 to run task
[2024-02-22T03:55:31.028+0000] {standard_task_runner.py:87} INFO - Running: ['***', 'tasks', 'run', 'extract_email', 'send_message', 'manual__2024-02-22T03:55:10.539500+00:00', '--job-id', '312', '--raw', '--subdir', 'DAGS_FOLDER/extract_email.py', '--cfg-path', '/tmp/tmpgk2i_hhn']
[2024-02-22T03:55:31.030+0000] {standard_task_runner.py:88} INFO - Job 312: Subtask send_message
[2024-02-22T03:55:31.071+0000] {task_command.py:423} INFO - Running <TaskInstance: extract_email.send_message manual__2024-02-22T03:55:10.539500+00:00 [running]> on host e849c64d3231
[2024-02-22T03:55:31.138+0000] {taskinstance.py:2480} INFO - Exporting env vars: AIRFLOW_CTX_DAG_OWNER='***' AIRFLOW_CTX_DAG_ID='extract_email' AIRFLOW_CTX_TASK_ID='send_message' AIRFLOW_CTX_EXECUTION_DATE='2024-02-22T03:55:10.539500+00:00' AIRFLOW_CTX_TRY_NUMBER='1' AIRFLOW_CTX_DAG_RUN_ID='manual__2024-02-22T03:55:10.539500+00:00'
[2024-02-22T03:55:31.158+0000] {logging_mixin.py:188} INFO - Đã gửi dữ liệu message 0 tới topic 'credit_card'
[2024-02-22T03:55:32.171+0000] {logging_mixin.py:188} INFO - Đã gửi dữ liệu message 1 tới topic 'credit_card'
[2024-02-22T03:55:33.181+0000] {logging_mixin.py:188} INFO - Đã gửi dữ liệu message 2 tới topic 'credit_card'
[2024-02-22T03:55:34.189+0000] {logging_mixin.py:188} INFO - Đã gửi dữ liệu message 3 tới topic 'credit_card'
[2024-02-22T03:55:35.198+0000] {logging_mixin.py:188} INFO - Đã gửi dữ liệu message 4 tới topic 'credit_card'
[2024-02-22T03:55:36.208+0000] {logging_mixin.py:188} INFO - Đã gửi dữ liệu message 5 tới topic 'credit_card'
[2024-02-22T03:55:37.217+0000] {logging_mixin.py:188} INFO - Đã gửi dữ liệu message 6 tới topic 'credit_card'
[2024-02-22T03:55:38.225+0000] {logging_mixin.py:188} INFO - Đã gửi dữ liệu message 7 tới topic 'credit_card'
[2024-02-22T03:55:39.234+0000] {logging_mixin.py:188} INFO - Đã gửi dữ liệu message 8 tới topic 'credit_card'
[2024-02-22T03:55:40.244+0000] {logging_mixin.py:188} INFO - Đã gửi dữ liệu message 9 tới topic 'credit_card'
[2024-02-22T03:55:41.254+0000] {logging_mixin.py:188} INFO - Đã gửi dữ liệu message 10 tới topic 'credit_card'
[2024-02-22T03:55:42.262+0000] {logging_mixin.py:188} INFO - Đã gửi dữ liệu message 11 tới topic 'credit_card'
[2024-02-22T03:55:43.275+0000] {logging_mixin.py:188} INFO - Đã gửi dữ liệu message 12 tới topic 'credit_card'
[2024-02-22T03:55:44.284+0000] {logging_mixin.py:188} INFO - Đã gửi dữ liệu message 13 tới topic 'credit_card'
[2024-02-22T03:55:45.296+0000] {logging_mixin.py:188} INFO - Đã gửi dữ liệu message 14 tới topic 'credit_card'
[2024-02-22T03:55:46.305+0000] {logging_mixin.py:188} INFO - Đã gửi dữ liệu message 15 tới topic 'credit_card'
[2024-02-22T03:55:47.319+0000] {logging_mixin.py:188} INFO - Đã gửi dữ liệu message 16 tới topic 'credit_card'
[2024-02-22T03:55:48.328+0000] {logging_mixin.py:188} INFO - Đã gửi dữ liệu message 17 tới topic 'credit_card'
[2024-02-22T03:55:49.336+0000] {logging_mixin.py:188} INFO - Đã gửi dữ liệu message 18 tới topic 'credit_card'
[2024-02-22T03:55:50.344+0000] {logging_mixin.py:188} INFO - Đã gửi dữ liệu message 19 tới topic 'credit_card'
[2024-02-22T03:55:51.353+0000] {logging_mixin.py:188} INFO - Đã gửi dữ liệu message 20 tới topic 'credit_card'
[2024-02-22T03:55:52.364+0000] {logging_mixin.py:188} INFO - Đã gửi dữ liệu message 21 tới topic 'credit_card'
[2024-02-22T03:55:53.376+0000] {logging_mixin.py:188} INFO - Đã gửi dữ liệu message 22 tới topic 'credit_card'
[2024-02-22T03:55:54.385+0000] {logging_mixin.py:188} INFO - Đã gửi dữ liệu message 23 tới topic 'credit_card'
[2024-02-22T03:55:55.393+0000] {logging_mixin.py:188} INFO - Đã gửi dữ liệu message 24 tới topic 'credit_card'
[2024-02-22T03:55:56.403+0000] {logging_mixin.py:188} INFO - Đã gửi dữ liệu message 25 tới topic 'credit_card'
[2024-02-22T03:55:57.411+0000] {logging_mixin.py:188} INFO - Đã gửi dữ liệu message 26 tới topic 'credit_card'
[2024-02-22T03:55:58.422+0000] {logging_mixin.py:188} INFO - Đã gửi dữ liệu message 27 tới topic 'credit_card'
[2024-02-22T03:55:59.433+0000] {logging_mixin.py:188} INFO - Đã gửi dữ liệu message 28 tới topic 'credit_card'
[2024-02-22T03:56:00.444+0000] {logging_mixin.py:188} INFO - Đã gửi dữ liệu message 29 tới topic 'credit_card'
[2024-02-22T03:56:01.455+0000] {logging_mixin.py:188} INFO - Đã gửi dữ liệu message 30 tới topic 'credit_card'
[2024-02-22T03:56:02.465+0000] {logging_mixin.py:188} INFO - Đã gửi dữ liệu message 31 tới topic 'credit_card'
[2024-02-22T03:56:03.477+0000] {logging_mixin.py:188} INFO - Đã gửi dữ liệu message 32 tới topic 'credit_card'
[2024-02-22T03:56:04.488+0000] {logging_mixin.py:188} INFO - Đã gửi dữ liệu message 33 tới topic 'credit_card'
[2024-02-22T03:56:05.499+0000] {logging_mixin.py:188} INFO - Đã gửi dữ liệu message 34 tới topic 'credit_card'
[2024-02-22T03:56:06.507+0000] {logging_mixin.py:188} INFO - Đã gửi dữ liệu message 35 tới topic 'credit_card'
[2024-02-22T03:56:07.515+0000] {logging_mixin.py:188} INFO - Đã gửi dữ liệu message 36 tới topic 'credit_card'
[2024-02-22T03:56:08.523+0000] {logging_mixin.py:188} INFO - Đã gửi dữ liệu message 37 tới topic 'credit_card'
[2024-02-22T03:56:09.533+0000] {logging_mixin.py:188} INFO - Đã gửi dữ liệu message 38 tới topic 'credit_card'
[2024-02-22T03:56:10.541+0000] {logging_mixin.py:188} INFO - Đã gửi dữ liệu message 39 tới topic 'credit_card'
[2024-02-22T03:56:11.549+0000] {logging_mixin.py:188} INFO - Đã gửi dữ liệu message 40 tới topic 'credit_card'
[2024-02-22T03:56:12.557+0000] {logging_mixin.py:188} INFO - Đã gửi dữ liệu message 41 tới topic 'credit_card'
[2024-02-22T03:56:13.567+0000] {logging_mixin.py:188} INFO - Đã gửi dữ liệu message 42 tới topic 'credit_card'
[2024-02-22T03:56:14.578+0000] {logging_mixin.py:188} INFO - Đã gửi dữ liệu message 43 tới topic 'credit_card'
[2024-02-22T03:56:15.588+0000] {logging_mixin.py:188} INFO - Đã gửi dữ liệu message 44 tới topic 'credit_card'
[2024-02-22T03:56:16.597+0000] {logging_mixin.py:188} INFO - Đã gửi dữ liệu message 45 tới topic 'credit_card'
[2024-02-22T03:56:17.607+0000] {logging_mixin.py:188} INFO - Đã gửi dữ liệu message 46 tới topic 'credit_card'
[2024-02-22T03:56:18.616+0000] {logging_mixin.py:188} INFO - Đã gửi dữ liệu message 47 tới topic 'credit_card'
[2024-02-22T03:56:19.626+0000] {logging_mixin.py:188} INFO - Đã gửi dữ liệu message 48 tới topic 'credit_card'
[2024-02-22T03:56:20.635+0000] {logging_mixin.py:188} INFO - Đã gửi dữ liệu message 49 tới topic 'credit_card'
[2024-02-22T03:56:21.643+0000] {logging_mixin.py:188} INFO - Đã gửi dữ liệu message 50 tới topic 'credit_card'
[2024-02-22T03:56:22.651+0000] {logging_mixin.py:188} INFO - Đã gửi dữ liệu message 51 tới topic 'credit_card'
[2024-02-22T03:56:23.659+0000] {logging_mixin.py:188} INFO - Đã gửi dữ liệu message 52 tới topic 'credit_card'
[2024-02-22T03:56:24.668+0000] {logging_mixin.py:188} INFO - Đã gửi dữ liệu message 53 tới topic 'credit_card'
[2024-02-22T03:56:25.679+0000] {logging_mixin.py:188} INFO - Đã gửi dữ liệu message 54 tới topic 'credit_card'
[2024-02-22T03:56:26.690+0000] {logging_mixin.py:188} INFO - Đã gửi dữ liệu message 55 tới topic 'credit_card'
[2024-02-22T03:56:27.699+0000] {logging_mixin.py:188} INFO - Đã gửi dữ liệu message 56 tới topic 'credit_card'
[2024-02-22T03:56:28.709+0000] {logging_mixin.py:188} INFO - Đã gửi dữ liệu message 57 tới topic 'credit_card'
[2024-02-22T03:56:29.717+0000] {logging_mixin.py:188} INFO - Đã gửi dữ liệu message 58 tới topic 'credit_card'
[2024-02-22T03:56:30.726+0000] {logging_mixin.py:188} INFO - Đã gửi dữ liệu message 59 tới topic 'credit_card'
[2024-02-22T03:56:31.737+0000] {logging_mixin.py:188} INFO - Đã gửi dữ liệu message 60 tới topic 'credit_card'
[2024-02-22T03:56:32.748+0000] {logging_mixin.py:188} INFO - Đã gửi dữ liệu message 61 tới topic 'credit_card'
[2024-02-22T03:56:33.757+0000] {logging_mixin.py:188} INFO - Đã gửi dữ liệu message 62 tới topic 'credit_card'
[2024-02-22T03:56:34.768+0000] {logging_mixin.py:188} INFO - Đã gửi dữ liệu message 63 tới topic 'credit_card'
[2024-02-22T03:56:35.778+0000] {logging_mixin.py:188} INFO - Đã gửi dữ liệu message 64 tới topic 'credit_card'
[2024-02-22T03:56:36.789+0000] {logging_mixin.py:188} INFO - Đã gửi dữ liệu message 65 tới topic 'credit_card'
[2024-02-22T03:56:37.799+0000] {logging_mixin.py:188} INFO - Đã gửi dữ liệu message 66 tới topic 'credit_card'
[2024-02-22T03:56:38.807+0000] {logging_mixin.py:188} INFO - Đã gửi dữ liệu message 67 tới topic 'credit_card'
[2024-02-22T03:56:39.815+0000] {logging_mixin.py:188} INFO - Đã gửi dữ liệu message 68 tới topic 'credit_card'
[2024-02-22T03:56:40.823+0000] {logging_mixin.py:188} INFO - Đã gửi dữ liệu message 69 tới topic 'credit_card'
[2024-02-22T03:56:41.833+0000] {logging_mixin.py:188} INFO - Đã gửi dữ liệu message 70 tới topic 'credit_card'
[2024-02-22T03:56:42.841+0000] {logging_mixin.py:188} INFO - Đã gửi dữ liệu message 71 tới topic 'credit_card'
[2024-02-22T03:56:43.851+0000] {logging_mixin.py:188} INFO - Đã gửi dữ liệu message 72 tới topic 'credit_card'
[2024-02-22T03:56:44.859+0000] {logging_mixin.py:188} INFO - Đã gửi dữ liệu message 73 tới topic 'credit_card'
[2024-02-22T03:56:45.868+0000] {logging_mixin.py:188} INFO - Đã gửi dữ liệu message 74 tới topic 'credit_card'
[2024-02-22T03:56:46.876+0000] {logging_mixin.py:188} INFO - Đã gửi dữ liệu message 75 tới topic 'credit_card'
[2024-02-22T03:56:47.884+0000] {logging_mixin.py:188} INFO - Đã gửi dữ liệu message 76 tới topic 'credit_card'
[2024-02-22T03:56:48.892+0000] {logging_mixin.py:188} INFO - Đã gửi dữ liệu message 77 tới topic 'credit_card'
[2024-02-22T03:56:49.901+0000] {logging_mixin.py:188} INFO - Đã gửi dữ liệu message 78 tới topic 'credit_card'
[2024-02-22T03:56:50.912+0000] {logging_mixin.py:188} INFO - Đã gửi dữ liệu message 79 tới topic 'credit_card'
[2024-02-22T03:56:51.921+0000] {logging_mixin.py:188} INFO - Đã gửi dữ liệu message 80 tới topic 'credit_card'
[2024-02-22T03:56:52.931+0000] {logging_mixin.py:188} INFO - Đã gửi dữ liệu message 81 tới topic 'credit_card'
[2024-02-22T03:56:53.940+0000] {logging_mixin.py:188} INFO - Đã gửi dữ liệu message 82 tới topic 'credit_card'
[2024-02-22T03:56:54.950+0000] {logging_mixin.py:188} INFO - Đã gửi dữ liệu message 83 tới topic 'credit_card'
[2024-02-22T03:56:55.959+0000] {logging_mixin.py:188} INFO - Đã gửi dữ liệu message 84 tới topic 'credit_card'
[2024-02-22T03:56:56.967+0000] {logging_mixin.py:188} INFO - Đã gửi dữ liệu message 85 tới topic 'credit_card'
[2024-02-22T03:56:57.975+0000] {logging_mixin.py:188} INFO - Đã gửi dữ liệu message 86 tới topic 'credit_card'
[2024-02-22T03:56:58.986+0000] {logging_mixin.py:188} INFO - Đã gửi dữ liệu message 87 tới topic 'credit_card'
[2024-02-22T03:56:59.994+0000] {logging_mixin.py:188} INFO - Đã gửi dữ liệu message 88 tới topic 'credit_card'
[2024-02-22T03:57:01.002+0000] {logging_mixin.py:188} INFO - Đã gửi dữ liệu message 89 tới topic 'credit_card'
[2024-02-22T03:57:02.009+0000] {logging_mixin.py:188} INFO - Đã gửi dữ liệu message 90 tới topic 'credit_card'
[2024-02-22T03:57:03.018+0000] {logging_mixin.py:188} INFO - Đã gửi dữ liệu message 91 tới topic 'credit_card'
[2024-02-22T03:57:04.028+0000] {logging_mixin.py:188} INFO - Đã gửi dữ liệu message 92 tới topic 'credit_card'
[2024-02-22T03:57:05.039+0000] {logging_mixin.py:188} INFO - Đã gửi dữ liệu message 93 tới topic 'credit_card'
[2024-02-22T03:57:06.049+0000] {logging_mixin.py:188} INFO - Đã gửi dữ liệu message 94 tới topic 'credit_card'
[2024-02-22T03:57:07.061+0000] {logging_mixin.py:188} INFO - Đã gửi dữ liệu message 95 tới topic 'credit_card'
[2024-02-22T03:57:08.071+0000] {logging_mixin.py:188} INFO - Đã gửi dữ liệu message 96 tới topic 'credit_card'
[2024-02-22T03:57:09.081+0000] {logging_mixin.py:188} INFO - Đã gửi dữ liệu message 97 tới topic 'credit_card'
[2024-02-22T03:57:10.091+0000] {logging_mixin.py:188} INFO - Đã gửi dữ liệu message 98 tới topic 'credit_card'
[2024-02-22T03:57:11.099+0000] {logging_mixin.py:188} INFO - Đã gửi dữ liệu message 99 tới topic 'credit_card'
[2024-02-22T03:57:12.101+0000] {logging_mixin.py:188} INFO - Dữ liệu đã được gửi tới topic 'credit_card' thành công.
[2024-02-22T03:57:12.101+0000] {taskinstance.py:2698} ERROR - Task failed with exception
Traceback (most recent call last):
  File "/home/airflow/.local/lib/python3.8/site-packages/airflow/models/taskinstance.py", line 433, in _execute_task
    result = execute_callable(context=context, **execute_callable_kwargs)
  File "/home/airflow/.local/lib/python3.8/site-packages/airflow/operators/python.py", line 199, in execute
    return_value = self.execute_callable()
  File "/home/airflow/.local/lib/python3.8/site-packages/airflow/operators/python.py", line 216, in execute_callable
    return self.python_callable(*self.op_args, **self.op_kwargs)
  File "/opt/airflow/dags/extract_email.py", line 66, in produce_to_kafka
    producer.close()
AttributeError: 'cimpl.Producer' object has no attribute 'close'
[2024-02-22T03:57:12.111+0000] {taskinstance.py:1138} INFO - Marking task as FAILED. dag_id=extract_email, task_id=send_message, execution_date=20240222T035510, start_date=20240222T035531, end_date=20240222T035712
[2024-02-22T03:57:12.121+0000] {standard_task_runner.py:107} ERROR - Failed to execute job 312 for task send_message ('cimpl.Producer' object has no attribute 'close'; 461)
[2024-02-22T03:57:12.143+0000] {local_task_job_runner.py:234} INFO - Task exited with return code 1
[2024-02-22T03:57:12.153+0000] {taskinstance.py:3280} INFO - 0 downstream tasks scheduled from follow-on schedule check
