[2024-02-21T08:06:14.574+0000] {taskinstance.py:1956} INFO - Dependencies all met for dep_context=non-requeueable deps ti=<TaskInstance: extract_email.get_mail scheduled__2024-01-17T01:00:00+00:00 [queued]>
[2024-02-21T08:06:14.581+0000] {taskinstance.py:1956} INFO - Dependencies all met for dep_context=requeueable deps ti=<TaskInstance: extract_email.get_mail scheduled__2024-01-17T01:00:00+00:00 [queued]>
[2024-02-21T08:06:14.581+0000] {taskinstance.py:2170} INFO - Starting attempt 1 of 1
[2024-02-21T08:06:14.589+0000] {taskinstance.py:2191} INFO - Executing <Task(PythonOperator): get_mail> on 2024-01-17 01:00:00+00:00
[2024-02-21T08:06:14.593+0000] {standard_task_runner.py:60} INFO - Started process 130 to run task
[2024-02-21T08:06:14.595+0000] {standard_task_runner.py:87} INFO - Running: ['***', 'tasks', 'run', 'extract_email', 'get_mail', 'scheduled__2024-01-17T01:00:00+00:00', '--job-id', '166', '--raw', '--subdir', 'DAGS_FOLDER/extract_email.py', '--cfg-path', '/tmp/tmp_gljnxq4']
[2024-02-21T08:06:14.596+0000] {standard_task_runner.py:88} INFO - Job 166: Subtask get_mail
[2024-02-21T08:06:14.624+0000] {task_command.py:423} INFO - Running <TaskInstance: extract_email.get_mail scheduled__2024-01-17T01:00:00+00:00 [running]> on host 96f19b77385b
[2024-02-21T08:06:14.679+0000] {taskinstance.py:2480} INFO - Exporting env vars: AIRFLOW_CTX_DAG_OWNER='***' AIRFLOW_CTX_DAG_ID='extract_email' AIRFLOW_CTX_TASK_ID='get_mail' AIRFLOW_CTX_EXECUTION_DATE='2024-01-17T01:00:00+00:00' AIRFLOW_CTX_TRY_NUMBER='1' AIRFLOW_CTX_DAG_RUN_ID='scheduled__2024-01-17T01:00:00+00:00'
[2024-02-21T08:06:17.408+0000] {ImapSmtp.py:839} INFO - IMAP search: 'gmail:'Message from RPA Python' after:15-12-2023'
[2024-02-21T08:06:20.549+0000] {logging_mixin.py:188} INFO - Message from RPA Python0
[2024-02-21T08:06:20.550+0000] {ImapSmtp.py:1240} INFO - Attachment filepath: PosixPath('/data/attachments/test-71.txt')
[2024-02-21T08:06:20.551+0000] {ImapSmtp.py:1243} INFO - Saving attachment: test.txt
[2024-02-21T08:06:20.551+0000] {logging_mixin.py:188} INFO - Message from RPA Python1
[2024-02-21T08:06:20.552+0000] {ImapSmtp.py:1240} INFO - Attachment filepath: PosixPath('/data/attachments/test-72.txt')
[2024-02-21T08:06:20.553+0000] {ImapSmtp.py:1243} INFO - Saving attachment: test.txt
[2024-02-21T08:06:20.553+0000] {logging_mixin.py:188} INFO - Message from RPA Python2
[2024-02-21T08:06:20.554+0000] {ImapSmtp.py:1240} INFO - Attachment filepath: PosixPath('/data/attachments/test-73.txt')
[2024-02-21T08:06:20.554+0000] {ImapSmtp.py:1243} INFO - Saving attachment: test.txt
[2024-02-21T08:06:20.554+0000] {logging_mixin.py:188} INFO - Message from RPA Python3
[2024-02-21T08:06:20.555+0000] {ImapSmtp.py:1240} INFO - Attachment filepath: PosixPath('/data/attachments/test-74.txt')
[2024-02-21T08:06:20.555+0000] {ImapSmtp.py:1243} INFO - Saving attachment: test.txt
[2024-02-21T08:06:20.557+0000] {logging_mixin.py:188} INFO - Message from RPA Python4
[2024-02-21T08:06:20.560+0000] {ImapSmtp.py:1240} INFO - Attachment filepath: PosixPath('/data/attachments/test-75.txt')
[2024-02-21T08:06:20.560+0000] {ImapSmtp.py:1243} INFO - Saving attachment: test.txt
[2024-02-21T08:06:20.561+0000] {logging_mixin.py:188} INFO - Message from RPA Python5
[2024-02-21T08:06:20.562+0000] {ImapSmtp.py:1240} INFO - Attachment filepath: PosixPath('/data/attachments/test-76.txt')
[2024-02-21T08:06:20.562+0000] {ImapSmtp.py:1243} INFO - Saving attachment: test.txt
[2024-02-21T08:06:20.562+0000] {logging_mixin.py:188} INFO - Message from RPA Python6
[2024-02-21T08:06:20.563+0000] {ImapSmtp.py:1240} INFO - Attachment filepath: PosixPath('/data/attachments/test-77.txt')
[2024-02-21T08:06:20.563+0000] {ImapSmtp.py:1243} INFO - Saving attachment: test.txt
[2024-02-21T08:06:20.564+0000] {logging_mixin.py:188} INFO - Message from RPA Python7
[2024-02-21T08:06:20.565+0000] {ImapSmtp.py:1240} INFO - Attachment filepath: PosixPath('/data/attachments/test-78.txt')
[2024-02-21T08:06:20.565+0000] {ImapSmtp.py:1243} INFO - Saving attachment: test.txt
[2024-02-21T08:06:20.565+0000] {logging_mixin.py:188} INFO - Message from RPA Python8
[2024-02-21T08:06:20.566+0000] {ImapSmtp.py:1240} INFO - Attachment filepath: PosixPath('/data/attachments/test-79.txt')
[2024-02-21T08:06:20.566+0000] {ImapSmtp.py:1243} INFO - Saving attachment: test.txt
[2024-02-21T08:06:20.567+0000] {logging_mixin.py:188} INFO - Message from RPA Python9
[2024-02-21T08:06:20.568+0000] {ImapSmtp.py:1240} INFO - Attachment filepath: PosixPath('/data/attachments/test-80.txt')
[2024-02-21T08:06:20.568+0000] {ImapSmtp.py:1243} INFO - Saving attachment: test.txt
[2024-02-21T08:06:21.213+0000] {python.py:201} INFO - Done. Returned value was: None
[2024-02-21T08:06:21.226+0000] {taskinstance.py:1138} INFO - Marking task as SUCCESS. dag_id=extract_email, task_id=get_mail, execution_date=20240117T010000, start_date=20240221T080614, end_date=20240221T080621
[2024-02-21T08:06:21.244+0000] {local_task_job_runner.py:234} INFO - Task exited with return code 0
[2024-02-21T08:06:21.260+0000] {taskinstance.py:3280} INFO - 0 downstream tasks scheduled from follow-on schedule check
