[2024-02-21T08:06:36.466+0000] {taskinstance.py:1956} INFO - Dependencies all met for dep_context=non-requeueable deps ti=<TaskInstance: extract_email.get_mail scheduled__2024-02-11T01:00:00+00:00 [queued]>
[2024-02-21T08:06:36.475+0000] {taskinstance.py:1956} INFO - Dependencies all met for dep_context=requeueable deps ti=<TaskInstance: extract_email.get_mail scheduled__2024-02-11T01:00:00+00:00 [queued]>
[2024-02-21T08:06:36.475+0000] {taskinstance.py:2170} INFO - Starting attempt 1 of 1
[2024-02-21T08:06:36.486+0000] {taskinstance.py:2191} INFO - Executing <Task(PythonOperator): get_mail> on 2024-02-11 01:00:00+00:00
[2024-02-21T08:06:36.491+0000] {standard_task_runner.py:60} INFO - Started process 181 to run task
[2024-02-21T08:06:36.495+0000] {standard_task_runner.py:87} INFO - Running: ['***', 'tasks', 'run', 'extract_email', 'get_mail', 'scheduled__2024-02-11T01:00:00+00:00', '--job-id', '193', '--raw', '--subdir', 'DAGS_FOLDER/extract_email.py', '--cfg-path', '/tmp/tmp_12_tjdh']
[2024-02-21T08:06:36.497+0000] {standard_task_runner.py:88} INFO - Job 193: Subtask get_mail
[2024-02-21T08:06:36.539+0000] {task_command.py:423} INFO - Running <TaskInstance: extract_email.get_mail scheduled__2024-02-11T01:00:00+00:00 [running]> on host 96f19b77385b
[2024-02-21T08:06:36.617+0000] {taskinstance.py:2480} INFO - Exporting env vars: AIRFLOW_CTX_DAG_OWNER='***' AIRFLOW_CTX_DAG_ID='extract_email' AIRFLOW_CTX_TASK_ID='get_mail' AIRFLOW_CTX_EXECUTION_DATE='2024-02-11T01:00:00+00:00' AIRFLOW_CTX_TRY_NUMBER='1' AIRFLOW_CTX_DAG_RUN_ID='scheduled__2024-02-11T01:00:00+00:00'
[2024-02-21T08:06:40.152+0000] {ImapSmtp.py:839} INFO - IMAP search: 'gmail:'Message from RPA Python' after:15-12-2023'
[2024-02-21T08:06:43.334+0000] {logging_mixin.py:188} INFO - Message from RPA Python0
[2024-02-21T08:06:43.340+0000] {ImapSmtp.py:1240} INFO - Attachment filepath: PosixPath('/data/attachments/test-213.txt')
[2024-02-21T08:06:43.341+0000] {ImapSmtp.py:1243} INFO - Saving attachment: test.txt
[2024-02-21T08:06:43.342+0000] {logging_mixin.py:188} INFO - Message from RPA Python1
[2024-02-21T08:06:43.346+0000] {ImapSmtp.py:1240} INFO - Attachment filepath: PosixPath('/data/attachments/test-214.txt')
[2024-02-21T08:06:43.347+0000] {ImapSmtp.py:1243} INFO - Saving attachment: test.txt
[2024-02-21T08:06:43.348+0000] {logging_mixin.py:188} INFO - Message from RPA Python2
[2024-02-21T08:06:43.352+0000] {ImapSmtp.py:1240} INFO - Attachment filepath: PosixPath('/data/attachments/test-215.txt')
[2024-02-21T08:06:43.352+0000] {ImapSmtp.py:1243} INFO - Saving attachment: test.txt
[2024-02-21T08:06:43.353+0000] {logging_mixin.py:188} INFO - Message from RPA Python3
[2024-02-21T08:06:43.356+0000] {ImapSmtp.py:1240} INFO - Attachment filepath: PosixPath('/data/attachments/test-216.txt')
[2024-02-21T08:06:43.357+0000] {ImapSmtp.py:1243} INFO - Saving attachment: test.txt
[2024-02-21T08:06:43.357+0000] {logging_mixin.py:188} INFO - Message from RPA Python4
[2024-02-21T08:06:43.359+0000] {ImapSmtp.py:1240} INFO - Attachment filepath: PosixPath('/data/attachments/test-217.txt')
[2024-02-21T08:06:43.360+0000] {ImapSmtp.py:1243} INFO - Saving attachment: test.txt
[2024-02-21T08:06:43.360+0000] {logging_mixin.py:188} INFO - Message from RPA Python5
[2024-02-21T08:06:43.362+0000] {ImapSmtp.py:1240} INFO - Attachment filepath: PosixPath('/data/attachments/test-218.txt')
[2024-02-21T08:06:43.363+0000] {ImapSmtp.py:1243} INFO - Saving attachment: test.txt
[2024-02-21T08:06:43.363+0000] {logging_mixin.py:188} INFO - Message from RPA Python6
[2024-02-21T08:06:43.365+0000] {ImapSmtp.py:1240} INFO - Attachment filepath: PosixPath('/data/attachments/test-219.txt')
[2024-02-21T08:06:43.365+0000] {ImapSmtp.py:1243} INFO - Saving attachment: test.txt
[2024-02-21T08:06:43.365+0000] {logging_mixin.py:188} INFO - Message from RPA Python7
[2024-02-21T08:06:43.367+0000] {ImapSmtp.py:1240} INFO - Attachment filepath: PosixPath('/data/attachments/test-220.txt')
[2024-02-21T08:06:43.367+0000] {ImapSmtp.py:1243} INFO - Saving attachment: test.txt
[2024-02-21T08:06:43.368+0000] {logging_mixin.py:188} INFO - Message from RPA Python8
[2024-02-21T08:06:43.369+0000] {ImapSmtp.py:1240} INFO - Attachment filepath: PosixPath('/data/attachments/test-221.txt')
[2024-02-21T08:06:43.369+0000] {ImapSmtp.py:1243} INFO - Saving attachment: test.txt
[2024-02-21T08:06:43.370+0000] {logging_mixin.py:188} INFO - Message from RPA Python9
[2024-02-21T08:06:43.371+0000] {ImapSmtp.py:1240} INFO - Attachment filepath: PosixPath('/data/attachments/test-222.txt')
[2024-02-21T08:06:43.371+0000] {ImapSmtp.py:1243} INFO - Saving attachment: test.txt
[2024-02-21T08:06:44.042+0000] {python.py:201} INFO - Done. Returned value was: None
[2024-02-21T08:06:44.074+0000] {taskinstance.py:1138} INFO - Marking task as SUCCESS. dag_id=extract_email, task_id=get_mail, execution_date=20240211T010000, start_date=20240221T080636, end_date=20240221T080644
[2024-02-21T08:06:44.142+0000] {local_task_job_runner.py:234} INFO - Task exited with return code 0
[2024-02-21T08:06:44.178+0000] {taskinstance.py:3280} INFO - 0 downstream tasks scheduled from follow-on schedule check
[2024-02-21T08:13:03.391+0000] {taskinstance.py:1956} INFO - Dependencies all met for dep_context=non-requeueable deps ti=<TaskInstance: extract_email.get_mail scheduled__2024-02-11T01:00:00+00:00 [queued]>
[2024-02-21T08:13:03.406+0000] {taskinstance.py:1956} INFO - Dependencies all met for dep_context=requeueable deps ti=<TaskInstance: extract_email.get_mail scheduled__2024-02-11T01:00:00+00:00 [queued]>
[2024-02-21T08:13:03.407+0000] {taskinstance.py:2170} INFO - Starting attempt 1 of 1
[2024-02-21T08:13:03.462+0000] {taskinstance.py:2191} INFO - Executing <Task(PythonOperator): get_mail> on 2024-02-11 01:00:00+00:00
[2024-02-21T08:13:03.479+0000] {standard_task_runner.py:60} INFO - Started process 168 to run task
[2024-02-21T08:13:03.495+0000] {standard_task_runner.py:87} INFO - Running: ['***', 'tasks', 'run', 'extract_email', 'get_mail', 'scheduled__2024-02-11T01:00:00+00:00', '--job-id', '229', '--raw', '--subdir', 'DAGS_FOLDER/extract_email.py', '--cfg-path', '/tmp/tmprz8esrkv']
[2024-02-21T08:13:03.497+0000] {standard_task_runner.py:88} INFO - Job 229: Subtask get_mail
[2024-02-21T08:13:03.620+0000] {task_command.py:423} INFO - Running <TaskInstance: extract_email.get_mail scheduled__2024-02-11T01:00:00+00:00 [running]> on host 968b17b6b013
[2024-02-21T08:13:03.814+0000] {taskinstance.py:2480} INFO - Exporting env vars: AIRFLOW_CTX_DAG_OWNER='***' AIRFLOW_CTX_DAG_ID='extract_email' AIRFLOW_CTX_TASK_ID='get_mail' AIRFLOW_CTX_EXECUTION_DATE='2024-02-11T01:00:00+00:00' AIRFLOW_CTX_TRY_NUMBER='1' AIRFLOW_CTX_DAG_RUN_ID='scheduled__2024-02-11T01:00:00+00:00'
[2024-02-21T08:13:07.287+0000] {ImapSmtp.py:839} INFO - IMAP search: 'gmail:'Message from RPA Python' after:15-12-2023'
[2024-02-21T08:13:10.329+0000] {logging_mixin.py:188} INFO - Message from RPA Python0
[2024-02-21T08:13:10.333+0000] {ImapSmtp.py:1240} INFO - Attachment filepath: PosixPath('/data/attachments/test-117.txt')
[2024-02-21T08:13:10.334+0000] {ImapSmtp.py:1243} INFO - Saving attachment: test.txt
[2024-02-21T08:13:10.335+0000] {logging_mixin.py:188} INFO - Message from RPA Python1
[2024-02-21T08:13:10.338+0000] {ImapSmtp.py:1240} INFO - Attachment filepath: PosixPath('/data/attachments/test-118.txt')
[2024-02-21T08:13:10.338+0000] {ImapSmtp.py:1243} INFO - Saving attachment: test.txt
[2024-02-21T08:13:10.339+0000] {logging_mixin.py:188} INFO - Message from RPA Python2
[2024-02-21T08:13:10.342+0000] {ImapSmtp.py:1240} INFO - Attachment filepath: PosixPath('/data/attachments/test-119.txt')
[2024-02-21T08:13:10.343+0000] {ImapSmtp.py:1243} INFO - Saving attachment: test.txt
[2024-02-21T08:13:10.344+0000] {logging_mixin.py:188} INFO - Message from RPA Python3
[2024-02-21T08:13:10.346+0000] {ImapSmtp.py:1240} INFO - Attachment filepath: PosixPath('/data/attachments/test-120.txt')
[2024-02-21T08:13:10.347+0000] {ImapSmtp.py:1243} INFO - Saving attachment: test.txt
[2024-02-21T08:13:10.348+0000] {logging_mixin.py:188} INFO - Message from RPA Python4
[2024-02-21T08:13:10.351+0000] {ImapSmtp.py:1240} INFO - Attachment filepath: PosixPath('/data/attachments/test-121.txt')
[2024-02-21T08:13:10.351+0000] {ImapSmtp.py:1243} INFO - Saving attachment: test.txt
[2024-02-21T08:13:10.352+0000] {logging_mixin.py:188} INFO - Message from RPA Python5
[2024-02-21T08:13:10.354+0000] {ImapSmtp.py:1240} INFO - Attachment filepath: PosixPath('/data/attachments/test-122.txt')
[2024-02-21T08:13:10.354+0000] {ImapSmtp.py:1243} INFO - Saving attachment: test.txt
[2024-02-21T08:13:10.354+0000] {logging_mixin.py:188} INFO - Message from RPA Python6
[2024-02-21T08:13:10.356+0000] {ImapSmtp.py:1240} INFO - Attachment filepath: PosixPath('/data/attachments/test-123.txt')
[2024-02-21T08:13:10.357+0000] {ImapSmtp.py:1243} INFO - Saving attachment: test.txt
[2024-02-21T08:13:10.357+0000] {logging_mixin.py:188} INFO - Message from RPA Python7
[2024-02-21T08:13:10.358+0000] {ImapSmtp.py:1240} INFO - Attachment filepath: PosixPath('/data/attachments/test-124.txt')
[2024-02-21T08:13:10.359+0000] {ImapSmtp.py:1243} INFO - Saving attachment: test.txt
[2024-02-21T08:13:10.359+0000] {logging_mixin.py:188} INFO - Message from RPA Python8
[2024-02-21T08:13:10.361+0000] {ImapSmtp.py:1240} INFO - Attachment filepath: PosixPath('/data/attachments/test-125.txt')
[2024-02-21T08:13:10.361+0000] {ImapSmtp.py:1243} INFO - Saving attachment: test.txt
[2024-02-21T08:13:10.361+0000] {logging_mixin.py:188} INFO - Message from RPA Python9
[2024-02-21T08:13:10.362+0000] {ImapSmtp.py:1240} INFO - Attachment filepath: PosixPath('/data/attachments/test-126.txt')
[2024-02-21T08:13:10.363+0000] {ImapSmtp.py:1243} INFO - Saving attachment: test.txt
[2024-02-21T08:13:10.970+0000] {python.py:201} INFO - Done. Returned value was: None
[2024-02-21T08:13:10.979+0000] {taskinstance.py:1138} INFO - Marking task as SUCCESS. dag_id=extract_email, task_id=get_mail, execution_date=20240211T010000, start_date=20240221T081303, end_date=20240221T081310
[2024-02-21T08:13:11.010+0000] {local_task_job_runner.py:234} INFO - Task exited with return code 0
[2024-02-21T08:13:11.021+0000] {taskinstance.py:3280} INFO - 0 downstream tasks scheduled from follow-on schedule check
[2024-02-21T08:18:05.341+0000] {taskinstance.py:1956} INFO - Dependencies all met for dep_context=non-requeueable deps ti=<TaskInstance: extract_email.get_mail scheduled__2024-02-11T01:00:00+00:00 [queued]>
[2024-02-21T08:18:05.367+0000] {taskinstance.py:1956} INFO - Dependencies all met for dep_context=requeueable deps ti=<TaskInstance: extract_email.get_mail scheduled__2024-02-11T01:00:00+00:00 [queued]>
[2024-02-21T08:18:05.367+0000] {taskinstance.py:2170} INFO - Starting attempt 1 of 1
[2024-02-21T08:18:05.391+0000] {taskinstance.py:2191} INFO - Executing <Task(PythonOperator): get_mail> on 2024-02-11 01:00:00+00:00
[2024-02-21T08:18:05.406+0000] {standard_task_runner.py:60} INFO - Started process 118 to run task
[2024-02-21T08:18:05.413+0000] {standard_task_runner.py:87} INFO - Running: ['***', 'tasks', 'run', 'extract_email', 'get_mail', 'scheduled__2024-02-11T01:00:00+00:00', '--job-id', '262', '--raw', '--subdir', 'DAGS_FOLDER/extract_email.py', '--cfg-path', '/tmp/tmp12cjtkyn']
[2024-02-21T08:18:05.422+0000] {standard_task_runner.py:88} INFO - Job 262: Subtask get_mail
[2024-02-21T08:18:05.514+0000] {task_command.py:423} INFO - Running <TaskInstance: extract_email.get_mail scheduled__2024-02-11T01:00:00+00:00 [running]> on host 9f5f399fdbe3
[2024-02-21T08:18:05.626+0000] {taskinstance.py:2480} INFO - Exporting env vars: AIRFLOW_CTX_DAG_OWNER='***' AIRFLOW_CTX_DAG_ID='extract_email' AIRFLOW_CTX_TASK_ID='get_mail' AIRFLOW_CTX_EXECUTION_DATE='2024-02-11T01:00:00+00:00' AIRFLOW_CTX_TRY_NUMBER='1' AIRFLOW_CTX_DAG_RUN_ID='scheduled__2024-02-11T01:00:00+00:00'
[2024-02-21T08:18:08.532+0000] {ImapSmtp.py:839} INFO - IMAP search: 'gmail:'Message from RPA Python' after:15-12-2023'
[2024-02-21T08:18:11.581+0000] {logging_mixin.py:188} INFO - Message from RPA Python0
[2024-02-21T08:18:11.582+0000] {ImapSmtp.py:1240} INFO - Attachment filepath: PosixPath('/data/attachments/test-269.txt')
[2024-02-21T08:18:11.583+0000] {ImapSmtp.py:1243} INFO - Saving attachment: test.txt
[2024-02-21T08:18:11.583+0000] {logging_mixin.py:188} INFO - Message from RPA Python1
[2024-02-21T08:18:11.585+0000] {ImapSmtp.py:1240} INFO - Attachment filepath: PosixPath('/data/attachments/test-270.txt')
[2024-02-21T08:18:11.585+0000] {ImapSmtp.py:1243} INFO - Saving attachment: test.txt
[2024-02-21T08:18:11.585+0000] {logging_mixin.py:188} INFO - Message from RPA Python2
[2024-02-21T08:18:11.586+0000] {ImapSmtp.py:1240} INFO - Attachment filepath: PosixPath('/data/attachments/test-271.txt')
[2024-02-21T08:18:11.587+0000] {ImapSmtp.py:1243} INFO - Saving attachment: test.txt
[2024-02-21T08:18:11.587+0000] {logging_mixin.py:188} INFO - Message from RPA Python3
[2024-02-21T08:18:11.588+0000] {ImapSmtp.py:1240} INFO - Attachment filepath: PosixPath('/data/attachments/test-272.txt')
[2024-02-21T08:18:11.588+0000] {ImapSmtp.py:1243} INFO - Saving attachment: test.txt
[2024-02-21T08:18:11.588+0000] {logging_mixin.py:188} INFO - Message from RPA Python4
[2024-02-21T08:18:11.590+0000] {ImapSmtp.py:1240} INFO - Attachment filepath: PosixPath('/data/attachments/test-273.txt')
[2024-02-21T08:18:11.590+0000] {ImapSmtp.py:1243} INFO - Saving attachment: test.txt
[2024-02-21T08:18:11.590+0000] {logging_mixin.py:188} INFO - Message from RPA Python5
[2024-02-21T08:18:11.591+0000] {ImapSmtp.py:1240} INFO - Attachment filepath: PosixPath('/data/attachments/test-274.txt')
[2024-02-21T08:18:11.591+0000] {ImapSmtp.py:1243} INFO - Saving attachment: test.txt
[2024-02-21T08:18:11.592+0000] {logging_mixin.py:188} INFO - Message from RPA Python6
[2024-02-21T08:18:11.593+0000] {ImapSmtp.py:1240} INFO - Attachment filepath: PosixPath('/data/attachments/test-275.txt')
[2024-02-21T08:18:11.593+0000] {ImapSmtp.py:1243} INFO - Saving attachment: test.txt
[2024-02-21T08:18:11.593+0000] {logging_mixin.py:188} INFO - Message from RPA Python7
[2024-02-21T08:18:11.595+0000] {ImapSmtp.py:1240} INFO - Attachment filepath: PosixPath('/data/attachments/test-276.txt')
[2024-02-21T08:18:11.595+0000] {ImapSmtp.py:1243} INFO - Saving attachment: test.txt
[2024-02-21T08:18:11.595+0000] {logging_mixin.py:188} INFO - Message from RPA Python8
[2024-02-21T08:18:11.596+0000] {ImapSmtp.py:1240} INFO - Attachment filepath: PosixPath('/data/attachments/test-277.txt')
[2024-02-21T08:18:11.596+0000] {ImapSmtp.py:1243} INFO - Saving attachment: test.txt
[2024-02-21T08:18:11.596+0000] {logging_mixin.py:188} INFO - Message from RPA Python9
[2024-02-21T08:18:11.598+0000] {ImapSmtp.py:1240} INFO - Attachment filepath: PosixPath('/data/attachments/test-278.txt')
[2024-02-21T08:18:11.598+0000] {ImapSmtp.py:1243} INFO - Saving attachment: test.txt
[2024-02-21T08:18:12.294+0000] {python.py:201} INFO - Done. Returned value was: None
[2024-02-21T08:18:12.325+0000] {taskinstance.py:1138} INFO - Marking task as SUCCESS. dag_id=extract_email, task_id=get_mail, execution_date=20240211T010000, start_date=20240221T081805, end_date=20240221T081812
[2024-02-21T08:18:12.396+0000] {local_task_job_runner.py:234} INFO - Task exited with return code 0
[2024-02-21T08:18:12.420+0000] {taskinstance.py:3280} INFO - 0 downstream tasks scheduled from follow-on schedule check
