[2024-02-21T08:06:15.693+0000] {taskinstance.py:1956} INFO - Dependencies all met for dep_context=non-requeueable deps ti=<TaskInstance: extract_email.get_mail scheduled__2024-01-26T01:00:00+00:00 [queued]>
[2024-02-21T08:06:15.703+0000] {taskinstance.py:1956} INFO - Dependencies all met for dep_context=requeueable deps ti=<TaskInstance: extract_email.get_mail scheduled__2024-01-26T01:00:00+00:00 [queued]>
[2024-02-21T08:06:15.703+0000] {taskinstance.py:2170} INFO - Starting attempt 1 of 1
[2024-02-21T08:06:15.713+0000] {taskinstance.py:2191} INFO - Executing <Task(PythonOperator): get_mail> on 2024-01-26 01:00:00+00:00
[2024-02-21T08:06:15.717+0000] {standard_task_runner.py:60} INFO - Started process 140 to run task
[2024-02-21T08:06:15.719+0000] {standard_task_runner.py:87} INFO - Running: ['***', 'tasks', 'run', 'extract_email', 'get_mail', 'scheduled__2024-01-26T01:00:00+00:00', '--job-id', '176', '--raw', '--subdir', 'DAGS_FOLDER/extract_email.py', '--cfg-path', '/tmp/tmpzk2oi_2v']
[2024-02-21T08:06:15.721+0000] {standard_task_runner.py:88} INFO - Job 176: Subtask get_mail
[2024-02-21T08:06:15.760+0000] {task_command.py:423} INFO - Running <TaskInstance: extract_email.get_mail scheduled__2024-01-26T01:00:00+00:00 [running]> on host 96f19b77385b
[2024-02-21T08:06:15.823+0000] {taskinstance.py:2480} INFO - Exporting env vars: AIRFLOW_CTX_DAG_OWNER='***' AIRFLOW_CTX_DAG_ID='extract_email' AIRFLOW_CTX_TASK_ID='get_mail' AIRFLOW_CTX_EXECUTION_DATE='2024-01-26T01:00:00+00:00' AIRFLOW_CTX_TRY_NUMBER='1' AIRFLOW_CTX_DAG_RUN_ID='scheduled__2024-01-26T01:00:00+00:00'
[2024-02-21T08:06:18.555+0000] {ImapSmtp.py:839} INFO - IMAP search: 'gmail:'Message from RPA Python' after:15-12-2023'
[2024-02-21T08:06:21.766+0000] {logging_mixin.py:188} INFO - Message from RPA Python0
[2024-02-21T08:06:21.768+0000] {ImapSmtp.py:1240} INFO - Attachment filepath: PosixPath('/data/attachments/test-107.txt')
[2024-02-21T08:06:21.769+0000] {ImapSmtp.py:1243} INFO - Saving attachment: test.txt
[2024-02-21T08:06:21.770+0000] {logging_mixin.py:188} INFO - Message from RPA Python1
[2024-02-21T08:06:21.771+0000] {ImapSmtp.py:1240} INFO - Attachment filepath: PosixPath('/data/attachments/test-108.txt')
[2024-02-21T08:06:21.772+0000] {ImapSmtp.py:1243} INFO - Saving attachment: test.txt
[2024-02-21T08:06:21.772+0000] {logging_mixin.py:188} INFO - Message from RPA Python2
[2024-02-21T08:06:21.773+0000] {ImapSmtp.py:1240} INFO - Attachment filepath: PosixPath('/data/attachments/test-109.txt')
[2024-02-21T08:06:21.773+0000] {ImapSmtp.py:1243} INFO - Saving attachment: test.txt
[2024-02-21T08:06:21.773+0000] {logging_mixin.py:188} INFO - Message from RPA Python3
[2024-02-21T08:06:21.774+0000] {ImapSmtp.py:1240} INFO - Attachment filepath: PosixPath('/data/attachments/test-110.txt')
[2024-02-21T08:06:21.774+0000] {ImapSmtp.py:1243} INFO - Saving attachment: test.txt
[2024-02-21T08:06:21.774+0000] {logging_mixin.py:188} INFO - Message from RPA Python4
[2024-02-21T08:06:21.775+0000] {ImapSmtp.py:1240} INFO - Attachment filepath: PosixPath('/data/attachments/test-111.txt')
[2024-02-21T08:06:21.775+0000] {ImapSmtp.py:1243} INFO - Saving attachment: test.txt
[2024-02-21T08:06:21.776+0000] {logging_mixin.py:188} INFO - Message from RPA Python5
[2024-02-21T08:06:21.777+0000] {ImapSmtp.py:1240} INFO - Attachment filepath: PosixPath('/data/attachments/test-112.txt')
[2024-02-21T08:06:21.777+0000] {ImapSmtp.py:1243} INFO - Saving attachment: test.txt
[2024-02-21T08:06:21.777+0000] {logging_mixin.py:188} INFO - Message from RPA Python6
[2024-02-21T08:06:21.778+0000] {ImapSmtp.py:1240} INFO - Attachment filepath: PosixPath('/data/attachments/test-113.txt')
[2024-02-21T08:06:21.778+0000] {ImapSmtp.py:1243} INFO - Saving attachment: test.txt
[2024-02-21T08:06:21.778+0000] {logging_mixin.py:188} INFO - Message from RPA Python7
[2024-02-21T08:06:21.779+0000] {ImapSmtp.py:1240} INFO - Attachment filepath: PosixPath('/data/attachments/test-114.txt')
[2024-02-21T08:06:21.779+0000] {ImapSmtp.py:1243} INFO - Saving attachment: test.txt
[2024-02-21T08:06:21.779+0000] {logging_mixin.py:188} INFO - Message from RPA Python8
[2024-02-21T08:06:21.780+0000] {ImapSmtp.py:1240} INFO - Attachment filepath: PosixPath('/data/attachments/test-115.txt')
[2024-02-21T08:06:21.780+0000] {ImapSmtp.py:1243} INFO - Saving attachment: test.txt
[2024-02-21T08:06:21.780+0000] {logging_mixin.py:188} INFO - Message from RPA Python9
[2024-02-21T08:06:21.780+0000] {ImapSmtp.py:1240} INFO - Attachment filepath: PosixPath('/data/attachments/test-116.txt')
[2024-02-21T08:06:21.781+0000] {ImapSmtp.py:1243} INFO - Saving attachment: test.txt
[2024-02-21T08:06:22.380+0000] {python.py:201} INFO - Done. Returned value was: None
[2024-02-21T08:06:22.421+0000] {taskinstance.py:1138} INFO - Marking task as SUCCESS. dag_id=extract_email, task_id=get_mail, execution_date=20240126T010000, start_date=20240221T080615, end_date=20240221T080622
[2024-02-21T08:06:22.487+0000] {local_task_job_runner.py:234} INFO - Task exited with return code 0
[2024-02-21T08:06:22.510+0000] {taskinstance.py:3280} INFO - 0 downstream tasks scheduled from follow-on schedule check
[2024-02-21T08:12:42.582+0000] {taskinstance.py:1956} INFO - Dependencies all met for dep_context=non-requeueable deps ti=<TaskInstance: extract_email.get_mail scheduled__2024-01-26T01:00:00+00:00 [queued]>
[2024-02-21T08:12:42.588+0000] {taskinstance.py:1956} INFO - Dependencies all met for dep_context=requeueable deps ti=<TaskInstance: extract_email.get_mail scheduled__2024-01-26T01:00:00+00:00 [queued]>
[2024-02-21T08:12:42.588+0000] {taskinstance.py:2170} INFO - Starting attempt 1 of 1
[2024-02-21T08:12:42.597+0000] {taskinstance.py:2191} INFO - Executing <Task(PythonOperator): get_mail> on 2024-01-26 01:00:00+00:00
[2024-02-21T08:12:42.601+0000] {standard_task_runner.py:60} INFO - Started process 131 to run task
[2024-02-21T08:12:42.602+0000] {standard_task_runner.py:87} INFO - Running: ['***', 'tasks', 'run', 'extract_email', 'get_mail', 'scheduled__2024-01-26T01:00:00+00:00', '--job-id', '208', '--raw', '--subdir', 'DAGS_FOLDER/extract_email.py', '--cfg-path', '/tmp/tmpngtq06tn']
[2024-02-21T08:12:42.604+0000] {standard_task_runner.py:88} INFO - Job 208: Subtask get_mail
[2024-02-21T08:12:42.633+0000] {task_command.py:423} INFO - Running <TaskInstance: extract_email.get_mail scheduled__2024-01-26T01:00:00+00:00 [running]> on host 968b17b6b013
[2024-02-21T08:12:42.680+0000] {taskinstance.py:2480} INFO - Exporting env vars: AIRFLOW_CTX_DAG_OWNER='***' AIRFLOW_CTX_DAG_ID='extract_email' AIRFLOW_CTX_TASK_ID='get_mail' AIRFLOW_CTX_EXECUTION_DATE='2024-01-26T01:00:00+00:00' AIRFLOW_CTX_TRY_NUMBER='1' AIRFLOW_CTX_DAG_RUN_ID='scheduled__2024-01-26T01:00:00+00:00'
[2024-02-21T08:12:45.915+0000] {ImapSmtp.py:839} INFO - IMAP search: 'gmail:'Message from RPA Python' after:15-12-2023'
[2024-02-21T08:12:49.088+0000] {logging_mixin.py:188} INFO - Message from RPA Python0
[2024-02-21T08:12:49.090+0000] {ImapSmtp.py:1240} INFO - Attachment filepath: PosixPath('/data/attachments/test-11.txt')
[2024-02-21T08:12:49.092+0000] {ImapSmtp.py:1243} INFO - Saving attachment: test.txt
[2024-02-21T08:12:49.093+0000] {logging_mixin.py:188} INFO - Message from RPA Python1
[2024-02-21T08:12:49.095+0000] {ImapSmtp.py:1240} INFO - Attachment filepath: PosixPath('/data/attachments/test-12.txt')
[2024-02-21T08:12:49.095+0000] {ImapSmtp.py:1243} INFO - Saving attachment: test.txt
[2024-02-21T08:12:49.097+0000] {logging_mixin.py:188} INFO - Message from RPA Python2
[2024-02-21T08:12:49.098+0000] {ImapSmtp.py:1240} INFO - Attachment filepath: PosixPath('/data/attachments/test-13.txt')
[2024-02-21T08:12:49.099+0000] {ImapSmtp.py:1243} INFO - Saving attachment: test.txt
[2024-02-21T08:12:49.100+0000] {logging_mixin.py:188} INFO - Message from RPA Python3
[2024-02-21T08:12:49.102+0000] {ImapSmtp.py:1240} INFO - Attachment filepath: PosixPath('/data/attachments/test-14.txt')
[2024-02-21T08:12:49.103+0000] {ImapSmtp.py:1243} INFO - Saving attachment: test.txt
[2024-02-21T08:12:49.104+0000] {logging_mixin.py:188} INFO - Message from RPA Python4
[2024-02-21T08:12:49.106+0000] {ImapSmtp.py:1240} INFO - Attachment filepath: PosixPath('/data/attachments/test-15.txt')
[2024-02-21T08:12:49.106+0000] {ImapSmtp.py:1243} INFO - Saving attachment: test.txt
[2024-02-21T08:12:49.108+0000] {logging_mixin.py:188} INFO - Message from RPA Python5
[2024-02-21T08:12:49.109+0000] {ImapSmtp.py:1240} INFO - Attachment filepath: PosixPath('/data/attachments/test-17.txt')
[2024-02-21T08:12:49.110+0000] {ImapSmtp.py:1243} INFO - Saving attachment: test.txt
[2024-02-21T08:12:49.111+0000] {logging_mixin.py:188} INFO - Message from RPA Python6
[2024-02-21T08:12:49.112+0000] {ImapSmtp.py:1240} INFO - Attachment filepath: PosixPath('/data/attachments/test-18.txt')
[2024-02-21T08:12:49.113+0000] {ImapSmtp.py:1243} INFO - Saving attachment: test.txt
[2024-02-21T08:12:49.114+0000] {logging_mixin.py:188} INFO - Message from RPA Python7
[2024-02-21T08:12:49.115+0000] {ImapSmtp.py:1240} INFO - Attachment filepath: PosixPath('/data/attachments/test-20.txt')
[2024-02-21T08:12:49.116+0000] {ImapSmtp.py:1243} INFO - Saving attachment: test.txt
[2024-02-21T08:12:49.116+0000] {logging_mixin.py:188} INFO - Message from RPA Python8
[2024-02-21T08:12:49.117+0000] {ImapSmtp.py:1240} INFO - Attachment filepath: PosixPath('/data/attachments/test-21.txt')
[2024-02-21T08:12:49.118+0000] {ImapSmtp.py:1243} INFO - Saving attachment: test.txt
[2024-02-21T08:12:49.118+0000] {logging_mixin.py:188} INFO - Message from RPA Python9
[2024-02-21T08:12:49.119+0000] {ImapSmtp.py:1240} INFO - Attachment filepath: PosixPath('/data/attachments/test-23.txt')
[2024-02-21T08:12:49.120+0000] {ImapSmtp.py:1243} INFO - Saving attachment: test.txt
[2024-02-21T08:12:49.774+0000] {python.py:201} INFO - Done. Returned value was: None
[2024-02-21T08:12:49.788+0000] {taskinstance.py:1138} INFO - Marking task as SUCCESS. dag_id=extract_email, task_id=get_mail, execution_date=20240126T010000, start_date=20240221T081242, end_date=20240221T081249
[2024-02-21T08:12:49.837+0000] {local_task_job_runner.py:234} INFO - Task exited with return code 0
[2024-02-21T08:12:49.851+0000] {taskinstance.py:3280} INFO - 0 downstream tasks scheduled from follow-on schedule check
[2024-02-21T08:17:44.866+0000] {taskinstance.py:1956} INFO - Dependencies all met for dep_context=non-requeueable deps ti=<TaskInstance: extract_email.get_mail scheduled__2024-01-26T01:00:00+00:00 [queued]>
[2024-02-21T08:17:44.878+0000] {taskinstance.py:1956} INFO - Dependencies all met for dep_context=requeueable deps ti=<TaskInstance: extract_email.get_mail scheduled__2024-01-26T01:00:00+00:00 [queued]>
[2024-02-21T08:17:44.880+0000] {taskinstance.py:2170} INFO - Starting attempt 1 of 1
[2024-02-21T08:17:44.894+0000] {taskinstance.py:2191} INFO - Executing <Task(PythonOperator): get_mail> on 2024-01-26 01:00:00+00:00
[2024-02-21T08:17:44.899+0000] {standard_task_runner.py:60} INFO - Started process 85 to run task
[2024-02-21T08:17:44.902+0000] {standard_task_runner.py:87} INFO - Running: ['***', 'tasks', 'run', 'extract_email', 'get_mail', 'scheduled__2024-01-26T01:00:00+00:00', '--job-id', '245', '--raw', '--subdir', 'DAGS_FOLDER/extract_email.py', '--cfg-path', '/tmp/tmpnldtfkau']
[2024-02-21T08:17:44.903+0000] {standard_task_runner.py:88} INFO - Job 245: Subtask get_mail
[2024-02-21T08:17:44.942+0000] {task_command.py:423} INFO - Running <TaskInstance: extract_email.get_mail scheduled__2024-01-26T01:00:00+00:00 [running]> on host 9f5f399fdbe3
[2024-02-21T08:17:45.037+0000] {taskinstance.py:2480} INFO - Exporting env vars: AIRFLOW_CTX_DAG_OWNER='***' AIRFLOW_CTX_DAG_ID='extract_email' AIRFLOW_CTX_TASK_ID='get_mail' AIRFLOW_CTX_EXECUTION_DATE='2024-01-26T01:00:00+00:00' AIRFLOW_CTX_TRY_NUMBER='1' AIRFLOW_CTX_DAG_RUN_ID='scheduled__2024-01-26T01:00:00+00:00'
[2024-02-21T08:17:48.649+0000] {ImapSmtp.py:839} INFO - IMAP search: 'gmail:'Message from RPA Python' after:15-12-2023'
[2024-02-21T08:17:52.447+0000] {logging_mixin.py:188} INFO - Message from RPA Python0
[2024-02-21T08:17:52.452+0000] {ImapSmtp.py:1240} INFO - Attachment filepath: PosixPath('/data/attachments/test-177.txt')
[2024-02-21T08:17:52.453+0000] {ImapSmtp.py:1243} INFO - Saving attachment: test.txt
[2024-02-21T08:17:52.454+0000] {logging_mixin.py:188} INFO - Message from RPA Python1
[2024-02-21T08:17:52.458+0000] {ImapSmtp.py:1240} INFO - Attachment filepath: PosixPath('/data/attachments/test-178.txt')
[2024-02-21T08:17:52.458+0000] {ImapSmtp.py:1243} INFO - Saving attachment: test.txt
[2024-02-21T08:17:52.460+0000] {logging_mixin.py:188} INFO - Message from RPA Python2
[2024-02-21T08:17:52.464+0000] {ImapSmtp.py:1240} INFO - Attachment filepath: PosixPath('/data/attachments/test-179.txt')
[2024-02-21T08:17:52.465+0000] {ImapSmtp.py:1243} INFO - Saving attachment: test.txt
[2024-02-21T08:17:52.466+0000] {logging_mixin.py:188} INFO - Message from RPA Python3
[2024-02-21T08:17:52.468+0000] {ImapSmtp.py:1240} INFO - Attachment filepath: PosixPath('/data/attachments/test-180.txt')
[2024-02-21T08:17:52.469+0000] {ImapSmtp.py:1243} INFO - Saving attachment: test.txt
[2024-02-21T08:17:52.469+0000] {logging_mixin.py:188} INFO - Message from RPA Python4
[2024-02-21T08:17:52.471+0000] {ImapSmtp.py:1240} INFO - Attachment filepath: PosixPath('/data/attachments/test-181.txt')
[2024-02-21T08:17:52.472+0000] {ImapSmtp.py:1243} INFO - Saving attachment: test.txt
[2024-02-21T08:17:52.472+0000] {logging_mixin.py:188} INFO - Message from RPA Python5
[2024-02-21T08:17:52.474+0000] {ImapSmtp.py:1240} INFO - Attachment filepath: PosixPath('/data/attachments/test-182.txt')
[2024-02-21T08:17:52.474+0000] {ImapSmtp.py:1243} INFO - Saving attachment: test.txt
[2024-02-21T08:17:52.475+0000] {logging_mixin.py:188} INFO - Message from RPA Python6
[2024-02-21T08:17:52.476+0000] {ImapSmtp.py:1240} INFO - Attachment filepath: PosixPath('/data/attachments/test-183.txt')
[2024-02-21T08:17:52.477+0000] {ImapSmtp.py:1243} INFO - Saving attachment: test.txt
[2024-02-21T08:17:52.477+0000] {logging_mixin.py:188} INFO - Message from RPA Python7
[2024-02-21T08:17:52.479+0000] {ImapSmtp.py:1240} INFO - Attachment filepath: PosixPath('/data/attachments/test-184.txt')
[2024-02-21T08:17:52.479+0000] {ImapSmtp.py:1243} INFO - Saving attachment: test.txt
[2024-02-21T08:17:52.480+0000] {logging_mixin.py:188} INFO - Message from RPA Python8
[2024-02-21T08:17:52.481+0000] {ImapSmtp.py:1240} INFO - Attachment filepath: PosixPath('/data/attachments/test-185.txt')
[2024-02-21T08:17:52.481+0000] {ImapSmtp.py:1243} INFO - Saving attachment: test.txt
[2024-02-21T08:17:52.482+0000] {logging_mixin.py:188} INFO - Message from RPA Python9
[2024-02-21T08:17:52.483+0000] {ImapSmtp.py:1240} INFO - Attachment filepath: PosixPath('/data/attachments/test-186.txt')
[2024-02-21T08:17:52.483+0000] {ImapSmtp.py:1243} INFO - Saving attachment: test.txt
[2024-02-21T08:17:53.199+0000] {python.py:201} INFO - Done. Returned value was: None
[2024-02-21T08:17:53.219+0000] {taskinstance.py:1138} INFO - Marking task as SUCCESS. dag_id=extract_email, task_id=get_mail, execution_date=20240126T010000, start_date=20240221T081744, end_date=20240221T081753
[2024-02-21T08:17:53.260+0000] {local_task_job_runner.py:234} INFO - Task exited with return code 0
[2024-02-21T08:17:53.272+0000] {taskinstance.py:3280} INFO - 0 downstream tasks scheduled from follow-on schedule check
