[2024-02-22T04:18:48.346+0000] {taskinstance.py:1956} INFO - Dependencies all met for dep_context=non-requeueable deps ti=<TaskInstance: extract_email.get_mail manual__2024-02-22T04:18:45.072438+00:00 [queued]>
[2024-02-22T04:18:48.351+0000] {taskinstance.py:1956} INFO - Dependencies all met for dep_context=requeueable deps ti=<TaskInstance: extract_email.get_mail manual__2024-02-22T04:18:45.072438+00:00 [queued]>
[2024-02-22T04:18:48.352+0000] {taskinstance.py:2170} INFO - Starting attempt 1 of 1
[2024-02-22T04:18:48.359+0000] {taskinstance.py:2191} INFO - Executing <Task(PythonOperator): get_mail> on 2024-02-22 04:18:45.072438+00:00
[2024-02-22T04:18:48.363+0000] {standard_task_runner.py:60} INFO - Started process 95 to run task
[2024-02-22T04:18:48.365+0000] {standard_task_runner.py:87} INFO - Running: ['***', 'tasks', 'run', 'extract_email', 'get_mail', 'manual__2024-02-22T04:18:45.072438+00:00', '--job-id', '321', '--raw', '--subdir', 'DAGS_FOLDER/extract_email.py', '--cfg-path', '/tmp/tmpq0gtiplk']
[2024-02-22T04:18:48.366+0000] {standard_task_runner.py:88} INFO - Job 321: Subtask get_mail
[2024-02-22T04:18:48.397+0000] {task_command.py:423} INFO - Running <TaskInstance: extract_email.get_mail manual__2024-02-22T04:18:45.072438+00:00 [running]> on host 180a2514e342
[2024-02-22T04:18:48.455+0000] {taskinstance.py:2480} INFO - Exporting env vars: AIRFLOW_CTX_DAG_OWNER='***' AIRFLOW_CTX_DAG_ID='extract_email' AIRFLOW_CTX_TASK_ID='get_mail' AIRFLOW_CTX_EXECUTION_DATE='2024-02-22T04:18:45.072438+00:00' AIRFLOW_CTX_TRY_NUMBER='1' AIRFLOW_CTX_DAG_RUN_ID='manual__2024-02-22T04:18:45.072438+00:00'
[2024-02-22T04:18:52.354+0000] {ImapSmtp.py:839} INFO - IMAP search: 'gmail:'Message from RPA Python' after:15-12-2023'
[2024-02-22T04:18:59.230+0000] {ImapSmtp.py:1240} INFO - Attachment filepath: PosixPath('/data/attachments/test.txt')
[2024-02-22T04:18:59.232+0000] {ImapSmtp.py:1243} INFO - Saving attachment: test.txt
[2024-02-22T04:18:59.234+0000] {ImapSmtp.py:1240} INFO - Attachment filepath: PosixPath('/data/attachments/test-2.txt')
[2024-02-22T04:18:59.235+0000] {ImapSmtp.py:1243} INFO - Saving attachment: test.txt
[2024-02-22T04:18:59.237+0000] {ImapSmtp.py:1240} INFO - Attachment filepath: PosixPath('/data/attachments/test-3.txt')
[2024-02-22T04:18:59.237+0000] {ImapSmtp.py:1243} INFO - Saving attachment: test.txt
[2024-02-22T04:18:59.239+0000] {ImapSmtp.py:1240} INFO - Attachment filepath: PosixPath('/data/attachments/test-4.txt')
[2024-02-22T04:18:59.240+0000] {ImapSmtp.py:1243} INFO - Saving attachment: test.txt
[2024-02-22T04:18:59.242+0000] {ImapSmtp.py:1240} INFO - Attachment filepath: PosixPath('/data/attachments/test-5.txt')
[2024-02-22T04:18:59.242+0000] {ImapSmtp.py:1243} INFO - Saving attachment: test.txt
[2024-02-22T04:18:59.244+0000] {ImapSmtp.py:1240} INFO - Attachment filepath: PosixPath('/data/attachments/test-6.txt')
[2024-02-22T04:18:59.244+0000] {ImapSmtp.py:1243} INFO - Saving attachment: test.txt
[2024-02-22T04:18:59.246+0000] {ImapSmtp.py:1240} INFO - Attachment filepath: PosixPath('/data/attachments/test-7.txt')
[2024-02-22T04:18:59.247+0000] {ImapSmtp.py:1243} INFO - Saving attachment: test.txt
[2024-02-22T04:18:59.248+0000] {ImapSmtp.py:1240} INFO - Attachment filepath: PosixPath('/data/attachments/test-8.txt')
[2024-02-22T04:18:59.248+0000] {ImapSmtp.py:1243} INFO - Saving attachment: test.txt
[2024-02-22T04:18:59.250+0000] {ImapSmtp.py:1240} INFO - Attachment filepath: PosixPath('/data/attachments/test-9.txt')
[2024-02-22T04:18:59.250+0000] {ImapSmtp.py:1243} INFO - Saving attachment: test.txt
[2024-02-22T04:18:59.251+0000] {ImapSmtp.py:1240} INFO - Attachment filepath: PosixPath('/data/attachments/test-10.txt')
[2024-02-22T04:18:59.252+0000] {ImapSmtp.py:1243} INFO - Saving attachment: test.txt
[2024-02-22T04:18:59.252+0000] {ImapSmtp.py:1240} INFO - Attachment filepath: PosixPath('/data/attachments/test-11.txt')
[2024-02-22T04:18:59.253+0000] {ImapSmtp.py:1243} INFO - Saving attachment: test.txt
[2024-02-22T04:18:59.254+0000] {ImapSmtp.py:1240} INFO - Attachment filepath: PosixPath('/data/attachments/test-12.txt')
[2024-02-22T04:18:59.254+0000] {ImapSmtp.py:1243} INFO - Saving attachment: test.txt
[2024-02-22T04:18:59.255+0000] {ImapSmtp.py:1240} INFO - Attachment filepath: PosixPath('/data/attachments/test-13.txt')
[2024-02-22T04:18:59.255+0000] {ImapSmtp.py:1243} INFO - Saving attachment: test.txt
[2024-02-22T04:18:59.256+0000] {ImapSmtp.py:1240} INFO - Attachment filepath: PosixPath('/data/attachments/test-14.txt')
[2024-02-22T04:18:59.257+0000] {ImapSmtp.py:1243} INFO - Saving attachment: test.txt
[2024-02-22T04:18:59.257+0000] {ImapSmtp.py:1240} INFO - Attachment filepath: PosixPath('/data/attachments/test-15.txt')
[2024-02-22T04:18:59.257+0000] {ImapSmtp.py:1243} INFO - Saving attachment: test.txt
[2024-02-22T04:18:59.258+0000] {ImapSmtp.py:1240} INFO - Attachment filepath: PosixPath('/data/attachments/test-16.txt')
[2024-02-22T04:18:59.259+0000] {ImapSmtp.py:1243} INFO - Saving attachment: test.txt
[2024-02-22T04:18:59.259+0000] {ImapSmtp.py:1240} INFO - Attachment filepath: PosixPath('/data/attachments/test-17.txt')
[2024-02-22T04:18:59.260+0000] {ImapSmtp.py:1243} INFO - Saving attachment: test.txt
[2024-02-22T04:18:59.260+0000] {ImapSmtp.py:1240} INFO - Attachment filepath: PosixPath('/data/attachments/test-18.txt')
[2024-02-22T04:18:59.261+0000] {ImapSmtp.py:1243} INFO - Saving attachment: test.txt
[2024-02-22T04:18:59.261+0000] {ImapSmtp.py:1240} INFO - Attachment filepath: PosixPath('/data/attachments/test-19.txt')
[2024-02-22T04:18:59.262+0000] {ImapSmtp.py:1243} INFO - Saving attachment: test.txt
[2024-02-22T04:18:59.262+0000] {ImapSmtp.py:1240} INFO - Attachment filepath: PosixPath('/data/attachments/test-20.txt')
[2024-02-22T04:18:59.262+0000] {ImapSmtp.py:1243} INFO - Saving attachment: test.txt
[2024-02-22T04:19:00.132+0000] {python.py:201} INFO - Done. Returned value was: None
[2024-02-22T04:19:00.139+0000] {taskinstance.py:1138} INFO - Marking task as SUCCESS. dag_id=extract_email, task_id=get_mail, execution_date=20240222T041845, start_date=20240222T041848, end_date=20240222T041900
[2024-02-22T04:19:00.203+0000] {local_task_job_runner.py:234} INFO - Task exited with return code 0
[2024-02-22T04:19:00.217+0000] {taskinstance.py:3280} INFO - 1 downstream tasks scheduled from follow-on schedule check
