[2024-02-22T04:19:05.152+0000] {taskinstance.py:1956} INFO - Dependencies all met for dep_context=non-requeueable deps ti=<TaskInstance: extract_email.send_message manual__2024-02-22T04:18:45.072438+00:00 [queued]>
[2024-02-22T04:19:05.159+0000] {taskinstance.py:1956} INFO - Dependencies all met for dep_context=requeueable deps ti=<TaskInstance: extract_email.send_message manual__2024-02-22T04:18:45.072438+00:00 [queued]>
[2024-02-22T04:19:05.160+0000] {taskinstance.py:2170} INFO - Starting attempt 1 of 1
[2024-02-22T04:19:05.170+0000] {taskinstance.py:2191} INFO - Executing <Task(PythonOperator): send_message> on 2024-02-22 04:18:45.072438+00:00
[2024-02-22T04:19:05.176+0000] {standard_task_runner.py:60} INFO - Started process 105 to run task
[2024-02-22T04:19:05.178+0000] {standard_task_runner.py:87} INFO - Running: ['***', 'tasks', 'run', 'extract_email', 'send_message', 'manual__2024-02-22T04:18:45.072438+00:00', '--job-id', '322', '--raw', '--subdir', 'DAGS_FOLDER/extract_email.py', '--cfg-path', '/tmp/tmpx5v5nu6d']
[2024-02-22T04:19:05.179+0000] {standard_task_runner.py:88} INFO - Job 322: Subtask send_message
[2024-02-22T04:19:05.214+0000] {task_command.py:423} INFO - Running <TaskInstance: extract_email.send_message manual__2024-02-22T04:18:45.072438+00:00 [running]> on host 180a2514e342
[2024-02-22T04:19:05.274+0000] {taskinstance.py:2480} INFO - Exporting env vars: AIRFLOW_CTX_DAG_OWNER='***' AIRFLOW_CTX_DAG_ID='extract_email' AIRFLOW_CTX_TASK_ID='send_message' AIRFLOW_CTX_EXECUTION_DATE='2024-02-22T04:18:45.072438+00:00' AIRFLOW_CTX_TRY_NUMBER='1' AIRFLOW_CTX_DAG_RUN_ID='manual__2024-02-22T04:18:45.072438+00:00'
[2024-02-22T04:19:06.367+0000] {logging_mixin.py:188} INFO - Đã gửi dữ liệu message 0 tới topic 'credit_card'
[2024-02-22T04:19:07.376+0000] {logging_mixin.py:188} INFO - Đã gửi dữ liệu message 1 tới topic 'credit_card'
[2024-02-22T04:19:08.387+0000] {logging_mixin.py:188} INFO - Đã gửi dữ liệu message 2 tới topic 'credit_card'
[2024-02-22T04:19:09.400+0000] {logging_mixin.py:188} INFO - Đã gửi dữ liệu message 3 tới topic 'credit_card'
[2024-02-22T04:19:10.409+0000] {logging_mixin.py:188} INFO - Đã gửi dữ liệu message 4 tới topic 'credit_card'
[2024-02-22T04:19:11.420+0000] {logging_mixin.py:188} INFO - Đã gửi dữ liệu message 5 tới topic 'credit_card'
[2024-02-22T04:19:12.429+0000] {logging_mixin.py:188} INFO - Đã gửi dữ liệu message 6 tới topic 'credit_card'
[2024-02-22T04:19:13.438+0000] {logging_mixin.py:188} INFO - Đã gửi dữ liệu message 7 tới topic 'credit_card'
[2024-02-22T04:19:14.449+0000] {logging_mixin.py:188} INFO - Đã gửi dữ liệu message 8 tới topic 'credit_card'
[2024-02-22T04:19:15.462+0000] {logging_mixin.py:188} INFO - Đã gửi dữ liệu message 9 tới topic 'credit_card'
[2024-02-22T04:19:16.474+0000] {logging_mixin.py:188} INFO - Đã gửi dữ liệu message 10 tới topic 'credit_card'
[2024-02-22T04:19:17.487+0000] {logging_mixin.py:188} INFO - Đã gửi dữ liệu message 11 tới topic 'credit_card'
[2024-02-22T04:19:18.498+0000] {logging_mixin.py:188} INFO - Đã gửi dữ liệu message 12 tới topic 'credit_card'
[2024-02-22T04:19:19.509+0000] {logging_mixin.py:188} INFO - Đã gửi dữ liệu message 13 tới topic 'credit_card'
[2024-02-22T04:19:20.521+0000] {logging_mixin.py:188} INFO - Đã gửi dữ liệu message 14 tới topic 'credit_card'
[2024-02-22T04:19:21.532+0000] {logging_mixin.py:188} INFO - Đã gửi dữ liệu message 15 tới topic 'credit_card'
[2024-02-22T04:19:22.542+0000] {logging_mixin.py:188} INFO - Đã gửi dữ liệu message 16 tới topic 'credit_card'
[2024-02-22T04:19:23.550+0000] {logging_mixin.py:188} INFO - Đã gửi dữ liệu message 17 tới topic 'credit_card'
[2024-02-22T04:19:24.559+0000] {logging_mixin.py:188} INFO - Đã gửi dữ liệu message 18 tới topic 'credit_card'
[2024-02-22T04:19:25.567+0000] {logging_mixin.py:188} INFO - Đã gửi dữ liệu message 19 tới topic 'credit_card'
[2024-02-22T04:19:26.576+0000] {logging_mixin.py:188} INFO - Đã gửi dữ liệu message 20 tới topic 'credit_card'
[2024-02-22T04:19:27.585+0000] {logging_mixin.py:188} INFO - Đã gửi dữ liệu message 21 tới topic 'credit_card'
[2024-02-22T04:19:28.597+0000] {logging_mixin.py:188} INFO - Đã gửi dữ liệu message 22 tới topic 'credit_card'
[2024-02-22T04:19:29.607+0000] {logging_mixin.py:188} INFO - Đã gửi dữ liệu message 23 tới topic 'credit_card'
[2024-02-22T04:19:30.618+0000] {logging_mixin.py:188} INFO - Đã gửi dữ liệu message 24 tới topic 'credit_card'
[2024-02-22T04:19:31.629+0000] {logging_mixin.py:188} INFO - Đã gửi dữ liệu message 25 tới topic 'credit_card'
[2024-02-22T04:19:32.638+0000] {logging_mixin.py:188} INFO - Đã gửi dữ liệu message 26 tới topic 'credit_card'
[2024-02-22T04:19:33.647+0000] {logging_mixin.py:188} INFO - Đã gửi dữ liệu message 27 tới topic 'credit_card'
[2024-02-22T04:19:34.661+0000] {logging_mixin.py:188} INFO - Đã gửi dữ liệu message 28 tới topic 'credit_card'
[2024-02-22T04:19:35.671+0000] {logging_mixin.py:188} INFO - Đã gửi dữ liệu message 29 tới topic 'credit_card'
[2024-02-22T04:19:36.680+0000] {logging_mixin.py:188} INFO - Đã gửi dữ liệu message 30 tới topic 'credit_card'
[2024-02-22T04:19:37.692+0000] {logging_mixin.py:188} INFO - Đã gửi dữ liệu message 31 tới topic 'credit_card'
[2024-02-22T04:19:38.701+0000] {logging_mixin.py:188} INFO - Đã gửi dữ liệu message 32 tới topic 'credit_card'
[2024-02-22T04:19:39.710+0000] {logging_mixin.py:188} INFO - Đã gửi dữ liệu message 33 tới topic 'credit_card'
[2024-02-22T04:19:40.719+0000] {logging_mixin.py:188} INFO - Đã gửi dữ liệu message 34 tới topic 'credit_card'
[2024-02-22T04:19:41.728+0000] {logging_mixin.py:188} INFO - Đã gửi dữ liệu message 35 tới topic 'credit_card'
[2024-02-22T04:19:42.740+0000] {logging_mixin.py:188} INFO - Đã gửi dữ liệu message 36 tới topic 'credit_card'
[2024-02-22T04:19:43.749+0000] {logging_mixin.py:188} INFO - Đã gửi dữ liệu message 37 tới topic 'credit_card'
[2024-02-22T04:19:44.761+0000] {logging_mixin.py:188} INFO - Đã gửi dữ liệu message 38 tới topic 'credit_card'
[2024-02-22T04:19:45.771+0000] {logging_mixin.py:188} INFO - Đã gửi dữ liệu message 39 tới topic 'credit_card'
[2024-02-22T04:19:46.783+0000] {logging_mixin.py:188} INFO - Đã gửi dữ liệu message 40 tới topic 'credit_card'
[2024-02-22T04:19:47.791+0000] {logging_mixin.py:188} INFO - Đã gửi dữ liệu message 41 tới topic 'credit_card'
[2024-02-22T04:19:48.804+0000] {logging_mixin.py:188} INFO - Đã gửi dữ liệu message 42 tới topic 'credit_card'
[2024-02-22T04:19:49.815+0000] {logging_mixin.py:188} INFO - Đã gửi dữ liệu message 43 tới topic 'credit_card'
[2024-02-22T04:19:50.825+0000] {logging_mixin.py:188} INFO - Đã gửi dữ liệu message 44 tới topic 'credit_card'
[2024-02-22T04:19:51.833+0000] {logging_mixin.py:188} INFO - Đã gửi dữ liệu message 45 tới topic 'credit_card'
[2024-02-22T04:19:52.844+0000] {logging_mixin.py:188} INFO - Đã gửi dữ liệu message 46 tới topic 'credit_card'
[2024-02-22T04:19:53.854+0000] {logging_mixin.py:188} INFO - Đã gửi dữ liệu message 47 tới topic 'credit_card'
[2024-02-22T04:19:54.867+0000] {logging_mixin.py:188} INFO - Đã gửi dữ liệu message 48 tới topic 'credit_card'
[2024-02-22T04:19:55.875+0000] {logging_mixin.py:188} INFO - Đã gửi dữ liệu message 49 tới topic 'credit_card'
[2024-02-22T04:19:56.884+0000] {logging_mixin.py:188} INFO - Đã gửi dữ liệu message 50 tới topic 'credit_card'
[2024-02-22T04:19:57.894+0000] {logging_mixin.py:188} INFO - Đã gửi dữ liệu message 51 tới topic 'credit_card'
[2024-02-22T04:19:58.902+0000] {logging_mixin.py:188} INFO - Đã gửi dữ liệu message 52 tới topic 'credit_card'
[2024-02-22T04:19:59.910+0000] {logging_mixin.py:188} INFO - Đã gửi dữ liệu message 53 tới topic 'credit_card'
[2024-02-22T04:20:00.921+0000] {logging_mixin.py:188} INFO - Đã gửi dữ liệu message 54 tới topic 'credit_card'
[2024-02-22T04:20:01.933+0000] {logging_mixin.py:188} INFO - Đã gửi dữ liệu message 55 tới topic 'credit_card'
[2024-02-22T04:20:02.945+0000] {logging_mixin.py:188} INFO - Đã gửi dữ liệu message 56 tới topic 'credit_card'
[2024-02-22T04:20:03.958+0000] {logging_mixin.py:188} INFO - Đã gửi dữ liệu message 57 tới topic 'credit_card'
[2024-02-22T04:20:04.969+0000] {logging_mixin.py:188} INFO - Đã gửi dữ liệu message 58 tới topic 'credit_card'
[2024-02-22T04:20:05.985+0000] {logging_mixin.py:188} INFO - Đã gửi dữ liệu message 59 tới topic 'credit_card'
[2024-02-22T04:20:06.996+0000] {logging_mixin.py:188} INFO - Đã gửi dữ liệu message 60 tới topic 'credit_card'
[2024-02-22T04:20:08.007+0000] {logging_mixin.py:188} INFO - Đã gửi dữ liệu message 61 tới topic 'credit_card'
[2024-02-22T04:20:09.020+0000] {logging_mixin.py:188} INFO - Đã gửi dữ liệu message 62 tới topic 'credit_card'
[2024-02-22T04:20:10.030+0000] {logging_mixin.py:188} INFO - Đã gửi dữ liệu message 63 tới topic 'credit_card'
[2024-02-22T04:20:11.041+0000] {logging_mixin.py:188} INFO - Đã gửi dữ liệu message 64 tới topic 'credit_card'
[2024-02-22T04:20:12.052+0000] {logging_mixin.py:188} INFO - Đã gửi dữ liệu message 65 tới topic 'credit_card'
[2024-02-22T04:20:13.064+0000] {logging_mixin.py:188} INFO - Đã gửi dữ liệu message 66 tới topic 'credit_card'
[2024-02-22T04:20:14.074+0000] {logging_mixin.py:188} INFO - Đã gửi dữ liệu message 67 tới topic 'credit_card'
[2024-02-22T04:20:15.083+0000] {logging_mixin.py:188} INFO - Đã gửi dữ liệu message 68 tới topic 'credit_card'
[2024-02-22T04:20:16.096+0000] {logging_mixin.py:188} INFO - Đã gửi dữ liệu message 69 tới topic 'credit_card'
[2024-02-22T04:20:17.106+0000] {logging_mixin.py:188} INFO - Đã gửi dữ liệu message 70 tới topic 'credit_card'
[2024-02-22T04:20:18.118+0000] {logging_mixin.py:188} INFO - Đã gửi dữ liệu message 71 tới topic 'credit_card'
[2024-02-22T04:20:19.131+0000] {logging_mixin.py:188} INFO - Đã gửi dữ liệu message 72 tới topic 'credit_card'
[2024-02-22T04:20:20.140+0000] {logging_mixin.py:188} INFO - Đã gửi dữ liệu message 73 tới topic 'credit_card'
[2024-02-22T04:20:21.152+0000] {logging_mixin.py:188} INFO - Đã gửi dữ liệu message 74 tới topic 'credit_card'
[2024-02-22T04:20:22.165+0000] {logging_mixin.py:188} INFO - Đã gửi dữ liệu message 75 tới topic 'credit_card'
[2024-02-22T04:20:23.177+0000] {logging_mixin.py:188} INFO - Đã gửi dữ liệu message 76 tới topic 'credit_card'
[2024-02-22T04:20:24.187+0000] {logging_mixin.py:188} INFO - Đã gửi dữ liệu message 77 tới topic 'credit_card'
[2024-02-22T04:20:25.197+0000] {logging_mixin.py:188} INFO - Đã gửi dữ liệu message 78 tới topic 'credit_card'
[2024-02-22T04:20:26.209+0000] {logging_mixin.py:188} INFO - Đã gửi dữ liệu message 79 tới topic 'credit_card'
[2024-02-22T04:20:27.221+0000] {logging_mixin.py:188} INFO - Đã gửi dữ liệu message 80 tới topic 'credit_card'
[2024-02-22T04:20:28.229+0000] {logging_mixin.py:188} INFO - Đã gửi dữ liệu message 81 tới topic 'credit_card'
[2024-02-22T04:20:29.237+0000] {logging_mixin.py:188} INFO - Đã gửi dữ liệu message 82 tới topic 'credit_card'
[2024-02-22T04:20:30.246+0000] {logging_mixin.py:188} INFO - Đã gửi dữ liệu message 83 tới topic 'credit_card'
[2024-02-22T04:20:31.254+0000] {logging_mixin.py:188} INFO - Đã gửi dữ liệu message 84 tới topic 'credit_card'
[2024-02-22T04:20:32.262+0000] {logging_mixin.py:188} INFO - Đã gửi dữ liệu message 85 tới topic 'credit_card'
[2024-02-22T04:20:33.270+0000] {logging_mixin.py:188} INFO - Đã gửi dữ liệu message 86 tới topic 'credit_card'
[2024-02-22T04:20:34.279+0000] {logging_mixin.py:188} INFO - Đã gửi dữ liệu message 87 tới topic 'credit_card'
[2024-02-22T04:20:35.289+0000] {logging_mixin.py:188} INFO - Đã gửi dữ liệu message 88 tới topic 'credit_card'
[2024-02-22T04:20:36.299+0000] {logging_mixin.py:188} INFO - Đã gửi dữ liệu message 89 tới topic 'credit_card'
[2024-02-22T04:20:37.311+0000] {logging_mixin.py:188} INFO - Đã gửi dữ liệu message 90 tới topic 'credit_card'
[2024-02-22T04:20:38.322+0000] {logging_mixin.py:188} INFO - Đã gửi dữ liệu message 91 tới topic 'credit_card'
[2024-02-22T04:20:39.331+0000] {logging_mixin.py:188} INFO - Đã gửi dữ liệu message 92 tới topic 'credit_card'
[2024-02-22T04:20:40.339+0000] {logging_mixin.py:188} INFO - Đã gửi dữ liệu message 93 tới topic 'credit_card'
[2024-02-22T04:20:41.347+0000] {logging_mixin.py:188} INFO - Đã gửi dữ liệu message 94 tới topic 'credit_card'
[2024-02-22T04:20:42.359+0000] {logging_mixin.py:188} INFO - Đã gửi dữ liệu message 95 tới topic 'credit_card'
[2024-02-22T04:20:43.370+0000] {logging_mixin.py:188} INFO - Đã gửi dữ liệu message 96 tới topic 'credit_card'
[2024-02-22T04:20:44.382+0000] {logging_mixin.py:188} INFO - Đã gửi dữ liệu message 97 tới topic 'credit_card'
[2024-02-22T04:20:45.393+0000] {logging_mixin.py:188} INFO - Đã gửi dữ liệu message 98 tới topic 'credit_card'
[2024-02-22T04:20:46.405+0000] {logging_mixin.py:188} INFO - Đã gửi dữ liệu message 99 tới topic 'credit_card'
[2024-02-22T04:20:47.407+0000] {logging_mixin.py:188} INFO - Dữ liệu đã được gửi tới topic 'credit_card' thành công.
[2024-02-22T04:20:47.408+0000] {taskinstance.py:2698} ERROR - Task failed with exception
Traceback (most recent call last):
  File "/home/airflow/.local/lib/python3.8/site-packages/airflow/models/taskinstance.py", line 433, in _execute_task
    result = execute_callable(context=context, **execute_callable_kwargs)
  File "/home/airflow/.local/lib/python3.8/site-packages/airflow/operators/python.py", line 199, in execute
    return_value = self.execute_callable()
  File "/home/airflow/.local/lib/python3.8/site-packages/airflow/operators/python.py", line 216, in execute_callable
    return self.python_callable(*self.op_args, **self.op_kwargs)
  File "/opt/airflow/dags/extract_email.py", line 64, in produce_to_kafka
    producer.close()
AttributeError: 'cimpl.Producer' object has no attribute 'close'
[2024-02-22T04:20:47.442+0000] {taskinstance.py:1138} INFO - Marking task as FAILED. dag_id=extract_email, task_id=send_message, execution_date=20240222T041845, start_date=20240222T041905, end_date=20240222T042047
[2024-02-22T04:20:47.457+0000] {standard_task_runner.py:107} ERROR - Failed to execute job 322 for task send_message ('cimpl.Producer' object has no attribute 'close'; 105)
[2024-02-22T04:20:47.474+0000] {local_task_job_runner.py:234} INFO - Task exited with return code 1
[2024-02-22T04:20:47.513+0000] {taskinstance.py:3280} INFO - 0 downstream tasks scheduled from follow-on schedule check
