[2024-02-21T08:05:59.212+0000] {taskinstance.py:1956} INFO - Dependencies all met for dep_context=non-requeueable deps ti=<TaskInstance: extract_email.get_mail scheduled__2024-01-04T01:00:00+00:00 [queued]>
[2024-02-21T08:05:59.225+0000] {taskinstance.py:1956} INFO - Dependencies all met for dep_context=requeueable deps ti=<TaskInstance: extract_email.get_mail scheduled__2024-01-04T01:00:00+00:00 [queued]>
[2024-02-21T08:05:59.225+0000] {taskinstance.py:2170} INFO - Starting attempt 1 of 1
[2024-02-21T08:05:59.245+0000] {taskinstance.py:2191} INFO - Executing <Task(PythonOperator): get_mail> on 2024-01-04 01:00:00+00:00
[2024-02-21T08:05:59.254+0000] {standard_task_runner.py:60} INFO - Started process 104 to run task
[2024-02-21T08:05:59.258+0000] {standard_task_runner.py:87} INFO - Running: ['***', 'tasks', 'run', 'extract_email', 'get_mail', 'scheduled__2024-01-04T01:00:00+00:00', '--job-id', '152', '--raw', '--subdir', 'DAGS_FOLDER/extract_email.py', '--cfg-path', '/tmp/tmp2d6anlff']
[2024-02-21T08:05:59.261+0000] {standard_task_runner.py:88} INFO - Job 152: Subtask get_mail
[2024-02-21T08:05:59.319+0000] {task_command.py:423} INFO - Running <TaskInstance: extract_email.get_mail scheduled__2024-01-04T01:00:00+00:00 [running]> on host 96f19b77385b
[2024-02-21T08:05:59.418+0000] {taskinstance.py:2480} INFO - Exporting env vars: AIRFLOW_CTX_DAG_OWNER='***' AIRFLOW_CTX_DAG_ID='extract_email' AIRFLOW_CTX_TASK_ID='get_mail' AIRFLOW_CTX_EXECUTION_DATE='2024-01-04T01:00:00+00:00' AIRFLOW_CTX_TRY_NUMBER='1' AIRFLOW_CTX_DAG_RUN_ID='scheduled__2024-01-04T01:00:00+00:00'
[2024-02-21T08:06:02.808+0000] {ImapSmtp.py:839} INFO - IMAP search: 'gmail:'Message from RPA Python' after:15-12-2023'
[2024-02-21T08:06:06.139+0000] {logging_mixin.py:188} INFO - Message from RPA Python0
[2024-02-21T08:06:06.140+0000] {ImapSmtp.py:1240} INFO - Attachment filepath: PosixPath('/data/attachments/test-21.txt')
[2024-02-21T08:06:06.140+0000] {ImapSmtp.py:1243} INFO - Saving attachment: test.txt
[2024-02-21T08:06:06.141+0000] {logging_mixin.py:188} INFO - Message from RPA Python1
[2024-02-21T08:06:06.141+0000] {ImapSmtp.py:1240} INFO - Attachment filepath: PosixPath('/data/attachments/test-22.txt')
[2024-02-21T08:06:06.141+0000] {ImapSmtp.py:1243} INFO - Saving attachment: test.txt
[2024-02-21T08:06:06.142+0000] {logging_mixin.py:188} INFO - Message from RPA Python2
[2024-02-21T08:06:06.142+0000] {ImapSmtp.py:1240} INFO - Attachment filepath: PosixPath('/data/attachments/test-23.txt')
[2024-02-21T08:06:06.142+0000] {ImapSmtp.py:1243} INFO - Saving attachment: test.txt
[2024-02-21T08:06:06.142+0000] {logging_mixin.py:188} INFO - Message from RPA Python3
[2024-02-21T08:06:06.142+0000] {ImapSmtp.py:1240} INFO - Attachment filepath: PosixPath('/data/attachments/test-24.txt')
[2024-02-21T08:06:06.142+0000] {ImapSmtp.py:1243} INFO - Saving attachment: test.txt
[2024-02-21T08:06:06.143+0000] {logging_mixin.py:188} INFO - Message from RPA Python4
[2024-02-21T08:06:06.143+0000] {ImapSmtp.py:1240} INFO - Attachment filepath: PosixPath('/data/attachments/test-25.txt')
[2024-02-21T08:06:06.143+0000] {ImapSmtp.py:1243} INFO - Saving attachment: test.txt
[2024-02-21T08:06:06.143+0000] {logging_mixin.py:188} INFO - Message from RPA Python5
[2024-02-21T08:06:06.144+0000] {ImapSmtp.py:1240} INFO - Attachment filepath: PosixPath('/data/attachments/test-26.txt')
[2024-02-21T08:06:06.144+0000] {ImapSmtp.py:1243} INFO - Saving attachment: test.txt
[2024-02-21T08:06:06.144+0000] {logging_mixin.py:188} INFO - Message from RPA Python6
[2024-02-21T08:06:06.144+0000] {ImapSmtp.py:1240} INFO - Attachment filepath: PosixPath('/data/attachments/test-27.txt')
[2024-02-21T08:06:06.144+0000] {ImapSmtp.py:1243} INFO - Saving attachment: test.txt
[2024-02-21T08:06:06.144+0000] {logging_mixin.py:188} INFO - Message from RPA Python7
[2024-02-21T08:06:06.145+0000] {ImapSmtp.py:1240} INFO - Attachment filepath: PosixPath('/data/attachments/test-28.txt')
[2024-02-21T08:06:06.145+0000] {ImapSmtp.py:1243} INFO - Saving attachment: test.txt
[2024-02-21T08:06:06.145+0000] {logging_mixin.py:188} INFO - Message from RPA Python8
[2024-02-21T08:06:06.145+0000] {ImapSmtp.py:1240} INFO - Attachment filepath: PosixPath('/data/attachments/test-29.txt')
[2024-02-21T08:06:06.146+0000] {ImapSmtp.py:1243} INFO - Saving attachment: test.txt
[2024-02-21T08:06:06.146+0000] {logging_mixin.py:188} INFO - Message from RPA Python9
[2024-02-21T08:06:06.146+0000] {ImapSmtp.py:1240} INFO - Attachment filepath: PosixPath('/data/attachments/test-30.txt')
[2024-02-21T08:06:06.146+0000] {ImapSmtp.py:1243} INFO - Saving attachment: test.txt
[2024-02-21T08:06:06.739+0000] {python.py:201} INFO - Done. Returned value was: None
[2024-02-21T08:06:06.761+0000] {taskinstance.py:1138} INFO - Marking task as SUCCESS. dag_id=extract_email, task_id=get_mail, execution_date=20240104T010000, start_date=20240221T080559, end_date=20240221T080606
[2024-02-21T08:06:06.837+0000] {local_task_job_runner.py:234} INFO - Task exited with return code 0
[2024-02-21T08:06:06.865+0000] {taskinstance.py:3280} INFO - 0 downstream tasks scheduled from follow-on schedule check
