[2024-02-21T07:38:07.871+0000] {taskinstance.py:1956} INFO - Dependencies all met for dep_context=non-requeueable deps ti=<TaskInstance: extract_email.get_mail scheduled__2024-02-05T00:00:00+00:00 [queued]>
[2024-02-21T07:38:07.888+0000] {taskinstance.py:1956} INFO - Dependencies all met for dep_context=requeueable deps ti=<TaskInstance: extract_email.get_mail scheduled__2024-02-05T00:00:00+00:00 [queued]>
[2024-02-21T07:38:07.889+0000] {taskinstance.py:2170} INFO - Starting attempt 1 of 1
[2024-02-21T07:38:07.906+0000] {taskinstance.py:2191} INFO - Executing <Task(PythonOperator): get_mail> on 2024-02-05 00:00:00+00:00
[2024-02-21T07:38:07.914+0000] {standard_task_runner.py:60} INFO - Started process 111 to run task
[2024-02-21T07:38:07.920+0000] {standard_task_runner.py:87} INFO - Running: ['***', 'tasks', 'run', 'extract_email', 'get_mail', 'scheduled__2024-02-05T00:00:00+00:00', '--job-id', '77', '--raw', '--subdir', 'DAGS_FOLDER/extract_email.py', '--cfg-path', '/tmp/tmpcki2d_hz']
[2024-02-21T07:38:07.922+0000] {standard_task_runner.py:88} INFO - Job 77: Subtask get_mail
[2024-02-21T07:38:08.003+0000] {task_command.py:423} INFO - Running <TaskInstance: extract_email.get_mail scheduled__2024-02-05T00:00:00+00:00 [running]> on host 893865381b0d
[2024-02-21T07:38:08.142+0000] {taskinstance.py:2480} INFO - Exporting env vars: AIRFLOW_CTX_DAG_OWNER='***' AIRFLOW_CTX_DAG_ID='extract_email' AIRFLOW_CTX_TASK_ID='get_mail' AIRFLOW_CTX_EXECUTION_DATE='2024-02-05T00:00:00+00:00' AIRFLOW_CTX_TRY_NUMBER='1' AIRFLOW_CTX_DAG_RUN_ID='scheduled__2024-02-05T00:00:00+00:00'
[2024-02-21T07:38:08.143+0000] {taskinstance.py:2698} ERROR - Task failed with exception
Traceback (most recent call last):
  File "/home/airflow/.local/lib/python3.8/site-packages/airflow/models/taskinstance.py", line 433, in _execute_task
    result = execute_callable(context=context, **execute_callable_kwargs)
  File "/home/airflow/.local/lib/python3.8/site-packages/airflow/operators/python.py", line 196, in execute
    context_merge(context, self.op_kwargs, templates_dict=self.templates_dict)
  File "/home/airflow/.local/lib/python3.8/site-packages/airflow/utils/context.py", line 261, in context_merge
    context.update(*args, **kwargs)
  File "/usr/local/lib/python3.8/_collections_abc.py", line 837, in update
    for key, value in other:
ValueError: too many values to unpack (expected 2)
[2024-02-21T07:38:08.154+0000] {taskinstance.py:1138} INFO - Marking task as FAILED. dag_id=extract_email, task_id=get_mail, execution_date=20240205T000000, start_date=20240221T073807, end_date=20240221T073808
[2024-02-21T07:38:08.172+0000] {standard_task_runner.py:107} ERROR - Failed to execute job 77 for task get_mail (too many values to unpack (expected 2); 111)
[2024-02-21T07:38:08.220+0000] {local_task_job_runner.py:234} INFO - Task exited with return code 1
[2024-02-21T07:38:08.236+0000] {taskinstance.py:3280} INFO - 0 downstream tasks scheduled from follow-on schedule check
[2024-02-21T07:59:47.477+0000] {taskinstance.py:1956} INFO - Dependencies all met for dep_context=non-requeueable deps ti=<TaskInstance: extract_email.get_mail scheduled__2024-02-05T00:00:00+00:00 [queued]>
[2024-02-21T07:59:47.487+0000] {taskinstance.py:1956} INFO - Dependencies all met for dep_context=requeueable deps ti=<TaskInstance: extract_email.get_mail scheduled__2024-02-05T00:00:00+00:00 [queued]>
[2024-02-21T07:59:47.487+0000] {taskinstance.py:2170} INFO - Starting attempt 1 of 1
[2024-02-21T07:59:47.499+0000] {taskinstance.py:2191} INFO - Executing <Task(PythonOperator): get_mail> on 2024-02-05 00:00:00+00:00
[2024-02-21T07:59:47.505+0000] {standard_task_runner.py:60} INFO - Started process 381 to run task
[2024-02-21T07:59:47.509+0000] {standard_task_runner.py:87} INFO - Running: ['***', 'tasks', 'run', 'extract_email', 'get_mail', 'scheduled__2024-02-05T00:00:00+00:00', '--job-id', '131', '--raw', '--subdir', 'DAGS_FOLDER/extract_email.py', '--cfg-path', '/tmp/tmp308_pgjw']
[2024-02-21T07:59:47.511+0000] {standard_task_runner.py:88} INFO - Job 131: Subtask get_mail
[2024-02-21T07:59:47.554+0000] {task_command.py:423} INFO - Running <TaskInstance: extract_email.get_mail scheduled__2024-02-05T00:00:00+00:00 [running]> on host 9bab6a0db245
[2024-02-21T07:59:47.629+0000] {taskinstance.py:2480} INFO - Exporting env vars: AIRFLOW_CTX_DAG_OWNER='***' AIRFLOW_CTX_DAG_ID='extract_email' AIRFLOW_CTX_TASK_ID='get_mail' AIRFLOW_CTX_EXECUTION_DATE='2024-02-05T00:00:00+00:00' AIRFLOW_CTX_TRY_NUMBER='1' AIRFLOW_CTX_DAG_RUN_ID='scheduled__2024-02-05T00:00:00+00:00'
[2024-02-21T07:59:50.339+0000] {ImapSmtp.py:839} INFO - IMAP search: 'gmail:'Message from RPA Python' after:15-12-2023'
[2024-02-21T07:59:53.473+0000] {logging_mixin.py:188} INFO - Message from RPA Python0
[2024-02-21T07:59:53.475+0000] {ImapSmtp.py:1240} INFO - Attachment filepath: PosixPath('/data/attachments/test-172.txt')
[2024-02-21T07:59:53.475+0000] {ImapSmtp.py:1243} INFO - Saving attachment: test.txt
[2024-02-21T07:59:53.476+0000] {logging_mixin.py:188} INFO - Message from RPA Python1
[2024-02-21T07:59:53.477+0000] {ImapSmtp.py:1240} INFO - Attachment filepath: PosixPath('/data/attachments/test-173.txt')
[2024-02-21T07:59:53.477+0000] {ImapSmtp.py:1243} INFO - Saving attachment: test.txt
[2024-02-21T07:59:53.477+0000] {logging_mixin.py:188} INFO - Message from RPA Python2
[2024-02-21T07:59:53.478+0000] {ImapSmtp.py:1240} INFO - Attachment filepath: PosixPath('/data/attachments/test-174.txt')
[2024-02-21T07:59:53.478+0000] {ImapSmtp.py:1243} INFO - Saving attachment: test.txt
[2024-02-21T07:59:53.479+0000] {logging_mixin.py:188} INFO - Message from RPA Python3
[2024-02-21T07:59:53.480+0000] {ImapSmtp.py:1240} INFO - Attachment filepath: PosixPath('/data/attachments/test-175.txt')
[2024-02-21T07:59:53.480+0000] {ImapSmtp.py:1243} INFO - Saving attachment: test.txt
[2024-02-21T07:59:53.481+0000] {logging_mixin.py:188} INFO - Message from RPA Python4
[2024-02-21T07:59:53.482+0000] {ImapSmtp.py:1240} INFO - Attachment filepath: PosixPath('/data/attachments/test-176.txt')
[2024-02-21T07:59:53.482+0000] {ImapSmtp.py:1243} INFO - Saving attachment: test.txt
[2024-02-21T07:59:53.482+0000] {logging_mixin.py:188} INFO - Message from RPA Python5
[2024-02-21T07:59:53.483+0000] {ImapSmtp.py:1240} INFO - Attachment filepath: PosixPath('/data/attachments/test-177.txt')
[2024-02-21T07:59:53.483+0000] {ImapSmtp.py:1243} INFO - Saving attachment: test.txt
[2024-02-21T07:59:53.484+0000] {logging_mixin.py:188} INFO - Message from RPA Python6
[2024-02-21T07:59:53.484+0000] {ImapSmtp.py:1240} INFO - Attachment filepath: PosixPath('/data/attachments/test-178.txt')
[2024-02-21T07:59:53.485+0000] {ImapSmtp.py:1243} INFO - Saving attachment: test.txt
[2024-02-21T07:59:53.485+0000] {logging_mixin.py:188} INFO - Message from RPA Python7
[2024-02-21T07:59:53.486+0000] {ImapSmtp.py:1240} INFO - Attachment filepath: PosixPath('/data/attachments/test-179.txt')
[2024-02-21T07:59:53.486+0000] {ImapSmtp.py:1243} INFO - Saving attachment: test.txt
[2024-02-21T07:59:53.486+0000] {logging_mixin.py:188} INFO - Message from RPA Python8
[2024-02-21T07:59:53.487+0000] {ImapSmtp.py:1240} INFO - Attachment filepath: PosixPath('/data/attachments/test-180.txt')
[2024-02-21T07:59:53.487+0000] {ImapSmtp.py:1243} INFO - Saving attachment: test.txt
[2024-02-21T07:59:53.488+0000] {logging_mixin.py:188} INFO - Message from RPA Python9
[2024-02-21T07:59:53.489+0000] {ImapSmtp.py:1240} INFO - Attachment filepath: PosixPath('/data/attachments/test-181.txt')
[2024-02-21T07:59:53.489+0000] {ImapSmtp.py:1243} INFO - Saving attachment: test.txt
[2024-02-21T07:59:54.067+0000] {python.py:201} INFO - Done. Returned value was: None
[2024-02-21T07:59:54.079+0000] {taskinstance.py:1138} INFO - Marking task as SUCCESS. dag_id=extract_email, task_id=get_mail, execution_date=20240205T000000, start_date=20240221T075947, end_date=20240221T075954
[2024-02-21T07:59:54.110+0000] {local_task_job_runner.py:234} INFO - Task exited with return code 0
[2024-02-21T07:59:54.125+0000] {taskinstance.py:3280} INFO - 0 downstream tasks scheduled from follow-on schedule check
