[2024-02-22T03:44:21.032+0000] {taskinstance.py:1956} INFO - Dependencies all met for dep_context=non-requeueable deps ti=<TaskInstance: extract_email.get_mail manual__2024-02-22T03:44:16.003738+00:00 [queued]>
[2024-02-22T03:44:21.037+0000] {taskinstance.py:1956} INFO - Dependencies all met for dep_context=requeueable deps ti=<TaskInstance: extract_email.get_mail manual__2024-02-22T03:44:16.003738+00:00 [queued]>
[2024-02-22T03:44:21.037+0000] {taskinstance.py:2170} INFO - Starting attempt 1 of 1
[2024-02-22T03:44:21.045+0000] {taskinstance.py:2191} INFO - Executing <Task(PythonOperator): get_mail> on 2024-02-22 03:44:16.003738+00:00
[2024-02-22T03:44:21.048+0000] {standard_task_runner.py:60} INFO - Started process 278 to run task
[2024-02-22T03:44:21.050+0000] {standard_task_runner.py:87} INFO - Running: ['***', 'tasks', 'run', 'extract_email', 'get_mail', 'manual__2024-02-22T03:44:16.003738+00:00', '--job-id', '305', '--raw', '--subdir', 'DAGS_FOLDER/extract_email.py', '--cfg-path', '/tmp/tmpft72x36c']
[2024-02-22T03:44:21.051+0000] {standard_task_runner.py:88} INFO - Job 305: Subtask get_mail
[2024-02-22T03:44:21.079+0000] {task_command.py:423} INFO - Running <TaskInstance: extract_email.get_mail manual__2024-02-22T03:44:16.003738+00:00 [running]> on host e849c64d3231
[2024-02-22T03:44:21.136+0000] {taskinstance.py:2480} INFO - Exporting env vars: AIRFLOW_CTX_DAG_OWNER='***' AIRFLOW_CTX_DAG_ID='extract_email' AIRFLOW_CTX_TASK_ID='get_mail' AIRFLOW_CTX_EXECUTION_DATE='2024-02-22T03:44:16.003738+00:00' AIRFLOW_CTX_TRY_NUMBER='1' AIRFLOW_CTX_DAG_RUN_ID='manual__2024-02-22T03:44:16.003738+00:00'
[2024-02-22T03:44:24.691+0000] {ImapSmtp.py:839} INFO - IMAP search: 'gmail:'Message from RPA Python' after:15-12-2023'
[2024-02-22T03:44:28.432+0000] {ImapSmtp.py:1240} INFO - Attachment filepath: PosixPath('attachments/test.txt')
[2024-02-22T03:44:28.433+0000] {ImapSmtp.py:1243} INFO - Saving attachment: test.txt
[2024-02-22T03:44:28.433+0000] {taskinstance.py:2698} ERROR - Task failed with exception
Traceback (most recent call last):
  File "/home/airflow/.local/lib/python3.8/site-packages/airflow/models/taskinstance.py", line 433, in _execute_task
    result = execute_callable(context=context, **execute_callable_kwargs)
  File "/home/airflow/.local/lib/python3.8/site-packages/airflow/operators/python.py", line 199, in execute
    return_value = self.execute_callable()
  File "/home/airflow/.local/lib/python3.8/site-packages/airflow/operators/python.py", line 216, in execute_callable
    return self.python_callable(*self.op_args, **self.op_kwargs)
  File "/opt/airflow/dags/extract_email.py", line 30, in get_mails_content
    attachment = mail.save_attachment(message=m["Message"], target_folder="./attachments/", overwrite=False)
  File "/home/airflow/.local/lib/python3.8/site-packages/RPA/Email/ImapSmtp.py", line 1223, in save_attachment
    return self._save_attachment(message, target_folder, overwrite, prefix)
  File "/home/airflow/.local/lib/python3.8/site-packages/RPA/Email/ImapSmtp.py", line 1247, in _save_attachment
    with open(filepath, "wb") as f:
FileNotFoundError: [Errno 2] No such file or directory: 'attachments/test.txt'
[2024-02-22T03:44:28.453+0000] {taskinstance.py:1138} INFO - Marking task as FAILED. dag_id=extract_email, task_id=get_mail, execution_date=20240222T034416, start_date=20240222T034421, end_date=20240222T034428
[2024-02-22T03:44:28.464+0000] {standard_task_runner.py:107} ERROR - Failed to execute job 305 for task get_mail ([Errno 2] No such file or directory: 'attachments/test.txt'; 278)
[2024-02-22T03:44:28.494+0000] {local_task_job_runner.py:234} INFO - Task exited with return code 1
[2024-02-22T03:44:28.508+0000] {taskinstance.py:3280} INFO - 0 downstream tasks scheduled from follow-on schedule check
