[2024-02-21T08:06:32.340+0000] {taskinstance.py:1956} INFO - Dependencies all met for dep_context=non-requeueable deps ti=<TaskInstance: extract_email.get_mail scheduled__2024-02-09T01:00:00+00:00 [queued]>
[2024-02-21T08:06:32.346+0000] {taskinstance.py:1956} INFO - Dependencies all met for dep_context=requeueable deps ti=<TaskInstance: extract_email.get_mail scheduled__2024-02-09T01:00:00+00:00 [queued]>
[2024-02-21T08:06:32.347+0000] {taskinstance.py:2170} INFO - Starting attempt 1 of 1
[2024-02-21T08:06:32.354+0000] {taskinstance.py:2191} INFO - Executing <Task(PythonOperator): get_mail> on 2024-02-09 01:00:00+00:00
[2024-02-21T08:06:32.358+0000] {standard_task_runner.py:60} INFO - Started process 179 to run task
[2024-02-21T08:06:32.360+0000] {standard_task_runner.py:87} INFO - Running: ['***', 'tasks', 'run', 'extract_email', 'get_mail', 'scheduled__2024-02-09T01:00:00+00:00', '--job-id', '191', '--raw', '--subdir', 'DAGS_FOLDER/extract_email.py', '--cfg-path', '/tmp/tmpgmrq06u5']
[2024-02-21T08:06:32.362+0000] {standard_task_runner.py:88} INFO - Job 191: Subtask get_mail
[2024-02-21T08:06:32.389+0000] {task_command.py:423} INFO - Running <TaskInstance: extract_email.get_mail scheduled__2024-02-09T01:00:00+00:00 [running]> on host 96f19b77385b
[2024-02-21T08:06:32.440+0000] {taskinstance.py:2480} INFO - Exporting env vars: AIRFLOW_CTX_DAG_OWNER='***' AIRFLOW_CTX_DAG_ID='extract_email' AIRFLOW_CTX_TASK_ID='get_mail' AIRFLOW_CTX_EXECUTION_DATE='2024-02-09T01:00:00+00:00' AIRFLOW_CTX_TRY_NUMBER='1' AIRFLOW_CTX_DAG_RUN_ID='scheduled__2024-02-09T01:00:00+00:00'
[2024-02-21T08:06:37.330+0000] {taskinstance.py:2698} ERROR - Task failed with exception
Traceback (most recent call last):
  File "/home/airflow/.local/lib/python3.8/site-packages/airflow/models/taskinstance.py", line 433, in _execute_task
    result = execute_callable(context=context, **execute_callable_kwargs)
  File "/home/airflow/.local/lib/python3.8/site-packages/airflow/operators/python.py", line 199, in execute
    return_value = self.execute_callable()
  File "/home/airflow/.local/lib/python3.8/site-packages/airflow/operators/python.py", line 216, in execute_callable
    return self.python_callable(*self.op_args, **self.op_kwargs)
  File "/opt/airflow/dags/extract_email.py", line 16, in get_mail
    mail.authorize(account=os.getenv("GMAIL_ACCOUNT"), password=os.getenv("GMAIL_PASSWORD"))
  File "/home/airflow/.local/lib/python3.8/site-packages/RPA/Email/ImapSmtp.py", line 496, in authorize
    self.authorize_imap(
  File "/home/airflow/.local/lib/python3.8/site-packages/RPA/Email/ImapSmtp.py", line 453, in authorize_imap
    self.imap_conn.login(account, password)
  File "/usr/local/lib/python3.8/imaplib.py", line 603, in login
    raise self.error(dat[-1])
imaplib.IMAP4.error: b'[ALERT] Too many simultaneous connections. (Failure)'
[2024-02-21T08:06:37.343+0000] {taskinstance.py:1138} INFO - Marking task as FAILED. dag_id=extract_email, task_id=get_mail, execution_date=20240209T010000, start_date=20240221T080632, end_date=20240221T080637
[2024-02-21T08:06:37.355+0000] {standard_task_runner.py:107} ERROR - Failed to execute job 191 for task get_mail (b'[ALERT] Too many simultaneous connections. (Failure)'; 179)
[2024-02-21T08:06:37.388+0000] {local_task_job_runner.py:234} INFO - Task exited with return code 1
[2024-02-21T08:06:37.454+0000] {taskinstance.py:3280} INFO - 0 downstream tasks scheduled from follow-on schedule check
[2024-02-21T08:13:02.278+0000] {taskinstance.py:1956} INFO - Dependencies all met for dep_context=non-requeueable deps ti=<TaskInstance: extract_email.get_mail scheduled__2024-02-09T01:00:00+00:00 [queued]>
[2024-02-21T08:13:02.296+0000] {taskinstance.py:1956} INFO - Dependencies all met for dep_context=requeueable deps ti=<TaskInstance: extract_email.get_mail scheduled__2024-02-09T01:00:00+00:00 [queued]>
[2024-02-21T08:13:02.296+0000] {taskinstance.py:2170} INFO - Starting attempt 1 of 1
[2024-02-21T08:13:02.332+0000] {taskinstance.py:2191} INFO - Executing <Task(PythonOperator): get_mail> on 2024-02-09 01:00:00+00:00
[2024-02-21T08:13:02.343+0000] {standard_task_runner.py:60} INFO - Started process 161 to run task
[2024-02-21T08:13:02.351+0000] {standard_task_runner.py:87} INFO - Running: ['***', 'tasks', 'run', 'extract_email', 'get_mail', 'scheduled__2024-02-09T01:00:00+00:00', '--job-id', '222', '--raw', '--subdir', 'DAGS_FOLDER/extract_email.py', '--cfg-path', '/tmp/tmpifgmzlna']
[2024-02-21T08:13:02.354+0000] {standard_task_runner.py:88} INFO - Job 222: Subtask get_mail
[2024-02-21T08:13:02.451+0000] {task_command.py:423} INFO - Running <TaskInstance: extract_email.get_mail scheduled__2024-02-09T01:00:00+00:00 [running]> on host 968b17b6b013
[2024-02-21T08:13:02.671+0000] {taskinstance.py:2480} INFO - Exporting env vars: AIRFLOW_CTX_DAG_OWNER='***' AIRFLOW_CTX_DAG_ID='extract_email' AIRFLOW_CTX_TASK_ID='get_mail' AIRFLOW_CTX_EXECUTION_DATE='2024-02-09T01:00:00+00:00' AIRFLOW_CTX_TRY_NUMBER='1' AIRFLOW_CTX_DAG_RUN_ID='scheduled__2024-02-09T01:00:00+00:00'
[2024-02-21T08:13:05.479+0000] {ImapSmtp.py:839} INFO - IMAP search: 'gmail:'Message from RPA Python' after:15-12-2023'
[2024-02-21T08:13:08.693+0000] {logging_mixin.py:188} INFO - Message from RPA Python0
[2024-02-21T08:13:08.695+0000] {ImapSmtp.py:1240} INFO - Attachment filepath: PosixPath('/data/attachments/test-87.txt')
[2024-02-21T08:13:08.695+0000] {ImapSmtp.py:1243} INFO - Saving attachment: test.txt
[2024-02-21T08:13:08.696+0000] {logging_mixin.py:188} INFO - Message from RPA Python1
[2024-02-21T08:13:08.697+0000] {ImapSmtp.py:1240} INFO - Attachment filepath: PosixPath('/data/attachments/test-88.txt')
[2024-02-21T08:13:08.697+0000] {ImapSmtp.py:1243} INFO - Saving attachment: test.txt
[2024-02-21T08:13:08.698+0000] {logging_mixin.py:188} INFO - Message from RPA Python2
[2024-02-21T08:13:08.699+0000] {ImapSmtp.py:1240} INFO - Attachment filepath: PosixPath('/data/attachments/test-89.txt')
[2024-02-21T08:13:08.699+0000] {ImapSmtp.py:1243} INFO - Saving attachment: test.txt
[2024-02-21T08:13:08.699+0000] {logging_mixin.py:188} INFO - Message from RPA Python3
[2024-02-21T08:13:08.700+0000] {ImapSmtp.py:1240} INFO - Attachment filepath: PosixPath('/data/attachments/test-90.txt')
[2024-02-21T08:13:08.701+0000] {ImapSmtp.py:1243} INFO - Saving attachment: test.txt
[2024-02-21T08:13:08.701+0000] {logging_mixin.py:188} INFO - Message from RPA Python4
[2024-02-21T08:13:08.702+0000] {ImapSmtp.py:1240} INFO - Attachment filepath: PosixPath('/data/attachments/test-91.txt')
[2024-02-21T08:13:08.702+0000] {ImapSmtp.py:1243} INFO - Saving attachment: test.txt
[2024-02-21T08:13:08.703+0000] {logging_mixin.py:188} INFO - Message from RPA Python5
[2024-02-21T08:13:08.703+0000] {ImapSmtp.py:1240} INFO - Attachment filepath: PosixPath('/data/attachments/test-92.txt')
[2024-02-21T08:13:08.704+0000] {ImapSmtp.py:1243} INFO - Saving attachment: test.txt
[2024-02-21T08:13:08.704+0000] {logging_mixin.py:188} INFO - Message from RPA Python6
[2024-02-21T08:13:08.705+0000] {ImapSmtp.py:1240} INFO - Attachment filepath: PosixPath('/data/attachments/test-93.txt')
[2024-02-21T08:13:08.705+0000] {ImapSmtp.py:1243} INFO - Saving attachment: test.txt
[2024-02-21T08:13:08.706+0000] {logging_mixin.py:188} INFO - Message from RPA Python7
[2024-02-21T08:13:08.707+0000] {ImapSmtp.py:1240} INFO - Attachment filepath: PosixPath('/data/attachments/test-94.txt')
[2024-02-21T08:13:08.707+0000] {ImapSmtp.py:1243} INFO - Saving attachment: test.txt
[2024-02-21T08:13:08.707+0000] {logging_mixin.py:188} INFO - Message from RPA Python8
[2024-02-21T08:13:08.708+0000] {ImapSmtp.py:1240} INFO - Attachment filepath: PosixPath('/data/attachments/test-95.txt')
[2024-02-21T08:13:08.708+0000] {ImapSmtp.py:1243} INFO - Saving attachment: test.txt
[2024-02-21T08:13:08.709+0000] {logging_mixin.py:188} INFO - Message from RPA Python9
[2024-02-21T08:13:08.710+0000] {ImapSmtp.py:1240} INFO - Attachment filepath: PosixPath('/data/attachments/test-96.txt')
[2024-02-21T08:13:08.710+0000] {ImapSmtp.py:1243} INFO - Saving attachment: test.txt
[2024-02-21T08:13:09.372+0000] {python.py:201} INFO - Done. Returned value was: None
[2024-02-21T08:13:09.380+0000] {taskinstance.py:1138} INFO - Marking task as SUCCESS. dag_id=extract_email, task_id=get_mail, execution_date=20240209T010000, start_date=20240221T081302, end_date=20240221T081309
[2024-02-21T08:13:09.428+0000] {local_task_job_runner.py:234} INFO - Task exited with return code 0
[2024-02-21T08:13:09.446+0000] {taskinstance.py:3280} INFO - 0 downstream tasks scheduled from follow-on schedule check
[2024-02-21T08:18:03.859+0000] {taskinstance.py:1956} INFO - Dependencies all met for dep_context=non-requeueable deps ti=<TaskInstance: extract_email.get_mail scheduled__2024-02-09T01:00:00+00:00 [queued]>
[2024-02-21T08:18:03.877+0000] {taskinstance.py:1956} INFO - Dependencies all met for dep_context=requeueable deps ti=<TaskInstance: extract_email.get_mail scheduled__2024-02-09T01:00:00+00:00 [queued]>
[2024-02-21T08:18:03.878+0000] {taskinstance.py:2170} INFO - Starting attempt 1 of 1
[2024-02-21T08:18:03.906+0000] {taskinstance.py:2191} INFO - Executing <Task(PythonOperator): get_mail> on 2024-02-09 01:00:00+00:00
[2024-02-21T08:18:03.921+0000] {standard_task_runner.py:60} INFO - Started process 111 to run task
[2024-02-21T08:18:03.929+0000] {standard_task_runner.py:87} INFO - Running: ['***', 'tasks', 'run', 'extract_email', 'get_mail', 'scheduled__2024-02-09T01:00:00+00:00', '--job-id', '255', '--raw', '--subdir', 'DAGS_FOLDER/extract_email.py', '--cfg-path', '/tmp/tmpve46i45s']
[2024-02-21T08:18:03.931+0000] {standard_task_runner.py:88} INFO - Job 255: Subtask get_mail
[2024-02-21T08:18:03.996+0000] {task_command.py:423} INFO - Running <TaskInstance: extract_email.get_mail scheduled__2024-02-09T01:00:00+00:00 [running]> on host 9f5f399fdbe3
[2024-02-21T08:18:04.053+0000] {taskinstance.py:2480} INFO - Exporting env vars: AIRFLOW_CTX_DAG_OWNER='***' AIRFLOW_CTX_DAG_ID='extract_email' AIRFLOW_CTX_TASK_ID='get_mail' AIRFLOW_CTX_EXECUTION_DATE='2024-02-09T01:00:00+00:00' AIRFLOW_CTX_TRY_NUMBER='1' AIRFLOW_CTX_DAG_RUN_ID='scheduled__2024-02-09T01:00:00+00:00'
[2024-02-21T08:18:06.052+0000] {taskinstance.py:2698} ERROR - Task failed with exception
Traceback (most recent call last):
  File "/home/airflow/.local/lib/python3.8/site-packages/airflow/models/taskinstance.py", line 433, in _execute_task
    result = execute_callable(context=context, **execute_callable_kwargs)
  File "/home/airflow/.local/lib/python3.8/site-packages/airflow/operators/python.py", line 199, in execute
    return_value = self.execute_callable()
  File "/home/airflow/.local/lib/python3.8/site-packages/airflow/operators/python.py", line 216, in execute_callable
    return self.python_callable(*self.op_args, **self.op_kwargs)
  File "/opt/airflow/dags/extract_email.py", line 16, in get_mail
    mail.authorize(account=os.getenv("GMAIL_ACCOUNT"), password=os.getenv("GMAIL_PASSWORD"))
  File "/home/airflow/.local/lib/python3.8/site-packages/RPA/Email/ImapSmtp.py", line 496, in authorize
    self.authorize_imap(
  File "/home/airflow/.local/lib/python3.8/site-packages/RPA/Email/ImapSmtp.py", line 453, in authorize_imap
    self.imap_conn.login(account, password)
  File "/usr/local/lib/python3.8/imaplib.py", line 603, in login
    raise self.error(dat[-1])
imaplib.IMAP4.error: b'[ALERT] Too many simultaneous connections. (Failure)'
[2024-02-21T08:18:06.079+0000] {taskinstance.py:1138} INFO - Marking task as FAILED. dag_id=extract_email, task_id=get_mail, execution_date=20240209T010000, start_date=20240221T081803, end_date=20240221T081806
[2024-02-21T08:18:06.122+0000] {standard_task_runner.py:107} ERROR - Failed to execute job 255 for task get_mail (b'[ALERT] Too many simultaneous connections. (Failure)'; 111)
[2024-02-21T08:18:06.165+0000] {local_task_job_runner.py:234} INFO - Task exited with return code 1
[2024-02-21T08:18:06.196+0000] {taskinstance.py:3280} INFO - 0 downstream tasks scheduled from follow-on schedule check
