[2024-02-21T08:06:15.381+0000] {taskinstance.py:1956} INFO - Dependencies all met for dep_context=non-requeueable deps ti=<TaskInstance: extract_email.get_mail scheduled__2024-01-22T01:00:00+00:00 [queued]>
[2024-02-21T08:06:15.394+0000] {taskinstance.py:1956} INFO - Dependencies all met for dep_context=requeueable deps ti=<TaskInstance: extract_email.get_mail scheduled__2024-01-22T01:00:00+00:00 [queued]>
[2024-02-21T08:06:15.395+0000] {taskinstance.py:2170} INFO - Starting attempt 1 of 1
[2024-02-21T08:06:15.413+0000] {taskinstance.py:2191} INFO - Executing <Task(PythonOperator): get_mail> on 2024-01-22 01:00:00+00:00
[2024-02-21T08:06:15.422+0000] {standard_task_runner.py:60} INFO - Started process 136 to run task
[2024-02-21T08:06:15.426+0000] {standard_task_runner.py:87} INFO - Running: ['***', 'tasks', 'run', 'extract_email', 'get_mail', 'scheduled__2024-01-22T01:00:00+00:00', '--job-id', '172', '--raw', '--subdir', 'DAGS_FOLDER/extract_email.py', '--cfg-path', '/tmp/tmp1qe3n8gt']
[2024-02-21T08:06:15.429+0000] {standard_task_runner.py:88} INFO - Job 172: Subtask get_mail
[2024-02-21T08:06:15.485+0000] {task_command.py:423} INFO - Running <TaskInstance: extract_email.get_mail scheduled__2024-01-22T01:00:00+00:00 [running]> on host 96f19b77385b
[2024-02-21T08:06:15.574+0000] {taskinstance.py:2480} INFO - Exporting env vars: AIRFLOW_CTX_DAG_OWNER='***' AIRFLOW_CTX_DAG_ID='extract_email' AIRFLOW_CTX_TASK_ID='get_mail' AIRFLOW_CTX_EXECUTION_DATE='2024-01-22T01:00:00+00:00' AIRFLOW_CTX_TRY_NUMBER='1' AIRFLOW_CTX_DAG_RUN_ID='scheduled__2024-01-22T01:00:00+00:00'
[2024-02-21T08:06:18.768+0000] {ImapSmtp.py:839} INFO - IMAP search: 'gmail:'Message from RPA Python' after:15-12-2023'
[2024-02-21T08:06:22.385+0000] {logging_mixin.py:188} INFO - Message from RPA Python0
[2024-02-21T08:06:22.390+0000] {ImapSmtp.py:1240} INFO - Attachment filepath: PosixPath('/data/attachments/test-117.txt')
[2024-02-21T08:06:22.392+0000] {ImapSmtp.py:1243} INFO - Saving attachment: test.txt
[2024-02-21T08:06:22.394+0000] {logging_mixin.py:188} INFO - Message from RPA Python1
[2024-02-21T08:06:22.398+0000] {ImapSmtp.py:1240} INFO - Attachment filepath: PosixPath('/data/attachments/test-118.txt')
[2024-02-21T08:06:22.399+0000] {ImapSmtp.py:1243} INFO - Saving attachment: test.txt
[2024-02-21T08:06:22.400+0000] {logging_mixin.py:188} INFO - Message from RPA Python2
[2024-02-21T08:06:22.404+0000] {ImapSmtp.py:1240} INFO - Attachment filepath: PosixPath('/data/attachments/test-119.txt')
[2024-02-21T08:06:22.405+0000] {ImapSmtp.py:1243} INFO - Saving attachment: test.txt
[2024-02-21T08:06:22.407+0000] {logging_mixin.py:188} INFO - Message from RPA Python3
[2024-02-21T08:06:22.412+0000] {ImapSmtp.py:1240} INFO - Attachment filepath: PosixPath('/data/attachments/test-120.txt')
[2024-02-21T08:06:22.413+0000] {ImapSmtp.py:1243} INFO - Saving attachment: test.txt
[2024-02-21T08:06:22.415+0000] {logging_mixin.py:188} INFO - Message from RPA Python4
[2024-02-21T08:06:22.420+0000] {ImapSmtp.py:1240} INFO - Attachment filepath: PosixPath('/data/attachments/test-121.txt')
[2024-02-21T08:06:22.421+0000] {ImapSmtp.py:1243} INFO - Saving attachment: test.txt
[2024-02-21T08:06:22.423+0000] {logging_mixin.py:188} INFO - Message from RPA Python5
[2024-02-21T08:06:22.429+0000] {ImapSmtp.py:1240} INFO - Attachment filepath: PosixPath('/data/attachments/test-122.txt')
[2024-02-21T08:06:22.431+0000] {ImapSmtp.py:1243} INFO - Saving attachment: test.txt
[2024-02-21T08:06:22.433+0000] {logging_mixin.py:188} INFO - Message from RPA Python6
[2024-02-21T08:06:22.439+0000] {ImapSmtp.py:1240} INFO - Attachment filepath: PosixPath('/data/attachments/test-123.txt')
[2024-02-21T08:06:22.440+0000] {ImapSmtp.py:1243} INFO - Saving attachment: test.txt
[2024-02-21T08:06:22.441+0000] {logging_mixin.py:188} INFO - Message from RPA Python7
[2024-02-21T08:06:22.446+0000] {ImapSmtp.py:1240} INFO - Attachment filepath: PosixPath('/data/attachments/test-124.txt')
[2024-02-21T08:06:22.447+0000] {ImapSmtp.py:1243} INFO - Saving attachment: test.txt
[2024-02-21T08:06:22.448+0000] {logging_mixin.py:188} INFO - Message from RPA Python8
[2024-02-21T08:06:22.452+0000] {ImapSmtp.py:1240} INFO - Attachment filepath: PosixPath('/data/attachments/test-125.txt')
[2024-02-21T08:06:22.452+0000] {ImapSmtp.py:1243} INFO - Saving attachment: test.txt
[2024-02-21T08:06:22.453+0000] {logging_mixin.py:188} INFO - Message from RPA Python9
[2024-02-21T08:06:22.456+0000] {ImapSmtp.py:1240} INFO - Attachment filepath: PosixPath('/data/attachments/test-126.txt')
[2024-02-21T08:06:22.457+0000] {ImapSmtp.py:1243} INFO - Saving attachment: test.txt
[2024-02-21T08:06:23.277+0000] {python.py:201} INFO - Done. Returned value was: None
[2024-02-21T08:06:23.288+0000] {taskinstance.py:1138} INFO - Marking task as SUCCESS. dag_id=extract_email, task_id=get_mail, execution_date=20240122T010000, start_date=20240221T080615, end_date=20240221T080623
[2024-02-21T08:06:23.363+0000] {local_task_job_runner.py:234} INFO - Task exited with return code 0
[2024-02-21T08:06:23.380+0000] {taskinstance.py:3280} INFO - 0 downstream tasks scheduled from follow-on schedule check
[2024-02-21T08:12:41.660+0000] {taskinstance.py:1956} INFO - Dependencies all met for dep_context=non-requeueable deps ti=<TaskInstance: extract_email.get_mail scheduled__2024-01-22T01:00:00+00:00 [queued]>
[2024-02-21T08:12:41.669+0000] {taskinstance.py:1956} INFO - Dependencies all met for dep_context=requeueable deps ti=<TaskInstance: extract_email.get_mail scheduled__2024-01-22T01:00:00+00:00 [queued]>
[2024-02-21T08:12:41.669+0000] {taskinstance.py:2170} INFO - Starting attempt 1 of 1
[2024-02-21T08:12:41.684+0000] {taskinstance.py:2191} INFO - Executing <Task(PythonOperator): get_mail> on 2024-01-22 01:00:00+00:00
[2024-02-21T08:12:41.692+0000] {standard_task_runner.py:60} INFO - Started process 126 to run task
[2024-02-21T08:12:41.694+0000] {standard_task_runner.py:87} INFO - Running: ['***', 'tasks', 'run', 'extract_email', 'get_mail', 'scheduled__2024-01-22T01:00:00+00:00', '--job-id', '203', '--raw', '--subdir', 'DAGS_FOLDER/extract_email.py', '--cfg-path', '/tmp/tmpmb4dq6uk']
[2024-02-21T08:12:41.696+0000] {standard_task_runner.py:88} INFO - Job 203: Subtask get_mail
[2024-02-21T08:12:41.744+0000] {task_command.py:423} INFO - Running <TaskInstance: extract_email.get_mail scheduled__2024-01-22T01:00:00+00:00 [running]> on host 968b17b6b013
[2024-02-21T08:12:41.808+0000] {taskinstance.py:2480} INFO - Exporting env vars: AIRFLOW_CTX_DAG_OWNER='***' AIRFLOW_CTX_DAG_ID='extract_email' AIRFLOW_CTX_TASK_ID='get_mail' AIRFLOW_CTX_EXECUTION_DATE='2024-01-22T01:00:00+00:00' AIRFLOW_CTX_TRY_NUMBER='1' AIRFLOW_CTX_DAG_RUN_ID='scheduled__2024-01-22T01:00:00+00:00'
[2024-02-21T08:12:44.553+0000] {taskinstance.py:2698} ERROR - Task failed with exception
Traceback (most recent call last):
  File "/home/airflow/.local/lib/python3.8/site-packages/airflow/models/taskinstance.py", line 433, in _execute_task
    result = execute_callable(context=context, **execute_callable_kwargs)
  File "/home/airflow/.local/lib/python3.8/site-packages/airflow/operators/python.py", line 199, in execute
    return_value = self.execute_callable()
  File "/home/airflow/.local/lib/python3.8/site-packages/airflow/operators/python.py", line 216, in execute_callable
    return self.python_callable(*self.op_args, **self.op_kwargs)
  File "/opt/airflow/dags/extract_email.py", line 16, in get_mail
    mail.authorize(account=os.getenv("GMAIL_ACCOUNT"), password=os.getenv("GMAIL_PASSWORD"))
  File "/home/airflow/.local/lib/python3.8/site-packages/RPA/Email/ImapSmtp.py", line 496, in authorize
    self.authorize_imap(
  File "/home/airflow/.local/lib/python3.8/site-packages/RPA/Email/ImapSmtp.py", line 453, in authorize_imap
    self.imap_conn.login(account, password)
  File "/usr/local/lib/python3.8/imaplib.py", line 603, in login
    raise self.error(dat[-1])
imaplib.IMAP4.error: b'[ALERT] Too many simultaneous connections. (Failure)'
[2024-02-21T08:12:44.565+0000] {taskinstance.py:1138} INFO - Marking task as FAILED. dag_id=extract_email, task_id=get_mail, execution_date=20240122T010000, start_date=20240221T081241, end_date=20240221T081244
[2024-02-21T08:12:44.577+0000] {standard_task_runner.py:107} ERROR - Failed to execute job 203 for task get_mail (b'[ALERT] Too many simultaneous connections. (Failure)'; 126)
[2024-02-21T08:12:44.596+0000] {local_task_job_runner.py:234} INFO - Task exited with return code 1
[2024-02-21T08:12:44.621+0000] {taskinstance.py:3280} INFO - 0 downstream tasks scheduled from follow-on schedule check
[2024-02-21T08:17:44.011+0000] {taskinstance.py:1956} INFO - Dependencies all met for dep_context=non-requeueable deps ti=<TaskInstance: extract_email.get_mail scheduled__2024-01-22T01:00:00+00:00 [queued]>
[2024-02-21T08:17:44.022+0000] {taskinstance.py:1956} INFO - Dependencies all met for dep_context=requeueable deps ti=<TaskInstance: extract_email.get_mail scheduled__2024-01-22T01:00:00+00:00 [queued]>
[2024-02-21T08:17:44.023+0000] {taskinstance.py:2170} INFO - Starting attempt 1 of 1
[2024-02-21T08:17:44.037+0000] {taskinstance.py:2191} INFO - Executing <Task(PythonOperator): get_mail> on 2024-01-22 01:00:00+00:00
[2024-02-21T08:17:44.042+0000] {standard_task_runner.py:60} INFO - Started process 78 to run task
[2024-02-21T08:17:44.045+0000] {standard_task_runner.py:87} INFO - Running: ['***', 'tasks', 'run', 'extract_email', 'get_mail', 'scheduled__2024-01-22T01:00:00+00:00', '--job-id', '238', '--raw', '--subdir', 'DAGS_FOLDER/extract_email.py', '--cfg-path', '/tmp/tmpd7prqsqu']
[2024-02-21T08:17:44.047+0000] {standard_task_runner.py:88} INFO - Job 238: Subtask get_mail
[2024-02-21T08:17:44.087+0000] {task_command.py:423} INFO - Running <TaskInstance: extract_email.get_mail scheduled__2024-01-22T01:00:00+00:00 [running]> on host 9f5f399fdbe3
[2024-02-21T08:17:44.164+0000] {taskinstance.py:2480} INFO - Exporting env vars: AIRFLOW_CTX_DAG_OWNER='***' AIRFLOW_CTX_DAG_ID='extract_email' AIRFLOW_CTX_TASK_ID='get_mail' AIRFLOW_CTX_EXECUTION_DATE='2024-01-22T01:00:00+00:00' AIRFLOW_CTX_TRY_NUMBER='1' AIRFLOW_CTX_DAG_RUN_ID='scheduled__2024-01-22T01:00:00+00:00'
[2024-02-21T08:17:46.788+0000] {ImapSmtp.py:839} INFO - IMAP search: 'gmail:'Message from RPA Python' after:15-12-2023'
[2024-02-21T08:17:50.382+0000] {logging_mixin.py:188} INFO - Message from RPA Python0
[2024-02-21T08:17:50.383+0000] {ImapSmtp.py:1240} INFO - Attachment filepath: PosixPath('/data/attachments/test-137.txt')
[2024-02-21T08:17:50.384+0000] {ImapSmtp.py:1243} INFO - Saving attachment: test.txt
[2024-02-21T08:17:50.385+0000] {logging_mixin.py:188} INFO - Message from RPA Python1
[2024-02-21T08:17:50.388+0000] {ImapSmtp.py:1240} INFO - Attachment filepath: PosixPath('/data/attachments/test-138.txt')
[2024-02-21T08:17:50.388+0000] {ImapSmtp.py:1243} INFO - Saving attachment: test.txt
[2024-02-21T08:17:50.389+0000] {logging_mixin.py:188} INFO - Message from RPA Python2
[2024-02-21T08:17:50.390+0000] {ImapSmtp.py:1240} INFO - Attachment filepath: PosixPath('/data/attachments/test-139.txt')
[2024-02-21T08:17:50.390+0000] {ImapSmtp.py:1243} INFO - Saving attachment: test.txt
[2024-02-21T08:17:50.391+0000] {logging_mixin.py:188} INFO - Message from RPA Python3
[2024-02-21T08:17:50.392+0000] {ImapSmtp.py:1240} INFO - Attachment filepath: PosixPath('/data/attachments/test-140.txt')
[2024-02-21T08:17:50.393+0000] {ImapSmtp.py:1243} INFO - Saving attachment: test.txt
[2024-02-21T08:17:50.393+0000] {logging_mixin.py:188} INFO - Message from RPA Python4
[2024-02-21T08:17:50.394+0000] {ImapSmtp.py:1240} INFO - Attachment filepath: PosixPath('/data/attachments/test-141.txt')
[2024-02-21T08:17:50.395+0000] {ImapSmtp.py:1243} INFO - Saving attachment: test.txt
[2024-02-21T08:17:50.395+0000] {logging_mixin.py:188} INFO - Message from RPA Python5
[2024-02-21T08:17:50.396+0000] {ImapSmtp.py:1240} INFO - Attachment filepath: PosixPath('/data/attachments/test-142.txt')
[2024-02-21T08:17:50.396+0000] {ImapSmtp.py:1243} INFO - Saving attachment: test.txt
[2024-02-21T08:17:50.397+0000] {logging_mixin.py:188} INFO - Message from RPA Python6
[2024-02-21T08:17:50.398+0000] {ImapSmtp.py:1240} INFO - Attachment filepath: PosixPath('/data/attachments/test-143.txt')
[2024-02-21T08:17:50.398+0000] {ImapSmtp.py:1243} INFO - Saving attachment: test.txt
[2024-02-21T08:17:50.399+0000] {logging_mixin.py:188} INFO - Message from RPA Python7
[2024-02-21T08:17:50.402+0000] {ImapSmtp.py:1240} INFO - Attachment filepath: PosixPath('/data/attachments/test-144.txt')
[2024-02-21T08:17:50.402+0000] {ImapSmtp.py:1243} INFO - Saving attachment: test.txt
[2024-02-21T08:17:50.404+0000] {logging_mixin.py:188} INFO - Message from RPA Python8
[2024-02-21T08:17:50.405+0000] {ImapSmtp.py:1240} INFO - Attachment filepath: PosixPath('/data/attachments/test-145.txt')
[2024-02-21T08:17:50.406+0000] {ImapSmtp.py:1243} INFO - Saving attachment: test.txt
[2024-02-21T08:17:50.406+0000] {logging_mixin.py:188} INFO - Message from RPA Python9
[2024-02-21T08:17:50.408+0000] {ImapSmtp.py:1240} INFO - Attachment filepath: PosixPath('/data/attachments/test-146.txt')
[2024-02-21T08:17:50.409+0000] {ImapSmtp.py:1243} INFO - Saving attachment: test.txt
[2024-02-21T08:17:51.110+0000] {python.py:201} INFO - Done. Returned value was: None
[2024-02-21T08:17:51.135+0000] {taskinstance.py:1138} INFO - Marking task as SUCCESS. dag_id=extract_email, task_id=get_mail, execution_date=20240122T010000, start_date=20240221T081744, end_date=20240221T081751
[2024-02-21T08:17:51.229+0000] {local_task_job_runner.py:234} INFO - Task exited with return code 0
[2024-02-21T08:17:51.274+0000] {taskinstance.py:3280} INFO - 0 downstream tasks scheduled from follow-on schedule check
