[2024-02-21T08:06:40.084+0000] {taskinstance.py:1956} INFO - Dependencies all met for dep_context=non-requeueable deps ti=<TaskInstance: extract_email.get_mail scheduled__2024-02-14T01:00:00+00:00 [queued]>
[2024-02-21T08:06:40.103+0000] {taskinstance.py:1956} INFO - Dependencies all met for dep_context=requeueable deps ti=<TaskInstance: extract_email.get_mail scheduled__2024-02-14T01:00:00+00:00 [queued]>
[2024-02-21T08:06:40.104+0000] {taskinstance.py:2170} INFO - Starting attempt 1 of 1
[2024-02-21T08:06:40.130+0000] {taskinstance.py:2191} INFO - Executing <Task(PythonOperator): get_mail> on 2024-02-14 01:00:00+00:00
[2024-02-21T08:06:40.147+0000] {standard_task_runner.py:60} INFO - Started process 187 to run task
[2024-02-21T08:06:40.153+0000] {standard_task_runner.py:87} INFO - Running: ['***', 'tasks', 'run', 'extract_email', 'get_mail', 'scheduled__2024-02-14T01:00:00+00:00', '--job-id', '195', '--raw', '--subdir', 'DAGS_FOLDER/extract_email.py', '--cfg-path', '/tmp/tmpn8uznujm']
[2024-02-21T08:06:40.155+0000] {standard_task_runner.py:88} INFO - Job 195: Subtask get_mail
[2024-02-21T08:06:40.251+0000] {task_command.py:423} INFO - Running <TaskInstance: extract_email.get_mail scheduled__2024-02-14T01:00:00+00:00 [running]> on host 96f19b77385b
[2024-02-21T08:06:40.397+0000] {taskinstance.py:2480} INFO - Exporting env vars: AIRFLOW_CTX_DAG_OWNER='***' AIRFLOW_CTX_DAG_ID='extract_email' AIRFLOW_CTX_TASK_ID='get_mail' AIRFLOW_CTX_EXECUTION_DATE='2024-02-14T01:00:00+00:00' AIRFLOW_CTX_TRY_NUMBER='1' AIRFLOW_CTX_DAG_RUN_ID='scheduled__2024-02-14T01:00:00+00:00'
[2024-02-21T08:06:43.919+0000] {ImapSmtp.py:839} INFO - IMAP search: 'gmail:'Message from RPA Python' after:15-12-2023'
[2024-02-21T08:06:47.033+0000] {logging_mixin.py:188} INFO - Message from RPA Python0
[2024-02-21T08:06:47.034+0000] {ImapSmtp.py:1240} INFO - Attachment filepath: PosixPath('/data/attachments/test-253.txt')
[2024-02-21T08:06:47.035+0000] {ImapSmtp.py:1243} INFO - Saving attachment: test.txt
[2024-02-21T08:06:47.035+0000] {logging_mixin.py:188} INFO - Message from RPA Python1
[2024-02-21T08:06:47.037+0000] {ImapSmtp.py:1240} INFO - Attachment filepath: PosixPath('/data/attachments/test-254.txt')
[2024-02-21T08:06:47.037+0000] {ImapSmtp.py:1243} INFO - Saving attachment: test.txt
[2024-02-21T08:06:47.037+0000] {logging_mixin.py:188} INFO - Message from RPA Python2
[2024-02-21T08:06:47.039+0000] {ImapSmtp.py:1240} INFO - Attachment filepath: PosixPath('/data/attachments/test-255.txt')
[2024-02-21T08:06:47.039+0000] {ImapSmtp.py:1243} INFO - Saving attachment: test.txt
[2024-02-21T08:06:47.039+0000] {logging_mixin.py:188} INFO - Message from RPA Python3
[2024-02-21T08:06:47.040+0000] {ImapSmtp.py:1240} INFO - Attachment filepath: PosixPath('/data/attachments/test-256.txt')
[2024-02-21T08:06:47.041+0000] {ImapSmtp.py:1243} INFO - Saving attachment: test.txt
[2024-02-21T08:06:47.041+0000] {logging_mixin.py:188} INFO - Message from RPA Python4
[2024-02-21T08:06:47.042+0000] {ImapSmtp.py:1240} INFO - Attachment filepath: PosixPath('/data/attachments/test-257.txt')
[2024-02-21T08:06:47.042+0000] {ImapSmtp.py:1243} INFO - Saving attachment: test.txt
[2024-02-21T08:06:47.043+0000] {logging_mixin.py:188} INFO - Message from RPA Python5
[2024-02-21T08:06:47.045+0000] {ImapSmtp.py:1240} INFO - Attachment filepath: PosixPath('/data/attachments/test-258.txt')
[2024-02-21T08:06:47.045+0000] {ImapSmtp.py:1243} INFO - Saving attachment: test.txt
[2024-02-21T08:06:47.046+0000] {logging_mixin.py:188} INFO - Message from RPA Python6
[2024-02-21T08:06:47.047+0000] {ImapSmtp.py:1240} INFO - Attachment filepath: PosixPath('/data/attachments/test-259.txt')
[2024-02-21T08:06:47.047+0000] {ImapSmtp.py:1243} INFO - Saving attachment: test.txt
[2024-02-21T08:06:47.047+0000] {logging_mixin.py:188} INFO - Message from RPA Python7
[2024-02-21T08:06:47.048+0000] {ImapSmtp.py:1240} INFO - Attachment filepath: PosixPath('/data/attachments/test-260.txt')
[2024-02-21T08:06:47.048+0000] {ImapSmtp.py:1243} INFO - Saving attachment: test.txt
[2024-02-21T08:06:47.048+0000] {logging_mixin.py:188} INFO - Message from RPA Python8
[2024-02-21T08:06:47.050+0000] {ImapSmtp.py:1240} INFO - Attachment filepath: PosixPath('/data/attachments/test-261.txt')
[2024-02-21T08:06:47.050+0000] {ImapSmtp.py:1243} INFO - Saving attachment: test.txt
[2024-02-21T08:06:47.051+0000] {logging_mixin.py:188} INFO - Message from RPA Python9
[2024-02-21T08:06:47.052+0000] {ImapSmtp.py:1240} INFO - Attachment filepath: PosixPath('/data/attachments/test-262.txt')
[2024-02-21T08:06:47.052+0000] {ImapSmtp.py:1243} INFO - Saving attachment: test.txt
[2024-02-21T08:06:47.871+0000] {python.py:201} INFO - Done. Returned value was: None
[2024-02-21T08:06:47.892+0000] {taskinstance.py:1138} INFO - Marking task as SUCCESS. dag_id=extract_email, task_id=get_mail, execution_date=20240214T010000, start_date=20240221T080640, end_date=20240221T080647
[2024-02-21T08:06:47.960+0000] {local_task_job_runner.py:234} INFO - Task exited with return code 0
[2024-02-21T08:06:47.977+0000] {taskinstance.py:3280} INFO - 0 downstream tasks scheduled from follow-on schedule check
[2024-02-21T08:13:03.264+0000] {taskinstance.py:1956} INFO - Dependencies all met for dep_context=non-requeueable deps ti=<TaskInstance: extract_email.get_mail scheduled__2024-02-14T01:00:00+00:00 [queued]>
[2024-02-21T08:13:03.316+0000] {taskinstance.py:1956} INFO - Dependencies all met for dep_context=requeueable deps ti=<TaskInstance: extract_email.get_mail scheduled__2024-02-14T01:00:00+00:00 [queued]>
[2024-02-21T08:13:03.317+0000] {taskinstance.py:2170} INFO - Starting attempt 1 of 1
[2024-02-21T08:13:03.380+0000] {taskinstance.py:2191} INFO - Executing <Task(PythonOperator): get_mail> on 2024-02-14 01:00:00+00:00
[2024-02-21T08:13:03.395+0000] {standard_task_runner.py:60} INFO - Started process 167 to run task
[2024-02-21T08:13:03.406+0000] {standard_task_runner.py:87} INFO - Running: ['***', 'tasks', 'run', 'extract_email', 'get_mail', 'scheduled__2024-02-14T01:00:00+00:00', '--job-id', '228', '--raw', '--subdir', 'DAGS_FOLDER/extract_email.py', '--cfg-path', '/tmp/tmp6h1abfrg']
[2024-02-21T08:13:03.410+0000] {standard_task_runner.py:88} INFO - Job 228: Subtask get_mail
[2024-02-21T08:13:03.579+0000] {task_command.py:423} INFO - Running <TaskInstance: extract_email.get_mail scheduled__2024-02-14T01:00:00+00:00 [running]> on host 968b17b6b013
[2024-02-21T08:13:03.787+0000] {taskinstance.py:2480} INFO - Exporting env vars: AIRFLOW_CTX_DAG_OWNER='***' AIRFLOW_CTX_DAG_ID='extract_email' AIRFLOW_CTX_TASK_ID='get_mail' AIRFLOW_CTX_EXECUTION_DATE='2024-02-14T01:00:00+00:00' AIRFLOW_CTX_TRY_NUMBER='1' AIRFLOW_CTX_DAG_RUN_ID='scheduled__2024-02-14T01:00:00+00:00'
[2024-02-21T08:13:06.118+0000] {taskinstance.py:2698} ERROR - Task failed with exception
Traceback (most recent call last):
  File "/home/airflow/.local/lib/python3.8/site-packages/airflow/models/taskinstance.py", line 433, in _execute_task
    result = execute_callable(context=context, **execute_callable_kwargs)
  File "/home/airflow/.local/lib/python3.8/site-packages/airflow/operators/python.py", line 199, in execute
    return_value = self.execute_callable()
  File "/home/airflow/.local/lib/python3.8/site-packages/airflow/operators/python.py", line 216, in execute_callable
    return self.python_callable(*self.op_args, **self.op_kwargs)
  File "/opt/airflow/dags/extract_email.py", line 16, in get_mail
    mail.authorize(account=os.getenv("GMAIL_ACCOUNT"), password=os.getenv("GMAIL_PASSWORD"))
  File "/home/airflow/.local/lib/python3.8/site-packages/RPA/Email/ImapSmtp.py", line 496, in authorize
    self.authorize_imap(
  File "/home/airflow/.local/lib/python3.8/site-packages/RPA/Email/ImapSmtp.py", line 453, in authorize_imap
    self.imap_conn.login(account, password)
  File "/usr/local/lib/python3.8/imaplib.py", line 603, in login
    raise self.error(dat[-1])
imaplib.IMAP4.error: b'[ALERT] Too many simultaneous connections. (Failure)'
[2024-02-21T08:13:06.127+0000] {taskinstance.py:1138} INFO - Marking task as FAILED. dag_id=extract_email, task_id=get_mail, execution_date=20240214T010000, start_date=20240221T081303, end_date=20240221T081306
[2024-02-21T08:13:06.143+0000] {standard_task_runner.py:107} ERROR - Failed to execute job 228 for task get_mail (b'[ALERT] Too many simultaneous connections. (Failure)'; 167)
[2024-02-21T08:13:06.169+0000] {local_task_job_runner.py:234} INFO - Task exited with return code 1
[2024-02-21T08:13:06.195+0000] {taskinstance.py:3280} INFO - 0 downstream tasks scheduled from follow-on schedule check
[2024-02-21T08:18:05.523+0000] {taskinstance.py:1956} INFO - Dependencies all met for dep_context=non-requeueable deps ti=<TaskInstance: extract_email.get_mail scheduled__2024-02-14T01:00:00+00:00 [queued]>
[2024-02-21T08:18:05.549+0000] {taskinstance.py:1956} INFO - Dependencies all met for dep_context=requeueable deps ti=<TaskInstance: extract_email.get_mail scheduled__2024-02-14T01:00:00+00:00 [queued]>
[2024-02-21T08:18:05.550+0000] {taskinstance.py:2170} INFO - Starting attempt 1 of 1
[2024-02-21T08:18:05.570+0000] {taskinstance.py:2191} INFO - Executing <Task(PythonOperator): get_mail> on 2024-02-14 01:00:00+00:00
[2024-02-21T08:18:05.578+0000] {standard_task_runner.py:60} INFO - Started process 119 to run task
[2024-02-21T08:18:05.581+0000] {standard_task_runner.py:87} INFO - Running: ['***', 'tasks', 'run', 'extract_email', 'get_mail', 'scheduled__2024-02-14T01:00:00+00:00', '--job-id', '263', '--raw', '--subdir', 'DAGS_FOLDER/extract_email.py', '--cfg-path', '/tmp/tmp2qu0mbxz']
[2024-02-21T08:18:05.584+0000] {standard_task_runner.py:88} INFO - Job 263: Subtask get_mail
[2024-02-21T08:18:05.633+0000] {task_command.py:423} INFO - Running <TaskInstance: extract_email.get_mail scheduled__2024-02-14T01:00:00+00:00 [running]> on host 9f5f399fdbe3
[2024-02-21T08:18:05.711+0000] {taskinstance.py:2480} INFO - Exporting env vars: AIRFLOW_CTX_DAG_OWNER='***' AIRFLOW_CTX_DAG_ID='extract_email' AIRFLOW_CTX_TASK_ID='get_mail' AIRFLOW_CTX_EXECUTION_DATE='2024-02-14T01:00:00+00:00' AIRFLOW_CTX_TRY_NUMBER='1' AIRFLOW_CTX_DAG_RUN_ID='scheduled__2024-02-14T01:00:00+00:00'
[2024-02-21T08:18:08.253+0000] {taskinstance.py:2698} ERROR - Task failed with exception
Traceback (most recent call last):
  File "/home/airflow/.local/lib/python3.8/site-packages/airflow/models/taskinstance.py", line 433, in _execute_task
    result = execute_callable(context=context, **execute_callable_kwargs)
  File "/home/airflow/.local/lib/python3.8/site-packages/airflow/operators/python.py", line 199, in execute
    return_value = self.execute_callable()
  File "/home/airflow/.local/lib/python3.8/site-packages/airflow/operators/python.py", line 216, in execute_callable
    return self.python_callable(*self.op_args, **self.op_kwargs)
  File "/opt/airflow/dags/extract_email.py", line 16, in get_mail
    mail.authorize(account=os.getenv("GMAIL_ACCOUNT"), password=os.getenv("GMAIL_PASSWORD"))
  File "/home/airflow/.local/lib/python3.8/site-packages/RPA/Email/ImapSmtp.py", line 496, in authorize
    self.authorize_imap(
  File "/home/airflow/.local/lib/python3.8/site-packages/RPA/Email/ImapSmtp.py", line 453, in authorize_imap
    self.imap_conn.login(account, password)
  File "/usr/local/lib/python3.8/imaplib.py", line 603, in login
    raise self.error(dat[-1])
imaplib.IMAP4.error: b'[ALERT] Too many simultaneous connections. (Failure)'
[2024-02-21T08:18:08.264+0000] {taskinstance.py:1138} INFO - Marking task as FAILED. dag_id=extract_email, task_id=get_mail, execution_date=20240214T010000, start_date=20240221T081805, end_date=20240221T081808
[2024-02-21T08:18:08.288+0000] {standard_task_runner.py:107} ERROR - Failed to execute job 263 for task get_mail (b'[ALERT] Too many simultaneous connections. (Failure)'; 119)
[2024-02-21T08:18:08.336+0000] {local_task_job_runner.py:234} INFO - Task exited with return code 1
[2024-02-21T08:18:08.352+0000] {taskinstance.py:3280} INFO - 0 downstream tasks scheduled from follow-on schedule check
