[2024-02-22T03:53:03.396+0000] {taskinstance.py:1956} INFO - Dependencies all met for dep_context=non-requeueable deps ti=<TaskInstance: extract_email.get_mail manual__2024-02-22T03:52:59.030266+00:00 [queued]>
[2024-02-22T03:53:03.402+0000] {taskinstance.py:1956} INFO - Dependencies all met for dep_context=requeueable deps ti=<TaskInstance: extract_email.get_mail manual__2024-02-22T03:52:59.030266+00:00 [queued]>
[2024-02-22T03:53:03.402+0000] {taskinstance.py:2170} INFO - Starting attempt 1 of 1
[2024-02-22T03:53:03.410+0000] {taskinstance.py:2191} INFO - Executing <Task(PythonOperator): get_mail> on 2024-02-22 03:52:59.030266+00:00
[2024-02-22T03:53:03.413+0000] {standard_task_runner.py:60} INFO - Started process 414 to run task
[2024-02-22T03:53:03.415+0000] {standard_task_runner.py:87} INFO - Running: ['***', 'tasks', 'run', 'extract_email', 'get_mail', 'manual__2024-02-22T03:52:59.030266+00:00', '--job-id', '308', '--raw', '--subdir', 'DAGS_FOLDER/extract_email.py', '--cfg-path', '/tmp/tmph23cgpu2']
[2024-02-22T03:53:03.416+0000] {standard_task_runner.py:88} INFO - Job 308: Subtask get_mail
[2024-02-22T03:53:03.446+0000] {task_command.py:423} INFO - Running <TaskInstance: extract_email.get_mail manual__2024-02-22T03:52:59.030266+00:00 [running]> on host e849c64d3231
[2024-02-22T03:53:03.492+0000] {taskinstance.py:2480} INFO - Exporting env vars: AIRFLOW_CTX_DAG_OWNER='***' AIRFLOW_CTX_DAG_ID='extract_email' AIRFLOW_CTX_TASK_ID='get_mail' AIRFLOW_CTX_EXECUTION_DATE='2024-02-22T03:52:59.030266+00:00' AIRFLOW_CTX_TRY_NUMBER='1' AIRFLOW_CTX_DAG_RUN_ID='manual__2024-02-22T03:52:59.030266+00:00'
[2024-02-22T03:53:06.902+0000] {ImapSmtp.py:839} INFO - IMAP search: 'gmail:'Message from RPA Python' after:15-12-2023'
[2024-02-22T03:53:11.210+0000] {ImapSmtp.py:1240} INFO - Attachment filepath: PosixPath('attachments/test.txt')
[2024-02-22T03:53:11.210+0000] {ImapSmtp.py:1243} INFO - Saving attachment: test.txt
[2024-02-22T03:53:11.210+0000] {logging_mixin.py:188} INFO - error when saving attachment
[2024-02-22T03:53:11.210+0000] {ImapSmtp.py:1240} INFO - Attachment filepath: PosixPath('attachments/test.txt')
[2024-02-22T03:53:11.210+0000] {ImapSmtp.py:1243} INFO - Saving attachment: test.txt
[2024-02-22T03:53:11.211+0000] {logging_mixin.py:188} INFO - error when saving attachment
[2024-02-22T03:53:11.211+0000] {ImapSmtp.py:1240} INFO - Attachment filepath: PosixPath('attachments/test.txt')
[2024-02-22T03:53:11.211+0000] {ImapSmtp.py:1243} INFO - Saving attachment: test.txt
[2024-02-22T03:53:11.211+0000] {logging_mixin.py:188} INFO - error when saving attachment
[2024-02-22T03:53:11.211+0000] {ImapSmtp.py:1240} INFO - Attachment filepath: PosixPath('attachments/test.txt')
[2024-02-22T03:53:11.211+0000] {ImapSmtp.py:1243} INFO - Saving attachment: test.txt
[2024-02-22T03:53:11.211+0000] {logging_mixin.py:188} INFO - error when saving attachment
[2024-02-22T03:53:11.211+0000] {ImapSmtp.py:1240} INFO - Attachment filepath: PosixPath('attachments/test.txt')
[2024-02-22T03:53:11.211+0000] {ImapSmtp.py:1243} INFO - Saving attachment: test.txt
[2024-02-22T03:53:11.212+0000] {logging_mixin.py:188} INFO - error when saving attachment
[2024-02-22T03:53:11.212+0000] {ImapSmtp.py:1240} INFO - Attachment filepath: PosixPath('attachments/test.txt')
[2024-02-22T03:53:11.212+0000] {ImapSmtp.py:1243} INFO - Saving attachment: test.txt
[2024-02-22T03:53:11.212+0000] {logging_mixin.py:188} INFO - error when saving attachment
[2024-02-22T03:53:11.212+0000] {ImapSmtp.py:1240} INFO - Attachment filepath: PosixPath('attachments/test.txt')
[2024-02-22T03:53:11.212+0000] {ImapSmtp.py:1243} INFO - Saving attachment: test.txt
[2024-02-22T03:53:11.212+0000] {logging_mixin.py:188} INFO - error when saving attachment
[2024-02-22T03:53:11.212+0000] {ImapSmtp.py:1240} INFO - Attachment filepath: PosixPath('attachments/test.txt')
[2024-02-22T03:53:11.212+0000] {ImapSmtp.py:1243} INFO - Saving attachment: test.txt
[2024-02-22T03:53:11.213+0000] {logging_mixin.py:188} INFO - error when saving attachment
[2024-02-22T03:53:11.213+0000] {ImapSmtp.py:1240} INFO - Attachment filepath: PosixPath('attachments/test.txt')
[2024-02-22T03:53:11.213+0000] {ImapSmtp.py:1243} INFO - Saving attachment: test.txt
[2024-02-22T03:53:11.213+0000] {logging_mixin.py:188} INFO - error when saving attachment
[2024-02-22T03:53:11.213+0000] {ImapSmtp.py:1240} INFO - Attachment filepath: PosixPath('attachments/test.txt')
[2024-02-22T03:53:11.213+0000] {ImapSmtp.py:1243} INFO - Saving attachment: test.txt
[2024-02-22T03:53:11.213+0000] {logging_mixin.py:188} INFO - error when saving attachment
[2024-02-22T03:53:12.025+0000] {python.py:201} INFO - Done. Returned value was: None
[2024-02-22T03:53:12.055+0000] {taskinstance.py:1138} INFO - Marking task as SUCCESS. dag_id=extract_email, task_id=get_mail, execution_date=20240222T035259, start_date=20240222T035303, end_date=20240222T035312
[2024-02-22T03:53:12.103+0000] {local_task_job_runner.py:234} INFO - Task exited with return code 0
[2024-02-22T03:53:12.121+0000] {taskinstance.py:3280} INFO - 1 downstream tasks scheduled from follow-on schedule check
