[2024-02-22T04:00:09.616+0000] {taskinstance.py:1956} INFO - Dependencies all met for dep_context=non-requeueable deps ti=<TaskInstance: extract_email.send_message manual__2024-02-22T03:59:52.306001+00:00 [queued]>
[2024-02-22T04:00:09.621+0000] {taskinstance.py:1956} INFO - Dependencies all met for dep_context=requeueable deps ti=<TaskInstance: extract_email.send_message manual__2024-02-22T03:59:52.306001+00:00 [queued]>
[2024-02-22T04:00:09.622+0000] {taskinstance.py:2170} INFO - Starting attempt 1 of 1
[2024-02-22T04:00:09.630+0000] {taskinstance.py:2191} INFO - Executing <Task(PythonOperator): send_message> on 2024-02-22 03:59:52.306001+00:00
[2024-02-22T04:00:09.633+0000] {standard_task_runner.py:60} INFO - Started process 70 to run task
[2024-02-22T04:00:09.635+0000] {standard_task_runner.py:87} INFO - Running: ['***', 'tasks', 'run', 'extract_email', 'send_message', 'manual__2024-02-22T03:59:52.306001+00:00', '--job-id', '317', '--raw', '--subdir', 'DAGS_FOLDER/extract_email.py', '--cfg-path', '/tmp/tmp5ecy8mag']
[2024-02-22T04:00:09.636+0000] {standard_task_runner.py:88} INFO - Job 317: Subtask send_message
[2024-02-22T04:00:09.663+0000] {task_command.py:423} INFO - Running <TaskInstance: extract_email.send_message manual__2024-02-22T03:59:52.306001+00:00 [running]> on host d870797899f8
[2024-02-22T04:00:09.708+0000] {taskinstance.py:2480} INFO - Exporting env vars: AIRFLOW_CTX_DAG_OWNER='***' AIRFLOW_CTX_DAG_ID='extract_email' AIRFLOW_CTX_TASK_ID='send_message' AIRFLOW_CTX_EXECUTION_DATE='2024-02-22T03:59:52.306001+00:00' AIRFLOW_CTX_TRY_NUMBER='1' AIRFLOW_CTX_DAG_RUN_ID='manual__2024-02-22T03:59:52.306001+00:00'
[2024-02-22T04:00:10.807+0000] {logging_mixin.py:188} INFO - Đã gửi dữ liệu message 0 tới topic 'credit_card'
[2024-02-22T04:00:11.820+0000] {logging_mixin.py:188} INFO - Đã gửi dữ liệu message 1 tới topic 'credit_card'
[2024-02-22T04:00:12.833+0000] {logging_mixin.py:188} INFO - Đã gửi dữ liệu message 2 tới topic 'credit_card'
[2024-02-22T04:00:13.845+0000] {logging_mixin.py:188} INFO - Đã gửi dữ liệu message 3 tới topic 'credit_card'
[2024-02-22T04:00:14.855+0000] {logging_mixin.py:188} INFO - Đã gửi dữ liệu message 4 tới topic 'credit_card'
[2024-02-22T04:00:15.864+0000] {logging_mixin.py:188} INFO - Đã gửi dữ liệu message 5 tới topic 'credit_card'
[2024-02-22T04:00:16.875+0000] {logging_mixin.py:188} INFO - Đã gửi dữ liệu message 6 tới topic 'credit_card'
[2024-02-22T04:00:17.887+0000] {logging_mixin.py:188} INFO - Đã gửi dữ liệu message 7 tới topic 'credit_card'
[2024-02-22T04:00:18.896+0000] {logging_mixin.py:188} INFO - Đã gửi dữ liệu message 8 tới topic 'credit_card'
[2024-02-22T04:00:19.905+0000] {logging_mixin.py:188} INFO - Đã gửi dữ liệu message 9 tới topic 'credit_card'
[2024-02-22T04:00:20.917+0000] {logging_mixin.py:188} INFO - Đã gửi dữ liệu message 10 tới topic 'credit_card'
[2024-02-22T04:00:21.929+0000] {logging_mixin.py:188} INFO - Đã gửi dữ liệu message 11 tới topic 'credit_card'
[2024-02-22T04:00:22.940+0000] {logging_mixin.py:188} INFO - Đã gửi dữ liệu message 12 tới topic 'credit_card'
[2024-02-22T04:00:23.949+0000] {logging_mixin.py:188} INFO - Đã gửi dữ liệu message 13 tới topic 'credit_card'
[2024-02-22T04:00:24.960+0000] {logging_mixin.py:188} INFO - Đã gửi dữ liệu message 14 tới topic 'credit_card'
[2024-02-22T04:00:25.972+0000] {logging_mixin.py:188} INFO - Đã gửi dữ liệu message 15 tới topic 'credit_card'
[2024-02-22T04:00:26.980+0000] {logging_mixin.py:188} INFO - Đã gửi dữ liệu message 16 tới topic 'credit_card'
[2024-02-22T04:00:27.990+0000] {logging_mixin.py:188} INFO - Đã gửi dữ liệu message 17 tới topic 'credit_card'
[2024-02-22T04:00:28.998+0000] {logging_mixin.py:188} INFO - Đã gửi dữ liệu message 18 tới topic 'credit_card'
[2024-02-22T04:00:30.007+0000] {logging_mixin.py:188} INFO - Đã gửi dữ liệu message 19 tới topic 'credit_card'
[2024-02-22T04:00:31.015+0000] {logging_mixin.py:188} INFO - Đã gửi dữ liệu message 20 tới topic 'credit_card'
[2024-02-22T04:00:32.024+0000] {logging_mixin.py:188} INFO - Đã gửi dữ liệu message 21 tới topic 'credit_card'
[2024-02-22T04:00:33.036+0000] {logging_mixin.py:188} INFO - Đã gửi dữ liệu message 22 tới topic 'credit_card'
[2024-02-22T04:00:34.049+0000] {logging_mixin.py:188} INFO - Đã gửi dữ liệu message 23 tới topic 'credit_card'
[2024-02-22T04:00:35.058+0000] {logging_mixin.py:188} INFO - Đã gửi dữ liệu message 24 tới topic 'credit_card'
[2024-02-22T04:00:36.067+0000] {logging_mixin.py:188} INFO - Đã gửi dữ liệu message 25 tới topic 'credit_card'
[2024-02-22T04:00:37.077+0000] {logging_mixin.py:188} INFO - Đã gửi dữ liệu message 26 tới topic 'credit_card'
[2024-02-22T04:00:38.086+0000] {logging_mixin.py:188} INFO - Đã gửi dữ liệu message 27 tới topic 'credit_card'
[2024-02-22T04:00:39.096+0000] {logging_mixin.py:188} INFO - Đã gửi dữ liệu message 28 tới topic 'credit_card'
[2024-02-22T04:00:40.105+0000] {logging_mixin.py:188} INFO - Đã gửi dữ liệu message 29 tới topic 'credit_card'
[2024-02-22T04:00:41.115+0000] {logging_mixin.py:188} INFO - Đã gửi dữ liệu message 30 tới topic 'credit_card'
[2024-02-22T04:00:42.128+0000] {logging_mixin.py:188} INFO - Đã gửi dữ liệu message 31 tới topic 'credit_card'
[2024-02-22T04:00:43.139+0000] {logging_mixin.py:188} INFO - Đã gửi dữ liệu message 32 tới topic 'credit_card'
[2024-02-22T04:00:44.151+0000] {logging_mixin.py:188} INFO - Đã gửi dữ liệu message 33 tới topic 'credit_card'
[2024-02-22T04:00:45.160+0000] {logging_mixin.py:188} INFO - Đã gửi dữ liệu message 34 tới topic 'credit_card'
[2024-02-22T04:00:46.168+0000] {logging_mixin.py:188} INFO - Đã gửi dữ liệu message 35 tới topic 'credit_card'
[2024-02-22T04:00:47.179+0000] {logging_mixin.py:188} INFO - Đã gửi dữ liệu message 36 tới topic 'credit_card'
[2024-02-22T04:00:48.190+0000] {logging_mixin.py:188} INFO - Đã gửi dữ liệu message 37 tới topic 'credit_card'
[2024-02-22T04:00:49.199+0000] {logging_mixin.py:188} INFO - Đã gửi dữ liệu message 38 tới topic 'credit_card'
[2024-02-22T04:00:50.207+0000] {logging_mixin.py:188} INFO - Đã gửi dữ liệu message 39 tới topic 'credit_card'
[2024-02-22T04:00:51.217+0000] {logging_mixin.py:188} INFO - Đã gửi dữ liệu message 40 tới topic 'credit_card'
[2024-02-22T04:00:52.227+0000] {logging_mixin.py:188} INFO - Đã gửi dữ liệu message 41 tới topic 'credit_card'
[2024-02-22T04:00:53.240+0000] {logging_mixin.py:188} INFO - Đã gửi dữ liệu message 42 tới topic 'credit_card'
[2024-02-22T04:00:54.249+0000] {logging_mixin.py:188} INFO - Đã gửi dữ liệu message 43 tới topic 'credit_card'
[2024-02-22T04:00:55.258+0000] {logging_mixin.py:188} INFO - Đã gửi dữ liệu message 44 tới topic 'credit_card'
[2024-02-22T04:00:56.269+0000] {logging_mixin.py:188} INFO - Đã gửi dữ liệu message 45 tới topic 'credit_card'
[2024-02-22T04:00:57.277+0000] {logging_mixin.py:188} INFO - Đã gửi dữ liệu message 46 tới topic 'credit_card'
[2024-02-22T04:00:58.286+0000] {logging_mixin.py:188} INFO - Đã gửi dữ liệu message 47 tới topic 'credit_card'
[2024-02-22T04:00:59.294+0000] {logging_mixin.py:188} INFO - Đã gửi dữ liệu message 48 tới topic 'credit_card'
[2024-02-22T04:01:00.303+0000] {logging_mixin.py:188} INFO - Đã gửi dữ liệu message 49 tới topic 'credit_card'
[2024-02-22T04:01:01.313+0000] {logging_mixin.py:188} INFO - Đã gửi dữ liệu message 50 tới topic 'credit_card'
[2024-02-22T04:01:02.322+0000] {logging_mixin.py:188} INFO - Đã gửi dữ liệu message 51 tới topic 'credit_card'
[2024-02-22T04:01:03.332+0000] {logging_mixin.py:188} INFO - Đã gửi dữ liệu message 52 tới topic 'credit_card'
[2024-02-22T04:01:04.343+0000] {logging_mixin.py:188} INFO - Đã gửi dữ liệu message 53 tới topic 'credit_card'
[2024-02-22T04:01:05.354+0000] {logging_mixin.py:188} INFO - Đã gửi dữ liệu message 54 tới topic 'credit_card'
[2024-02-22T04:01:06.363+0000] {logging_mixin.py:188} INFO - Đã gửi dữ liệu message 55 tới topic 'credit_card'
[2024-02-22T04:01:07.371+0000] {logging_mixin.py:188} INFO - Đã gửi dữ liệu message 56 tới topic 'credit_card'
[2024-02-22T04:01:08.380+0000] {logging_mixin.py:188} INFO - Đã gửi dữ liệu message 57 tới topic 'credit_card'
[2024-02-22T04:01:09.388+0000] {logging_mixin.py:188} INFO - Đã gửi dữ liệu message 58 tới topic 'credit_card'
[2024-02-22T04:01:10.403+0000] {logging_mixin.py:188} INFO - Đã gửi dữ liệu message 59 tới topic 'credit_card'
[2024-02-22T04:01:11.412+0000] {logging_mixin.py:188} INFO - Đã gửi dữ liệu message 60 tới topic 'credit_card'
[2024-02-22T04:01:12.422+0000] {logging_mixin.py:188} INFO - Đã gửi dữ liệu message 61 tới topic 'credit_card'
[2024-02-22T04:01:13.434+0000] {logging_mixin.py:188} INFO - Đã gửi dữ liệu message 62 tới topic 'credit_card'
[2024-02-22T04:01:14.446+0000] {logging_mixin.py:188} INFO - Đã gửi dữ liệu message 63 tới topic 'credit_card'
[2024-02-22T04:01:15.455+0000] {logging_mixin.py:188} INFO - Đã gửi dữ liệu message 64 tới topic 'credit_card'
[2024-02-22T04:01:16.466+0000] {logging_mixin.py:188} INFO - Đã gửi dữ liệu message 65 tới topic 'credit_card'
[2024-02-22T04:01:17.477+0000] {logging_mixin.py:188} INFO - Đã gửi dữ liệu message 66 tới topic 'credit_card'
[2024-02-22T04:01:18.486+0000] {logging_mixin.py:188} INFO - Đã gửi dữ liệu message 67 tới topic 'credit_card'
[2024-02-22T04:01:19.497+0000] {logging_mixin.py:188} INFO - Đã gửi dữ liệu message 68 tới topic 'credit_card'
[2024-02-22T04:01:20.506+0000] {logging_mixin.py:188} INFO - Đã gửi dữ liệu message 69 tới topic 'credit_card'
[2024-02-22T04:01:21.515+0000] {logging_mixin.py:188} INFO - Đã gửi dữ liệu message 70 tới topic 'credit_card'
[2024-02-22T04:01:22.523+0000] {logging_mixin.py:188} INFO - Đã gửi dữ liệu message 71 tới topic 'credit_card'
[2024-02-22T04:01:23.534+0000] {logging_mixin.py:188} INFO - Đã gửi dữ liệu message 72 tới topic 'credit_card'
[2024-02-22T04:01:24.544+0000] {logging_mixin.py:188} INFO - Đã gửi dữ liệu message 73 tới topic 'credit_card'
[2024-02-22T04:01:25.553+0000] {logging_mixin.py:188} INFO - Đã gửi dữ liệu message 74 tới topic 'credit_card'
[2024-02-22T04:01:26.564+0000] {logging_mixin.py:188} INFO - Đã gửi dữ liệu message 75 tới topic 'credit_card'
[2024-02-22T04:01:27.572+0000] {logging_mixin.py:188} INFO - Đã gửi dữ liệu message 76 tới topic 'credit_card'
[2024-02-22T04:01:28.582+0000] {logging_mixin.py:188} INFO - Đã gửi dữ liệu message 77 tới topic 'credit_card'
[2024-02-22T04:01:29.590+0000] {logging_mixin.py:188} INFO - Đã gửi dữ liệu message 78 tới topic 'credit_card'
[2024-02-22T04:01:30.598+0000] {logging_mixin.py:188} INFO - Đã gửi dữ liệu message 79 tới topic 'credit_card'
[2024-02-22T04:01:31.609+0000] {logging_mixin.py:188} INFO - Đã gửi dữ liệu message 80 tới topic 'credit_card'
[2024-02-22T04:01:32.621+0000] {logging_mixin.py:188} INFO - Đã gửi dữ liệu message 81 tới topic 'credit_card'
[2024-02-22T04:01:33.633+0000] {logging_mixin.py:188} INFO - Đã gửi dữ liệu message 82 tới topic 'credit_card'
[2024-02-22T04:01:34.644+0000] {logging_mixin.py:188} INFO - Đã gửi dữ liệu message 83 tới topic 'credit_card'
[2024-02-22T04:01:35.655+0000] {logging_mixin.py:188} INFO - Đã gửi dữ liệu message 84 tới topic 'credit_card'
[2024-02-22T04:01:36.667+0000] {logging_mixin.py:188} INFO - Đã gửi dữ liệu message 85 tới topic 'credit_card'
[2024-02-22T04:01:37.678+0000] {logging_mixin.py:188} INFO - Đã gửi dữ liệu message 86 tới topic 'credit_card'
[2024-02-22T04:01:38.689+0000] {logging_mixin.py:188} INFO - Đã gửi dữ liệu message 87 tới topic 'credit_card'
[2024-02-22T04:01:39.697+0000] {logging_mixin.py:188} INFO - Đã gửi dữ liệu message 88 tới topic 'credit_card'
[2024-02-22T04:01:40.705+0000] {logging_mixin.py:188} INFO - Đã gửi dữ liệu message 89 tới topic 'credit_card'
[2024-02-22T04:01:41.713+0000] {logging_mixin.py:188} INFO - Đã gửi dữ liệu message 90 tới topic 'credit_card'
[2024-02-22T04:01:42.724+0000] {logging_mixin.py:188} INFO - Đã gửi dữ liệu message 91 tới topic 'credit_card'
[2024-02-22T04:01:43.734+0000] {logging_mixin.py:188} INFO - Đã gửi dữ liệu message 92 tới topic 'credit_card'
[2024-02-22T04:01:44.745+0000] {logging_mixin.py:188} INFO - Đã gửi dữ liệu message 93 tới topic 'credit_card'
[2024-02-22T04:01:45.756+0000] {logging_mixin.py:188} INFO - Đã gửi dữ liệu message 94 tới topic 'credit_card'
[2024-02-22T04:01:46.767+0000] {logging_mixin.py:188} INFO - Đã gửi dữ liệu message 95 tới topic 'credit_card'
[2024-02-22T04:01:47.778+0000] {logging_mixin.py:188} INFO - Đã gửi dữ liệu message 96 tới topic 'credit_card'
[2024-02-22T04:01:48.789+0000] {logging_mixin.py:188} INFO - Đã gửi dữ liệu message 97 tới topic 'credit_card'
[2024-02-22T04:01:49.800+0000] {logging_mixin.py:188} INFO - Đã gửi dữ liệu message 98 tới topic 'credit_card'
[2024-02-22T04:01:50.810+0000] {logging_mixin.py:188} INFO - Đã gửi dữ liệu message 99 tới topic 'credit_card'
[2024-02-22T04:01:51.812+0000] {logging_mixin.py:188} INFO - Dữ liệu đã được gửi tới topic 'credit_card' thành công.
[2024-02-22T04:01:51.813+0000] {taskinstance.py:2698} ERROR - Task failed with exception
Traceback (most recent call last):
  File "/home/airflow/.local/lib/python3.8/site-packages/airflow/models/taskinstance.py", line 433, in _execute_task
    result = execute_callable(context=context, **execute_callable_kwargs)
  File "/home/airflow/.local/lib/python3.8/site-packages/airflow/operators/python.py", line 199, in execute
    return_value = self.execute_callable()
  File "/home/airflow/.local/lib/python3.8/site-packages/airflow/operators/python.py", line 216, in execute_callable
    return self.python_callable(*self.op_args, **self.op_kwargs)
  File "/opt/airflow/dags/extract_email.py", line 66, in produce_to_kafka
    producer.close()
AttributeError: 'cimpl.Producer' object has no attribute 'close'
[2024-02-22T04:01:51.849+0000] {taskinstance.py:1138} INFO - Marking task as FAILED. dag_id=extract_email, task_id=send_message, execution_date=20240222T035952, start_date=20240222T040009, end_date=20240222T040151
[2024-02-22T04:01:51.880+0000] {standard_task_runner.py:107} ERROR - Failed to execute job 317 for task send_message ('cimpl.Producer' object has no attribute 'close'; 70)
[2024-02-22T04:01:51.899+0000] {local_task_job_runner.py:234} INFO - Task exited with return code 1
[2024-02-22T04:01:51.917+0000] {taskinstance.py:3280} INFO - 0 downstream tasks scheduled from follow-on schedule check
