[2024-02-21T08:06:15.873+0000] {taskinstance.py:1956} INFO - Dependencies all met for dep_context=non-requeueable deps ti=<TaskInstance: extract_email.get_mail scheduled__2024-01-28T01:00:00+00:00 [queued]>
[2024-02-21T08:06:15.882+0000] {taskinstance.py:1956} INFO - Dependencies all met for dep_context=requeueable deps ti=<TaskInstance: extract_email.get_mail scheduled__2024-01-28T01:00:00+00:00 [queued]>
[2024-02-21T08:06:15.883+0000] {taskinstance.py:2170} INFO - Starting attempt 1 of 1
[2024-02-21T08:06:15.892+0000] {taskinstance.py:2191} INFO - Executing <Task(PythonOperator): get_mail> on 2024-01-28 01:00:00+00:00
[2024-02-21T08:06:15.897+0000] {standard_task_runner.py:60} INFO - Started process 141 to run task
[2024-02-21T08:06:15.899+0000] {standard_task_runner.py:87} INFO - Running: ['***', 'tasks', 'run', 'extract_email', 'get_mail', 'scheduled__2024-01-28T01:00:00+00:00', '--job-id', '177', '--raw', '--subdir', 'DAGS_FOLDER/extract_email.py', '--cfg-path', '/tmp/tmpv2ufmxlc']
[2024-02-21T08:06:15.901+0000] {standard_task_runner.py:88} INFO - Job 177: Subtask get_mail
[2024-02-21T08:06:15.937+0000] {task_command.py:423} INFO - Running <TaskInstance: extract_email.get_mail scheduled__2024-01-28T01:00:00+00:00 [running]> on host 96f19b77385b
[2024-02-21T08:06:16.009+0000] {taskinstance.py:2480} INFO - Exporting env vars: AIRFLOW_CTX_DAG_OWNER='***' AIRFLOW_CTX_DAG_ID='extract_email' AIRFLOW_CTX_TASK_ID='get_mail' AIRFLOW_CTX_EXECUTION_DATE='2024-01-28T01:00:00+00:00' AIRFLOW_CTX_TRY_NUMBER='1' AIRFLOW_CTX_DAG_RUN_ID='scheduled__2024-01-28T01:00:00+00:00'
[2024-02-21T08:06:19.242+0000] {ImapSmtp.py:839} INFO - IMAP search: 'gmail:'Message from RPA Python' after:15-12-2023'
[2024-02-21T08:06:22.378+0000] {logging_mixin.py:188} INFO - Message from RPA Python0
[2024-02-21T08:06:22.384+0000] {ImapSmtp.py:1240} INFO - Attachment filepath: PosixPath('/data/attachments/test-117.txt')
[2024-02-21T08:06:22.386+0000] {ImapSmtp.py:1243} INFO - Saving attachment: test.txt
[2024-02-21T08:06:22.388+0000] {logging_mixin.py:188} INFO - Message from RPA Python1
[2024-02-21T08:06:22.394+0000] {ImapSmtp.py:1240} INFO - Attachment filepath: PosixPath('/data/attachments/test-118.txt')
[2024-02-21T08:06:22.395+0000] {ImapSmtp.py:1243} INFO - Saving attachment: test.txt
[2024-02-21T08:06:22.397+0000] {logging_mixin.py:188} INFO - Message from RPA Python2
[2024-02-21T08:06:22.402+0000] {ImapSmtp.py:1240} INFO - Attachment filepath: PosixPath('/data/attachments/test-119.txt')
[2024-02-21T08:06:22.403+0000] {ImapSmtp.py:1243} INFO - Saving attachment: test.txt
[2024-02-21T08:06:22.405+0000] {logging_mixin.py:188} INFO - Message from RPA Python3
[2024-02-21T08:06:22.409+0000] {ImapSmtp.py:1240} INFO - Attachment filepath: PosixPath('/data/attachments/test-120.txt')
[2024-02-21T08:06:22.410+0000] {ImapSmtp.py:1243} INFO - Saving attachment: test.txt
[2024-02-21T08:06:22.412+0000] {logging_mixin.py:188} INFO - Message from RPA Python4
[2024-02-21T08:06:22.418+0000] {ImapSmtp.py:1240} INFO - Attachment filepath: PosixPath('/data/attachments/test-121.txt')
[2024-02-21T08:06:22.419+0000] {ImapSmtp.py:1243} INFO - Saving attachment: test.txt
[2024-02-21T08:06:22.420+0000] {logging_mixin.py:188} INFO - Message from RPA Python5
[2024-02-21T08:06:22.426+0000] {ImapSmtp.py:1240} INFO - Attachment filepath: PosixPath('/data/attachments/test-122.txt')
[2024-02-21T08:06:22.427+0000] {ImapSmtp.py:1243} INFO - Saving attachment: test.txt
[2024-02-21T08:06:22.429+0000] {logging_mixin.py:188} INFO - Message from RPA Python6
[2024-02-21T08:06:22.435+0000] {ImapSmtp.py:1240} INFO - Attachment filepath: PosixPath('/data/attachments/test-123.txt')
[2024-02-21T08:06:22.436+0000] {ImapSmtp.py:1243} INFO - Saving attachment: test.txt
[2024-02-21T08:06:22.439+0000] {logging_mixin.py:188} INFO - Message from RPA Python7
[2024-02-21T08:06:22.445+0000] {ImapSmtp.py:1240} INFO - Attachment filepath: PosixPath('/data/attachments/test-124.txt')
[2024-02-21T08:06:22.445+0000] {ImapSmtp.py:1243} INFO - Saving attachment: test.txt
[2024-02-21T08:06:22.447+0000] {logging_mixin.py:188} INFO - Message from RPA Python8
[2024-02-21T08:06:22.450+0000] {ImapSmtp.py:1240} INFO - Attachment filepath: PosixPath('/data/attachments/test-125.txt')
[2024-02-21T08:06:22.451+0000] {ImapSmtp.py:1243} INFO - Saving attachment: test.txt
[2024-02-21T08:06:22.452+0000] {logging_mixin.py:188} INFO - Message from RPA Python9
[2024-02-21T08:06:22.455+0000] {ImapSmtp.py:1240} INFO - Attachment filepath: PosixPath('/data/attachments/test-126.txt')
[2024-02-21T08:06:22.456+0000] {ImapSmtp.py:1243} INFO - Saving attachment: test.txt
[2024-02-21T08:06:23.278+0000] {python.py:201} INFO - Done. Returned value was: None
[2024-02-21T08:06:23.289+0000] {taskinstance.py:1138} INFO - Marking task as SUCCESS. dag_id=extract_email, task_id=get_mail, execution_date=20240128T010000, start_date=20240221T080615, end_date=20240221T080623
[2024-02-21T08:06:23.339+0000] {local_task_job_runner.py:234} INFO - Task exited with return code 0
[2024-02-21T08:06:23.356+0000] {taskinstance.py:3280} INFO - 0 downstream tasks scheduled from follow-on schedule check
[2024-02-21T08:12:43.146+0000] {taskinstance.py:1956} INFO - Dependencies all met for dep_context=non-requeueable deps ti=<TaskInstance: extract_email.get_mail scheduled__2024-01-28T01:00:00+00:00 [queued]>
[2024-02-21T08:12:43.153+0000] {taskinstance.py:1956} INFO - Dependencies all met for dep_context=requeueable deps ti=<TaskInstance: extract_email.get_mail scheduled__2024-01-28T01:00:00+00:00 [queued]>
[2024-02-21T08:12:43.153+0000] {taskinstance.py:2170} INFO - Starting attempt 1 of 1
[2024-02-21T08:12:43.164+0000] {taskinstance.py:2191} INFO - Executing <Task(PythonOperator): get_mail> on 2024-01-28 01:00:00+00:00
[2024-02-21T08:12:43.169+0000] {standard_task_runner.py:60} INFO - Started process 133 to run task
[2024-02-21T08:12:43.171+0000] {standard_task_runner.py:87} INFO - Running: ['***', 'tasks', 'run', 'extract_email', 'get_mail', 'scheduled__2024-01-28T01:00:00+00:00', '--job-id', '210', '--raw', '--subdir', 'DAGS_FOLDER/extract_email.py', '--cfg-path', '/tmp/tmpl_oycf1d']
[2024-02-21T08:12:43.173+0000] {standard_task_runner.py:88} INFO - Job 210: Subtask get_mail
[2024-02-21T08:12:43.209+0000] {task_command.py:423} INFO - Running <TaskInstance: extract_email.get_mail scheduled__2024-01-28T01:00:00+00:00 [running]> on host 968b17b6b013
[2024-02-21T08:12:43.268+0000] {taskinstance.py:2480} INFO - Exporting env vars: AIRFLOW_CTX_DAG_OWNER='***' AIRFLOW_CTX_DAG_ID='extract_email' AIRFLOW_CTX_TASK_ID='get_mail' AIRFLOW_CTX_EXECUTION_DATE='2024-01-28T01:00:00+00:00' AIRFLOW_CTX_TRY_NUMBER='1' AIRFLOW_CTX_DAG_RUN_ID='scheduled__2024-01-28T01:00:00+00:00'
[2024-02-21T08:12:45.911+0000] {ImapSmtp.py:839} INFO - IMAP search: 'gmail:'Message from RPA Python' after:15-12-2023'
[2024-02-21T08:12:49.099+0000] {logging_mixin.py:188} INFO - Message from RPA Python0
[2024-02-21T08:12:49.102+0000] {ImapSmtp.py:1240} INFO - Attachment filepath: PosixPath('/data/attachments/test-14.txt')
[2024-02-21T08:12:49.104+0000] {ImapSmtp.py:1243} INFO - Saving attachment: test.txt
[2024-02-21T08:12:49.105+0000] {logging_mixin.py:188} INFO - Message from RPA Python1
[2024-02-21T08:12:49.107+0000] {ImapSmtp.py:1240} INFO - Attachment filepath: PosixPath('/data/attachments/test-16.txt')
[2024-02-21T08:12:49.108+0000] {ImapSmtp.py:1243} INFO - Saving attachment: test.txt
[2024-02-21T08:12:49.109+0000] {logging_mixin.py:188} INFO - Message from RPA Python2
[2024-02-21T08:12:49.111+0000] {ImapSmtp.py:1240} INFO - Attachment filepath: PosixPath('/data/attachments/test-17.txt')
[2024-02-21T08:12:49.111+0000] {ImapSmtp.py:1243} INFO - Saving attachment: test.txt
[2024-02-21T08:12:49.112+0000] {logging_mixin.py:188} INFO - Message from RPA Python3
[2024-02-21T08:12:49.113+0000] {ImapSmtp.py:1240} INFO - Attachment filepath: PosixPath('/data/attachments/test-19.txt')
[2024-02-21T08:12:49.114+0000] {ImapSmtp.py:1243} INFO - Saving attachment: test.txt
[2024-02-21T08:12:49.115+0000] {logging_mixin.py:188} INFO - Message from RPA Python4
[2024-02-21T08:12:49.116+0000] {ImapSmtp.py:1240} INFO - Attachment filepath: PosixPath('/data/attachments/test-20.txt')
[2024-02-21T08:12:49.116+0000] {ImapSmtp.py:1243} INFO - Saving attachment: test.txt
[2024-02-21T08:12:49.117+0000] {logging_mixin.py:188} INFO - Message from RPA Python5
[2024-02-21T08:12:49.118+0000] {ImapSmtp.py:1240} INFO - Attachment filepath: PosixPath('/data/attachments/test-22.txt')
[2024-02-21T08:12:49.118+0000] {ImapSmtp.py:1243} INFO - Saving attachment: test.txt
[2024-02-21T08:12:49.119+0000] {logging_mixin.py:188} INFO - Message from RPA Python6
[2024-02-21T08:12:49.120+0000] {ImapSmtp.py:1240} INFO - Attachment filepath: PosixPath('/data/attachments/test-23.txt')
[2024-02-21T08:12:49.120+0000] {ImapSmtp.py:1243} INFO - Saving attachment: test.txt
[2024-02-21T08:12:49.121+0000] {logging_mixin.py:188} INFO - Message from RPA Python7
[2024-02-21T08:12:49.121+0000] {ImapSmtp.py:1240} INFO - Attachment filepath: PosixPath('/data/attachments/test-24.txt')
[2024-02-21T08:12:49.122+0000] {ImapSmtp.py:1243} INFO - Saving attachment: test.txt
[2024-02-21T08:12:49.122+0000] {logging_mixin.py:188} INFO - Message from RPA Python8
[2024-02-21T08:12:49.122+0000] {ImapSmtp.py:1240} INFO - Attachment filepath: PosixPath('/data/attachments/test-25.txt')
[2024-02-21T08:12:49.123+0000] {ImapSmtp.py:1243} INFO - Saving attachment: test.txt
[2024-02-21T08:12:49.123+0000] {logging_mixin.py:188} INFO - Message from RPA Python9
[2024-02-21T08:12:49.124+0000] {ImapSmtp.py:1240} INFO - Attachment filepath: PosixPath('/data/attachments/test-26.txt')
[2024-02-21T08:12:49.124+0000] {ImapSmtp.py:1243} INFO - Saving attachment: test.txt
[2024-02-21T08:12:49.760+0000] {python.py:201} INFO - Done. Returned value was: None
[2024-02-21T08:12:49.777+0000] {taskinstance.py:1138} INFO - Marking task as SUCCESS. dag_id=extract_email, task_id=get_mail, execution_date=20240128T010000, start_date=20240221T081243, end_date=20240221T081249
[2024-02-21T08:12:49.812+0000] {local_task_job_runner.py:234} INFO - Task exited with return code 0
[2024-02-21T08:12:49.829+0000] {taskinstance.py:3280} INFO - 0 downstream tasks scheduled from follow-on schedule check
[2024-02-21T08:17:45.036+0000] {taskinstance.py:1956} INFO - Dependencies all met for dep_context=non-requeueable deps ti=<TaskInstance: extract_email.get_mail scheduled__2024-01-28T01:00:00+00:00 [queued]>
[2024-02-21T08:17:45.049+0000] {taskinstance.py:1956} INFO - Dependencies all met for dep_context=requeueable deps ti=<TaskInstance: extract_email.get_mail scheduled__2024-01-28T01:00:00+00:00 [queued]>
[2024-02-21T08:17:45.049+0000] {taskinstance.py:2170} INFO - Starting attempt 1 of 1
[2024-02-21T08:17:45.066+0000] {taskinstance.py:2191} INFO - Executing <Task(PythonOperator): get_mail> on 2024-01-28 01:00:00+00:00
[2024-02-21T08:17:45.074+0000] {standard_task_runner.py:60} INFO - Started process 87 to run task
[2024-02-21T08:17:45.078+0000] {standard_task_runner.py:87} INFO - Running: ['***', 'tasks', 'run', 'extract_email', 'get_mail', 'scheduled__2024-01-28T01:00:00+00:00', '--job-id', '247', '--raw', '--subdir', 'DAGS_FOLDER/extract_email.py', '--cfg-path', '/tmp/tmpvoxs04ld']
[2024-02-21T08:17:45.080+0000] {standard_task_runner.py:88} INFO - Job 247: Subtask get_mail
[2024-02-21T08:17:45.137+0000] {task_command.py:423} INFO - Running <TaskInstance: extract_email.get_mail scheduled__2024-01-28T01:00:00+00:00 [running]> on host 9f5f399fdbe3
[2024-02-21T08:17:45.267+0000] {taskinstance.py:2480} INFO - Exporting env vars: AIRFLOW_CTX_DAG_OWNER='***' AIRFLOW_CTX_DAG_ID='extract_email' AIRFLOW_CTX_TASK_ID='get_mail' AIRFLOW_CTX_EXECUTION_DATE='2024-01-28T01:00:00+00:00' AIRFLOW_CTX_TRY_NUMBER='1' AIRFLOW_CTX_DAG_RUN_ID='scheduled__2024-01-28T01:00:00+00:00'
[2024-02-21T08:17:48.081+0000] {taskinstance.py:2698} ERROR - Task failed with exception
Traceback (most recent call last):
  File "/home/airflow/.local/lib/python3.8/site-packages/airflow/models/taskinstance.py", line 433, in _execute_task
    result = execute_callable(context=context, **execute_callable_kwargs)
  File "/home/airflow/.local/lib/python3.8/site-packages/airflow/operators/python.py", line 199, in execute
    return_value = self.execute_callable()
  File "/home/airflow/.local/lib/python3.8/site-packages/airflow/operators/python.py", line 216, in execute_callable
    return self.python_callable(*self.op_args, **self.op_kwargs)
  File "/opt/airflow/dags/extract_email.py", line 16, in get_mail
    mail.authorize(account=os.getenv("GMAIL_ACCOUNT"), password=os.getenv("GMAIL_PASSWORD"))
  File "/home/airflow/.local/lib/python3.8/site-packages/RPA/Email/ImapSmtp.py", line 496, in authorize
    self.authorize_imap(
  File "/home/airflow/.local/lib/python3.8/site-packages/RPA/Email/ImapSmtp.py", line 453, in authorize_imap
    self.imap_conn.login(account, password)
  File "/usr/local/lib/python3.8/imaplib.py", line 603, in login
    raise self.error(dat[-1])
imaplib.IMAP4.error: b'[ALERT] Too many simultaneous connections. (Failure)'
[2024-02-21T08:17:48.097+0000] {taskinstance.py:1138} INFO - Marking task as FAILED. dag_id=extract_email, task_id=get_mail, execution_date=20240128T010000, start_date=20240221T081745, end_date=20240221T081748
[2024-02-21T08:17:48.123+0000] {standard_task_runner.py:107} ERROR - Failed to execute job 247 for task get_mail (b'[ALERT] Too many simultaneous connections. (Failure)'; 87)
[2024-02-21T08:17:48.156+0000] {local_task_job_runner.py:234} INFO - Task exited with return code 1
[2024-02-21T08:17:48.171+0000] {taskinstance.py:3280} INFO - 0 downstream tasks scheduled from follow-on schedule check
