[2024-02-21T07:37:50.190+0000] {taskinstance.py:1956} INFO - Dependencies all met for dep_context=non-requeueable deps ti=<TaskInstance: extract_email.get_mail scheduled__2024-01-27T00:00:00+00:00 [queued]>
[2024-02-21T07:37:50.215+0000] {taskinstance.py:1956} INFO - Dependencies all met for dep_context=requeueable deps ti=<TaskInstance: extract_email.get_mail scheduled__2024-01-27T00:00:00+00:00 [queued]>
[2024-02-21T07:37:50.216+0000] {taskinstance.py:2170} INFO - Starting attempt 1 of 1
[2024-02-21T07:37:50.242+0000] {taskinstance.py:2191} INFO - Executing <Task(PythonOperator): get_mail> on 2024-01-27 00:00:00+00:00
[2024-02-21T07:37:50.250+0000] {standard_task_runner.py:60} INFO - Started process 78 to run task
[2024-02-21T07:37:50.254+0000] {standard_task_runner.py:87} INFO - Running: ['***', 'tasks', 'run', 'extract_email', 'get_mail', 'scheduled__2024-01-27T00:00:00+00:00', '--job-id', '68', '--raw', '--subdir', 'DAGS_FOLDER/extract_email.py', '--cfg-path', '/tmp/tmpopwdp6my']
[2024-02-21T07:37:50.258+0000] {standard_task_runner.py:88} INFO - Job 68: Subtask get_mail
[2024-02-21T07:37:50.382+0000] {task_command.py:423} INFO - Running <TaskInstance: extract_email.get_mail scheduled__2024-01-27T00:00:00+00:00 [running]> on host 893865381b0d
[2024-02-21T07:37:50.620+0000] {taskinstance.py:2480} INFO - Exporting env vars: AIRFLOW_CTX_DAG_OWNER='***' AIRFLOW_CTX_DAG_ID='extract_email' AIRFLOW_CTX_TASK_ID='get_mail' AIRFLOW_CTX_EXECUTION_DATE='2024-01-27T00:00:00+00:00' AIRFLOW_CTX_TRY_NUMBER='1' AIRFLOW_CTX_DAG_RUN_ID='scheduled__2024-01-27T00:00:00+00:00'
[2024-02-21T07:37:50.628+0000] {taskinstance.py:2698} ERROR - Task failed with exception
Traceback (most recent call last):
  File "/home/airflow/.local/lib/python3.8/site-packages/airflow/models/taskinstance.py", line 433, in _execute_task
    result = execute_callable(context=context, **execute_callable_kwargs)
  File "/home/airflow/.local/lib/python3.8/site-packages/airflow/operators/python.py", line 196, in execute
    context_merge(context, self.op_kwargs, templates_dict=self.templates_dict)
  File "/home/airflow/.local/lib/python3.8/site-packages/airflow/utils/context.py", line 261, in context_merge
    context.update(*args, **kwargs)
  File "/usr/local/lib/python3.8/_collections_abc.py", line 837, in update
    for key, value in other:
ValueError: too many values to unpack (expected 2)
[2024-02-21T07:37:50.656+0000] {taskinstance.py:1138} INFO - Marking task as FAILED. dag_id=extract_email, task_id=get_mail, execution_date=20240127T000000, start_date=20240221T073750, end_date=20240221T073750
[2024-02-21T07:37:50.699+0000] {standard_task_runner.py:107} ERROR - Failed to execute job 68 for task get_mail (too many values to unpack (expected 2); 78)
[2024-02-21T07:37:50.752+0000] {local_task_job_runner.py:234} INFO - Task exited with return code 1
[2024-02-21T07:37:50.784+0000] {taskinstance.py:3280} INFO - 0 downstream tasks scheduled from follow-on schedule check
[2024-02-21T07:59:30.721+0000] {taskinstance.py:1956} INFO - Dependencies all met for dep_context=non-requeueable deps ti=<TaskInstance: extract_email.get_mail scheduled__2024-01-27T00:00:00+00:00 [queued]>
[2024-02-21T07:59:30.729+0000] {taskinstance.py:1956} INFO - Dependencies all met for dep_context=requeueable deps ti=<TaskInstance: extract_email.get_mail scheduled__2024-01-27T00:00:00+00:00 [queued]>
[2024-02-21T07:59:30.730+0000] {taskinstance.py:2170} INFO - Starting attempt 1 of 1
[2024-02-21T07:59:30.738+0000] {taskinstance.py:2191} INFO - Executing <Task(PythonOperator): get_mail> on 2024-01-27 00:00:00+00:00
[2024-02-21T07:59:30.742+0000] {standard_task_runner.py:60} INFO - Started process 352 to run task
[2024-02-21T07:59:30.744+0000] {standard_task_runner.py:87} INFO - Running: ['***', 'tasks', 'run', 'extract_email', 'get_mail', 'scheduled__2024-01-27T00:00:00+00:00', '--job-id', '123', '--raw', '--subdir', 'DAGS_FOLDER/extract_email.py', '--cfg-path', '/tmp/tmprrfuq9lw']
[2024-02-21T07:59:30.746+0000] {standard_task_runner.py:88} INFO - Job 123: Subtask get_mail
[2024-02-21T07:59:30.774+0000] {task_command.py:423} INFO - Running <TaskInstance: extract_email.get_mail scheduled__2024-01-27T00:00:00+00:00 [running]> on host 9bab6a0db245
[2024-02-21T07:59:30.826+0000] {taskinstance.py:2480} INFO - Exporting env vars: AIRFLOW_CTX_DAG_OWNER='***' AIRFLOW_CTX_DAG_ID='extract_email' AIRFLOW_CTX_TASK_ID='get_mail' AIRFLOW_CTX_EXECUTION_DATE='2024-01-27T00:00:00+00:00' AIRFLOW_CTX_TRY_NUMBER='1' AIRFLOW_CTX_DAG_RUN_ID='scheduled__2024-01-27T00:00:00+00:00'
[2024-02-21T07:59:33.642+0000] {ImapSmtp.py:839} INFO - IMAP search: 'gmail:'Message from RPA Python' after:15-12-2023'
[2024-02-21T07:59:36.871+0000] {logging_mixin.py:188} INFO - Message from RPA Python0
[2024-02-21T07:59:36.875+0000] {ImapSmtp.py:1240} INFO - Attachment filepath: PosixPath('/data/attachments/test-102.txt')
[2024-02-21T07:59:36.875+0000] {ImapSmtp.py:1243} INFO - Saving attachment: test.txt
[2024-02-21T07:59:36.876+0000] {logging_mixin.py:188} INFO - Message from RPA Python1
[2024-02-21T07:59:36.878+0000] {ImapSmtp.py:1240} INFO - Attachment filepath: PosixPath('/data/attachments/test-103.txt')
[2024-02-21T07:59:36.879+0000] {ImapSmtp.py:1243} INFO - Saving attachment: test.txt
[2024-02-21T07:59:36.879+0000] {logging_mixin.py:188} INFO - Message from RPA Python2
[2024-02-21T07:59:36.881+0000] {ImapSmtp.py:1240} INFO - Attachment filepath: PosixPath('/data/attachments/test-104.txt')
[2024-02-21T07:59:36.882+0000] {ImapSmtp.py:1243} INFO - Saving attachment: test.txt
[2024-02-21T07:59:36.882+0000] {logging_mixin.py:188} INFO - Message from RPA Python3
[2024-02-21T07:59:36.884+0000] {ImapSmtp.py:1240} INFO - Attachment filepath: PosixPath('/data/attachments/test-105.txt')
[2024-02-21T07:59:36.884+0000] {ImapSmtp.py:1243} INFO - Saving attachment: test.txt
[2024-02-21T07:59:36.884+0000] {logging_mixin.py:188} INFO - Message from RPA Python4
[2024-02-21T07:59:36.885+0000] {ImapSmtp.py:1240} INFO - Attachment filepath: PosixPath('/data/attachments/test-106.txt')
[2024-02-21T07:59:36.886+0000] {ImapSmtp.py:1243} INFO - Saving attachment: test.txt
[2024-02-21T07:59:36.886+0000] {logging_mixin.py:188} INFO - Message from RPA Python5
[2024-02-21T07:59:36.887+0000] {ImapSmtp.py:1240} INFO - Attachment filepath: PosixPath('/data/attachments/test-107.txt')
[2024-02-21T07:59:36.887+0000] {ImapSmtp.py:1243} INFO - Saving attachment: test.txt
[2024-02-21T07:59:36.888+0000] {logging_mixin.py:188} INFO - Message from RPA Python6
[2024-02-21T07:59:36.888+0000] {ImapSmtp.py:1240} INFO - Attachment filepath: PosixPath('/data/attachments/test-108.txt')
[2024-02-21T07:59:36.889+0000] {ImapSmtp.py:1243} INFO - Saving attachment: test.txt
[2024-02-21T07:59:36.889+0000] {logging_mixin.py:188} INFO - Message from RPA Python7
[2024-02-21T07:59:36.890+0000] {ImapSmtp.py:1240} INFO - Attachment filepath: PosixPath('/data/attachments/test-109.txt')
[2024-02-21T07:59:36.890+0000] {ImapSmtp.py:1243} INFO - Saving attachment: test.txt
[2024-02-21T07:59:36.890+0000] {logging_mixin.py:188} INFO - Message from RPA Python8
[2024-02-21T07:59:36.891+0000] {ImapSmtp.py:1240} INFO - Attachment filepath: PosixPath('/data/attachments/test-110.txt')
[2024-02-21T07:59:36.891+0000] {ImapSmtp.py:1243} INFO - Saving attachment: test.txt
[2024-02-21T07:59:36.892+0000] {logging_mixin.py:188} INFO - Message from RPA Python9
[2024-02-21T07:59:36.893+0000] {ImapSmtp.py:1240} INFO - Attachment filepath: PosixPath('/data/attachments/test-111.txt')
[2024-02-21T07:59:36.893+0000] {ImapSmtp.py:1243} INFO - Saving attachment: test.txt
[2024-02-21T07:59:37.494+0000] {python.py:201} INFO - Done. Returned value was: None
[2024-02-21T07:59:37.504+0000] {taskinstance.py:1138} INFO - Marking task as SUCCESS. dag_id=extract_email, task_id=get_mail, execution_date=20240127T000000, start_date=20240221T075930, end_date=20240221T075937
[2024-02-21T07:59:37.556+0000] {local_task_job_runner.py:234} INFO - Task exited with return code 0
[2024-02-21T07:59:37.566+0000] {taskinstance.py:3280} INFO - 0 downstream tasks scheduled from follow-on schedule check
