[2024-02-21T08:06:30.405+0000] {taskinstance.py:1956} INFO - Dependencies all met for dep_context=non-requeueable deps ti=<TaskInstance: extract_email.get_mail scheduled__2024-02-04T01:00:00+00:00 [queued]>
[2024-02-21T08:06:30.418+0000] {taskinstance.py:1956} INFO - Dependencies all met for dep_context=requeueable deps ti=<TaskInstance: extract_email.get_mail scheduled__2024-02-04T01:00:00+00:00 [queued]>
[2024-02-21T08:06:30.418+0000] {taskinstance.py:2170} INFO - Starting attempt 1 of 1
[2024-02-21T08:06:30.427+0000] {taskinstance.py:2191} INFO - Executing <Task(PythonOperator): get_mail> on 2024-02-04 01:00:00+00:00
[2024-02-21T08:06:30.433+0000] {standard_task_runner.py:60} INFO - Started process 171 to run task
[2024-02-21T08:06:30.435+0000] {standard_task_runner.py:87} INFO - Running: ['***', 'tasks', 'run', 'extract_email', 'get_mail', 'scheduled__2024-02-04T01:00:00+00:00', '--job-id', '183', '--raw', '--subdir', 'DAGS_FOLDER/extract_email.py', '--cfg-path', '/tmp/tmpsm2cdywm']
[2024-02-21T08:06:30.437+0000] {standard_task_runner.py:88} INFO - Job 183: Subtask get_mail
[2024-02-21T08:06:30.473+0000] {task_command.py:423} INFO - Running <TaskInstance: extract_email.get_mail scheduled__2024-02-04T01:00:00+00:00 [running]> on host 96f19b77385b
[2024-02-21T08:06:30.542+0000] {taskinstance.py:2480} INFO - Exporting env vars: AIRFLOW_CTX_DAG_OWNER='***' AIRFLOW_CTX_DAG_ID='extract_email' AIRFLOW_CTX_TASK_ID='get_mail' AIRFLOW_CTX_EXECUTION_DATE='2024-02-04T01:00:00+00:00' AIRFLOW_CTX_TRY_NUMBER='1' AIRFLOW_CTX_DAG_RUN_ID='scheduled__2024-02-04T01:00:00+00:00'
[2024-02-21T08:06:33.899+0000] {taskinstance.py:2698} ERROR - Task failed with exception
Traceback (most recent call last):
  File "/home/airflow/.local/lib/python3.8/site-packages/airflow/models/taskinstance.py", line 433, in _execute_task
    result = execute_callable(context=context, **execute_callable_kwargs)
  File "/home/airflow/.local/lib/python3.8/site-packages/airflow/operators/python.py", line 199, in execute
    return_value = self.execute_callable()
  File "/home/airflow/.local/lib/python3.8/site-packages/airflow/operators/python.py", line 216, in execute_callable
    return self.python_callable(*self.op_args, **self.op_kwargs)
  File "/opt/airflow/dags/extract_email.py", line 16, in get_mail
    mail.authorize(account=os.getenv("GMAIL_ACCOUNT"), password=os.getenv("GMAIL_PASSWORD"))
  File "/home/airflow/.local/lib/python3.8/site-packages/RPA/Email/ImapSmtp.py", line 496, in authorize
    self.authorize_imap(
  File "/home/airflow/.local/lib/python3.8/site-packages/RPA/Email/ImapSmtp.py", line 453, in authorize_imap
    self.imap_conn.login(account, password)
  File "/usr/local/lib/python3.8/imaplib.py", line 603, in login
    raise self.error(dat[-1])
imaplib.IMAP4.error: b'[ALERT] Too many simultaneous connections. (Failure)'
[2024-02-21T08:06:33.913+0000] {taskinstance.py:1138} INFO - Marking task as FAILED. dag_id=extract_email, task_id=get_mail, execution_date=20240204T010000, start_date=20240221T080630, end_date=20240221T080633
[2024-02-21T08:06:33.929+0000] {standard_task_runner.py:107} ERROR - Failed to execute job 183 for task get_mail (b'[ALERT] Too many simultaneous connections. (Failure)'; 171)
[2024-02-21T08:06:33.977+0000] {local_task_job_runner.py:234} INFO - Task exited with return code 1
[2024-02-21T08:06:34.002+0000] {taskinstance.py:3280} INFO - 0 downstream tasks scheduled from follow-on schedule check
[2024-02-21T08:12:49.583+0000] {taskinstance.py:1956} INFO - Dependencies all met for dep_context=non-requeueable deps ti=<TaskInstance: extract_email.get_mail scheduled__2024-02-04T01:00:00+00:00 [queued]>
[2024-02-21T08:12:49.590+0000] {taskinstance.py:1956} INFO - Dependencies all met for dep_context=requeueable deps ti=<TaskInstance: extract_email.get_mail scheduled__2024-02-04T01:00:00+00:00 [queued]>
[2024-02-21T08:12:49.590+0000] {taskinstance.py:2170} INFO - Starting attempt 1 of 1
[2024-02-21T08:12:49.599+0000] {taskinstance.py:2191} INFO - Executing <Task(PythonOperator): get_mail> on 2024-02-04 01:00:00+00:00
[2024-02-21T08:12:49.603+0000] {standard_task_runner.py:60} INFO - Started process 140 to run task
[2024-02-21T08:12:49.605+0000] {standard_task_runner.py:87} INFO - Running: ['***', 'tasks', 'run', 'extract_email', 'get_mail', 'scheduled__2024-02-04T01:00:00+00:00', '--job-id', '217', '--raw', '--subdir', 'DAGS_FOLDER/extract_email.py', '--cfg-path', '/tmp/tmpmmrita69']
[2024-02-21T08:12:49.606+0000] {standard_task_runner.py:88} INFO - Job 217: Subtask get_mail
[2024-02-21T08:12:49.635+0000] {task_command.py:423} INFO - Running <TaskInstance: extract_email.get_mail scheduled__2024-02-04T01:00:00+00:00 [running]> on host 968b17b6b013
[2024-02-21T08:12:49.681+0000] {taskinstance.py:2480} INFO - Exporting env vars: AIRFLOW_CTX_DAG_OWNER='***' AIRFLOW_CTX_DAG_ID='extract_email' AIRFLOW_CTX_TASK_ID='get_mail' AIRFLOW_CTX_EXECUTION_DATE='2024-02-04T01:00:00+00:00' AIRFLOW_CTX_TRY_NUMBER='1' AIRFLOW_CTX_DAG_RUN_ID='scheduled__2024-02-04T01:00:00+00:00'
[2024-02-21T08:12:52.200+0000] {ImapSmtp.py:839} INFO - IMAP search: 'gmail:'Message from RPA Python' after:15-12-2023'
[2024-02-21T08:12:55.671+0000] {logging_mixin.py:188} INFO - Message from RPA Python0
[2024-02-21T08:12:55.672+0000] {ImapSmtp.py:1240} INFO - Attachment filepath: PosixPath('/data/attachments/test-57.txt')
[2024-02-21T08:12:55.673+0000] {ImapSmtp.py:1243} INFO - Saving attachment: test.txt
[2024-02-21T08:12:55.673+0000] {logging_mixin.py:188} INFO - Message from RPA Python1
[2024-02-21T08:12:55.674+0000] {ImapSmtp.py:1240} INFO - Attachment filepath: PosixPath('/data/attachments/test-58.txt')
[2024-02-21T08:12:55.674+0000] {ImapSmtp.py:1243} INFO - Saving attachment: test.txt
[2024-02-21T08:12:55.674+0000] {logging_mixin.py:188} INFO - Message from RPA Python2
[2024-02-21T08:12:55.674+0000] {ImapSmtp.py:1240} INFO - Attachment filepath: PosixPath('/data/attachments/test-59.txt')
[2024-02-21T08:12:55.675+0000] {ImapSmtp.py:1243} INFO - Saving attachment: test.txt
[2024-02-21T08:12:55.675+0000] {logging_mixin.py:188} INFO - Message from RPA Python3
[2024-02-21T08:12:55.675+0000] {ImapSmtp.py:1240} INFO - Attachment filepath: PosixPath('/data/attachments/test-60.txt')
[2024-02-21T08:12:55.675+0000] {ImapSmtp.py:1243} INFO - Saving attachment: test.txt
[2024-02-21T08:12:55.675+0000] {logging_mixin.py:188} INFO - Message from RPA Python4
[2024-02-21T08:12:55.676+0000] {ImapSmtp.py:1240} INFO - Attachment filepath: PosixPath('/data/attachments/test-61.txt')
[2024-02-21T08:12:55.676+0000] {ImapSmtp.py:1243} INFO - Saving attachment: test.txt
[2024-02-21T08:12:55.676+0000] {logging_mixin.py:188} INFO - Message from RPA Python5
[2024-02-21T08:12:55.676+0000] {ImapSmtp.py:1240} INFO - Attachment filepath: PosixPath('/data/attachments/test-62.txt')
[2024-02-21T08:12:55.677+0000] {ImapSmtp.py:1243} INFO - Saving attachment: test.txt
[2024-02-21T08:12:55.677+0000] {logging_mixin.py:188} INFO - Message from RPA Python6
[2024-02-21T08:12:55.677+0000] {ImapSmtp.py:1240} INFO - Attachment filepath: PosixPath('/data/attachments/test-63.txt')
[2024-02-21T08:12:55.677+0000] {ImapSmtp.py:1243} INFO - Saving attachment: test.txt
[2024-02-21T08:12:55.677+0000] {logging_mixin.py:188} INFO - Message from RPA Python7
[2024-02-21T08:12:55.678+0000] {ImapSmtp.py:1240} INFO - Attachment filepath: PosixPath('/data/attachments/test-64.txt')
[2024-02-21T08:12:55.678+0000] {ImapSmtp.py:1243} INFO - Saving attachment: test.txt
[2024-02-21T08:12:55.678+0000] {logging_mixin.py:188} INFO - Message from RPA Python8
[2024-02-21T08:12:55.679+0000] {ImapSmtp.py:1240} INFO - Attachment filepath: PosixPath('/data/attachments/test-65.txt')
[2024-02-21T08:12:55.679+0000] {ImapSmtp.py:1243} INFO - Saving attachment: test.txt
[2024-02-21T08:12:55.679+0000] {logging_mixin.py:188} INFO - Message from RPA Python9
[2024-02-21T08:12:55.680+0000] {ImapSmtp.py:1240} INFO - Attachment filepath: PosixPath('/data/attachments/test-66.txt')
[2024-02-21T08:12:55.680+0000] {ImapSmtp.py:1243} INFO - Saving attachment: test.txt
[2024-02-21T08:12:56.296+0000] {python.py:201} INFO - Done. Returned value was: None
[2024-02-21T08:12:56.324+0000] {taskinstance.py:1138} INFO - Marking task as SUCCESS. dag_id=extract_email, task_id=get_mail, execution_date=20240204T010000, start_date=20240221T081249, end_date=20240221T081256
[2024-02-21T08:12:56.429+0000] {local_task_job_runner.py:234} INFO - Task exited with return code 0
[2024-02-21T08:12:56.454+0000] {taskinstance.py:3280} INFO - 0 downstream tasks scheduled from follow-on schedule check
[2024-02-21T08:17:45.486+0000] {taskinstance.py:1956} INFO - Dependencies all met for dep_context=non-requeueable deps ti=<TaskInstance: extract_email.get_mail scheduled__2024-02-04T01:00:00+00:00 [queued]>
[2024-02-21T08:17:45.516+0000] {taskinstance.py:1956} INFO - Dependencies all met for dep_context=requeueable deps ti=<TaskInstance: extract_email.get_mail scheduled__2024-02-04T01:00:00+00:00 [queued]>
[2024-02-21T08:17:45.518+0000] {taskinstance.py:2170} INFO - Starting attempt 1 of 1
[2024-02-21T08:17:45.544+0000] {taskinstance.py:2191} INFO - Executing <Task(PythonOperator): get_mail> on 2024-02-04 01:00:00+00:00
[2024-02-21T08:17:45.555+0000] {standard_task_runner.py:60} INFO - Started process 89 to run task
[2024-02-21T08:17:45.558+0000] {standard_task_runner.py:87} INFO - Running: ['***', 'tasks', 'run', 'extract_email', 'get_mail', 'scheduled__2024-02-04T01:00:00+00:00', '--job-id', '249', '--raw', '--subdir', 'DAGS_FOLDER/extract_email.py', '--cfg-path', '/tmp/tmpu8rh6xnx']
[2024-02-21T08:17:45.562+0000] {standard_task_runner.py:88} INFO - Job 249: Subtask get_mail
[2024-02-21T08:17:45.641+0000] {task_command.py:423} INFO - Running <TaskInstance: extract_email.get_mail scheduled__2024-02-04T01:00:00+00:00 [running]> on host 9f5f399fdbe3
[2024-02-21T08:17:45.765+0000] {taskinstance.py:2480} INFO - Exporting env vars: AIRFLOW_CTX_DAG_OWNER='***' AIRFLOW_CTX_DAG_ID='extract_email' AIRFLOW_CTX_TASK_ID='get_mail' AIRFLOW_CTX_EXECUTION_DATE='2024-02-04T01:00:00+00:00' AIRFLOW_CTX_TRY_NUMBER='1' AIRFLOW_CTX_DAG_RUN_ID='scheduled__2024-02-04T01:00:00+00:00'
[2024-02-21T08:17:48.508+0000] {ImapSmtp.py:839} INFO - IMAP search: 'gmail:'Message from RPA Python' after:15-12-2023'
[2024-02-21T08:17:52.461+0000] {logging_mixin.py:188} INFO - Message from RPA Python0
[2024-02-21T08:17:52.466+0000] {ImapSmtp.py:1240} INFO - Attachment filepath: PosixPath('/data/attachments/test-179.txt')
[2024-02-21T08:17:52.466+0000] {ImapSmtp.py:1243} INFO - Saving attachment: test.txt
[2024-02-21T08:17:52.467+0000] {logging_mixin.py:188} INFO - Message from RPA Python1
[2024-02-21T08:17:52.470+0000] {ImapSmtp.py:1240} INFO - Attachment filepath: PosixPath('/data/attachments/test-180.txt')
[2024-02-21T08:17:52.470+0000] {ImapSmtp.py:1243} INFO - Saving attachment: test.txt
[2024-02-21T08:17:52.470+0000] {logging_mixin.py:188} INFO - Message from RPA Python2
[2024-02-21T08:17:52.473+0000] {ImapSmtp.py:1240} INFO - Attachment filepath: PosixPath('/data/attachments/test-181.txt')
[2024-02-21T08:17:52.473+0000] {ImapSmtp.py:1243} INFO - Saving attachment: test.txt
[2024-02-21T08:17:52.474+0000] {logging_mixin.py:188} INFO - Message from RPA Python3
[2024-02-21T08:17:52.475+0000] {ImapSmtp.py:1240} INFO - Attachment filepath: PosixPath('/data/attachments/test-182.txt')
[2024-02-21T08:17:52.476+0000] {ImapSmtp.py:1243} INFO - Saving attachment: test.txt
[2024-02-21T08:17:52.476+0000] {logging_mixin.py:188} INFO - Message from RPA Python4
[2024-02-21T08:17:52.478+0000] {ImapSmtp.py:1240} INFO - Attachment filepath: PosixPath('/data/attachments/test-183.txt')
[2024-02-21T08:17:52.478+0000] {ImapSmtp.py:1243} INFO - Saving attachment: test.txt
[2024-02-21T08:17:52.479+0000] {logging_mixin.py:188} INFO - Message from RPA Python5
[2024-02-21T08:17:52.480+0000] {ImapSmtp.py:1240} INFO - Attachment filepath: PosixPath('/data/attachments/test-184.txt')
[2024-02-21T08:17:52.481+0000] {ImapSmtp.py:1243} INFO - Saving attachment: test.txt
[2024-02-21T08:17:52.481+0000] {logging_mixin.py:188} INFO - Message from RPA Python6
[2024-02-21T08:17:52.482+0000] {ImapSmtp.py:1240} INFO - Attachment filepath: PosixPath('/data/attachments/test-185.txt')
[2024-02-21T08:17:52.483+0000] {ImapSmtp.py:1243} INFO - Saving attachment: test.txt
[2024-02-21T08:17:52.483+0000] {logging_mixin.py:188} INFO - Message from RPA Python7
[2024-02-21T08:17:52.485+0000] {ImapSmtp.py:1240} INFO - Attachment filepath: PosixPath('/data/attachments/test-186.txt')
[2024-02-21T08:17:52.485+0000] {ImapSmtp.py:1243} INFO - Saving attachment: test.txt
[2024-02-21T08:17:52.486+0000] {logging_mixin.py:188} INFO - Message from RPA Python8
[2024-02-21T08:17:52.487+0000] {ImapSmtp.py:1240} INFO - Attachment filepath: PosixPath('/data/attachments/test-187.txt')
[2024-02-21T08:17:52.487+0000] {ImapSmtp.py:1243} INFO - Saving attachment: test.txt
[2024-02-21T08:17:52.487+0000] {logging_mixin.py:188} INFO - Message from RPA Python9
[2024-02-21T08:17:52.488+0000] {ImapSmtp.py:1240} INFO - Attachment filepath: PosixPath('/data/attachments/test-188.txt')
[2024-02-21T08:17:52.488+0000] {ImapSmtp.py:1243} INFO - Saving attachment: test.txt
[2024-02-21T08:17:53.176+0000] {python.py:201} INFO - Done. Returned value was: None
[2024-02-21T08:17:53.198+0000] {taskinstance.py:1138} INFO - Marking task as SUCCESS. dag_id=extract_email, task_id=get_mail, execution_date=20240204T010000, start_date=20240221T081745, end_date=20240221T081753
[2024-02-21T08:17:53.273+0000] {local_task_job_runner.py:234} INFO - Task exited with return code 0
[2024-02-21T08:17:53.288+0000] {taskinstance.py:3280} INFO - 0 downstream tasks scheduled from follow-on schedule check
