[2024-02-21T07:59:14.647+0000] {taskinstance.py:1956} INFO - Dependencies all met for dep_context=non-requeueable deps ti=<TaskInstance: extract_email.get_mail scheduled__2024-01-05T00:00:00+00:00 [queued]>
[2024-02-21T07:59:14.656+0000] {taskinstance.py:1956} INFO - Dependencies all met for dep_context=requeueable deps ti=<TaskInstance: extract_email.get_mail scheduled__2024-01-05T00:00:00+00:00 [queued]>
[2024-02-21T07:59:14.656+0000] {taskinstance.py:2170} INFO - Starting attempt 1 of 1
[2024-02-21T07:59:14.669+0000] {taskinstance.py:2191} INFO - Executing <Task(PythonOperator): get_mail> on 2024-01-05 00:00:00+00:00
[2024-02-21T07:59:14.674+0000] {standard_task_runner.py:60} INFO - Started process 316 to run task
[2024-02-21T07:59:14.676+0000] {standard_task_runner.py:87} INFO - Running: ['***', 'tasks', 'run', 'extract_email', 'get_mail', 'scheduled__2024-01-05T00:00:00+00:00', '--job-id', '101', '--raw', '--subdir', 'DAGS_FOLDER/extract_email.py', '--cfg-path', '/tmp/tmpmstptb7d']
[2024-02-21T07:59:14.678+0000] {standard_task_runner.py:88} INFO - Job 101: Subtask get_mail
[2024-02-21T07:59:14.715+0000] {task_command.py:423} INFO - Running <TaskInstance: extract_email.get_mail scheduled__2024-01-05T00:00:00+00:00 [running]> on host 9bab6a0db245
[2024-02-21T07:59:14.778+0000] {taskinstance.py:2480} INFO - Exporting env vars: AIRFLOW_CTX_DAG_OWNER='***' AIRFLOW_CTX_DAG_ID='extract_email' AIRFLOW_CTX_TASK_ID='get_mail' AIRFLOW_CTX_EXECUTION_DATE='2024-01-05T00:00:00+00:00' AIRFLOW_CTX_TRY_NUMBER='1' AIRFLOW_CTX_DAG_RUN_ID='scheduled__2024-01-05T00:00:00+00:00'
[2024-02-21T07:59:17.523+0000] {ImapSmtp.py:839} INFO - IMAP search: 'gmail:'Message from RPA Python' after:15-12-2023'
[2024-02-21T07:59:20.447+0000] {logging_mixin.py:188} INFO - Message from RPA Python0
[2024-02-21T07:59:20.450+0000] {ImapSmtp.py:1240} INFO - Attachment filepath: PosixPath('/data/attachments/test-22.txt')
[2024-02-21T07:59:20.451+0000] {ImapSmtp.py:1243} INFO - Saving attachment: test.txt
[2024-02-21T07:59:20.452+0000] {logging_mixin.py:188} INFO - Message from RPA Python1
[2024-02-21T07:59:20.454+0000] {ImapSmtp.py:1240} INFO - Attachment filepath: PosixPath('/data/attachments/test-23.txt')
[2024-02-21T07:59:20.454+0000] {ImapSmtp.py:1243} INFO - Saving attachment: test.txt
[2024-02-21T07:59:20.455+0000] {logging_mixin.py:188} INFO - Message from RPA Python2
[2024-02-21T07:59:20.457+0000] {ImapSmtp.py:1240} INFO - Attachment filepath: PosixPath('/data/attachments/test-24.txt')
[2024-02-21T07:59:20.458+0000] {ImapSmtp.py:1243} INFO - Saving attachment: test.txt
[2024-02-21T07:59:20.460+0000] {logging_mixin.py:188} INFO - Message from RPA Python3
[2024-02-21T07:59:20.461+0000] {ImapSmtp.py:1240} INFO - Attachment filepath: PosixPath('/data/attachments/test-25.txt')
[2024-02-21T07:59:20.462+0000] {ImapSmtp.py:1243} INFO - Saving attachment: test.txt
[2024-02-21T07:59:20.463+0000] {logging_mixin.py:188} INFO - Message from RPA Python4
[2024-02-21T07:59:20.465+0000] {ImapSmtp.py:1240} INFO - Attachment filepath: PosixPath('/data/attachments/test-26.txt')
[2024-02-21T07:59:20.465+0000] {ImapSmtp.py:1243} INFO - Saving attachment: test.txt
[2024-02-21T07:59:20.466+0000] {logging_mixin.py:188} INFO - Message from RPA Python5
[2024-02-21T07:59:20.468+0000] {ImapSmtp.py:1240} INFO - Attachment filepath: PosixPath('/data/attachments/test-27.txt')
[2024-02-21T07:59:20.468+0000] {ImapSmtp.py:1243} INFO - Saving attachment: test.txt
[2024-02-21T07:59:20.470+0000] {logging_mixin.py:188} INFO - Message from RPA Python6
[2024-02-21T07:59:20.471+0000] {ImapSmtp.py:1240} INFO - Attachment filepath: PosixPath('/data/attachments/test-28.txt')
[2024-02-21T07:59:20.471+0000] {ImapSmtp.py:1243} INFO - Saving attachment: test.txt
[2024-02-21T07:59:20.472+0000] {logging_mixin.py:188} INFO - Message from RPA Python7
[2024-02-21T07:59:20.473+0000] {ImapSmtp.py:1240} INFO - Attachment filepath: PosixPath('/data/attachments/test-29.txt')
[2024-02-21T07:59:20.474+0000] {ImapSmtp.py:1243} INFO - Saving attachment: test.txt
[2024-02-21T07:59:20.475+0000] {logging_mixin.py:188} INFO - Message from RPA Python8
[2024-02-21T07:59:20.476+0000] {ImapSmtp.py:1240} INFO - Attachment filepath: PosixPath('/data/attachments/test-30.txt')
[2024-02-21T07:59:20.476+0000] {ImapSmtp.py:1243} INFO - Saving attachment: test.txt
[2024-02-21T07:59:20.477+0000] {logging_mixin.py:188} INFO - Message from RPA Python9
[2024-02-21T07:59:20.478+0000] {ImapSmtp.py:1240} INFO - Attachment filepath: PosixPath('/data/attachments/test-31.txt')
[2024-02-21T07:59:20.478+0000] {ImapSmtp.py:1243} INFO - Saving attachment: test.txt
[2024-02-21T07:59:21.079+0000] {python.py:201} INFO - Done. Returned value was: None
[2024-02-21T07:59:21.093+0000] {taskinstance.py:1138} INFO - Marking task as SUCCESS. dag_id=extract_email, task_id=get_mail, execution_date=20240105T000000, start_date=20240221T075914, end_date=20240221T075921
[2024-02-21T07:59:21.208+0000] {local_task_job_runner.py:234} INFO - Task exited with return code 0
[2024-02-21T07:59:21.241+0000] {taskinstance.py:3280} INFO - 0 downstream tasks scheduled from follow-on schedule check
