[2024-02-21T07:59:15.698+0000] {taskinstance.py:1956} INFO - Dependencies all met for dep_context=non-requeueable deps ti=<TaskInstance: extract_email.get_mail scheduled__2024-01-11T00:00:00+00:00 [queued]>
[2024-02-21T07:59:15.705+0000] {taskinstance.py:1956} INFO - Dependencies all met for dep_context=requeueable deps ti=<TaskInstance: extract_email.get_mail scheduled__2024-01-11T00:00:00+00:00 [queued]>
[2024-02-21T07:59:15.705+0000] {taskinstance.py:2170} INFO - Starting attempt 1 of 1
[2024-02-21T07:59:15.716+0000] {taskinstance.py:2191} INFO - Executing <Task(PythonOperator): get_mail> on 2024-01-11 00:00:00+00:00
[2024-02-21T07:59:15.722+0000] {standard_task_runner.py:60} INFO - Started process 322 to run task
[2024-02-21T07:59:15.724+0000] {standard_task_runner.py:87} INFO - Running: ['***', 'tasks', 'run', 'extract_email', 'get_mail', 'scheduled__2024-01-11T00:00:00+00:00', '--job-id', '107', '--raw', '--subdir', 'DAGS_FOLDER/extract_email.py', '--cfg-path', '/tmp/tmphxkvmk47']
[2024-02-21T07:59:15.726+0000] {standard_task_runner.py:88} INFO - Job 107: Subtask get_mail
[2024-02-21T07:59:15.761+0000] {task_command.py:423} INFO - Running <TaskInstance: extract_email.get_mail scheduled__2024-01-11T00:00:00+00:00 [running]> on host 9bab6a0db245
[2024-02-21T07:59:15.808+0000] {taskinstance.py:2480} INFO - Exporting env vars: AIRFLOW_CTX_DAG_OWNER='***' AIRFLOW_CTX_DAG_ID='extract_email' AIRFLOW_CTX_TASK_ID='get_mail' AIRFLOW_CTX_EXECUTION_DATE='2024-01-11T00:00:00+00:00' AIRFLOW_CTX_TRY_NUMBER='1' AIRFLOW_CTX_DAG_RUN_ID='scheduled__2024-01-11T00:00:00+00:00'
[2024-02-21T07:59:18.263+0000] {ImapSmtp.py:839} INFO - IMAP search: 'gmail:'Message from RPA Python' after:15-12-2023'
[2024-02-21T07:59:21.126+0000] {logging_mixin.py:188} INFO - Message from RPA Python0
[2024-02-21T07:59:21.127+0000] {ImapSmtp.py:1240} INFO - Attachment filepath: PosixPath('/data/attachments/test-32.txt')
[2024-02-21T07:59:21.127+0000] {ImapSmtp.py:1243} INFO - Saving attachment: test.txt
[2024-02-21T07:59:21.128+0000] {logging_mixin.py:188} INFO - Message from RPA Python1
[2024-02-21T07:59:21.128+0000] {ImapSmtp.py:1240} INFO - Attachment filepath: PosixPath('/data/attachments/test-33.txt')
[2024-02-21T07:59:21.129+0000] {ImapSmtp.py:1243} INFO - Saving attachment: test.txt
[2024-02-21T07:59:21.129+0000] {logging_mixin.py:188} INFO - Message from RPA Python2
[2024-02-21T07:59:21.130+0000] {ImapSmtp.py:1240} INFO - Attachment filepath: PosixPath('/data/attachments/test-34.txt')
[2024-02-21T07:59:21.130+0000] {ImapSmtp.py:1243} INFO - Saving attachment: test.txt
[2024-02-21T07:59:21.130+0000] {logging_mixin.py:188} INFO - Message from RPA Python3
[2024-02-21T07:59:21.132+0000] {ImapSmtp.py:1240} INFO - Attachment filepath: PosixPath('/data/attachments/test-35.txt')
[2024-02-21T07:59:21.132+0000] {ImapSmtp.py:1243} INFO - Saving attachment: test.txt
[2024-02-21T07:59:21.132+0000] {logging_mixin.py:188} INFO - Message from RPA Python4
[2024-02-21T07:59:21.133+0000] {ImapSmtp.py:1240} INFO - Attachment filepath: PosixPath('/data/attachments/test-36.txt')
[2024-02-21T07:59:21.133+0000] {ImapSmtp.py:1243} INFO - Saving attachment: test.txt
[2024-02-21T07:59:21.134+0000] {logging_mixin.py:188} INFO - Message from RPA Python5
[2024-02-21T07:59:21.134+0000] {ImapSmtp.py:1240} INFO - Attachment filepath: PosixPath('/data/attachments/test-37.txt')
[2024-02-21T07:59:21.134+0000] {ImapSmtp.py:1243} INFO - Saving attachment: test.txt
[2024-02-21T07:59:21.134+0000] {logging_mixin.py:188} INFO - Message from RPA Python6
[2024-02-21T07:59:21.135+0000] {ImapSmtp.py:1240} INFO - Attachment filepath: PosixPath('/data/attachments/test-38.txt')
[2024-02-21T07:59:21.135+0000] {ImapSmtp.py:1243} INFO - Saving attachment: test.txt
[2024-02-21T07:59:21.135+0000] {logging_mixin.py:188} INFO - Message from RPA Python7
[2024-02-21T07:59:21.136+0000] {ImapSmtp.py:1240} INFO - Attachment filepath: PosixPath('/data/attachments/test-39.txt')
[2024-02-21T07:59:21.136+0000] {ImapSmtp.py:1243} INFO - Saving attachment: test.txt
[2024-02-21T07:59:21.136+0000] {logging_mixin.py:188} INFO - Message from RPA Python8
[2024-02-21T07:59:21.137+0000] {ImapSmtp.py:1240} INFO - Attachment filepath: PosixPath('/data/attachments/test-40.txt')
[2024-02-21T07:59:21.137+0000] {ImapSmtp.py:1243} INFO - Saving attachment: test.txt
[2024-02-21T07:59:21.137+0000] {logging_mixin.py:188} INFO - Message from RPA Python9
[2024-02-21T07:59:21.137+0000] {ImapSmtp.py:1240} INFO - Attachment filepath: PosixPath('/data/attachments/test-41.txt')
[2024-02-21T07:59:21.138+0000] {ImapSmtp.py:1243} INFO - Saving attachment: test.txt
[2024-02-21T07:59:21.725+0000] {python.py:201} INFO - Done. Returned value was: None
[2024-02-21T07:59:21.733+0000] {taskinstance.py:1138} INFO - Marking task as SUCCESS. dag_id=extract_email, task_id=get_mail, execution_date=20240111T000000, start_date=20240221T075915, end_date=20240221T075921
[2024-02-21T07:59:21.783+0000] {local_task_job_runner.py:234} INFO - Task exited with return code 0
[2024-02-21T07:59:21.799+0000] {taskinstance.py:3280} INFO - 0 downstream tasks scheduled from follow-on schedule check
