[2024-02-21T08:06:04.751+0000] {taskinstance.py:1956} INFO - Dependencies all met for dep_context=non-requeueable deps ti=<TaskInstance: extract_email.get_mail scheduled__2024-01-13T01:00:00+00:00 [queued]>
[2024-02-21T08:06:04.763+0000] {taskinstance.py:1956} INFO - Dependencies all met for dep_context=requeueable deps ti=<TaskInstance: extract_email.get_mail scheduled__2024-01-13T01:00:00+00:00 [queued]>
[2024-02-21T08:06:04.763+0000] {taskinstance.py:2170} INFO - Starting attempt 1 of 1
[2024-02-21T08:06:04.780+0000] {taskinstance.py:2191} INFO - Executing <Task(PythonOperator): get_mail> on 2024-01-13 01:00:00+00:00
[2024-02-21T08:06:04.789+0000] {standard_task_runner.py:60} INFO - Started process 116 to run task
[2024-02-21T08:06:04.793+0000] {standard_task_runner.py:87} INFO - Running: ['***', 'tasks', 'run', 'extract_email', 'get_mail', 'scheduled__2024-01-13T01:00:00+00:00', '--job-id', '165', '--raw', '--subdir', 'DAGS_FOLDER/extract_email.py', '--cfg-path', '/tmp/tmpab1enr27']
[2024-02-21T08:06:04.799+0000] {standard_task_runner.py:88} INFO - Job 165: Subtask get_mail
[2024-02-21T08:06:04.856+0000] {task_command.py:423} INFO - Running <TaskInstance: extract_email.get_mail scheduled__2024-01-13T01:00:00+00:00 [running]> on host 96f19b77385b
[2024-02-21T08:06:04.936+0000] {taskinstance.py:2480} INFO - Exporting env vars: AIRFLOW_CTX_DAG_OWNER='***' AIRFLOW_CTX_DAG_ID='extract_email' AIRFLOW_CTX_TASK_ID='get_mail' AIRFLOW_CTX_EXECUTION_DATE='2024-01-13T01:00:00+00:00' AIRFLOW_CTX_TRY_NUMBER='1' AIRFLOW_CTX_DAG_RUN_ID='scheduled__2024-01-13T01:00:00+00:00'
[2024-02-21T08:06:08.169+0000] {ImapSmtp.py:839} INFO - IMAP search: 'gmail:'Message from RPA Python' after:15-12-2023'
[2024-02-21T08:06:12.046+0000] {logging_mixin.py:188} INFO - Message from RPA Python0
[2024-02-21T08:06:12.047+0000] {ImapSmtp.py:1240} INFO - Attachment filepath: PosixPath('/data/attachments/test-61.txt')
[2024-02-21T08:06:12.047+0000] {ImapSmtp.py:1243} INFO - Saving attachment: test.txt
[2024-02-21T08:06:12.048+0000] {logging_mixin.py:188} INFO - Message from RPA Python1
[2024-02-21T08:06:12.048+0000] {ImapSmtp.py:1240} INFO - Attachment filepath: PosixPath('/data/attachments/test-62.txt')
[2024-02-21T08:06:12.048+0000] {ImapSmtp.py:1243} INFO - Saving attachment: test.txt
[2024-02-21T08:06:12.048+0000] {logging_mixin.py:188} INFO - Message from RPA Python2
[2024-02-21T08:06:12.049+0000] {ImapSmtp.py:1240} INFO - Attachment filepath: PosixPath('/data/attachments/test-63.txt')
[2024-02-21T08:06:12.049+0000] {ImapSmtp.py:1243} INFO - Saving attachment: test.txt
[2024-02-21T08:06:12.049+0000] {logging_mixin.py:188} INFO - Message from RPA Python3
[2024-02-21T08:06:12.050+0000] {ImapSmtp.py:1240} INFO - Attachment filepath: PosixPath('/data/attachments/test-64.txt')
[2024-02-21T08:06:12.050+0000] {ImapSmtp.py:1243} INFO - Saving attachment: test.txt
[2024-02-21T08:06:12.050+0000] {logging_mixin.py:188} INFO - Message from RPA Python4
[2024-02-21T08:06:12.050+0000] {ImapSmtp.py:1240} INFO - Attachment filepath: PosixPath('/data/attachments/test-65.txt')
[2024-02-21T08:06:12.050+0000] {ImapSmtp.py:1243} INFO - Saving attachment: test.txt
[2024-02-21T08:06:12.051+0000] {logging_mixin.py:188} INFO - Message from RPA Python5
[2024-02-21T08:06:12.051+0000] {ImapSmtp.py:1240} INFO - Attachment filepath: PosixPath('/data/attachments/test-66.txt')
[2024-02-21T08:06:12.051+0000] {ImapSmtp.py:1243} INFO - Saving attachment: test.txt
[2024-02-21T08:06:12.051+0000] {logging_mixin.py:188} INFO - Message from RPA Python6
[2024-02-21T08:06:12.052+0000] {ImapSmtp.py:1240} INFO - Attachment filepath: PosixPath('/data/attachments/test-67.txt')
[2024-02-21T08:06:12.052+0000] {ImapSmtp.py:1243} INFO - Saving attachment: test.txt
[2024-02-21T08:06:12.052+0000] {logging_mixin.py:188} INFO - Message from RPA Python7
[2024-02-21T08:06:12.053+0000] {ImapSmtp.py:1240} INFO - Attachment filepath: PosixPath('/data/attachments/test-68.txt')
[2024-02-21T08:06:12.053+0000] {ImapSmtp.py:1243} INFO - Saving attachment: test.txt
[2024-02-21T08:06:12.053+0000] {logging_mixin.py:188} INFO - Message from RPA Python8
[2024-02-21T08:06:12.054+0000] {ImapSmtp.py:1240} INFO - Attachment filepath: PosixPath('/data/attachments/test-69.txt')
[2024-02-21T08:06:12.054+0000] {ImapSmtp.py:1243} INFO - Saving attachment: test.txt
[2024-02-21T08:06:12.054+0000] {logging_mixin.py:188} INFO - Message from RPA Python9
[2024-02-21T08:06:12.055+0000] {ImapSmtp.py:1240} INFO - Attachment filepath: PosixPath('/data/attachments/test-70.txt')
[2024-02-21T08:06:12.055+0000] {ImapSmtp.py:1243} INFO - Saving attachment: test.txt
[2024-02-21T08:06:12.727+0000] {python.py:201} INFO - Done. Returned value was: None
[2024-02-21T08:06:12.738+0000] {taskinstance.py:1138} INFO - Marking task as SUCCESS. dag_id=extract_email, task_id=get_mail, execution_date=20240113T010000, start_date=20240221T080604, end_date=20240221T080612
[2024-02-21T08:06:12.863+0000] {local_task_job_runner.py:234} INFO - Task exited with return code 0
[2024-02-21T08:06:12.891+0000] {taskinstance.py:3280} INFO - 0 downstream tasks scheduled from follow-on schedule check
