[2024-02-21T08:06:40.395+0000] {taskinstance.py:1956} INFO - Dependencies all met for dep_context=non-requeueable deps ti=<TaskInstance: extract_email.get_mail scheduled__2024-02-17T01:00:00+00:00 [queued]>
[2024-02-21T08:06:40.416+0000] {taskinstance.py:1956} INFO - Dependencies all met for dep_context=requeueable deps ti=<TaskInstance: extract_email.get_mail scheduled__2024-02-17T01:00:00+00:00 [queued]>
[2024-02-21T08:06:40.416+0000] {taskinstance.py:2170} INFO - Starting attempt 1 of 1
[2024-02-21T08:06:40.440+0000] {taskinstance.py:2191} INFO - Executing <Task(PythonOperator): get_mail> on 2024-02-17 01:00:00+00:00
[2024-02-21T08:06:40.448+0000] {standard_task_runner.py:60} INFO - Started process 188 to run task
[2024-02-21T08:06:40.452+0000] {standard_task_runner.py:87} INFO - Running: ['***', 'tasks', 'run', 'extract_email', 'get_mail', 'scheduled__2024-02-17T01:00:00+00:00', '--job-id', '196', '--raw', '--subdir', 'DAGS_FOLDER/extract_email.py', '--cfg-path', '/tmp/tmprcakdp0q']
[2024-02-21T08:06:40.455+0000] {standard_task_runner.py:88} INFO - Job 196: Subtask get_mail
[2024-02-21T08:06:40.532+0000] {task_command.py:423} INFO - Running <TaskInstance: extract_email.get_mail scheduled__2024-02-17T01:00:00+00:00 [running]> on host 96f19b77385b
[2024-02-21T08:06:40.639+0000] {taskinstance.py:2480} INFO - Exporting env vars: AIRFLOW_CTX_DAG_OWNER='***' AIRFLOW_CTX_DAG_ID='extract_email' AIRFLOW_CTX_TASK_ID='get_mail' AIRFLOW_CTX_EXECUTION_DATE='2024-02-17T01:00:00+00:00' AIRFLOW_CTX_TRY_NUMBER='1' AIRFLOW_CTX_DAG_RUN_ID='scheduled__2024-02-17T01:00:00+00:00'
[2024-02-21T08:06:43.266+0000] {ImapSmtp.py:839} INFO - IMAP search: 'gmail:'Message from RPA Python' after:15-12-2023'
[2024-02-21T08:06:46.386+0000] {logging_mixin.py:188} INFO - Message from RPA Python0
[2024-02-21T08:06:46.388+0000] {ImapSmtp.py:1240} INFO - Attachment filepath: PosixPath('/data/attachments/test-233.txt')
[2024-02-21T08:06:46.388+0000] {ImapSmtp.py:1243} INFO - Saving attachment: test.txt
[2024-02-21T08:06:46.388+0000] {logging_mixin.py:188} INFO - Message from RPA Python1
[2024-02-21T08:06:46.389+0000] {ImapSmtp.py:1240} INFO - Attachment filepath: PosixPath('/data/attachments/test-234.txt')
[2024-02-21T08:06:46.389+0000] {ImapSmtp.py:1243} INFO - Saving attachment: test.txt
[2024-02-21T08:06:46.390+0000] {logging_mixin.py:188} INFO - Message from RPA Python2
[2024-02-21T08:06:46.391+0000] {ImapSmtp.py:1240} INFO - Attachment filepath: PosixPath('/data/attachments/test-235.txt')
[2024-02-21T08:06:46.391+0000] {ImapSmtp.py:1243} INFO - Saving attachment: test.txt
[2024-02-21T08:06:46.391+0000] {logging_mixin.py:188} INFO - Message from RPA Python3
[2024-02-21T08:06:46.393+0000] {ImapSmtp.py:1240} INFO - Attachment filepath: PosixPath('/data/attachments/test-236.txt')
[2024-02-21T08:06:46.393+0000] {ImapSmtp.py:1243} INFO - Saving attachment: test.txt
[2024-02-21T08:06:46.393+0000] {logging_mixin.py:188} INFO - Message from RPA Python4
[2024-02-21T08:06:46.394+0000] {ImapSmtp.py:1240} INFO - Attachment filepath: PosixPath('/data/attachments/test-237.txt')
[2024-02-21T08:06:46.394+0000] {ImapSmtp.py:1243} INFO - Saving attachment: test.txt
[2024-02-21T08:06:46.395+0000] {logging_mixin.py:188} INFO - Message from RPA Python5
[2024-02-21T08:06:46.396+0000] {ImapSmtp.py:1240} INFO - Attachment filepath: PosixPath('/data/attachments/test-238.txt')
[2024-02-21T08:06:46.396+0000] {ImapSmtp.py:1243} INFO - Saving attachment: test.txt
[2024-02-21T08:06:46.396+0000] {logging_mixin.py:188} INFO - Message from RPA Python6
[2024-02-21T08:06:46.397+0000] {ImapSmtp.py:1240} INFO - Attachment filepath: PosixPath('/data/attachments/test-239.txt')
[2024-02-21T08:06:46.397+0000] {ImapSmtp.py:1243} INFO - Saving attachment: test.txt
[2024-02-21T08:06:46.398+0000] {logging_mixin.py:188} INFO - Message from RPA Python7
[2024-02-21T08:06:46.399+0000] {ImapSmtp.py:1240} INFO - Attachment filepath: PosixPath('/data/attachments/test-240.txt')
[2024-02-21T08:06:46.399+0000] {ImapSmtp.py:1243} INFO - Saving attachment: test.txt
[2024-02-21T08:06:46.400+0000] {logging_mixin.py:188} INFO - Message from RPA Python8
[2024-02-21T08:06:46.401+0000] {ImapSmtp.py:1240} INFO - Attachment filepath: PosixPath('/data/attachments/test-241.txt')
[2024-02-21T08:06:46.401+0000] {ImapSmtp.py:1243} INFO - Saving attachment: test.txt
[2024-02-21T08:06:46.401+0000] {logging_mixin.py:188} INFO - Message from RPA Python9
[2024-02-21T08:06:46.402+0000] {ImapSmtp.py:1240} INFO - Attachment filepath: PosixPath('/data/attachments/test-242.txt')
[2024-02-21T08:06:46.402+0000] {ImapSmtp.py:1243} INFO - Saving attachment: test.txt
[2024-02-21T08:06:47.000+0000] {python.py:201} INFO - Done. Returned value was: None
[2024-02-21T08:06:47.016+0000] {taskinstance.py:1138} INFO - Marking task as SUCCESS. dag_id=extract_email, task_id=get_mail, execution_date=20240217T010000, start_date=20240221T080640, end_date=20240221T080647
[2024-02-21T08:06:47.051+0000] {local_task_job_runner.py:234} INFO - Task exited with return code 0
[2024-02-21T08:06:47.063+0000] {taskinstance.py:3280} INFO - 0 downstream tasks scheduled from follow-on schedule check
[2024-02-21T08:13:03.278+0000] {taskinstance.py:1956} INFO - Dependencies all met for dep_context=non-requeueable deps ti=<TaskInstance: extract_email.get_mail scheduled__2024-02-17T01:00:00+00:00 [queued]>
[2024-02-21T08:13:03.304+0000] {taskinstance.py:1956} INFO - Dependencies all met for dep_context=requeueable deps ti=<TaskInstance: extract_email.get_mail scheduled__2024-02-17T01:00:00+00:00 [queued]>
[2024-02-21T08:13:03.304+0000] {taskinstance.py:2170} INFO - Starting attempt 1 of 1
[2024-02-21T08:13:03.355+0000] {taskinstance.py:2191} INFO - Executing <Task(PythonOperator): get_mail> on 2024-02-17 01:00:00+00:00
[2024-02-21T08:13:03.378+0000] {standard_task_runner.py:60} INFO - Started process 166 to run task
[2024-02-21T08:13:03.419+0000] {standard_task_runner.py:87} INFO - Running: ['***', 'tasks', 'run', 'extract_email', 'get_mail', 'scheduled__2024-02-17T01:00:00+00:00', '--job-id', '227', '--raw', '--subdir', 'DAGS_FOLDER/extract_email.py', '--cfg-path', '/tmp/tmptm6fpkz0']
[2024-02-21T08:13:03.423+0000] {standard_task_runner.py:88} INFO - Job 227: Subtask get_mail
[2024-02-21T08:13:03.554+0000] {task_command.py:423} INFO - Running <TaskInstance: extract_email.get_mail scheduled__2024-02-17T01:00:00+00:00 [running]> on host 968b17b6b013
[2024-02-21T08:13:03.785+0000] {taskinstance.py:2480} INFO - Exporting env vars: AIRFLOW_CTX_DAG_OWNER='***' AIRFLOW_CTX_DAG_ID='extract_email' AIRFLOW_CTX_TASK_ID='get_mail' AIRFLOW_CTX_EXECUTION_DATE='2024-02-17T01:00:00+00:00' AIRFLOW_CTX_TRY_NUMBER='1' AIRFLOW_CTX_DAG_RUN_ID='scheduled__2024-02-17T01:00:00+00:00'
[2024-02-21T08:13:06.143+0000] {taskinstance.py:2698} ERROR - Task failed with exception
Traceback (most recent call last):
  File "/home/airflow/.local/lib/python3.8/site-packages/airflow/models/taskinstance.py", line 433, in _execute_task
    result = execute_callable(context=context, **execute_callable_kwargs)
  File "/home/airflow/.local/lib/python3.8/site-packages/airflow/operators/python.py", line 199, in execute
    return_value = self.execute_callable()
  File "/home/airflow/.local/lib/python3.8/site-packages/airflow/operators/python.py", line 216, in execute_callable
    return self.python_callable(*self.op_args, **self.op_kwargs)
  File "/opt/airflow/dags/extract_email.py", line 16, in get_mail
    mail.authorize(account=os.getenv("GMAIL_ACCOUNT"), password=os.getenv("GMAIL_PASSWORD"))
  File "/home/airflow/.local/lib/python3.8/site-packages/RPA/Email/ImapSmtp.py", line 496, in authorize
    self.authorize_imap(
  File "/home/airflow/.local/lib/python3.8/site-packages/RPA/Email/ImapSmtp.py", line 453, in authorize_imap
    self.imap_conn.login(account, password)
  File "/usr/local/lib/python3.8/imaplib.py", line 603, in login
    raise self.error(dat[-1])
imaplib.IMAP4.error: b'[ALERT] Too many simultaneous connections. (Failure)'
[2024-02-21T08:13:06.154+0000] {taskinstance.py:1138} INFO - Marking task as FAILED. dag_id=extract_email, task_id=get_mail, execution_date=20240217T010000, start_date=20240221T081303, end_date=20240221T081306
[2024-02-21T08:13:06.176+0000] {standard_task_runner.py:107} ERROR - Failed to execute job 227 for task get_mail (b'[ALERT] Too many simultaneous connections. (Failure)'; 166)
[2024-02-21T08:13:06.198+0000] {local_task_job_runner.py:234} INFO - Task exited with return code 1
[2024-02-21T08:13:06.226+0000] {taskinstance.py:3280} INFO - 0 downstream tasks scheduled from follow-on schedule check
[2024-02-21T08:18:05.101+0000] {taskinstance.py:1956} INFO - Dependencies all met for dep_context=non-requeueable deps ti=<TaskInstance: extract_email.get_mail scheduled__2024-02-17T01:00:00+00:00 [queued]>
[2024-02-21T08:18:05.109+0000] {taskinstance.py:1956} INFO - Dependencies all met for dep_context=requeueable deps ti=<TaskInstance: extract_email.get_mail scheduled__2024-02-17T01:00:00+00:00 [queued]>
[2024-02-21T08:18:05.109+0000] {taskinstance.py:2170} INFO - Starting attempt 1 of 1
[2024-02-21T08:18:05.122+0000] {taskinstance.py:2191} INFO - Executing <Task(PythonOperator): get_mail> on 2024-02-17 01:00:00+00:00
[2024-02-21T08:18:05.129+0000] {standard_task_runner.py:60} INFO - Started process 117 to run task
[2024-02-21T08:18:05.131+0000] {standard_task_runner.py:87} INFO - Running: ['***', 'tasks', 'run', 'extract_email', 'get_mail', 'scheduled__2024-02-17T01:00:00+00:00', '--job-id', '261', '--raw', '--subdir', 'DAGS_FOLDER/extract_email.py', '--cfg-path', '/tmp/tmpgyijbudy']
[2024-02-21T08:18:05.133+0000] {standard_task_runner.py:88} INFO - Job 261: Subtask get_mail
[2024-02-21T08:18:05.193+0000] {task_command.py:423} INFO - Running <TaskInstance: extract_email.get_mail scheduled__2024-02-17T01:00:00+00:00 [running]> on host 9f5f399fdbe3
[2024-02-21T08:18:05.465+0000] {taskinstance.py:2480} INFO - Exporting env vars: AIRFLOW_CTX_DAG_OWNER='***' AIRFLOW_CTX_DAG_ID='extract_email' AIRFLOW_CTX_TASK_ID='get_mail' AIRFLOW_CTX_EXECUTION_DATE='2024-02-17T01:00:00+00:00' AIRFLOW_CTX_TRY_NUMBER='1' AIRFLOW_CTX_DAG_RUN_ID='scheduled__2024-02-17T01:00:00+00:00'
[2024-02-21T08:18:08.528+0000] {ImapSmtp.py:839} INFO - IMAP search: 'gmail:'Message from RPA Python' after:15-12-2023'
[2024-02-21T08:18:11.552+0000] {logging_mixin.py:188} INFO - Message from RPA Python0
[2024-02-21T08:18:11.553+0000] {ImapSmtp.py:1240} INFO - Attachment filepath: PosixPath('/data/attachments/test-259.txt')
[2024-02-21T08:18:11.554+0000] {ImapSmtp.py:1243} INFO - Saving attachment: test.txt
[2024-02-21T08:18:11.554+0000] {logging_mixin.py:188} INFO - Message from RPA Python1
[2024-02-21T08:18:11.555+0000] {ImapSmtp.py:1240} INFO - Attachment filepath: PosixPath('/data/attachments/test-260.txt')
[2024-02-21T08:18:11.556+0000] {ImapSmtp.py:1243} INFO - Saving attachment: test.txt
[2024-02-21T08:18:11.556+0000] {logging_mixin.py:188} INFO - Message from RPA Python2
[2024-02-21T08:18:11.557+0000] {ImapSmtp.py:1240} INFO - Attachment filepath: PosixPath('/data/attachments/test-261.txt')
[2024-02-21T08:18:11.557+0000] {ImapSmtp.py:1243} INFO - Saving attachment: test.txt
[2024-02-21T08:18:11.557+0000] {logging_mixin.py:188} INFO - Message from RPA Python3
[2024-02-21T08:18:11.559+0000] {ImapSmtp.py:1240} INFO - Attachment filepath: PosixPath('/data/attachments/test-262.txt')
[2024-02-21T08:18:11.559+0000] {ImapSmtp.py:1243} INFO - Saving attachment: test.txt
[2024-02-21T08:18:11.559+0000] {logging_mixin.py:188} INFO - Message from RPA Python4
[2024-02-21T08:18:11.560+0000] {ImapSmtp.py:1240} INFO - Attachment filepath: PosixPath('/data/attachments/test-263.txt')
[2024-02-21T08:18:11.560+0000] {ImapSmtp.py:1243} INFO - Saving attachment: test.txt
[2024-02-21T08:18:11.560+0000] {logging_mixin.py:188} INFO - Message from RPA Python5
[2024-02-21T08:18:11.561+0000] {ImapSmtp.py:1240} INFO - Attachment filepath: PosixPath('/data/attachments/test-264.txt')
[2024-02-21T08:18:11.562+0000] {ImapSmtp.py:1243} INFO - Saving attachment: test.txt
[2024-02-21T08:18:11.562+0000] {logging_mixin.py:188} INFO - Message from RPA Python6
[2024-02-21T08:18:11.563+0000] {ImapSmtp.py:1240} INFO - Attachment filepath: PosixPath('/data/attachments/test-265.txt')
[2024-02-21T08:18:11.563+0000] {ImapSmtp.py:1243} INFO - Saving attachment: test.txt
[2024-02-21T08:18:11.564+0000] {logging_mixin.py:188} INFO - Message from RPA Python7
[2024-02-21T08:18:11.565+0000] {ImapSmtp.py:1240} INFO - Attachment filepath: PosixPath('/data/attachments/test-266.txt')
[2024-02-21T08:18:11.565+0000] {ImapSmtp.py:1243} INFO - Saving attachment: test.txt
[2024-02-21T08:18:11.565+0000] {logging_mixin.py:188} INFO - Message from RPA Python8
[2024-02-21T08:18:11.567+0000] {ImapSmtp.py:1240} INFO - Attachment filepath: PosixPath('/data/attachments/test-267.txt')
[2024-02-21T08:18:11.567+0000] {ImapSmtp.py:1243} INFO - Saving attachment: test.txt
[2024-02-21T08:18:11.567+0000] {logging_mixin.py:188} INFO - Message from RPA Python9
[2024-02-21T08:18:11.568+0000] {ImapSmtp.py:1240} INFO - Attachment filepath: PosixPath('/data/attachments/test-268.txt')
[2024-02-21T08:18:11.568+0000] {ImapSmtp.py:1243} INFO - Saving attachment: test.txt
[2024-02-21T08:18:12.303+0000] {python.py:201} INFO - Done. Returned value was: None
[2024-02-21T08:18:12.335+0000] {taskinstance.py:1138} INFO - Marking task as SUCCESS. dag_id=extract_email, task_id=get_mail, execution_date=20240217T010000, start_date=20240221T081805, end_date=20240221T081812
[2024-02-21T08:18:12.427+0000] {local_task_job_runner.py:234} INFO - Task exited with return code 0
[2024-02-21T08:18:12.487+0000] {taskinstance.py:3280} INFO - 0 downstream tasks scheduled from follow-on schedule check
