[2024-02-21T07:38:07.793+0000] {taskinstance.py:1956} INFO - Dependencies all met for dep_context=non-requeueable deps ti=<TaskInstance: extract_email.get_mail scheduled__2024-02-04T00:00:00+00:00 [queued]>
[2024-02-21T07:38:07.807+0000] {taskinstance.py:1956} INFO - Dependencies all met for dep_context=requeueable deps ti=<TaskInstance: extract_email.get_mail scheduled__2024-02-04T00:00:00+00:00 [queued]>
[2024-02-21T07:38:07.808+0000] {taskinstance.py:2170} INFO - Starting attempt 1 of 1
[2024-02-21T07:38:07.834+0000] {taskinstance.py:2191} INFO - Executing <Task(PythonOperator): get_mail> on 2024-02-04 00:00:00+00:00
[2024-02-21T07:38:07.847+0000] {standard_task_runner.py:60} INFO - Started process 110 to run task
[2024-02-21T07:38:07.855+0000] {standard_task_runner.py:87} INFO - Running: ['***', 'tasks', 'run', 'extract_email', 'get_mail', 'scheduled__2024-02-04T00:00:00+00:00', '--job-id', '76', '--raw', '--subdir', 'DAGS_FOLDER/extract_email.py', '--cfg-path', '/tmp/tmpb1yemfpd']
[2024-02-21T07:38:07.857+0000] {standard_task_runner.py:88} INFO - Job 76: Subtask get_mail
[2024-02-21T07:38:07.929+0000] {task_command.py:423} INFO - Running <TaskInstance: extract_email.get_mail scheduled__2024-02-04T00:00:00+00:00 [running]> on host 893865381b0d
[2024-02-21T07:38:08.082+0000] {taskinstance.py:2480} INFO - Exporting env vars: AIRFLOW_CTX_DAG_OWNER='***' AIRFLOW_CTX_DAG_ID='extract_email' AIRFLOW_CTX_TASK_ID='get_mail' AIRFLOW_CTX_EXECUTION_DATE='2024-02-04T00:00:00+00:00' AIRFLOW_CTX_TRY_NUMBER='1' AIRFLOW_CTX_DAG_RUN_ID='scheduled__2024-02-04T00:00:00+00:00'
[2024-02-21T07:38:08.083+0000] {taskinstance.py:2698} ERROR - Task failed with exception
Traceback (most recent call last):
  File "/home/airflow/.local/lib/python3.8/site-packages/airflow/models/taskinstance.py", line 433, in _execute_task
    result = execute_callable(context=context, **execute_callable_kwargs)
  File "/home/airflow/.local/lib/python3.8/site-packages/airflow/operators/python.py", line 196, in execute
    context_merge(context, self.op_kwargs, templates_dict=self.templates_dict)
  File "/home/airflow/.local/lib/python3.8/site-packages/airflow/utils/context.py", line 261, in context_merge
    context.update(*args, **kwargs)
  File "/usr/local/lib/python3.8/_collections_abc.py", line 837, in update
    for key, value in other:
ValueError: too many values to unpack (expected 2)
[2024-02-21T07:38:08.100+0000] {taskinstance.py:1138} INFO - Marking task as FAILED. dag_id=extract_email, task_id=get_mail, execution_date=20240204T000000, start_date=20240221T073807, end_date=20240221T073808
[2024-02-21T07:38:08.121+0000] {standard_task_runner.py:107} ERROR - Failed to execute job 76 for task get_mail (too many values to unpack (expected 2); 110)
[2024-02-21T07:38:08.156+0000] {local_task_job_runner.py:234} INFO - Task exited with return code 1
[2024-02-21T07:38:08.176+0000] {taskinstance.py:3280} INFO - 0 downstream tasks scheduled from follow-on schedule check
[2024-02-21T07:59:47.930+0000] {taskinstance.py:1956} INFO - Dependencies all met for dep_context=non-requeueable deps ti=<TaskInstance: extract_email.get_mail scheduled__2024-02-04T00:00:00+00:00 [queued]>
[2024-02-21T07:59:47.946+0000] {taskinstance.py:1956} INFO - Dependencies all met for dep_context=requeueable deps ti=<TaskInstance: extract_email.get_mail scheduled__2024-02-04T00:00:00+00:00 [queued]>
[2024-02-21T07:59:47.946+0000] {taskinstance.py:2170} INFO - Starting attempt 1 of 1
[2024-02-21T07:59:47.972+0000] {taskinstance.py:2191} INFO - Executing <Task(PythonOperator): get_mail> on 2024-02-04 00:00:00+00:00
[2024-02-21T07:59:47.983+0000] {standard_task_runner.py:60} INFO - Started process 384 to run task
[2024-02-21T07:59:47.989+0000] {standard_task_runner.py:87} INFO - Running: ['***', 'tasks', 'run', 'extract_email', 'get_mail', 'scheduled__2024-02-04T00:00:00+00:00', '--job-id', '134', '--raw', '--subdir', 'DAGS_FOLDER/extract_email.py', '--cfg-path', '/tmp/tmpcoflzrzn']
[2024-02-21T07:59:47.992+0000] {standard_task_runner.py:88} INFO - Job 134: Subtask get_mail
[2024-02-21T07:59:48.060+0000] {task_command.py:423} INFO - Running <TaskInstance: extract_email.get_mail scheduled__2024-02-04T00:00:00+00:00 [running]> on host 9bab6a0db245
[2024-02-21T07:59:48.218+0000] {taskinstance.py:2480} INFO - Exporting env vars: AIRFLOW_CTX_DAG_OWNER='***' AIRFLOW_CTX_DAG_ID='extract_email' AIRFLOW_CTX_TASK_ID='get_mail' AIRFLOW_CTX_EXECUTION_DATE='2024-02-04T00:00:00+00:00' AIRFLOW_CTX_TRY_NUMBER='1' AIRFLOW_CTX_DAG_RUN_ID='scheduled__2024-02-04T00:00:00+00:00'
[2024-02-21T07:59:50.739+0000] {ImapSmtp.py:839} INFO - IMAP search: 'gmail:'Message from RPA Python' after:15-12-2023'
[2024-02-21T07:59:53.615+0000] {logging_mixin.py:188} INFO - Message from RPA Python0
[2024-02-21T07:59:53.620+0000] {ImapSmtp.py:1240} INFO - Attachment filepath: PosixPath('/data/attachments/test-192.txt')
[2024-02-21T07:59:53.621+0000] {ImapSmtp.py:1243} INFO - Saving attachment: test.txt
[2024-02-21T07:59:53.622+0000] {logging_mixin.py:188} INFO - Message from RPA Python1
[2024-02-21T07:59:53.626+0000] {ImapSmtp.py:1240} INFO - Attachment filepath: PosixPath('/data/attachments/test-193.txt')
[2024-02-21T07:59:53.627+0000] {ImapSmtp.py:1243} INFO - Saving attachment: test.txt
[2024-02-21T07:59:53.627+0000] {logging_mixin.py:188} INFO - Message from RPA Python2
[2024-02-21T07:59:53.632+0000] {ImapSmtp.py:1240} INFO - Attachment filepath: PosixPath('/data/attachments/test-194.txt')
[2024-02-21T07:59:53.632+0000] {ImapSmtp.py:1243} INFO - Saving attachment: test.txt
[2024-02-21T07:59:53.633+0000] {logging_mixin.py:188} INFO - Message from RPA Python3
[2024-02-21T07:59:53.638+0000] {ImapSmtp.py:1240} INFO - Attachment filepath: PosixPath('/data/attachments/test-195.txt')
[2024-02-21T07:59:53.639+0000] {ImapSmtp.py:1243} INFO - Saving attachment: test.txt
[2024-02-21T07:59:53.640+0000] {logging_mixin.py:188} INFO - Message from RPA Python4
[2024-02-21T07:59:53.645+0000] {ImapSmtp.py:1240} INFO - Attachment filepath: PosixPath('/data/attachments/test-196.txt')
[2024-02-21T07:59:53.645+0000] {ImapSmtp.py:1243} INFO - Saving attachment: test.txt
[2024-02-21T07:59:53.646+0000] {logging_mixin.py:188} INFO - Message from RPA Python5
[2024-02-21T07:59:53.648+0000] {ImapSmtp.py:1240} INFO - Attachment filepath: PosixPath('/data/attachments/test-197.txt')
[2024-02-21T07:59:53.648+0000] {ImapSmtp.py:1243} INFO - Saving attachment: test.txt
[2024-02-21T07:59:53.649+0000] {logging_mixin.py:188} INFO - Message from RPA Python6
[2024-02-21T07:59:53.651+0000] {ImapSmtp.py:1240} INFO - Attachment filepath: PosixPath('/data/attachments/test-198.txt')
[2024-02-21T07:59:53.651+0000] {ImapSmtp.py:1243} INFO - Saving attachment: test.txt
[2024-02-21T07:59:53.652+0000] {logging_mixin.py:188} INFO - Message from RPA Python7
[2024-02-21T07:59:53.653+0000] {ImapSmtp.py:1240} INFO - Attachment filepath: PosixPath('/data/attachments/test-199.txt')
[2024-02-21T07:59:53.654+0000] {ImapSmtp.py:1243} INFO - Saving attachment: test.txt
[2024-02-21T07:59:53.654+0000] {logging_mixin.py:188} INFO - Message from RPA Python8
[2024-02-21T07:59:53.656+0000] {ImapSmtp.py:1240} INFO - Attachment filepath: PosixPath('/data/attachments/test-200.txt')
[2024-02-21T07:59:53.656+0000] {ImapSmtp.py:1243} INFO - Saving attachment: test.txt
[2024-02-21T07:59:53.656+0000] {logging_mixin.py:188} INFO - Message from RPA Python9
[2024-02-21T07:59:53.658+0000] {ImapSmtp.py:1240} INFO - Attachment filepath: PosixPath('/data/attachments/test-201.txt')
[2024-02-21T07:59:53.658+0000] {ImapSmtp.py:1243} INFO - Saving attachment: test.txt
[2024-02-21T07:59:54.237+0000] {python.py:201} INFO - Done. Returned value was: None
[2024-02-21T07:59:54.243+0000] {taskinstance.py:1138} INFO - Marking task as SUCCESS. dag_id=extract_email, task_id=get_mail, execution_date=20240204T000000, start_date=20240221T075947, end_date=20240221T075954
[2024-02-21T07:59:54.260+0000] {local_task_job_runner.py:234} INFO - Task exited with return code 0
[2024-02-21T07:59:54.271+0000] {taskinstance.py:3280} INFO - 0 downstream tasks scheduled from follow-on schedule check
