[2024-02-21T08:05:59.758+0000] {taskinstance.py:1956} INFO - Dependencies all met for dep_context=non-requeueable deps ti=<TaskInstance: extract_email.get_mail scheduled__2024-01-03T01:00:00+00:00 [queued]>
[2024-02-21T08:05:59.764+0000] {taskinstance.py:1956} INFO - Dependencies all met for dep_context=requeueable deps ti=<TaskInstance: extract_email.get_mail scheduled__2024-01-03T01:00:00+00:00 [queued]>
[2024-02-21T08:05:59.764+0000] {taskinstance.py:2170} INFO - Starting attempt 1 of 1
[2024-02-21T08:05:59.773+0000] {taskinstance.py:2191} INFO - Executing <Task(PythonOperator): get_mail> on 2024-01-03 01:00:00+00:00
[2024-02-21T08:05:59.777+0000] {standard_task_runner.py:60} INFO - Started process 107 to run task
[2024-02-21T08:05:59.779+0000] {standard_task_runner.py:87} INFO - Running: ['***', 'tasks', 'run', 'extract_email', 'get_mail', 'scheduled__2024-01-03T01:00:00+00:00', '--job-id', '156', '--raw', '--subdir', 'DAGS_FOLDER/extract_email.py', '--cfg-path', '/tmp/tmpffbj7r2e']
[2024-02-21T08:05:59.781+0000] {standard_task_runner.py:88} INFO - Job 156: Subtask get_mail
[2024-02-21T08:05:59.820+0000] {task_command.py:423} INFO - Running <TaskInstance: extract_email.get_mail scheduled__2024-01-03T01:00:00+00:00 [running]> on host 96f19b77385b
[2024-02-21T08:05:59.894+0000] {taskinstance.py:2480} INFO - Exporting env vars: AIRFLOW_CTX_DAG_OWNER='***' AIRFLOW_CTX_DAG_ID='extract_email' AIRFLOW_CTX_TASK_ID='get_mail' AIRFLOW_CTX_EXECUTION_DATE='2024-01-03T01:00:00+00:00' AIRFLOW_CTX_TRY_NUMBER='1' AIRFLOW_CTX_DAG_RUN_ID='scheduled__2024-01-03T01:00:00+00:00'
[2024-02-21T08:06:02.589+0000] {ImapSmtp.py:839} INFO - IMAP search: 'gmail:'Message from RPA Python' after:15-12-2023'
[2024-02-21T08:06:05.734+0000] {logging_mixin.py:188} INFO - Message from RPA Python0
[2024-02-21T08:06:05.738+0000] {ImapSmtp.py:1240} INFO - Attachment filepath: PosixPath('/data/attachments/test.txt')
[2024-02-21T08:06:05.739+0000] {ImapSmtp.py:1243} INFO - Saving attachment: test.txt
[2024-02-21T08:06:05.740+0000] {logging_mixin.py:188} INFO - Message from RPA Python1
[2024-02-21T08:06:05.742+0000] {ImapSmtp.py:1240} INFO - Attachment filepath: PosixPath('/data/attachments/test-2.txt')
[2024-02-21T08:06:05.742+0000] {ImapSmtp.py:1243} INFO - Saving attachment: test.txt
[2024-02-21T08:06:05.743+0000] {logging_mixin.py:188} INFO - Message from RPA Python2
[2024-02-21T08:06:05.745+0000] {ImapSmtp.py:1240} INFO - Attachment filepath: PosixPath('/data/attachments/test-3.txt')
[2024-02-21T08:06:05.745+0000] {ImapSmtp.py:1243} INFO - Saving attachment: test.txt
[2024-02-21T08:06:05.747+0000] {logging_mixin.py:188} INFO - Message from RPA Python3
[2024-02-21T08:06:05.748+0000] {ImapSmtp.py:1240} INFO - Attachment filepath: PosixPath('/data/attachments/test-4.txt')
[2024-02-21T08:06:05.748+0000] {ImapSmtp.py:1243} INFO - Saving attachment: test.txt
[2024-02-21T08:06:05.749+0000] {logging_mixin.py:188} INFO - Message from RPA Python4
[2024-02-21T08:06:05.750+0000] {ImapSmtp.py:1240} INFO - Attachment filepath: PosixPath('/data/attachments/test-5.txt')
[2024-02-21T08:06:05.750+0000] {ImapSmtp.py:1243} INFO - Saving attachment: test.txt
[2024-02-21T08:06:05.751+0000] {logging_mixin.py:188} INFO - Message from RPA Python5
[2024-02-21T08:06:05.752+0000] {ImapSmtp.py:1240} INFO - Attachment filepath: PosixPath('/data/attachments/test-6.txt')
[2024-02-21T08:06:05.753+0000] {ImapSmtp.py:1243} INFO - Saving attachment: test.txt
[2024-02-21T08:06:05.753+0000] {logging_mixin.py:188} INFO - Message from RPA Python6
[2024-02-21T08:06:05.754+0000] {ImapSmtp.py:1240} INFO - Attachment filepath: PosixPath('/data/attachments/test-7.txt')
[2024-02-21T08:06:05.754+0000] {ImapSmtp.py:1243} INFO - Saving attachment: test.txt
[2024-02-21T08:06:05.755+0000] {logging_mixin.py:188} INFO - Message from RPA Python7
[2024-02-21T08:06:05.756+0000] {ImapSmtp.py:1240} INFO - Attachment filepath: PosixPath('/data/attachments/test-8.txt')
[2024-02-21T08:06:05.756+0000] {ImapSmtp.py:1243} INFO - Saving attachment: test.txt
[2024-02-21T08:06:05.756+0000] {logging_mixin.py:188} INFO - Message from RPA Python8
[2024-02-21T08:06:05.757+0000] {ImapSmtp.py:1240} INFO - Attachment filepath: PosixPath('/data/attachments/test-9.txt')
[2024-02-21T08:06:05.757+0000] {ImapSmtp.py:1243} INFO - Saving attachment: test.txt
[2024-02-21T08:06:05.758+0000] {logging_mixin.py:188} INFO - Message from RPA Python9
[2024-02-21T08:06:05.758+0000] {ImapSmtp.py:1240} INFO - Attachment filepath: PosixPath('/data/attachments/test-10.txt')
[2024-02-21T08:06:05.759+0000] {ImapSmtp.py:1243} INFO - Saving attachment: test.txt
[2024-02-21T08:06:06.348+0000] {python.py:201} INFO - Done. Returned value was: None
[2024-02-21T08:06:06.377+0000] {taskinstance.py:1138} INFO - Marking task as SUCCESS. dag_id=extract_email, task_id=get_mail, execution_date=20240103T010000, start_date=20240221T080559, end_date=20240221T080606
[2024-02-21T08:06:06.406+0000] {local_task_job_runner.py:234} INFO - Task exited with return code 0
[2024-02-21T08:06:06.416+0000] {taskinstance.py:3280} INFO - 0 downstream tasks scheduled from follow-on schedule check
