[2024-02-21T08:05:59.994+0000] {taskinstance.py:1956} INFO - Dependencies all met for dep_context=non-requeueable deps ti=<TaskInstance: extract_email.get_mail scheduled__2024-01-10T01:00:00+00:00 [queued]>
[2024-02-21T08:06:00.005+0000] {taskinstance.py:1956} INFO - Dependencies all met for dep_context=requeueable deps ti=<TaskInstance: extract_email.get_mail scheduled__2024-01-10T01:00:00+00:00 [queued]>
[2024-02-21T08:06:00.005+0000] {taskinstance.py:2170} INFO - Starting attempt 1 of 1
[2024-02-21T08:06:00.022+0000] {taskinstance.py:2191} INFO - Executing <Task(PythonOperator): get_mail> on 2024-01-10 01:00:00+00:00
[2024-02-21T08:06:00.031+0000] {standard_task_runner.py:60} INFO - Started process 108 to run task
[2024-02-21T08:06:00.034+0000] {standard_task_runner.py:87} INFO - Running: ['***', 'tasks', 'run', 'extract_email', 'get_mail', 'scheduled__2024-01-10T01:00:00+00:00', '--job-id', '157', '--raw', '--subdir', 'DAGS_FOLDER/extract_email.py', '--cfg-path', '/tmp/tmpyawkjxoh']
[2024-02-21T08:06:00.036+0000] {standard_task_runner.py:88} INFO - Job 157: Subtask get_mail
[2024-02-21T08:06:00.100+0000] {task_command.py:423} INFO - Running <TaskInstance: extract_email.get_mail scheduled__2024-01-10T01:00:00+00:00 [running]> on host 96f19b77385b
[2024-02-21T08:06:00.254+0000] {taskinstance.py:2480} INFO - Exporting env vars: AIRFLOW_CTX_DAG_OWNER='***' AIRFLOW_CTX_DAG_ID='extract_email' AIRFLOW_CTX_TASK_ID='get_mail' AIRFLOW_CTX_EXECUTION_DATE='2024-01-10T01:00:00+00:00' AIRFLOW_CTX_TRY_NUMBER='1' AIRFLOW_CTX_DAG_RUN_ID='scheduled__2024-01-10T01:00:00+00:00'
[2024-02-21T08:06:02.982+0000] {ImapSmtp.py:839} INFO - IMAP search: 'gmail:'Message from RPA Python' after:15-12-2023'
[2024-02-21T08:06:06.533+0000] {logging_mixin.py:188} INFO - Message from RPA Python0
[2024-02-21T08:06:06.536+0000] {ImapSmtp.py:1240} INFO - Attachment filepath: PosixPath('/data/attachments/test-31.txt')
[2024-02-21T08:06:06.537+0000] {ImapSmtp.py:1243} INFO - Saving attachment: test.txt
[2024-02-21T08:06:06.538+0000] {logging_mixin.py:188} INFO - Message from RPA Python1
[2024-02-21T08:06:06.539+0000] {ImapSmtp.py:1240} INFO - Attachment filepath: PosixPath('/data/attachments/test-32.txt')
[2024-02-21T08:06:06.540+0000] {ImapSmtp.py:1243} INFO - Saving attachment: test.txt
[2024-02-21T08:06:06.541+0000] {logging_mixin.py:188} INFO - Message from RPA Python2
[2024-02-21T08:06:06.542+0000] {ImapSmtp.py:1240} INFO - Attachment filepath: PosixPath('/data/attachments/test-33.txt')
[2024-02-21T08:06:06.543+0000] {ImapSmtp.py:1243} INFO - Saving attachment: test.txt
[2024-02-21T08:06:06.544+0000] {logging_mixin.py:188} INFO - Message from RPA Python3
[2024-02-21T08:06:06.545+0000] {ImapSmtp.py:1240} INFO - Attachment filepath: PosixPath('/data/attachments/test-34.txt')
[2024-02-21T08:06:06.545+0000] {ImapSmtp.py:1243} INFO - Saving attachment: test.txt
[2024-02-21T08:06:06.546+0000] {logging_mixin.py:188} INFO - Message from RPA Python4
[2024-02-21T08:06:06.547+0000] {ImapSmtp.py:1240} INFO - Attachment filepath: PosixPath('/data/attachments/test-35.txt')
[2024-02-21T08:06:06.547+0000] {ImapSmtp.py:1243} INFO - Saving attachment: test.txt
[2024-02-21T08:06:06.547+0000] {logging_mixin.py:188} INFO - Message from RPA Python5
[2024-02-21T08:06:06.548+0000] {ImapSmtp.py:1240} INFO - Attachment filepath: PosixPath('/data/attachments/test-36.txt')
[2024-02-21T08:06:06.548+0000] {ImapSmtp.py:1243} INFO - Saving attachment: test.txt
[2024-02-21T08:06:06.549+0000] {logging_mixin.py:188} INFO - Message from RPA Python6
[2024-02-21T08:06:06.550+0000] {ImapSmtp.py:1240} INFO - Attachment filepath: PosixPath('/data/attachments/test-37.txt')
[2024-02-21T08:06:06.550+0000] {ImapSmtp.py:1243} INFO - Saving attachment: test.txt
[2024-02-21T08:06:06.550+0000] {logging_mixin.py:188} INFO - Message from RPA Python7
[2024-02-21T08:06:06.551+0000] {ImapSmtp.py:1240} INFO - Attachment filepath: PosixPath('/data/attachments/test-38.txt')
[2024-02-21T08:06:06.551+0000] {ImapSmtp.py:1243} INFO - Saving attachment: test.txt
[2024-02-21T08:06:06.552+0000] {logging_mixin.py:188} INFO - Message from RPA Python8
[2024-02-21T08:06:06.552+0000] {ImapSmtp.py:1240} INFO - Attachment filepath: PosixPath('/data/attachments/test-39.txt')
[2024-02-21T08:06:06.552+0000] {ImapSmtp.py:1243} INFO - Saving attachment: test.txt
[2024-02-21T08:06:06.553+0000] {logging_mixin.py:188} INFO - Message from RPA Python9
[2024-02-21T08:06:06.553+0000] {ImapSmtp.py:1240} INFO - Attachment filepath: PosixPath('/data/attachments/test-40.txt')
[2024-02-21T08:06:06.553+0000] {ImapSmtp.py:1243} INFO - Saving attachment: test.txt
[2024-02-21T08:06:07.247+0000] {python.py:201} INFO - Done. Returned value was: None
[2024-02-21T08:06:07.268+0000] {taskinstance.py:1138} INFO - Marking task as SUCCESS. dag_id=extract_email, task_id=get_mail, execution_date=20240110T010000, start_date=20240221T080559, end_date=20240221T080607
[2024-02-21T08:06:07.425+0000] {local_task_job_runner.py:234} INFO - Task exited with return code 0
[2024-02-21T08:06:07.447+0000] {taskinstance.py:3280} INFO - 0 downstream tasks scheduled from follow-on schedule check
