[2024-02-21T08:05:59.592+0000] {taskinstance.py:1956} INFO - Dependencies all met for dep_context=non-requeueable deps ti=<TaskInstance: extract_email.get_mail scheduled__2024-01-05T01:00:00+00:00 [queued]>
[2024-02-21T08:05:59.599+0000] {taskinstance.py:1956} INFO - Dependencies all met for dep_context=requeueable deps ti=<TaskInstance: extract_email.get_mail scheduled__2024-01-05T01:00:00+00:00 [queued]>
[2024-02-21T08:05:59.599+0000] {taskinstance.py:2170} INFO - Starting attempt 1 of 1
[2024-02-21T08:05:59.610+0000] {taskinstance.py:2191} INFO - Executing <Task(PythonOperator): get_mail> on 2024-01-05 01:00:00+00:00
[2024-02-21T08:05:59.617+0000] {standard_task_runner.py:60} INFO - Started process 106 to run task
[2024-02-21T08:05:59.619+0000] {standard_task_runner.py:87} INFO - Running: ['***', 'tasks', 'run', 'extract_email', 'get_mail', 'scheduled__2024-01-05T01:00:00+00:00', '--job-id', '155', '--raw', '--subdir', 'DAGS_FOLDER/extract_email.py', '--cfg-path', '/tmp/tmpegh9c9ev']
[2024-02-21T08:05:59.621+0000] {standard_task_runner.py:88} INFO - Job 155: Subtask get_mail
[2024-02-21T08:05:59.660+0000] {task_command.py:423} INFO - Running <TaskInstance: extract_email.get_mail scheduled__2024-01-05T01:00:00+00:00 [running]> on host 96f19b77385b
[2024-02-21T08:05:59.723+0000] {taskinstance.py:2480} INFO - Exporting env vars: AIRFLOW_CTX_DAG_OWNER='***' AIRFLOW_CTX_DAG_ID='extract_email' AIRFLOW_CTX_TASK_ID='get_mail' AIRFLOW_CTX_EXECUTION_DATE='2024-01-05T01:00:00+00:00' AIRFLOW_CTX_TRY_NUMBER='1' AIRFLOW_CTX_DAG_RUN_ID='scheduled__2024-01-05T01:00:00+00:00'
[2024-02-21T08:06:02.585+0000] {ImapSmtp.py:839} INFO - IMAP search: 'gmail:'Message from RPA Python' after:15-12-2023'
[2024-02-21T08:06:05.774+0000] {logging_mixin.py:188} INFO - Message from RPA Python0
[2024-02-21T08:06:05.775+0000] {ImapSmtp.py:1240} INFO - Attachment filepath: PosixPath('/data/attachments/test-11.txt')
[2024-02-21T08:06:05.775+0000] {ImapSmtp.py:1243} INFO - Saving attachment: test.txt
[2024-02-21T08:06:05.776+0000] {logging_mixin.py:188} INFO - Message from RPA Python1
[2024-02-21T08:06:05.776+0000] {ImapSmtp.py:1240} INFO - Attachment filepath: PosixPath('/data/attachments/test-12.txt')
[2024-02-21T08:06:05.776+0000] {ImapSmtp.py:1243} INFO - Saving attachment: test.txt
[2024-02-21T08:06:05.776+0000] {logging_mixin.py:188} INFO - Message from RPA Python2
[2024-02-21T08:06:05.777+0000] {ImapSmtp.py:1240} INFO - Attachment filepath: PosixPath('/data/attachments/test-13.txt')
[2024-02-21T08:06:05.777+0000] {ImapSmtp.py:1243} INFO - Saving attachment: test.txt
[2024-02-21T08:06:05.777+0000] {logging_mixin.py:188} INFO - Message from RPA Python3
[2024-02-21T08:06:05.778+0000] {ImapSmtp.py:1240} INFO - Attachment filepath: PosixPath('/data/attachments/test-14.txt')
[2024-02-21T08:06:05.778+0000] {ImapSmtp.py:1243} INFO - Saving attachment: test.txt
[2024-02-21T08:06:05.778+0000] {logging_mixin.py:188} INFO - Message from RPA Python4
[2024-02-21T08:06:05.778+0000] {ImapSmtp.py:1240} INFO - Attachment filepath: PosixPath('/data/attachments/test-15.txt')
[2024-02-21T08:06:05.778+0000] {ImapSmtp.py:1243} INFO - Saving attachment: test.txt
[2024-02-21T08:06:05.778+0000] {logging_mixin.py:188} INFO - Message from RPA Python5
[2024-02-21T08:06:05.779+0000] {ImapSmtp.py:1240} INFO - Attachment filepath: PosixPath('/data/attachments/test-16.txt')
[2024-02-21T08:06:05.779+0000] {ImapSmtp.py:1243} INFO - Saving attachment: test.txt
[2024-02-21T08:06:05.779+0000] {logging_mixin.py:188} INFO - Message from RPA Python6
[2024-02-21T08:06:05.779+0000] {ImapSmtp.py:1240} INFO - Attachment filepath: PosixPath('/data/attachments/test-17.txt')
[2024-02-21T08:06:05.779+0000] {ImapSmtp.py:1243} INFO - Saving attachment: test.txt
[2024-02-21T08:06:05.780+0000] {logging_mixin.py:188} INFO - Message from RPA Python7
[2024-02-21T08:06:05.780+0000] {ImapSmtp.py:1240} INFO - Attachment filepath: PosixPath('/data/attachments/test-18.txt')
[2024-02-21T08:06:05.780+0000] {ImapSmtp.py:1243} INFO - Saving attachment: test.txt
[2024-02-21T08:06:05.780+0000] {logging_mixin.py:188} INFO - Message from RPA Python8
[2024-02-21T08:06:05.781+0000] {ImapSmtp.py:1240} INFO - Attachment filepath: PosixPath('/data/attachments/test-19.txt')
[2024-02-21T08:06:05.781+0000] {ImapSmtp.py:1243} INFO - Saving attachment: test.txt
[2024-02-21T08:06:05.781+0000] {logging_mixin.py:188} INFO - Message from RPA Python9
[2024-02-21T08:06:05.782+0000] {ImapSmtp.py:1240} INFO - Attachment filepath: PosixPath('/data/attachments/test-20.txt')
[2024-02-21T08:06:05.782+0000] {ImapSmtp.py:1243} INFO - Saving attachment: test.txt
[2024-02-21T08:06:06.366+0000] {python.py:201} INFO - Done. Returned value was: None
[2024-02-21T08:06:06.383+0000] {taskinstance.py:1138} INFO - Marking task as SUCCESS. dag_id=extract_email, task_id=get_mail, execution_date=20240105T010000, start_date=20240221T080559, end_date=20240221T080606
[2024-02-21T08:06:06.435+0000] {local_task_job_runner.py:234} INFO - Task exited with return code 0
[2024-02-21T08:06:06.446+0000] {taskinstance.py:3280} INFO - 0 downstream tasks scheduled from follow-on schedule check
