[2024-02-22T03:55:36.811+0000] {taskinstance.py:1956} INFO - Dependencies all met for dep_context=non-requeueable deps ti=<TaskInstance: extract_email.send_message scheduled__2024-02-21T00:00:00+00:00 [queued]>
[2024-02-22T03:55:36.819+0000] {taskinstance.py:1956} INFO - Dependencies all met for dep_context=requeueable deps ti=<TaskInstance: extract_email.send_message scheduled__2024-02-21T00:00:00+00:00 [queued]>
[2024-02-22T03:55:36.819+0000] {taskinstance.py:2170} INFO - Starting attempt 1 of 1
[2024-02-22T03:55:36.830+0000] {taskinstance.py:2191} INFO - Executing <Task(PythonOperator): send_message> on 2024-02-21 00:00:00+00:00
[2024-02-22T03:55:36.836+0000] {standard_task_runner.py:60} INFO - Started process 478 to run task
[2024-02-22T03:55:36.838+0000] {standard_task_runner.py:87} INFO - Running: ['***', 'tasks', 'run', 'extract_email', 'send_message', 'scheduled__2024-02-21T00:00:00+00:00', '--job-id', '313', '--raw', '--subdir', 'DAGS_FOLDER/extract_email.py', '--cfg-path', '/tmp/tmparykqest']
[2024-02-22T03:55:36.841+0000] {standard_task_runner.py:88} INFO - Job 313: Subtask send_message
[2024-02-22T03:55:36.878+0000] {task_command.py:423} INFO - Running <TaskInstance: extract_email.send_message scheduled__2024-02-21T00:00:00+00:00 [running]> on host e849c64d3231
[2024-02-22T03:55:36.940+0000] {taskinstance.py:2480} INFO - Exporting env vars: AIRFLOW_CTX_DAG_OWNER='***' AIRFLOW_CTX_DAG_ID='extract_email' AIRFLOW_CTX_TASK_ID='send_message' AIRFLOW_CTX_EXECUTION_DATE='2024-02-21T00:00:00+00:00' AIRFLOW_CTX_TRY_NUMBER='1' AIRFLOW_CTX_DAG_RUN_ID='scheduled__2024-02-21T00:00:00+00:00'
[2024-02-22T03:55:36.951+0000] {logging_mixin.py:188} INFO - Đã gửi dữ liệu message 0 tới topic 'credit_card'
[2024-02-22T03:55:37.959+0000] {logging_mixin.py:188} INFO - Đã gửi dữ liệu message 1 tới topic 'credit_card'
[2024-02-22T03:55:38.968+0000] {logging_mixin.py:188} INFO - Đã gửi dữ liệu message 2 tới topic 'credit_card'
[2024-02-22T03:55:39.980+0000] {logging_mixin.py:188} INFO - Đã gửi dữ liệu message 3 tới topic 'credit_card'
[2024-02-22T03:55:40.991+0000] {logging_mixin.py:188} INFO - Đã gửi dữ liệu message 4 tới topic 'credit_card'
[2024-02-22T03:55:42.001+0000] {logging_mixin.py:188} INFO - Đã gửi dữ liệu message 5 tới topic 'credit_card'
[2024-02-22T03:55:43.008+0000] {logging_mixin.py:188} INFO - Đã gửi dữ liệu message 6 tới topic 'credit_card'
[2024-02-22T03:55:44.017+0000] {logging_mixin.py:188} INFO - Đã gửi dữ liệu message 7 tới topic 'credit_card'
[2024-02-22T03:55:45.074+0000] {logging_mixin.py:188} INFO - Đã gửi dữ liệu message 8 tới topic 'credit_card'
[2024-02-22T03:55:46.082+0000] {logging_mixin.py:188} INFO - Đã gửi dữ liệu message 9 tới topic 'credit_card'
[2024-02-22T03:55:47.091+0000] {logging_mixin.py:188} INFO - Đã gửi dữ liệu message 10 tới topic 'credit_card'
[2024-02-22T03:55:48.101+0000] {logging_mixin.py:188} INFO - Đã gửi dữ liệu message 11 tới topic 'credit_card'
[2024-02-22T03:55:49.111+0000] {logging_mixin.py:188} INFO - Đã gửi dữ liệu message 12 tới topic 'credit_card'
[2024-02-22T03:55:50.120+0000] {logging_mixin.py:188} INFO - Đã gửi dữ liệu message 13 tới topic 'credit_card'
[2024-02-22T03:55:51.130+0000] {logging_mixin.py:188} INFO - Đã gửi dữ liệu message 14 tới topic 'credit_card'
[2024-02-22T03:55:52.140+0000] {logging_mixin.py:188} INFO - Đã gửi dữ liệu message 15 tới topic 'credit_card'
[2024-02-22T03:55:53.149+0000] {logging_mixin.py:188} INFO - Đã gửi dữ liệu message 16 tới topic 'credit_card'
[2024-02-22T03:55:54.157+0000] {logging_mixin.py:188} INFO - Đã gửi dữ liệu message 17 tới topic 'credit_card'
[2024-02-22T03:55:55.166+0000] {logging_mixin.py:188} INFO - Đã gửi dữ liệu message 18 tới topic 'credit_card'
[2024-02-22T03:55:56.177+0000] {logging_mixin.py:188} INFO - Đã gửi dữ liệu message 19 tới topic 'credit_card'
[2024-02-22T03:55:57.188+0000] {logging_mixin.py:188} INFO - Đã gửi dữ liệu message 20 tới topic 'credit_card'
[2024-02-22T03:55:58.196+0000] {logging_mixin.py:188} INFO - Đã gửi dữ liệu message 21 tới topic 'credit_card'
[2024-02-22T03:55:59.205+0000] {logging_mixin.py:188} INFO - Đã gửi dữ liệu message 22 tới topic 'credit_card'
[2024-02-22T03:56:00.216+0000] {logging_mixin.py:188} INFO - Đã gửi dữ liệu message 23 tới topic 'credit_card'
[2024-02-22T03:56:01.227+0000] {logging_mixin.py:188} INFO - Đã gửi dữ liệu message 24 tới topic 'credit_card'
[2024-02-22T03:56:02.237+0000] {logging_mixin.py:188} INFO - Đã gửi dữ liệu message 25 tới topic 'credit_card'
[2024-02-22T03:56:03.251+0000] {logging_mixin.py:188} INFO - Đã gửi dữ liệu message 26 tới topic 'credit_card'
[2024-02-22T03:56:04.261+0000] {logging_mixin.py:188} INFO - Đã gửi dữ liệu message 27 tới topic 'credit_card'
[2024-02-22T03:56:05.270+0000] {logging_mixin.py:188} INFO - Đã gửi dữ liệu message 28 tới topic 'credit_card'
[2024-02-22T03:56:06.279+0000] {logging_mixin.py:188} INFO - Đã gửi dữ liệu message 29 tới topic 'credit_card'
[2024-02-22T03:56:07.287+0000] {logging_mixin.py:188} INFO - Đã gửi dữ liệu message 30 tới topic 'credit_card'
[2024-02-22T03:56:08.296+0000] {logging_mixin.py:188} INFO - Đã gửi dữ liệu message 31 tới topic 'credit_card'
[2024-02-22T03:56:09.304+0000] {logging_mixin.py:188} INFO - Đã gửi dữ liệu message 32 tới topic 'credit_card'
[2024-02-22T03:56:10.312+0000] {logging_mixin.py:188} INFO - Đã gửi dữ liệu message 33 tới topic 'credit_card'
[2024-02-22T03:56:11.320+0000] {logging_mixin.py:188} INFO - Đã gửi dữ liệu message 34 tới topic 'credit_card'
[2024-02-22T03:56:12.328+0000] {logging_mixin.py:188} INFO - Đã gửi dữ liệu message 35 tới topic 'credit_card'
[2024-02-22T03:56:13.339+0000] {logging_mixin.py:188} INFO - Đã gửi dữ liệu message 36 tới topic 'credit_card'
[2024-02-22T03:56:14.347+0000] {logging_mixin.py:188} INFO - Đã gửi dữ liệu message 37 tới topic 'credit_card'
[2024-02-22T03:56:15.358+0000] {logging_mixin.py:188} INFO - Đã gửi dữ liệu message 38 tới topic 'credit_card'
[2024-02-22T03:56:16.368+0000] {logging_mixin.py:188} INFO - Đã gửi dữ liệu message 39 tới topic 'credit_card'
[2024-02-22T03:56:17.377+0000] {logging_mixin.py:188} INFO - Đã gửi dữ liệu message 40 tới topic 'credit_card'
[2024-02-22T03:56:18.385+0000] {logging_mixin.py:188} INFO - Đã gửi dữ liệu message 41 tới topic 'credit_card'
[2024-02-22T03:56:19.393+0000] {logging_mixin.py:188} INFO - Đã gửi dữ liệu message 42 tới topic 'credit_card'
[2024-02-22T03:56:20.402+0000] {logging_mixin.py:188} INFO - Đã gửi dữ liệu message 43 tới topic 'credit_card'
[2024-02-22T03:56:21.412+0000] {logging_mixin.py:188} INFO - Đã gửi dữ liệu message 44 tới topic 'credit_card'
[2024-02-22T03:56:22.422+0000] {logging_mixin.py:188} INFO - Đã gửi dữ liệu message 45 tới topic 'credit_card'
[2024-02-22T03:56:23.441+0000] {logging_mixin.py:188} INFO - Đã gửi dữ liệu message 46 tới topic 'credit_card'
[2024-02-22T03:56:24.449+0000] {logging_mixin.py:188} INFO - Đã gửi dữ liệu message 47 tới topic 'credit_card'
[2024-02-22T03:56:25.459+0000] {logging_mixin.py:188} INFO - Đã gửi dữ liệu message 48 tới topic 'credit_card'
[2024-02-22T03:56:26.472+0000] {logging_mixin.py:188} INFO - Đã gửi dữ liệu message 49 tới topic 'credit_card'
[2024-02-22T03:56:27.483+0000] {logging_mixin.py:188} INFO - Đã gửi dữ liệu message 50 tới topic 'credit_card'
[2024-02-22T03:56:28.495+0000] {logging_mixin.py:188} INFO - Đã gửi dữ liệu message 51 tới topic 'credit_card'
[2024-02-22T03:56:29.506+0000] {logging_mixin.py:188} INFO - Đã gửi dữ liệu message 52 tới topic 'credit_card'
[2024-02-22T03:56:30.517+0000] {logging_mixin.py:188} INFO - Đã gửi dữ liệu message 53 tới topic 'credit_card'
[2024-02-22T03:56:31.526+0000] {logging_mixin.py:188} INFO - Đã gửi dữ liệu message 54 tới topic 'credit_card'
[2024-02-22T03:56:32.536+0000] {logging_mixin.py:188} INFO - Đã gửi dữ liệu message 55 tới topic 'credit_card'
[2024-02-22T03:56:33.546+0000] {logging_mixin.py:188} INFO - Đã gửi dữ liệu message 56 tới topic 'credit_card'
[2024-02-22T03:56:34.557+0000] {logging_mixin.py:188} INFO - Đã gửi dữ liệu message 57 tới topic 'credit_card'
[2024-02-22T03:56:35.567+0000] {logging_mixin.py:188} INFO - Đã gửi dữ liệu message 58 tới topic 'credit_card'
[2024-02-22T03:56:36.577+0000] {logging_mixin.py:188} INFO - Đã gửi dữ liệu message 59 tới topic 'credit_card'
[2024-02-22T03:56:37.602+0000] {logging_mixin.py:188} INFO - Đã gửi dữ liệu message 60 tới topic 'credit_card'
[2024-02-22T03:56:38.612+0000] {logging_mixin.py:188} INFO - Đã gửi dữ liệu message 61 tới topic 'credit_card'
[2024-02-22T03:56:39.620+0000] {logging_mixin.py:188} INFO - Đã gửi dữ liệu message 62 tới topic 'credit_card'
[2024-02-22T03:56:40.627+0000] {logging_mixin.py:188} INFO - Đã gửi dữ liệu message 63 tới topic 'credit_card'
[2024-02-22T03:56:41.637+0000] {logging_mixin.py:188} INFO - Đã gửi dữ liệu message 64 tới topic 'credit_card'
[2024-02-22T03:56:42.645+0000] {logging_mixin.py:188} INFO - Đã gửi dữ liệu message 65 tới topic 'credit_card'
[2024-02-22T03:56:43.662+0000] {logging_mixin.py:188} INFO - Đã gửi dữ liệu message 66 tới topic 'credit_card'
[2024-02-22T03:56:44.673+0000] {logging_mixin.py:188} INFO - Đã gửi dữ liệu message 67 tới topic 'credit_card'
[2024-02-22T03:56:45.685+0000] {logging_mixin.py:188} INFO - Đã gửi dữ liệu message 68 tới topic 'credit_card'
[2024-02-22T03:56:46.695+0000] {logging_mixin.py:188} INFO - Đã gửi dữ liệu message 69 tới topic 'credit_card'
[2024-02-22T03:56:47.703+0000] {logging_mixin.py:188} INFO - Đã gửi dữ liệu message 70 tới topic 'credit_card'
[2024-02-22T03:56:48.712+0000] {logging_mixin.py:188} INFO - Đã gửi dữ liệu message 71 tới topic 'credit_card'
[2024-02-22T03:56:49.721+0000] {logging_mixin.py:188} INFO - Đã gửi dữ liệu message 72 tới topic 'credit_card'
[2024-02-22T03:56:50.732+0000] {logging_mixin.py:188} INFO - Đã gửi dữ liệu message 73 tới topic 'credit_card'
[2024-02-22T03:56:51.743+0000] {logging_mixin.py:188} INFO - Đã gửi dữ liệu message 74 tới topic 'credit_card'
[2024-02-22T03:56:52.754+0000] {logging_mixin.py:188} INFO - Đã gửi dữ liệu message 75 tới topic 'credit_card'
[2024-02-22T03:56:53.763+0000] {logging_mixin.py:188} INFO - Đã gửi dữ liệu message 76 tới topic 'credit_card'
[2024-02-22T03:56:54.772+0000] {logging_mixin.py:188} INFO - Đã gửi dữ liệu message 77 tới topic 'credit_card'
[2024-02-22T03:56:55.780+0000] {logging_mixin.py:188} INFO - Đã gửi dữ liệu message 78 tới topic 'credit_card'
[2024-02-22T03:56:56.787+0000] {logging_mixin.py:188} INFO - Đã gửi dữ liệu message 79 tới topic 'credit_card'
[2024-02-22T03:56:57.796+0000] {logging_mixin.py:188} INFO - Đã gửi dữ liệu message 80 tới topic 'credit_card'
[2024-02-22T03:56:58.805+0000] {logging_mixin.py:188} INFO - Đã gửi dữ liệu message 81 tới topic 'credit_card'
[2024-02-22T03:56:59.815+0000] {logging_mixin.py:188} INFO - Đã gửi dữ liệu message 82 tới topic 'credit_card'
[2024-02-22T03:57:00.825+0000] {logging_mixin.py:188} INFO - Đã gửi dữ liệu message 83 tới topic 'credit_card'
[2024-02-22T03:57:01.839+0000] {logging_mixin.py:188} INFO - Đã gửi dữ liệu message 84 tới topic 'credit_card'
[2024-02-22T03:57:02.846+0000] {logging_mixin.py:188} INFO - Đã gửi dữ liệu message 85 tới topic 'credit_card'
[2024-02-22T03:57:03.857+0000] {logging_mixin.py:188} INFO - Đã gửi dữ liệu message 86 tới topic 'credit_card'
[2024-02-22T03:57:04.867+0000] {logging_mixin.py:188} INFO - Đã gửi dữ liệu message 87 tới topic 'credit_card'
[2024-02-22T03:57:05.877+0000] {logging_mixin.py:188} INFO - Đã gửi dữ liệu message 88 tới topic 'credit_card'
[2024-02-22T03:57:06.893+0000] {logging_mixin.py:188} INFO - Đã gửi dữ liệu message 89 tới topic 'credit_card'
[2024-02-22T03:57:07.905+0000] {logging_mixin.py:188} INFO - Đã gửi dữ liệu message 90 tới topic 'credit_card'
[2024-02-22T03:57:08.916+0000] {logging_mixin.py:188} INFO - Đã gửi dữ liệu message 91 tới topic 'credit_card'
[2024-02-22T03:57:09.926+0000] {logging_mixin.py:188} INFO - Đã gửi dữ liệu message 92 tới topic 'credit_card'
[2024-02-22T03:57:10.935+0000] {logging_mixin.py:188} INFO - Đã gửi dữ liệu message 93 tới topic 'credit_card'
[2024-02-22T03:57:11.943+0000] {logging_mixin.py:188} INFO - Đã gửi dữ liệu message 94 tới topic 'credit_card'
[2024-02-22T03:57:12.956+0000] {logging_mixin.py:188} INFO - Đã gửi dữ liệu message 95 tới topic 'credit_card'
[2024-02-22T03:57:13.970+0000] {logging_mixin.py:188} INFO - Đã gửi dữ liệu message 96 tới topic 'credit_card'
[2024-02-22T03:57:14.979+0000] {logging_mixin.py:188} INFO - Đã gửi dữ liệu message 97 tới topic 'credit_card'
[2024-02-22T03:57:15.987+0000] {logging_mixin.py:188} INFO - Đã gửi dữ liệu message 98 tới topic 'credit_card'
[2024-02-22T03:57:16.995+0000] {logging_mixin.py:188} INFO - Đã gửi dữ liệu message 99 tới topic 'credit_card'
[2024-02-22T03:57:17.997+0000] {logging_mixin.py:188} INFO - Dữ liệu đã được gửi tới topic 'credit_card' thành công.
[2024-02-22T03:57:17.998+0000] {taskinstance.py:2698} ERROR - Task failed with exception
Traceback (most recent call last):
  File "/home/airflow/.local/lib/python3.8/site-packages/airflow/models/taskinstance.py", line 433, in _execute_task
    result = execute_callable(context=context, **execute_callable_kwargs)
  File "/home/airflow/.local/lib/python3.8/site-packages/airflow/operators/python.py", line 199, in execute
    return_value = self.execute_callable()
  File "/home/airflow/.local/lib/python3.8/site-packages/airflow/operators/python.py", line 216, in execute_callable
    return self.python_callable(*self.op_args, **self.op_kwargs)
  File "/opt/airflow/dags/extract_email.py", line 66, in produce_to_kafka
    producer.close()
AttributeError: 'cimpl.Producer' object has no attribute 'close'
[2024-02-22T03:57:18.007+0000] {taskinstance.py:1138} INFO - Marking task as FAILED. dag_id=extract_email, task_id=send_message, execution_date=20240221T000000, start_date=20240222T035536, end_date=20240222T035718
[2024-02-22T03:57:18.021+0000] {standard_task_runner.py:107} ERROR - Failed to execute job 313 for task send_message ('cimpl.Producer' object has no attribute 'close'; 478)
[2024-02-22T03:57:18.067+0000] {local_task_job_runner.py:234} INFO - Task exited with return code 1
[2024-02-22T03:57:18.081+0000] {taskinstance.py:3280} INFO - 0 downstream tasks scheduled from follow-on schedule check
