[2024-02-21T08:06:00.466+0000] {taskinstance.py:1956} INFO - Dependencies all met for dep_context=non-requeueable deps ti=<TaskInstance: extract_email.get_mail scheduled__2024-01-14T01:00:00+00:00 [queued]>
[2024-02-21T08:06:00.484+0000] {taskinstance.py:1956} INFO - Dependencies all met for dep_context=requeueable deps ti=<TaskInstance: extract_email.get_mail scheduled__2024-01-14T01:00:00+00:00 [queued]>
[2024-02-21T08:06:00.491+0000] {taskinstance.py:2170} INFO - Starting attempt 1 of 1
[2024-02-21T08:06:00.537+0000] {taskinstance.py:2191} INFO - Executing <Task(PythonOperator): get_mail> on 2024-01-14 01:00:00+00:00
[2024-02-21T08:06:00.553+0000] {standard_task_runner.py:60} INFO - Started process 113 to run task
[2024-02-21T08:06:00.557+0000] {standard_task_runner.py:87} INFO - Running: ['***', 'tasks', 'run', 'extract_email', 'get_mail', 'scheduled__2024-01-14T01:00:00+00:00', '--job-id', '162', '--raw', '--subdir', 'DAGS_FOLDER/extract_email.py', '--cfg-path', '/tmp/tmpx8jtfcdd']
[2024-02-21T08:06:00.561+0000] {standard_task_runner.py:88} INFO - Job 162: Subtask get_mail
[2024-02-21T08:06:00.645+0000] {task_command.py:423} INFO - Running <TaskInstance: extract_email.get_mail scheduled__2024-01-14T01:00:00+00:00 [running]> on host 96f19b77385b
[2024-02-21T08:06:00.807+0000] {taskinstance.py:2480} INFO - Exporting env vars: AIRFLOW_CTX_DAG_OWNER='***' AIRFLOW_CTX_DAG_ID='extract_email' AIRFLOW_CTX_TASK_ID='get_mail' AIRFLOW_CTX_EXECUTION_DATE='2024-01-14T01:00:00+00:00' AIRFLOW_CTX_TRY_NUMBER='1' AIRFLOW_CTX_DAG_RUN_ID='scheduled__2024-01-14T01:00:00+00:00'
[2024-02-21T08:06:03.890+0000] {ImapSmtp.py:839} INFO - IMAP search: 'gmail:'Message from RPA Python' after:15-12-2023'
[2024-02-21T08:06:07.024+0000] {logging_mixin.py:188} INFO - Message from RPA Python0
[2024-02-21T08:06:07.028+0000] {ImapSmtp.py:1240} INFO - Attachment filepath: PosixPath('/data/attachments/test-41.txt')
[2024-02-21T08:06:07.029+0000] {ImapSmtp.py:1243} INFO - Saving attachment: test.txt
[2024-02-21T08:06:07.031+0000] {logging_mixin.py:188} INFO - Message from RPA Python1
[2024-02-21T08:06:07.033+0000] {ImapSmtp.py:1240} INFO - Attachment filepath: PosixPath('/data/attachments/test-42.txt')
[2024-02-21T08:06:07.034+0000] {ImapSmtp.py:1243} INFO - Saving attachment: test.txt
[2024-02-21T08:06:07.035+0000] {logging_mixin.py:188} INFO - Message from RPA Python2
[2024-02-21T08:06:07.037+0000] {ImapSmtp.py:1240} INFO - Attachment filepath: PosixPath('/data/attachments/test-43.txt')
[2024-02-21T08:06:07.038+0000] {ImapSmtp.py:1243} INFO - Saving attachment: test.txt
[2024-02-21T08:06:07.040+0000] {logging_mixin.py:188} INFO - Message from RPA Python3
[2024-02-21T08:06:07.042+0000] {ImapSmtp.py:1240} INFO - Attachment filepath: PosixPath('/data/attachments/test-44.txt')
[2024-02-21T08:06:07.043+0000] {ImapSmtp.py:1243} INFO - Saving attachment: test.txt
[2024-02-21T08:06:07.044+0000] {logging_mixin.py:188} INFO - Message from RPA Python4
[2024-02-21T08:06:07.046+0000] {ImapSmtp.py:1240} INFO - Attachment filepath: PosixPath('/data/attachments/test-45.txt')
[2024-02-21T08:06:07.047+0000] {ImapSmtp.py:1243} INFO - Saving attachment: test.txt
[2024-02-21T08:06:07.048+0000] {logging_mixin.py:188} INFO - Message from RPA Python5
[2024-02-21T08:06:07.050+0000] {ImapSmtp.py:1240} INFO - Attachment filepath: PosixPath('/data/attachments/test-46.txt')
[2024-02-21T08:06:07.051+0000] {ImapSmtp.py:1243} INFO - Saving attachment: test.txt
[2024-02-21T08:06:07.052+0000] {logging_mixin.py:188} INFO - Message from RPA Python6
[2024-02-21T08:06:07.055+0000] {ImapSmtp.py:1240} INFO - Attachment filepath: PosixPath('/data/attachments/test-47.txt')
[2024-02-21T08:06:07.055+0000] {ImapSmtp.py:1243} INFO - Saving attachment: test.txt
[2024-02-21T08:06:07.057+0000] {logging_mixin.py:188} INFO - Message from RPA Python7
[2024-02-21T08:06:07.059+0000] {ImapSmtp.py:1240} INFO - Attachment filepath: PosixPath('/data/attachments/test-48.txt')
[2024-02-21T08:06:07.059+0000] {ImapSmtp.py:1243} INFO - Saving attachment: test.txt
[2024-02-21T08:06:07.061+0000] {logging_mixin.py:188} INFO - Message from RPA Python8
[2024-02-21T08:06:07.063+0000] {ImapSmtp.py:1240} INFO - Attachment filepath: PosixPath('/data/attachments/test-49.txt')
[2024-02-21T08:06:07.064+0000] {ImapSmtp.py:1243} INFO - Saving attachment: test.txt
[2024-02-21T08:06:07.065+0000] {logging_mixin.py:188} INFO - Message from RPA Python9
[2024-02-21T08:06:07.068+0000] {ImapSmtp.py:1240} INFO - Attachment filepath: PosixPath('/data/attachments/test-50.txt')
[2024-02-21T08:06:07.069+0000] {ImapSmtp.py:1243} INFO - Saving attachment: test.txt
[2024-02-21T08:06:07.725+0000] {python.py:201} INFO - Done. Returned value was: None
[2024-02-21T08:06:07.747+0000] {taskinstance.py:1138} INFO - Marking task as SUCCESS. dag_id=extract_email, task_id=get_mail, execution_date=20240114T010000, start_date=20240221T080600, end_date=20240221T080607
[2024-02-21T08:06:07.835+0000] {local_task_job_runner.py:234} INFO - Task exited with return code 0
[2024-02-21T08:06:07.879+0000] {taskinstance.py:3280} INFO - 0 downstream tasks scheduled from follow-on schedule check
